initializing
training size    : 81077
testing size     : 8929
epoch count      : 60
sub epoch size   : 5

epoch_learning_rate_decay   : 15
learning_rate_decay         : 0.500000
batch size                  : 37471

training



epoch [0 0] from [60 5]
training time per iterations 1.120382[ms]
testing
testing done
network success rate top1 90.547653% 89.651695% 
network success rate top5 100.000000% 100.000000% 
saving best net in top 1
best net saved to networks/path_net_0/trained/, with success rate 90.547653%



epoch [0 1] from [60 5]
training time per iterations 1.144681[ms]
testing
testing done
network success rate top1 92.048378% 92.451561% 
network success rate top5 100.000000% 100.000000% 
saving best net in top 1
best net saved to networks/path_net_0/trained/, with success rate 92.048378%



epoch [0 2] from [60 5]
training time per iterations 1.198767[ms]
testing
testing done
network success rate top1 92.776344% 92.843544% 
network success rate top5 100.000000% 100.000000% 
saving best net in top 1
best net saved to networks/path_net_0/trained/, with success rate 92.776344%



epoch [0 3] from [60 5]
training time per iterations 1.146716[ms]
testing
testing done
network success rate top1 93.190727% 92.877144% 
network success rate top5 100.000000% 100.000000% 
saving best net in top 1
best net saved to networks/path_net_0/trained/, with success rate 93.190727%



epoch [0 4] from [60 5]
training time per iterations 1.199753[ms]
testing
testing done
network success rate top1 93.145927% 93.033936% 
network success rate top5 100.000000% 100.000000% 



epoch [1 0] from [60 5]
training time per iterations 1.140672[ms]
testing
testing done
network success rate top1 93.022736% 93.101128% 
network success rate top5 100.000000% 100.000000% 



epoch [1 1] from [60 5]
training time per iterations 1.191304[ms]
testing
testing done
network success rate top1 92.731552% 92.765144% 
network success rate top5 100.000000% 100.000000% 



epoch [1 2] from [60 5]
training time per iterations 1.131853[ms]
testing
testing done
network success rate top1 93.269127% 92.697952% 
network success rate top5 100.000000% 100.000000% 
saving best net in top 1
best net saved to networks/path_net_0/trained/, with success rate 93.269127%



epoch [1 3] from [60 5]
training time per iterations 1.125809[ms]
testing
testing done
network success rate top1 93.067535% 92.765144% 
network success rate top5 100.000000% 100.000000% 



epoch [1 4] from [60 5]
training time per iterations 1.217330[ms]
testing
testing done
network success rate top1 93.089935% 92.597153% 
network success rate top5 100.000000% 100.000000% 



epoch [2 0] from [60 5]
training time per iterations 1.116065[ms]
testing
testing done
network success rate top1 93.728302% 92.977936% 
network success rate top5 100.000000% 100.000000% 
saving best net in top 1
best net saved to networks/path_net_0/trained/, with success rate 93.728302%



epoch [2 1] from [60 5]
training time per iterations 1.204872[ms]
testing
testing done
network success rate top1 93.302719% 93.347519% 
network success rate top5 100.000000% 100.000000% 



epoch [2 2] from [60 5]
training time per iterations 1.113907[ms]
testing
testing done
network success rate top1 93.033936% 92.809944% 
network success rate top5 100.000000% 100.000000% 



epoch [2 3] from [60 5]
training time per iterations 1.209312[ms]
testing
testing done
network success rate top1 93.997086% 93.638702% 
network success rate top5 100.000000% 100.000000% 
saving best net in top 1
best net saved to networks/path_net_0/trained/, with success rate 93.997086%



epoch [2 4] from [60 5]
training time per iterations 1.117730[ms]
testing
testing done
network success rate top1 93.963493% 93.638702% 
network success rate top5 100.000000% 100.000000% 



epoch [3 0] from [60 5]
training time per iterations 1.138575[ms]
testing
testing done
network success rate top1 93.638702% 93.392319% 
network success rate top5 100.000000% 100.000000% 



epoch [3 1] from [60 5]
training time per iterations 1.202467[ms]
testing
testing done
network success rate top1 94.344269% 94.333069% 
network success rate top5 100.000000% 100.000000% 
saving best net in top 1
best net saved to networks/path_net_0/trained/, with success rate 94.344269%



epoch [3 2] from [60 5]
training time per iterations 1.144928[ms]
testing
testing done
network success rate top1 94.366669% 94.187477% 
network success rate top5 100.000000% 100.000000% 
saving best net in top 1
best net saved to networks/path_net_0/trained/, with success rate 94.366669%



epoch [3 3] from [60 5]
training time per iterations 1.204810[ms]
testing
testing done
network success rate top1 94.489868% 94.053085% 
network success rate top5 100.000000% 100.000000% 
saving best net in top 1
best net saved to networks/path_net_0/trained/, with success rate 94.489868%



epoch [3 4] from [60 5]
training time per iterations 1.132963[ms]
testing
testing done
network success rate top1 94.534660% 94.232277% 
network success rate top5 100.000000% 100.000000% 
saving best net in top 1
best net saved to networks/path_net_0/trained/, with success rate 94.534660%



epoch [4 0] from [60 5]
training time per iterations 1.206414[ms]
testing
testing done
network success rate top1 94.881844% 95.139435% 
network success rate top5 100.000000% 100.000000% 
saving best net in top 1
best net saved to networks/path_net_0/trained/, with success rate 94.881844%



epoch [4 1] from [60 5]
training time per iterations 1.141536[ms]
testing
testing done
network success rate top1 94.232277% 94.120285% 
network success rate top5 100.000000% 100.000000% 



epoch [4 2] from [60 5]
training time per iterations 1.121184[ms]
testing
testing done
network success rate top1 94.433868% 94.321869% 
network success rate top5 100.000000% 100.000000% 



epoch [4 3] from [60 5]
training time per iterations 1.216590[ms]
testing
testing done
network success rate top1 94.512260% 94.501060% 
network success rate top5 100.000000% 100.000000% 



epoch [4 4] from [60 5]
training time per iterations 1.121739[ms]
testing
testing done
network success rate top1 94.657860% 94.657860% 
network success rate top5 100.000000% 100.000000% 



epoch [5 0] from [60 5]
training time per iterations 1.213383[ms]
testing
testing done
network success rate top1 94.613060% 94.534660% 
network success rate top5 100.000000% 100.000000% 



epoch [5 1] from [60 5]
training time per iterations 1.117607[ms]
testing
testing done
network success rate top1 94.691452% 94.288277% 
network success rate top5 100.000000% 100.000000% 



epoch [5 2] from [60 5]
training time per iterations 1.208511[ms]
testing
testing done
network success rate top1 94.993843% 94.736252% 
network success rate top5 100.000000% 100.000000% 
saving best net in top 1
best net saved to networks/path_net_0/trained/, with success rate 94.993843%



epoch [5 3] from [60 5]
training time per iterations 1.123466[ms]
testing
testing done
network success rate top1 95.184235% 94.915443% 
network success rate top5 100.000000% 100.000000% 
saving best net in top 1
best net saved to networks/path_net_0/trained/, with success rate 95.184235%



epoch [5 4] from [60 5]
training time per iterations 1.129756[ms]
testing
testing done
network success rate top1 95.049835% 94.635460% 
network success rate top5 100.000000% 100.000000% 



epoch [6 0] from [60 5]
training time per iterations 1.205489[ms]
testing
testing done
network success rate top1 94.590660% 94.691452% 
network success rate top5 100.000000% 100.000000% 



epoch [6 1] from [60 5]
training time per iterations 1.126981[ms]
testing
testing done
network success rate top1 94.512260% 94.669052% 
network success rate top5 100.000000% 100.000000% 



epoch [6 2] from [60 5]
training time per iterations 1.190688[ms]
testing
testing done
network success rate top1 94.881844% 94.624260% 
network success rate top5 100.000000% 100.000000% 



epoch [6 3] from [60 5]
training time per iterations 1.126735[ms]
testing
testing done
network success rate top1 93.313919% 93.022736% 
network success rate top5 100.000000% 100.000000% 



epoch [6 4] from [60 5]
training time per iterations 1.196423[ms]
testing
testing done
network success rate top1 94.982643% 94.624260% 
network success rate top5 100.000000% 100.000000% 



epoch [7 0] from [60 5]
training time per iterations 1.130805[ms]
testing
testing done
network success rate top1 95.329826% 94.691452% 
network success rate top5 100.000000% 100.000000% 
saving best net in top 1
best net saved to networks/path_net_0/trained/, with success rate 95.329826%



epoch [7 1] from [60 5]
training time per iterations 1.197286[ms]
testing
testing done
network success rate top1 95.094635% 95.251427% 
network success rate top5 100.000000% 100.000000% 



epoch [7 2] from [60 5]
training time per iterations 1.120074[ms]
testing
testing done
network success rate top1 94.781052% 94.792252% 
network success rate top5 100.000000% 100.000000% 



epoch [7 3] from [60 5]
training time per iterations 1.114400[ms]
testing
testing done
network success rate top1 95.128235% 94.781052% 
network success rate top5 100.000000% 100.000000% 



epoch [7 4] from [60 5]
training time per iterations 1.206969[ms]
testing
testing done
network success rate top1 94.926643% 94.926643% 
network success rate top5 100.000000% 100.000000% 



epoch [8 0] from [60 5]
training time per iterations 1.121554[ms]
testing
testing done
network success rate top1 94.299477% 93.985886% 
network success rate top5 100.000000% 100.000000% 



epoch [8 1] from [60 5]
training time per iterations 1.213876[ms]
testing
testing done
network success rate top1 94.971443% 94.758652% 
network success rate top5 100.000000% 100.000000% 



epoch [8 2] from [60 5]
training time per iterations 1.116004[ms]
testing
testing done
network success rate top1 95.117035% 94.881844% 
network success rate top5 100.000000% 100.000000% 



epoch [8 3] from [60 5]
training time per iterations 1.225162[ms]
testing
testing done
network success rate top1 95.117035% 94.837051% 
network success rate top5 100.000000% 100.000000% 



epoch [8 4] from [60 5]
training time per iterations 1.116065[ms]
testing
testing done
network success rate top1 95.094635% 94.982643% 
network success rate top5 100.000000% 100.000000% 



epoch [9 0] from [60 5]
training time per iterations 1.138020[ms]
testing
testing done
network success rate top1 95.195427% 94.814651% 
network success rate top5 100.000000% 100.000000% 



epoch [9 1] from [60 5]
training time per iterations 1.196978[ms]
testing
testing done
network success rate top1 94.769852% 94.579460% 
network success rate top5 100.000000% 100.000000% 



epoch [9 2] from [60 5]
training time per iterations 1.125748[ms]
testing
testing done
network success rate top1 95.217827% 95.206627% 
network success rate top5 100.000000% 100.000000% 



epoch [9 3] from [60 5]
training time per iterations 1.197965[ms]
testing
testing done
network success rate top1 94.691452% 94.792252% 
network success rate top5 100.000000% 100.000000% 



epoch [9 4] from [60 5]
training time per iterations 1.126056[ms]
testing
testing done
network success rate top1 95.285027% 95.621010% 
network success rate top5 100.000000% 100.000000% 



epoch [10 0] from [60 5]
training time per iterations 1.195745[ms]
testing
testing done
network success rate top1 95.352226% 95.430618% 
network success rate top5 100.000000% 100.000000% 
saving best net in top 1
best net saved to networks/path_net_0/trained/, with success rate 95.352226%



epoch [10 1] from [60 5]
training time per iterations 1.132470[ms]
testing
testing done
network success rate top1 95.251427% 95.083435% 
network success rate top5 100.000000% 100.000000% 



epoch [10 2] from [60 5]
training time per iterations 1.115757[ms]
testing
testing done
network success rate top1 95.240227% 95.408218% 
network success rate top5 100.000000% 100.000000% 



epoch [10 3] from [60 5]
training time per iterations 1.214924[ms]
testing
testing done
network success rate top1 95.038635% 94.781052% 
network success rate top5 100.000000% 100.000000% 



epoch [10 4] from [60 5]
training time per iterations 1.117730[ms]
testing
testing done
network success rate top1 95.341026% 95.251427% 
network success rate top5 100.000000% 100.000000% 



epoch [11 0] from [60 5]
training time per iterations 1.213938[ms]
testing
testing done
network success rate top1 95.374619% 95.307426% 
network success rate top5 100.000000% 100.000000% 
saving best net in top 1
best net saved to networks/path_net_0/trained/, with success rate 95.374619%



epoch [11 1] from [60 5]
training time per iterations 1.120629[ms]
testing
testing done
network success rate top1 94.254677% 93.795494% 
network success rate top5 100.000000% 100.000000% 



epoch [11 2] from [60 5]
training time per iterations 1.209806[ms]
testing
testing done
network success rate top1 95.453018% 95.621010% 
network success rate top5 100.000000% 100.000000% 
saving best net in top 1
best net saved to networks/path_net_0/trained/, with success rate 95.453018%



epoch [11 3] from [60 5]
training time per iterations 1.123528[ms]
testing
testing done
network success rate top1 95.206627% 95.677010% 
network success rate top5 100.000000% 100.000000% 



epoch [11 4] from [60 5]
training time per iterations 1.127783[ms]
testing
testing done
network success rate top1 94.870644% 95.128235% 
network success rate top5 100.000000% 100.000000% 



epoch [12 0] from [60 5]
training time per iterations 1.210299[ms]
testing
testing done
network success rate top1 95.105835% 95.005043% 
network success rate top5 100.000000% 100.000000% 



epoch [12 1] from [60 5]
training time per iterations 1.119334[ms]
testing
testing done
network success rate top1 95.229027% 95.083435% 
network success rate top5 100.000000% 100.000000% 



epoch [12 2] from [60 5]
training time per iterations 1.197286[ms]
testing
testing done
network success rate top1 95.038635% 95.240227% 
network success rate top5 100.000000% 100.000000% 



epoch [12 3] from [60 5]
training time per iterations 1.145791[ms]
testing
testing done
network success rate top1 95.184235% 94.982643% 
network success rate top5 100.000000% 100.000000% 



epoch [12 4] from [60 5]
training time per iterations 1.198952[ms]
testing
testing done
network success rate top1 95.542610% 95.486618% 
network success rate top5 100.000000% 100.000000% 
saving best net in top 1
best net saved to networks/path_net_0/trained/, with success rate 95.542610%



epoch [13 0] from [60 5]
training time per iterations 1.129201[ms]
testing
testing done
network success rate top1 95.285027% 95.699409% 
network success rate top5 100.000000% 100.000000% 



epoch [13 1] from [60 5]
training time per iterations 1.110022[ms]
testing
testing done
network success rate top1 95.083435% 95.363426% 
network success rate top5 100.000000% 100.000000% 



epoch [13 2] from [60 5]
training time per iterations 1.195621[ms]
testing
testing done
network success rate top1 94.926643% 94.769852% 
network success rate top5 100.000000% 100.000000% 



epoch [13 3] from [60 5]
training time per iterations 1.116682[ms]
testing
testing done
network success rate top1 94.904243% 94.993843% 
network success rate top5 100.000000% 100.000000% 



epoch [13 4] from [60 5]
training time per iterations 1.208819[ms]
testing
testing done
network success rate top1 95.150635% 95.195427% 
network success rate top5 100.000000% 100.000000% 



epoch [14 0] from [60 5]
training time per iterations 1.121677[ms]
testing
testing done
network success rate top1 95.150635% 95.318626% 
network success rate top5 100.000000% 100.000000% 



epoch [14 1] from [60 5]
training time per iterations 1.204810[ms]
testing
testing done
network success rate top1 95.385818% 95.531418% 
network success rate top5 100.000000% 100.000000% 



epoch [14 2] from [60 5]
training time per iterations 1.116805[ms]
testing
testing done
network success rate top1 94.781052% 94.400269% 
network success rate top5 100.000000% 100.000000% 



epoch [14 3] from [60 5]
training time per iterations 1.213938[ms]
testing
testing done
network success rate top1 95.419418% 95.150635% 
network success rate top5 100.000000% 100.000000% 



epoch [14 4] from [60 5]
training time per iterations 1.120197[ms]
testing
testing done
network success rate top1 95.161835% 95.229027% 
network success rate top5 100.000000% 100.000000% 
setting learning rate to 0.000250



epoch [15 0] from [60 5]
training time per iterations 1.130188[ms]
testing
testing done
network success rate top1 95.273827% 95.217827% 
network success rate top5 100.000000% 100.000000% 



epoch [15 1] from [60 5]
training time per iterations 1.199137[ms]
testing
testing done
network success rate top1 95.363426% 95.845001% 
network success rate top5 100.000000% 100.000000% 



epoch [15 2] from [60 5]
training time per iterations 1.126179[ms]
testing
testing done
network success rate top1 95.385818% 95.374619% 
network success rate top5 100.000000% 100.000000% 



epoch [15 3] from [60 5]
training time per iterations 1.201048[ms]
testing
testing done
network success rate top1 95.352226% 95.598610% 
network success rate top5 100.000000% 100.000000% 



epoch [15 4] from [60 5]
training time per iterations 1.127536[ms]
testing
testing done
network success rate top1 95.173035% 94.982643% 
network success rate top5 100.000000% 100.000000% 



epoch [16 0] from [60 5]
training time per iterations 1.193463[ms]
testing
testing done
network success rate top1 95.464218% 95.845001% 
network success rate top5 100.000000% 100.000000% 



epoch [16 1] from [60 5]
training time per iterations 1.120876[ms]
testing
testing done
network success rate top1 94.613060% 94.523460% 
network success rate top5 100.000000% 100.000000% 



epoch [16 2] from [60 5]
training time per iterations 1.114277[ms]
testing
testing done
network success rate top1 95.240227% 95.408218% 
network success rate top5 100.000000% 100.000000% 



epoch [16 3] from [60 5]
training time per iterations 1.214184[ms]
testing
testing done
network success rate top1 95.262627% 95.677010% 
network success rate top5 100.000000% 100.000000% 



epoch [16 4] from [60 5]
training time per iterations 1.112180[ms]
testing
testing done
network success rate top1 94.993843% 95.139435% 
network success rate top5 100.000000% 100.000000% 



epoch [17 0] from [60 5]
training time per iterations 1.209559[ms]
testing
testing done
network success rate top1 95.430618% 95.385818% 
network success rate top5 100.000000% 100.000000% 



epoch [17 1] from [60 5]
training time per iterations 1.116867[ms]
testing
testing done
network success rate top1 95.285027% 95.363426% 
network success rate top5 100.000000% 100.000000% 



epoch [17 2] from [60 5]
training time per iterations 1.216775[ms]
testing
testing done
network success rate top1 95.195427% 95.755402% 
network success rate top5 100.000000% 100.000000% 



epoch [17 3] from [60 5]
training time per iterations 1.119334[ms]
testing
testing done
network success rate top1 95.262627% 95.285027% 
network success rate top5 100.000000% 100.000000% 



epoch [17 4] from [60 5]
training time per iterations 1.122294[ms]
testing
testing done
network success rate top1 95.318626% 95.520218% 
network success rate top5 100.000000% 100.000000% 



epoch [18 0] from [60 5]
training time per iterations 1.198828[ms]
testing
testing done
network success rate top1 95.374619% 95.811401% 
network success rate top5 100.000000% 100.000000% 



epoch [18 1] from [60 5]
training time per iterations 1.130866[ms]
testing
testing done
network success rate top1 95.609810% 95.486618% 
network success rate top5 100.000000% 100.000000% 
saving best net in top 1
best net saved to networks/path_net_0/trained/, with success rate 95.609810%



epoch [18 2] from [60 5]
training time per iterations 1.200863[ms]
testing
testing done
network success rate top1 95.453018% 95.643410% 
network success rate top5 100.000000% 100.000000% 



epoch [18 3] from [60 5]
training time per iterations 1.128770[ms]
testing
testing done
network success rate top1 95.565010% 95.475418% 
network success rate top5 100.000000% 100.000000% 



epoch [18 4] from [60 5]
training time per iterations 1.204934[ms]
testing
testing done
network success rate top1 95.273827% 95.408218% 
network success rate top5 100.000000% 100.000000% 



epoch [19 0] from [60 5]
training time per iterations 1.144989[ms]
testing
testing done
network success rate top1 95.587410% 95.733002% 
network success rate top5 100.000000% 100.000000% 



epoch [19 1] from [60 5]
training time per iterations 1.110577[ms]
testing
testing done
network success rate top1 95.688210% 95.867401% 
network success rate top5 100.000000% 100.000000% 
saving best net in top 1
best net saved to networks/path_net_0/trained/, with success rate 95.688210%



epoch [19 2] from [60 5]
training time per iterations 1.206229[ms]
testing
testing done
network success rate top1 95.173035% 95.733002% 
network success rate top5 100.000000% 100.000000% 



epoch [19 3] from [60 5]
training time per iterations 1.112303[ms]
testing
testing done
network success rate top1 95.441818% 95.363426% 
network success rate top5 100.000000% 100.000000% 



epoch [19 4] from [60 5]
training time per iterations 1.212334[ms]
testing
testing done
network success rate top1 95.352226% 95.721802% 
network success rate top5 100.000000% 100.000000% 



epoch [20 0] from [60 5]
training time per iterations 1.119334[ms]
testing
testing done
network success rate top1 94.792252% 94.702652% 
network success rate top5 100.000000% 100.000000% 



epoch [20 1] from [60 5]
training time per iterations 1.210176[ms]
testing
testing done
network success rate top1 95.419418% 95.061035% 
network success rate top5 100.000000% 100.000000% 



epoch [20 2] from [60 5]
training time per iterations 1.117422[ms]
testing
testing done
network success rate top1 95.576210% 95.721802% 
network success rate top5 100.000000% 100.000000% 



epoch [20 3] from [60 5]
training time per iterations 1.214184[ms]
testing
testing done
network success rate top1 95.329826% 95.307426% 
network success rate top5 100.000000% 100.000000% 



epoch [20 4] from [60 5]
training time per iterations 1.110207[ms]
testing
testing done
network success rate top1 95.453018% 95.475418% 
network success rate top5 100.000000% 100.000000% 



epoch [21 0] from [60 5]
training time per iterations 1.114524[ms]
testing
testing done
network success rate top1 95.318626% 95.576210% 
network success rate top5 100.000000% 100.000000% 



epoch [21 1] from [60 5]
training time per iterations 1.192723[ms]
testing
testing done
network success rate top1 95.576210% 95.710609% 
network success rate top5 100.000000% 100.000000% 



epoch [21 2] from [60 5]
training time per iterations 1.122294[ms]
testing
testing done
network success rate top1 95.643410% 95.744202% 
network success rate top5 100.000000% 100.000000% 



epoch [21 3] from [60 5]
training time per iterations 1.204132[ms]
testing
testing done
network success rate top1 95.430618% 95.688210% 
network success rate top5 100.000000% 100.000000% 



epoch [21 4] from [60 5]
training time per iterations 1.120012[ms]
testing
testing done
network success rate top1 94.926643% 94.747452% 
network success rate top5 100.000000% 100.000000% 



epoch [22 0] from [60 5]
training time per iterations 1.208202[ms]
testing
testing done
network success rate top1 95.486618% 95.520218% 
network success rate top5 100.000000% 100.000000% 



epoch [22 1] from [60 5]
training time per iterations 1.135492[ms]
testing
testing done
network success rate top1 95.777802% 95.878601% 
network success rate top5 100.000000% 100.000000% 
saving best net in top 1
best net saved to networks/path_net_0/trained/, with success rate 95.777802%



epoch [22 2] from [60 5]
training time per iterations 1.113352[ms]
testing
testing done
network success rate top1 95.329826% 95.397018% 
network success rate top5 100.000000% 100.000000% 



epoch [22 3] from [60 5]
training time per iterations 1.211039[ms]
testing
testing done
network success rate top1 95.318626% 95.509018% 
network success rate top5 100.000000% 100.000000% 



epoch [22 4] from [60 5]
training time per iterations 1.110762[ms]
testing
testing done
network success rate top1 95.363426% 95.576210% 
network success rate top5 100.000000% 100.000000% 



epoch [23 0] from [60 5]
training time per iterations 1.199137[ms]
testing
testing done
network success rate top1 95.307426% 95.240227% 
network success rate top5 100.000000% 100.000000% 



epoch [23 1] from [60 5]
training time per iterations 1.113537[ms]
testing
testing done
network success rate top1 95.307426% 95.262627% 
network success rate top5 100.000000% 100.000000% 



epoch [23 2] from [60 5]
training time per iterations 1.205735[ms]
testing
testing done
network success rate top1 95.475418% 95.811401% 
network success rate top5 100.000000% 100.000000% 



epoch [23 3] from [60 5]
training time per iterations 1.111563[ms]
testing
testing done
network success rate top1 95.587410% 96.192184% 
network success rate top5 100.000000% 100.000000% 



epoch [23 4] from [60 5]
training time per iterations 1.115510[ms]
testing
testing done
network success rate top1 94.859444% 94.254677% 
network success rate top5 100.000000% 100.000000% 



epoch [24 0] from [60 5]
training time per iterations 1.198520[ms]
testing
testing done
network success rate top1 95.542610% 95.912193% 
network success rate top5 100.000000% 100.000000% 



epoch [24 1] from [60 5]
training time per iterations 1.126549[ms]
testing
testing done
network success rate top1 95.576210% 95.755402% 
network success rate top5 100.000000% 100.000000% 



epoch [24 2] from [60 5]
training time per iterations 1.192599[ms]
testing
testing done
network success rate top1 95.475418% 95.733002% 
network success rate top5 100.000000% 100.000000% 



epoch [24 3] from [60 5]
training time per iterations 1.151526[ms]
testing
testing done
network success rate top1 95.408218% 95.755402% 
network success rate top5 100.000000% 100.000000% 



epoch [24 4] from [60 5]
training time per iterations 1.194450[ms]
testing
testing done
network success rate top1 95.397018% 95.408218% 
network success rate top5 100.000000% 100.000000% 



epoch [25 0] from [60 5]
training time per iterations 1.129510[ms]
testing
testing done
network success rate top1 95.520218% 95.565010% 
network success rate top5 100.000000% 100.000000% 



epoch [25 1] from [60 5]
training time per iterations 1.117237[ms]
testing
testing done
network success rate top1 95.609810% 95.565010% 
network success rate top5 100.000000% 100.000000% 



epoch [25 2] from [60 5]
training time per iterations 1.198582[ms]
testing
testing done
network success rate top1 95.374619% 95.609810% 
network success rate top5 100.000000% 100.000000% 



epoch [25 3] from [60 5]
training time per iterations 1.119087[ms]
testing
testing done
network success rate top1 95.542610% 95.453018% 
network success rate top5 100.000000% 100.000000% 



epoch [25 4] from [60 5]
training time per iterations 1.203330[ms]
testing
testing done
network success rate top1 95.464218% 95.632210% 
network success rate top5 100.000000% 100.000000% 



epoch [26 0] from [60 5]
training time per iterations 1.123158[ms]
testing
testing done
network success rate top1 95.341026% 95.206627% 
network success rate top5 100.000000% 100.000000% 



epoch [26 1] from [60 5]
training time per iterations 1.207524[ms]
testing
testing done
network success rate top1 95.374619% 95.744202% 
network success rate top5 100.000000% 100.000000% 



epoch [26 2] from [60 5]
training time per iterations 1.114154[ms]
testing
testing done
network success rate top1 95.217827% 95.520218% 
network success rate top5 100.000000% 100.000000% 



epoch [26 3] from [60 5]
training time per iterations 1.133765[ms]
testing
testing done
network success rate top1 95.430618% 95.699409% 
network success rate top5 100.000000% 100.000000% 



epoch [26 4] from [60 5]
training time per iterations 1.193463[ms]
testing
testing done
network success rate top1 95.105835% 94.949043% 
network success rate top5 100.000000% 100.000000% 



epoch [27 0] from [60 5]
training time per iterations 1.127290[ms]
testing
testing done
network success rate top1 95.621010% 96.035393% 
network success rate top5 100.000000% 100.000000% 



epoch [27 1] from [60 5]
training time per iterations 1.192846[ms]
testing
testing done
network success rate top1 95.486618% 95.945793% 
network success rate top5 100.000000% 100.000000% 



epoch [27 2] from [60 5]
training time per iterations 1.127290[ms]
testing
testing done
network success rate top1 95.766602% 95.956993% 
network success rate top5 100.000000% 100.000000% 



epoch [27 3] from [60 5]
training time per iterations 1.199815[ms]
testing
testing done
network success rate top1 95.441818% 95.632210% 
network success rate top5 100.000000% 100.000000% 



epoch [27 4] from [60 5]
training time per iterations 1.122911[ms]
testing
testing done
network success rate top1 95.497818% 95.945793% 
network success rate top5 100.000000% 100.000000% 



epoch [28 0] from [60 5]
training time per iterations 1.200617[ms]
testing
testing done
network success rate top1 95.453018% 95.217827% 
network success rate top5 100.000000% 100.000000% 



epoch [28 1] from [60 5]
training time per iterations 1.119272[ms]
testing
testing done
network success rate top1 95.598610% 95.744202% 
network success rate top5 100.000000% 100.000000% 



epoch [28 2] from [60 5]
training time per iterations 1.116620[ms]
testing
testing done
network success rate top1 95.139435% 95.665810% 
network success rate top5 100.000000% 100.000000% 



epoch [28 3] from [60 5]
training time per iterations 1.215726[ms]
testing
testing done
network success rate top1 95.665810% 95.408218% 
network success rate top5 100.000000% 100.000000% 



epoch [28 4] from [60 5]
training time per iterations 1.115449[ms]
testing
testing done
network success rate top1 95.453018% 95.285027% 
network success rate top5 100.000000% 100.000000% 



epoch [29 0] from [60 5]
training time per iterations 1.212088[ms]
testing
testing done
network success rate top1 95.229027% 95.195427% 
network success rate top5 100.000000% 100.000000% 



epoch [29 1] from [60 5]
training time per iterations 1.116929[ms]
testing
testing done
network success rate top1 95.665810% 95.990593% 
network success rate top5 100.000000% 100.000000% 



epoch [29 2] from [60 5]
training time per iterations 1.202529[ms]
testing
testing done
network success rate top1 95.173035% 94.893044% 
network success rate top5 100.000000% 100.000000% 



epoch [29 3] from [60 5]
training time per iterations 1.115140[ms]
testing
testing done
network success rate top1 95.509018% 95.397018% 
network success rate top5 100.000000% 100.000000% 



epoch [29 4] from [60 5]
training time per iterations 1.129201[ms]
testing
testing done
network success rate top1 95.777802% 95.923393% 
network success rate top5 100.000000% 100.000000% 
setting learning rate to 0.000125



epoch [30 0] from [60 5]
training time per iterations 1.203269[ms]
testing
testing done
network success rate top1 95.408218% 95.217827% 
network success rate top5 100.000000% 100.000000% 



epoch [30 1] from [60 5]
training time per iterations 1.114154[ms]
testing
testing done
network success rate top1 95.609810% 95.542610% 
network success rate top5 100.000000% 100.000000% 



epoch [30 2] from [60 5]
training time per iterations 1.198520[ms]
testing
testing done
network success rate top1 95.587410% 95.968193% 
network success rate top5 100.000000% 100.000000% 



epoch [30 3] from [60 5]
training time per iterations 1.118717[ms]
testing
testing done
network success rate top1 95.509018% 95.475418% 
network success rate top5 100.000000% 100.000000% 



epoch [30 4] from [60 5]
training time per iterations 1.190009[ms]
testing
testing done
network success rate top1 95.531418% 95.833801% 
network success rate top5 100.000000% 100.000000% 



epoch [31 0] from [60 5]
training time per iterations 1.136417[ms]
testing
testing done
network success rate top1 95.621010% 95.677010% 
network success rate top5 100.000000% 100.000000% 



epoch [31 1] from [60 5]
training time per iterations 1.120506[ms]
testing
testing done
network success rate top1 95.419418% 95.811401% 
network success rate top5 100.000000% 100.000000% 



epoch [31 2] from [60 5]
training time per iterations 1.207956[ms]
testing
testing done
network success rate top1 95.643410% 95.934593% 
network success rate top5 100.000000% 100.000000% 



epoch [31 3] from [60 5]
training time per iterations 1.112982[ms]
testing
testing done
network success rate top1 95.374619% 95.397018% 
network success rate top5 100.000000% 100.000000% 



epoch [31 4] from [60 5]
training time per iterations 1.210114[ms]
testing
testing done
network success rate top1 95.352226% 95.576210% 
network success rate top5 100.000000% 100.000000% 



epoch [32 0] from [60 5]
training time per iterations 1.119272[ms]
testing
testing done
network success rate top1 95.363426% 95.173035% 
network success rate top5 100.000000% 100.000000% 



epoch [32 1] from [60 5]
training time per iterations 1.214986[ms]
testing
testing done
network success rate top1 95.609810% 95.800201% 
network success rate top5 100.000000% 100.000000% 



epoch [32 2] from [60 5]
training time per iterations 1.113414[ms]
testing
testing done
network success rate top1 95.587410% 95.688210% 
network success rate top5 100.000000% 100.000000% 



epoch [32 3] from [60 5]
training time per iterations 1.123651[ms]
testing
testing done
network success rate top1 95.341026% 95.408218% 
network success rate top5 100.000000% 100.000000% 



epoch [32 4] from [60 5]
training time per iterations 1.191119[ms]
testing
testing done
network success rate top1 95.475418% 95.688210% 
network success rate top5 100.000000% 100.000000% 



epoch [33 0] from [60 5]
training time per iterations 1.127536[ms]
testing
testing done
network success rate top1 95.486618% 95.811401% 
network success rate top5 100.000000% 100.000000% 



epoch [33 1] from [60 5]
training time per iterations 1.195868[ms]
testing
testing done
network success rate top1 95.576210% 96.124985% 
network success rate top5 100.000000% 100.000000% 



epoch [33 2] from [60 5]
training time per iterations 1.124514[ms]
testing
testing done
network success rate top1 95.542610% 95.900993% 
network success rate top5 100.000000% 100.000000% 



epoch [33 3] from [60 5]
training time per iterations 1.201295[ms]
testing
testing done
network success rate top1 95.621010% 96.292976% 
network success rate top5 100.000000% 100.000000% 



epoch [33 4] from [60 5]
training time per iterations 1.127906[ms]
testing
testing done
network success rate top1 95.441818% 95.531418% 
network success rate top5 100.000000% 100.000000% 



epoch [34 0] from [60 5]
training time per iterations 1.119087[ms]
testing
testing done
network success rate top1 95.576210% 95.845001% 
network success rate top5 100.000000% 100.000000% 



epoch [34 1] from [60 5]
training time per iterations 1.199137[ms]
testing
testing done
network success rate top1 95.497818% 96.091385% 
network success rate top5 100.000000% 100.000000% 



epoch [34 2] from [60 5]
training time per iterations 1.120074[ms]
testing
testing done
network success rate top1 95.509018% 95.699409% 
network success rate top5 100.000000% 100.000000% 



epoch [34 3] from [60 5]
training time per iterations 1.200062[ms]
testing
testing done
network success rate top1 95.486618% 95.464218% 
network success rate top5 100.000000% 100.000000% 



epoch [34 4] from [60 5]
training time per iterations 1.129263[ms]
testing
testing done
network success rate top1 95.419418% 95.621010% 
network success rate top5 100.000000% 100.000000% 



epoch [35 0] from [60 5]
training time per iterations 1.197595[ms]
testing
testing done
network success rate top1 95.721802% 96.281776% 
network success rate top5 100.000000% 100.000000% 



epoch [35 1] from [60 5]
training time per iterations 1.131668[ms]
testing
testing done
network success rate top1 95.744202% 96.113785% 
network success rate top5 100.000000% 100.000000% 



epoch [35 2] from [60 5]
training time per iterations 1.195930[ms]
testing
testing done
network success rate top1 95.632210% 95.789001% 
network success rate top5 100.000000% 100.000000% 



epoch [35 3] from [60 5]
training time per iterations 1.130805[ms]
testing
testing done
network success rate top1 95.251427% 95.609810% 
network success rate top5 100.000000% 100.000000% 



epoch [35 4] from [60 5]
training time per iterations 1.113167[ms]
testing
testing done
network success rate top1 95.385818% 95.923393% 
network success rate top5 100.000000% 100.000000% 



epoch [36 0] from [60 5]
training time per iterations 1.215048[ms]
testing
testing done
network success rate top1 95.430618% 95.341026% 
network success rate top5 100.000000% 100.000000% 



epoch [36 1] from [60 5]
training time per iterations 1.115695[ms]
testing
testing done
network success rate top1 95.553810% 95.733002% 
network success rate top5 100.000000% 100.000000% 



epoch [36 2] from [60 5]
training time per iterations 1.203330[ms]
testing
testing done
network success rate top1 95.609810% 95.609810% 
network success rate top5 100.000000% 100.000000% 



epoch [36 3] from [60 5]
training time per iterations 1.121862[ms]
testing
testing done
network success rate top1 95.598610% 95.811401% 
network success rate top5 100.000000% 100.000000% 



epoch [36 4] from [60 5]
training time per iterations 1.205180[ms]
testing
testing done
network success rate top1 95.654610% 95.565010% 
network success rate top5 100.000000% 100.000000% 



epoch [37 0] from [60 5]
training time per iterations 1.124083[ms]
testing
testing done
network success rate top1 95.553810% 95.688210% 
network success rate top5 100.000000% 100.000000% 



epoch [37 1] from [60 5]
training time per iterations 1.130003[ms]
testing
testing done
network success rate top1 95.654610% 95.889801% 
network success rate top5 100.000000% 100.000000% 



epoch [37 2] from [60 5]
training time per iterations 1.187851[ms]
testing
testing done
network success rate top1 95.688210% 95.800201% 
network success rate top5 100.000000% 100.000000% 



epoch [37 3] from [60 5]
training time per iterations 1.126920[ms]
testing
testing done
network success rate top1 95.475418% 95.374619% 
network success rate top5 100.000000% 100.000000% 



epoch [37 4] from [60 5]
training time per iterations 1.196053[ms]
testing
testing done
network success rate top1 95.509018% 95.206627% 
network success rate top5 100.000000% 100.000000% 



epoch [38 0] from [60 5]
training time per iterations 1.132778[ms]
testing
testing done
network success rate top1 95.464218% 95.430618% 
network success rate top5 100.000000% 100.000000% 



epoch [38 1] from [60 5]
training time per iterations 1.191921[ms]
testing
testing done
network success rate top1 95.609810% 95.856201% 
network success rate top5 100.000000% 100.000000% 



epoch [38 2] from [60 5]
training time per iterations 1.120814[ms]
testing
testing done
network success rate top1 95.475418% 95.621010% 
network success rate top5 100.000000% 100.000000% 



epoch [38 3] from [60 5]
training time per iterations 1.118347[ms]
testing
testing done
network success rate top1 95.665810% 95.800201% 
network success rate top5 100.000000% 100.000000% 



epoch [38 4] from [60 5]
training time per iterations 1.195806[ms]
testing
testing done
network success rate top1 95.688210% 95.744202% 
network success rate top5 100.000000% 100.000000% 



epoch [39 0] from [60 5]
training time per iterations 1.118964[ms]
testing
testing done
network success rate top1 95.453018% 95.352226% 
network success rate top5 100.000000% 100.000000% 



epoch [39 1] from [60 5]
training time per iterations 1.216096[ms]
testing
testing done
network success rate top1 95.654610% 95.710609% 
network success rate top5 100.000000% 100.000000% 



epoch [39 2] from [60 5]
training time per iterations 1.119026[ms]
testing
testing done
network success rate top1 95.699409% 96.035393% 
network success rate top5 100.000000% 100.000000% 



epoch [39 3] from [60 5]
training time per iterations 1.221277[ms]
testing
testing done
network success rate top1 95.587410% 96.046593% 
network success rate top5 100.000000% 100.000000% 



epoch [39 4] from [60 5]
training time per iterations 1.107801[ms]
testing
testing done
network success rate top1 95.598610% 95.979393% 
network success rate top5 100.000000% 100.000000% 



epoch [40 0] from [60 5]
training time per iterations 1.135615[ms]
testing
testing done
network success rate top1 95.598610% 95.733002% 
network success rate top5 100.000000% 100.000000% 



epoch [40 1] from [60 5]
training time per iterations 1.188714[ms]
testing
testing done
network success rate top1 95.576210% 95.744202% 
network success rate top5 100.000000% 100.000000% 



epoch [40 2] from [60 5]
training time per iterations 1.134567[ms]
testing
testing done
network success rate top1 95.789001% 96.236984% 
network success rate top5 100.000000% 100.000000% 
saving best net in top 1
best net saved to networks/path_net_0/trained/, with success rate 95.789001%



epoch [40 3] from [60 5]
training time per iterations 1.188467[ms]
testing
testing done
network success rate top1 95.621010% 95.789001% 
network success rate top5 100.000000% 100.000000% 



epoch [40 4] from [60 5]
training time per iterations 1.126118[ms]
testing
testing done
network success rate top1 95.576210% 95.878601% 
network success rate top5 100.000000% 100.000000% 



epoch [41 0] from [60 5]
training time per iterations 1.196115[ms]
testing
testing done
network success rate top1 95.587410% 96.136185% 
network success rate top5 100.000000% 100.000000% 



epoch [41 1] from [60 5]
training time per iterations 1.134813[ms]
testing
testing done
network success rate top1 95.688210% 95.900993% 
network success rate top5 100.000000% 100.000000% 



epoch [41 2] from [60 5]
training time per iterations 1.198520[ms]
testing
testing done
network success rate top1 95.565010% 95.654610% 
network success rate top5 100.000000% 100.000000% 



epoch [41 3] from [60 5]
training time per iterations 1.125624[ms]
testing
testing done
network success rate top1 95.621010% 95.710609% 
network success rate top5 100.000000% 100.000000% 



epoch [41 4] from [60 5]
training time per iterations 1.113845[ms]
testing
testing done
network success rate top1 95.363426% 95.352226% 
network success rate top5 100.000000% 100.000000% 



epoch [42 0] from [60 5]
training time per iterations 1.206537[ms]
testing
testing done
network success rate top1 95.632210% 96.337776% 
network success rate top5 100.000000% 100.000000% 



epoch [42 1] from [60 5]
training time per iterations 1.110268[ms]
testing
testing done
network success rate top1 95.464218% 95.341026% 
network success rate top5 100.000000% 100.000000% 



epoch [42 2] from [60 5]
training time per iterations 1.205550[ms]
testing
testing done
network success rate top1 95.677010% 96.113785% 
network success rate top5 100.000000% 100.000000% 



epoch [42 3] from [60 5]
training time per iterations 1.110885[ms]
testing
testing done
network success rate top1 95.486618% 95.956993% 
network success rate top5 100.000000% 100.000000% 



epoch [42 4] from [60 5]
training time per iterations 1.211903[ms]
testing
testing done
network success rate top1 95.587410% 95.688210% 
network success rate top5 100.000000% 100.000000% 



epoch [43 0] from [60 5]
training time per iterations 1.118964[ms]
testing
testing done
network success rate top1 95.598610% 95.766602% 
network success rate top5 100.000000% 100.000000% 



epoch [43 1] from [60 5]
training time per iterations 1.132717[ms]
testing
testing done
network success rate top1 95.441818% 95.710609% 
network success rate top5 100.000000% 100.000000% 



epoch [43 2] from [60 5]
training time per iterations 1.195375[ms]
testing
testing done
network success rate top1 95.789001% 95.889801% 
network success rate top5 100.000000% 100.000000% 



epoch [43 3] from [60 5]
training time per iterations 1.132840[ms]
testing
testing done
network success rate top1 95.520218% 95.677010% 
network success rate top5 100.000000% 100.000000% 



epoch [43 4] from [60 5]
training time per iterations 1.192784[ms]
testing
testing done
network success rate top1 95.587410% 95.822601% 
network success rate top5 100.000000% 100.000000% 



epoch [44 0] from [60 5]
training time per iterations 1.147641[ms]
testing
testing done
network success rate top1 95.531418% 95.968193% 
network success rate top5 100.000000% 100.000000% 



epoch [44 1] from [60 5]
training time per iterations 1.193895[ms]
testing
testing done
network success rate top1 95.654610% 95.945793% 
network success rate top5 100.000000% 100.000000% 



epoch [44 2] from [60 5]
training time per iterations 1.128091[ms]
testing
testing done
network success rate top1 95.475418% 95.598610% 
network success rate top5 100.000000% 100.000000% 



epoch [44 3] from [60 5]
training time per iterations 1.117792[ms]
testing
testing done
network success rate top1 95.587410% 95.385818% 
network success rate top5 100.000000% 100.000000% 



epoch [44 4] from [60 5]
training time per iterations 1.189948[ms]
testing
testing done
network success rate top1 95.654610% 96.102585% 
network success rate top5 100.000000% 100.000000% 
setting learning rate to 0.000063



epoch [45 0] from [60 5]
training time per iterations 1.126549[ms]
testing
testing done
network success rate top1 95.542610% 95.956993% 
network success rate top5 100.000000% 100.000000% 



epoch [45 1] from [60 5]
training time per iterations 1.191613[ms]
testing
testing done
network success rate top1 95.643410% 95.329826% 
network success rate top5 100.000000% 100.000000% 



epoch [45 2] from [60 5]
training time per iterations 1.125686[ms]
testing
testing done
network success rate top1 95.475418% 96.012993% 
network success rate top5 100.000000% 100.000000% 



epoch [45 3] from [60 5]
training time per iterations 1.192476[ms]
testing
testing done
network success rate top1 95.542610% 95.878601% 
network success rate top5 100.000000% 100.000000% 



epoch [45 4] from [60 5]
training time per iterations 1.132778[ms]
testing
testing done
network success rate top1 95.553810% 95.900993% 
network success rate top5 100.000000% 100.000000% 



epoch [46 0] from [60 5]
training time per iterations 1.116312[ms]
testing
testing done
network success rate top1 95.733002% 95.867401% 
network success rate top5 100.000000% 100.000000% 



epoch [46 1] from [60 5]
training time per iterations 1.202899[ms]
testing
testing done
network success rate top1 95.509018% 95.889801% 
network success rate top5 100.000000% 100.000000% 



epoch [46 2] from [60 5]
training time per iterations 1.115264[ms]
testing
testing done
network success rate top1 95.520218% 95.654610% 
network success rate top5 100.000000% 100.000000% 



epoch [46 3] from [60 5]
training time per iterations 1.208079[ms]
testing
testing done
network success rate top1 95.553810% 95.587410% 
network success rate top5 100.000000% 100.000000% 



epoch [46 4] from [60 5]
training time per iterations 1.110453[ms]
testing
testing done
network success rate top1 95.721802% 96.091385% 
network success rate top5 100.000000% 100.000000% 



epoch [47 0] from [60 5]
training time per iterations 1.212581[ms]
testing
testing done
network success rate top1 95.643410% 96.102585% 
network success rate top5 100.000000% 100.000000% 



epoch [47 1] from [60 5]
training time per iterations 1.114647[ms]
testing
testing done
network success rate top1 95.542610% 95.968193% 
network success rate top5 100.000000% 100.000000% 



epoch [47 2] from [60 5]
training time per iterations 1.129201[ms]
testing
testing done
network success rate top1 95.520218% 96.169785% 
network success rate top5 100.000000% 100.000000% 



epoch [47 3] from [60 5]
training time per iterations 1.193154[ms]
testing
testing done
network success rate top1 95.710609% 96.091385% 
network success rate top5 100.000000% 100.000000% 



epoch [47 4] from [60 5]
training time per iterations 1.130065[ms]
testing
testing done
network success rate top1 95.531418% 95.744202% 
network success rate top5 100.000000% 100.000000% 



epoch [48 0] from [60 5]
training time per iterations 1.202035[ms]
testing
testing done
network success rate top1 95.598610% 95.766602% 
network success rate top5 100.000000% 100.000000% 



epoch [48 1] from [60 5]
training time per iterations 1.136355[ms]
testing
testing done
network success rate top1 95.486618% 96.091385% 
network success rate top5 100.000000% 100.000000% 



epoch [48 2] from [60 5]
training time per iterations 1.197656[ms]
testing
testing done
network success rate top1 95.553810% 95.677010% 
network success rate top5 100.000000% 100.000000% 



epoch [48 3] from [60 5]
training time per iterations 1.125624[ms]
testing
testing done
network success rate top1 95.632210% 96.158585% 
network success rate top5 100.000000% 100.000000% 



epoch [48 4] from [60 5]
training time per iterations 1.197656[ms]
testing
testing done
network success rate top1 95.576210% 95.419418% 
network success rate top5 100.000000% 100.000000% 



epoch [49 0] from [60 5]
training time per iterations 1.134937[ms]
testing
testing done
network success rate top1 95.464218% 95.173035% 
network success rate top5 100.000000% 100.000000% 



epoch [49 1] from [60 5]
training time per iterations 1.119951[ms]
testing
testing done
network success rate top1 95.531418% 95.688210% 
network success rate top5 100.000000% 100.000000% 



epoch [49 2] from [60 5]
training time per iterations 1.202097[ms]
testing
testing done
network success rate top1 95.486618% 95.150635% 
network success rate top5 100.000000% 100.000000% 



epoch [49 3] from [60 5]
training time per iterations 1.117237[ms]
testing
testing done
network success rate top1 95.520218% 95.811401% 
network success rate top5 100.000000% 100.000000% 



epoch [49 4] from [60 5]
training time per iterations 1.207339[ms]
testing
testing done
network success rate top1 95.553810% 95.822601% 
network success rate top5 100.000000% 100.000000% 



epoch [50 0] from [60 5]
training time per iterations 1.118162[ms]
testing
testing done
network success rate top1 95.609810% 95.565010% 
network success rate top5 100.000000% 100.000000% 



epoch [50 1] from [60 5]
training time per iterations 1.193833[ms]
testing
testing done
network success rate top1 95.598610% 95.744202% 
network success rate top5 100.000000% 100.000000% 



epoch [50 2] from [60 5]
training time per iterations 1.113537[ms]
testing
testing done
network success rate top1 95.699409% 96.080185% 
network success rate top5 100.000000% 100.000000% 



epoch [50 3] from [60 5]
training time per iterations 1.121061[ms]
testing
testing done
network success rate top1 95.699409% 95.845001% 
network success rate top5 100.000000% 100.000000% 



epoch [50 4] from [60 5]
training time per iterations 1.197410[ms]
testing
testing done
network success rate top1 95.710609% 95.733002% 
network success rate top5 100.000000% 100.000000% 



epoch [51 0] from [60 5]
training time per iterations 1.134197[ms]
testing
testing done
network success rate top1 95.553810% 95.677010% 
network success rate top5 100.000000% 100.000000% 



epoch [51 1] from [60 5]
training time per iterations 1.196115[ms]
testing
testing done
network success rate top1 95.643410% 96.124985% 
network success rate top5 100.000000% 100.000000% 



epoch [51 2] from [60 5]
training time per iterations 1.130003[ms]
testing
testing done
network success rate top1 95.721802% 96.214584% 
network success rate top5 100.000000% 100.000000% 



epoch [51 3] from [60 5]
training time per iterations 1.190133[ms]
testing
testing done
network success rate top1 95.654610% 95.677010% 
network success rate top5 100.000000% 100.000000% 



epoch [51 4] from [60 5]
training time per iterations 1.113722[ms]
testing
testing done
network success rate top1 95.777802% 96.080185% 
network success rate top5 100.000000% 100.000000% 



epoch [52 0] from [60 5]
training time per iterations 1.122109[ms]
testing
testing done
network success rate top1 95.598610% 95.800201% 
network success rate top5 100.000000% 100.000000% 



epoch [52 1] from [60 5]
training time per iterations 1.200987[ms]
testing
testing done
network success rate top1 95.721802% 95.867401% 
network success rate top5 100.000000% 100.000000% 



epoch [52 2] from [60 5]
training time per iterations 1.115757[ms]
testing
testing done
network success rate top1 95.441818% 95.329826% 
network success rate top5 100.000000% 100.000000% 



epoch [52 3] from [60 5]
training time per iterations 1.209066[ms]
testing
testing done
network success rate top1 95.733002% 96.281776% 
network success rate top5 100.000000% 100.000000% 



epoch [52 4] from [60 5]
training time per iterations 1.114832[ms]
testing
testing done
network success rate top1 95.677010% 96.124985% 
network success rate top5 100.000000% 100.000000% 



epoch [53 0] from [60 5]
training time per iterations 1.205304[ms]
testing
testing done
network success rate top1 95.609810% 95.833801% 
network success rate top5 100.000000% 100.000000% 



epoch [53 1] from [60 5]
training time per iterations 1.113228[ms]
testing
testing done
network success rate top1 95.643410% 95.721802% 
network success rate top5 100.000000% 100.000000% 



epoch [53 2] from [60 5]
training time per iterations 1.128461[ms]
testing
testing done
network success rate top1 95.553810% 95.576210% 
network success rate top5 100.000000% 100.000000% 



epoch [53 3] from [60 5]
training time per iterations 1.191551[ms]
testing
testing done
network success rate top1 95.621010% 96.024193% 
network success rate top5 100.000000% 100.000000% 



epoch [53 4] from [60 5]
training time per iterations 1.122603[ms]
testing
testing done
network success rate top1 95.677010% 95.374619% 
network success rate top5 100.000000% 100.000000% 



epoch [54 0] from [60 5]
training time per iterations 1.192106[ms]
testing
testing done
network success rate top1 95.509018% 95.777802% 
network success rate top5 100.000000% 100.000000% 



epoch [54 1] from [60 5]
training time per iterations 1.116682[ms]
testing
testing done
network success rate top1 95.542610% 95.755402% 
network success rate top5 100.000000% 100.000000% 



epoch [54 2] from [60 5]
training time per iterations 1.192106[ms]
testing
testing done
network success rate top1 95.822601% 95.912193% 
network success rate top5 100.000000% 100.000000% 
saving best net in top 1
best net saved to networks/path_net_0/trained/, with success rate 95.822601%



epoch [54 3] from [60 5]
training time per iterations 1.127660[ms]
testing
testing done
network success rate top1 95.486618% 95.889801% 
network success rate top5 100.000000% 100.000000% 



epoch [54 4] from [60 5]
training time per iterations 1.196238[ms]
testing
testing done
network success rate top1 95.632210% 96.203384% 
network success rate top5 100.000000% 100.000000% 



epoch [55 0] from [60 5]
training time per iterations 1.140857[ms]
testing
testing done
network success rate top1 95.654610% 96.113785% 
network success rate top5 100.000000% 100.000000% 



epoch [55 1] from [60 5]
training time per iterations 1.118286[ms]
testing
testing done
network success rate top1 95.699409% 96.091385% 
network success rate top5 100.000000% 100.000000% 



epoch [55 2] from [60 5]
training time per iterations 1.201048[ms]
testing
testing done
network success rate top1 95.565010% 95.430618% 
network success rate top5 100.000000% 100.000000% 



epoch [55 3] from [60 5]
training time per iterations 1.111255[ms]
testing
testing done
network success rate top1 95.710609% 96.024193% 
network success rate top5 100.000000% 100.000000% 



epoch [55 4] from [60 5]
training time per iterations 1.205982[ms]
testing
testing done
network success rate top1 95.699409% 95.945793% 
network success rate top5 100.000000% 100.000000% 



epoch [56 0] from [60 5]
training time per iterations 1.118347[ms]
testing
testing done
network success rate top1 95.654610% 96.001793% 
network success rate top5 100.000000% 100.000000% 



epoch [56 1] from [60 5]
training time per iterations 1.196053[ms]
testing
testing done
network success rate top1 95.609810% 95.968193% 
network success rate top5 100.000000% 100.000000% 



epoch [56 2] from [60 5]
training time per iterations 1.113599[ms]
testing
testing done
network success rate top1 95.721802% 95.923393% 
network success rate top5 100.000000% 100.000000% 



epoch [56 3] from [60 5]
training time per iterations 1.126611[ms]
testing
testing done
network success rate top1 95.856201% 95.856201% 
network success rate top5 100.000000% 100.000000% 
saving best net in top 1
best net saved to networks/path_net_0/trained/, with success rate 95.856201%



epoch [56 4] from [60 5]
training time per iterations 1.199198[ms]
testing
testing done
network success rate top1 95.587410% 96.024193% 
network success rate top5 100.000000% 100.000000% 



epoch [57 0] from [60 5]
training time per iterations 1.131915[ms]
testing
testing done
network success rate top1 95.721802% 96.091385% 
network success rate top5 100.000000% 100.000000% 



epoch [57 1] from [60 5]
training time per iterations 1.195806[ms]
testing
testing done
network success rate top1 95.643410% 96.124985% 
network success rate top5 100.000000% 100.000000% 



epoch [57 2] from [60 5]
training time per iterations 1.137034[ms]
testing
testing done
network success rate top1 95.699409% 95.990593% 
network success rate top5 100.000000% 100.000000% 



epoch [57 3] from [60 5]
training time per iterations 1.194141[ms]
testing
testing done
network success rate top1 95.632210% 95.822601% 
network success rate top5 100.000000% 100.000000% 



epoch [57 4] from [60 5]
training time per iterations 1.133950[ms]
testing
testing done
network success rate top1 95.609810% 95.565010% 
network success rate top5 100.000000% 100.000000% 



epoch [58 0] from [60 5]
training time per iterations 1.115140[ms]
testing
testing done
network success rate top1 95.665810% 95.889801% 
network success rate top5 100.000000% 100.000000% 



epoch [58 1] from [60 5]
training time per iterations 1.209066[ms]
testing
testing done
network success rate top1 95.688210% 96.012993% 
network success rate top5 100.000000% 100.000000% 



epoch [58 2] from [60 5]
training time per iterations 1.116435[ms]
testing
testing done
network success rate top1 95.710609% 95.968193% 
network success rate top5 100.000000% 100.000000% 



epoch [58 3] from [60 5]
training time per iterations 1.200432[ms]
testing
testing done
network success rate top1 95.721802% 96.012993% 
network success rate top5 100.000000% 100.000000% 



epoch [58 4] from [60 5]
training time per iterations 1.116004[ms]
testing
testing done
network success rate top1 95.744202% 95.912193% 
network success rate top5 100.000000% 100.000000% 



epoch [59 0] from [60 5]
training time per iterations 1.204749[ms]
testing
testing done
network success rate top1 95.845001% 95.867401% 
network success rate top5 100.000000% 100.000000% 



epoch [59 1] from [60 5]
training time per iterations 1.114154[ms]
testing
testing done
network success rate top1 95.565010% 96.214584% 
network success rate top5 100.000000% 100.000000% 



epoch [59 2] from [60 5]
training time per iterations 1.130928[ms]
testing
testing done
network success rate top1 95.755402% 95.822601% 
network success rate top5 100.000000% 100.000000% 



epoch [59 3] from [60 5]
training time per iterations 1.196670[ms]
testing
testing done
network success rate top1 95.665810% 95.811401% 
network success rate top5 100.000000% 100.000000% 



epoch [59 4] from [60 5]
training time per iterations 1.132347[ms]
testing
testing done
network success rate top1 95.643410% 95.945793% 
network success rate top5 100.000000% 100.000000% 
setting learning rate to 0.000031
training done
