initializing
training size    : 72151
testing size     : 7853
epoch count      : 60
sub epoch size   : 5

epoch_learning_rate_decay   : 15
learning_rate_decay         : 0.500000
batch size                  : 37742

training



epoch [0 0] from [60 5]
training time per iterations 1.788843[ms]
testing
testing done
network success rate top1 91.799309% 91.519165% 
network success rate top5 100.000000% 100.000000% 
saving best net in top 1
best net saved to networks/path_net_3/trained/, with success rate 91.799309%



epoch [0 1] from [60 5]
training time per iterations 1.788011[ms]
testing
testing done
network success rate top1 93.123650% 93.301926% 
network success rate top5 100.000000% 100.000000% 
saving best net in top 1
best net saved to networks/path_net_3/trained/, with success rate 93.123650%



epoch [0 2] from [60 5]
training time per iterations 1.876577[ms]
testing
testing done
network success rate top1 93.976822% 93.543869% 
network success rate top5 100.000000% 100.000000% 
saving best net in top 1
best net saved to networks/path_net_3/trained/, with success rate 93.976822%



epoch [0 3] from [60 5]
training time per iterations 1.777200[ms]
testing
testing done
network success rate top1 93.798546% 93.887688% 
network success rate top5 100.000000% 100.000000% 



epoch [0 4] from [60 5]
training time per iterations 1.775260[ms]
testing
testing done
network success rate top1 94.486183% 94.804535% 
network success rate top5 100.000000% 100.000000% 
saving best net in top 1
best net saved to networks/path_net_3/trained/, with success rate 94.486183%



epoch [1 0] from [60 5]
training time per iterations 1.870825[ms]
testing
testing done
network success rate top1 94.155098% 93.849487% 
network success rate top5 100.000000% 100.000000% 



epoch [1 1] from [60 5]
training time per iterations 1.783853[ms]
testing
testing done
network success rate top1 94.855469% 94.256973% 
network success rate top5 100.000000% 100.000000% 
saving best net in top 1
best net saved to networks/path_net_3/trained/, with success rate 94.855469%



epoch [1 2] from [60 5]
training time per iterations 1.871518[ms]
testing
testing done
network success rate top1 94.804535% 94.282440% 
network success rate top5 100.000000% 100.000000% 



epoch [1 3] from [60 5]
training time per iterations 1.790021[ms]
testing
testing done
network success rate top1 95.008278% 94.333374% 
network success rate top5 100.000000% 100.000000% 
saving best net in top 1
best net saved to networks/path_net_3/trained/, with success rate 95.008278%



epoch [1 4] from [60 5]
training time per iterations 1.785447[ms]
testing
testing done
network success rate top1 93.964088% 94.053230% 
network success rate top5 100.000000% 100.000000% 



epoch [2 0] from [60 5]
training time per iterations 1.873805[ms]
testing
testing done
network success rate top1 95.071945% 94.626259% 
network success rate top5 100.000000% 100.000000% 
saving best net in top 1
best net saved to networks/path_net_3/trained/, with success rate 95.071945%



epoch [2 1] from [60 5]
training time per iterations 1.781982[ms]
testing
testing done
network success rate top1 95.084679% 94.116898% 
network success rate top5 100.000000% 100.000000% 
saving best net in top 1
best net saved to networks/path_net_3/trained/, with success rate 95.084679%



epoch [2 2] from [60 5]
training time per iterations 1.791476[ms]
testing
testing done
network success rate top1 95.262955% 94.626259% 
network success rate top5 100.000000% 100.000000% 
saving best net in top 1
best net saved to networks/path_net_3/trained/, with success rate 95.262955%



epoch [2 3] from [60 5]
training time per iterations 1.876022[ms]
testing
testing done
network success rate top1 94.155098% 93.874954% 
network success rate top5 100.000000% 100.000000% 



epoch [2 4] from [60 5]
training time per iterations 1.784615[ms]
testing
testing done
network success rate top1 94.613525% 94.091431% 
network success rate top5 100.000000% 100.000000% 



epoch [3 0] from [60 5]
training time per iterations 1.873042[ms]
testing
testing done
network success rate top1 95.734116% 95.492172% 
network success rate top5 100.000000% 100.000000% 
saving best net in top 1
best net saved to networks/path_net_3/trained/, with success rate 95.734116%



epoch [3 1] from [60 5]
training time per iterations 1.789951[ms]
testing
testing done
network success rate top1 95.250221% 95.033745% 
network success rate top5 100.000000% 100.000000% 



epoch [3 2] from [60 5]
training time per iterations 1.777755[ms]
testing
testing done
network success rate top1 95.899658% 95.670441% 
network success rate top5 100.000000% 100.000000% 
saving best net in top 1
best net saved to networks/path_net_3/trained/, with success rate 95.899658%



epoch [3 3] from [60 5]
training time per iterations 1.877547[ms]
testing
testing done
network success rate top1 94.817268% 94.575325% 
network success rate top5 100.000000% 100.000000% 



epoch [3 4] from [60 5]
training time per iterations 1.781913[ms]
testing
testing done
network success rate top1 95.364830% 95.110146% 
network success rate top5 100.000000% 100.000000% 



epoch [4 0] from [60 5]
training time per iterations 1.874775[ms]
testing
testing done
network success rate top1 95.453964% 94.970078% 
network success rate top5 100.000000% 100.000000% 



epoch [4 1] from [60 5]
training time per iterations 1.789258[ms]
testing
testing done
network success rate top1 96.026993% 95.390297% 
network success rate top5 100.000000% 100.000000% 
saving best net in top 1
best net saved to networks/path_net_3/trained/, with success rate 96.026993%



epoch [4 2] from [60 5]
training time per iterations 1.781982[ms]
testing
testing done
network success rate top1 95.772316% 95.772316% 
network success rate top5 100.000000% 100.000000% 



epoch [4 3] from [60 5]
training time per iterations 1.872419[ms]
testing
testing done
network success rate top1 96.116135% 95.339363% 
network success rate top5 100.000000% 100.000000% 
saving best net in top 1
best net saved to networks/path_net_3/trained/, with success rate 96.116135%



epoch [4 4] from [60 5]
training time per iterations 1.788219[ms]
testing
testing done
network success rate top1 95.823250% 95.466698% 
network success rate top5 100.000000% 100.000000% 



epoch [5 0] from [60 5]
training time per iterations 1.791823[ms]
testing
testing done
network success rate top1 95.581306% 95.403030% 
network success rate top5 100.000000% 100.000000% 



epoch [5 1] from [60 5]
training time per iterations 1.869647[ms]
testing
testing done
network success rate top1 95.224754% 94.931870% 
network success rate top5 100.000000% 100.000000% 



epoch [5 2] from [60 5]
training time per iterations 1.786209[ms]
testing
testing done
network success rate top1 95.976059% 95.555840% 
network success rate top5 100.000000% 100.000000% 



epoch [5 3] from [60 5]
training time per iterations 1.875329[ms]
testing
testing done
network success rate top1 95.988792% 95.848717% 
network success rate top5 100.000000% 100.000000% 



epoch [5 4] from [60 5]
training time per iterations 1.788496[ms]
testing
testing done
network success rate top1 95.785049% 95.250221% 
network success rate top5 100.000000% 100.000000% 



epoch [6 0] from [60 5]
training time per iterations 1.778240[ms]
testing
testing done
network success rate top1 94.995544% 94.804535% 
network success rate top5 100.000000% 100.000000% 



epoch [6 1] from [60 5]
training time per iterations 1.875745[ms]
testing
testing done
network success rate top1 96.243477% 95.937859% 
network success rate top5 100.000000% 100.000000% 
saving best net in top 1
best net saved to networks/path_net_3/trained/, with success rate 96.243477%



epoch [6 2] from [60 5]
training time per iterations 1.782121[ms]
testing
testing done
network success rate top1 95.963326% 96.014259% 
network success rate top5 100.000000% 100.000000% 



epoch [6 3] from [60 5]
training time per iterations 1.784893[ms]
testing
testing done
network success rate top1 95.963326% 95.963326% 
network success rate top5 100.000000% 100.000000% 



epoch [6 4] from [60 5]
training time per iterations 1.869577[ms]
testing
testing done
network success rate top1 96.281677% 95.976059% 
network success rate top5 100.000000% 100.000000% 
saving best net in top 1
best net saved to networks/path_net_3/trained/, with success rate 96.281677%



epoch [7 0] from [60 5]
training time per iterations 1.783507[ms]
testing
testing done
network success rate top1 95.810516% 95.657707% 
network success rate top5 100.000000% 100.000000% 



epoch [7 1] from [60 5]
training time per iterations 1.866667[ms]
testing
testing done
network success rate top1 96.358078% 96.281677% 
network success rate top5 100.000000% 100.000000% 
saving best net in top 1
best net saved to networks/path_net_3/trained/, with success rate 96.358078%



epoch [7 2] from [60 5]
training time per iterations 1.787387[ms]
testing
testing done
network success rate top1 95.963326% 95.199287% 
network success rate top5 100.000000% 100.000000% 



epoch [7 3] from [60 5]
training time per iterations 1.779487[ms]
testing
testing done
network success rate top1 96.179802% 96.281677% 
network success rate top5 100.000000% 100.000000% 



epoch [7 4] from [60 5]
training time per iterations 1.875260[ms]
testing
testing done
network success rate top1 96.383545% 96.052467% 
network success rate top5 100.000000% 100.000000% 
saving best net in top 1
best net saved to networks/path_net_3/trained/, with success rate 96.383545%



epoch [8 0] from [60 5]
training time per iterations 1.782675[ms]
testing
testing done
network success rate top1 96.281677% 95.823250% 
network success rate top5 100.000000% 100.000000% 



epoch [8 1] from [60 5]
training time per iterations 1.872141[ms]
testing
testing done
network success rate top1 96.039726% 95.453964% 
network success rate top5 100.000000% 100.000000% 



epoch [8 2] from [60 5]
training time per iterations 1.783021[ms]
testing
testing done
network success rate top1 96.383545% 96.383545% 
network success rate top5 100.000000% 100.000000% 



epoch [8 3] from [60 5]
training time per iterations 1.787041[ms]
testing
testing done
network success rate top1 96.472687% 96.205269% 
network success rate top5 100.000000% 100.000000% 
saving best net in top 1
best net saved to networks/path_net_3/trained/, with success rate 96.472687%



epoch [8 4] from [60 5]
training time per iterations 1.871726[ms]
testing
testing done
network success rate top1 95.925125% 95.250221% 
network success rate top5 100.000000% 100.000000% 



epoch [9 0] from [60 5]
training time per iterations 1.776577[ms]
testing
testing done
network success rate top1 96.498154% 96.459953% 
network success rate top5 100.000000% 100.000000% 
saving best net in top 1
best net saved to networks/path_net_3/trained/, with success rate 96.498154%



epoch [9 1] from [60 5]
training time per iterations 1.784615[ms]
testing
testing done
network success rate top1 96.447220% 96.230743% 
network success rate top5 100.000000% 100.000000% 



epoch [9 2] from [60 5]
training time per iterations 1.873389[ms]
testing
testing done
network success rate top1 96.549088% 96.307144% 
network success rate top5 100.000000% 100.000000% 
saving best net in top 1
best net saved to networks/path_net_3/trained/, with success rate 96.549088%



epoch [9 3] from [60 5]
training time per iterations 1.786556[ms]
testing
testing done
network success rate top1 96.587288% 96.256210% 
network success rate top5 100.000000% 100.000000% 
saving best net in top 1
best net saved to networks/path_net_3/trained/, with success rate 96.587288%



epoch [9 4] from [60 5]
training time per iterations 1.871033[ms]
testing
testing done
network success rate top1 96.256210% 95.950592% 
network success rate top5 100.000000% 100.000000% 



epoch [10 0] from [60 5]
training time per iterations 1.785378[ms]
testing
testing done
network success rate top1 96.650963% 96.128868% 
network success rate top5 100.000000% 100.000000% 
saving best net in top 1
best net saved to networks/path_net_3/trained/, with success rate 96.650963%



epoch [10 1] from [60 5]
training time per iterations 1.787041[ms]
testing
testing done
network success rate top1 96.039726% 95.441231% 
network success rate top5 100.000000% 100.000000% 



epoch [10 2] from [60 5]
training time per iterations 1.872349[ms]
testing
testing done
network success rate top1 96.714630% 96.472687% 
network success rate top5 100.000000% 100.000000% 
saving best net in top 1
best net saved to networks/path_net_3/trained/, with success rate 96.714630%



epoch [10 3] from [60 5]
training time per iterations 1.777547[ms]
testing
testing done
network success rate top1 96.701897% 96.332611% 
network success rate top5 100.000000% 100.000000% 



epoch [10 4] from [60 5]
training time per iterations 1.868884[ms]
testing
testing done
network success rate top1 96.752831% 96.574554% 
network success rate top5 100.000000% 100.000000% 
saving best net in top 1
best net saved to networks/path_net_3/trained/, with success rate 96.752831%



epoch [11 0] from [60 5]
training time per iterations 1.787110[ms]
testing
testing done
network success rate top1 96.090668% 95.899658% 
network success rate top5 100.000000% 100.000000% 



epoch [11 1] from [60 5]
training time per iterations 1.790159[ms]
testing
testing done
network success rate top1 96.536354% 96.294411% 
network success rate top5 100.000000% 100.000000% 



epoch [11 2] from [60 5]
training time per iterations 1.868607[ms]
testing
testing done
network success rate top1 96.319878% 96.523621% 
network success rate top5 100.000000% 100.000000% 



epoch [11 3] from [60 5]
training time per iterations 1.782883[ms]
testing
testing done
network success rate top1 96.510887% 96.218002% 
network success rate top5 100.000000% 100.000000% 



epoch [11 4] from [60 5]
training time per iterations 1.789605[ms]
testing
testing done
network success rate top1 96.714630% 96.663696% 
network success rate top5 100.000000% 100.000000% 



epoch [12 0] from [60 5]
training time per iterations 1.869577[ms]
testing
testing done
network success rate top1 96.892906% 96.434486% 
network success rate top5 100.000000% 100.000000% 
saving best net in top 1
best net saved to networks/path_net_3/trained/, with success rate 96.892906%



epoch [12 1] from [60 5]
training time per iterations 1.787387[ms]
testing
testing done
network success rate top1 96.752831% 96.332611% 
network success rate top5 100.000000% 100.000000% 



epoch [12 2] from [60 5]
training time per iterations 1.873319[ms]
testing
testing done
network success rate top1 97.007515% 97.185791% 
network success rate top5 100.000000% 100.000000% 
saving best net in top 1
best net saved to networks/path_net_3/trained/, with success rate 97.007515%



epoch [12 3] from [60 5]
training time per iterations 1.783922[ms]
testing
testing done
network success rate top1 96.931107% 96.574554% 
network success rate top5 100.000000% 100.000000% 



epoch [12 4] from [60 5]
training time per iterations 1.784477[ms]
testing
testing done
network success rate top1 96.319878% 96.052467% 
network success rate top5 100.000000% 100.000000% 



epoch [13 0] from [60 5]
training time per iterations 1.871448[ms]
testing
testing done
network success rate top1 96.612762% 95.848717% 
network success rate top5 100.000000% 100.000000% 



epoch [13 1] from [60 5]
training time per iterations 1.782398[ms]
testing
testing done
network success rate top1 96.943840% 96.485420% 
network success rate top5 100.000000% 100.000000% 



epoch [13 2] from [60 5]
training time per iterations 1.783299[ms]
testing
testing done
network success rate top1 96.931107% 96.752831% 
network success rate top5 100.000000% 100.000000% 



epoch [13 3] from [60 5]
training time per iterations 1.870894[ms]
testing
testing done
network success rate top1 97.032982% 96.816505% 
network success rate top5 100.000000% 100.000000% 
saving best net in top 1
best net saved to networks/path_net_3/trained/, with success rate 97.032982%



epoch [13 4] from [60 5]
training time per iterations 1.785586[ms]
testing
testing done
network success rate top1 97.020248% 96.969315% 
network success rate top5 100.000000% 100.000000% 



epoch [14 0] from [60 5]
training time per iterations 1.876854[ms]
testing
testing done
network success rate top1 96.943840% 96.650963% 
network success rate top5 100.000000% 100.000000% 



epoch [14 1] from [60 5]
training time per iterations 1.784130[ms]
testing
testing done
network success rate top1 96.943840% 96.307144% 
network success rate top5 100.000000% 100.000000% 



epoch [14 2] from [60 5]
training time per iterations 1.784200[ms]
testing
testing done
network success rate top1 96.956573% 96.587288% 
network success rate top5 100.000000% 100.000000% 



epoch [14 3] from [60 5]
training time per iterations 1.882328[ms]
testing
testing done
network success rate top1 97.147591% 96.676430% 
network success rate top5 100.000000% 100.000000% 
saving best net in top 1
best net saved to networks/path_net_3/trained/, with success rate 97.147591%



epoch [14 4] from [60 5]
training time per iterations 1.784754[ms]
testing
testing done
network success rate top1 97.185791% 97.045715% 
network success rate top5 100.000000% 100.000000% 
saving best net in top 1
best net saved to networks/path_net_3/trained/, with success rate 97.185791%
setting learning rate to 0.000250



epoch [15 0] from [60 5]
training time per iterations 1.871240[ms]
testing
testing done
network success rate top1 97.032982% 97.134850% 
network success rate top5 100.000000% 100.000000% 



epoch [15 1] from [60 5]
training time per iterations 1.787387[ms]
testing
testing done
network success rate top1 97.223991% 97.122116% 
network success rate top5 100.000000% 100.000000% 
saving best net in top 1
best net saved to networks/path_net_3/trained/, with success rate 97.223991%



epoch [15 2] from [60 5]
training time per iterations 1.779141[ms]
testing
testing done
network success rate top1 96.791039% 96.319878% 
network success rate top5 100.000000% 100.000000% 



epoch [15 3] from [60 5]
training time per iterations 1.870270[ms]
testing
testing done
network success rate top1 97.313126% 97.122116% 
network success rate top5 100.000000% 100.000000% 
saving best net in top 1
best net saved to networks/path_net_3/trained/, with success rate 97.313126%



epoch [15 4] from [60 5]
training time per iterations 1.785170[ms]
testing
testing done
network success rate top1 96.409019% 95.670441% 
network success rate top5 100.000000% 100.000000% 



epoch [16 0] from [60 5]
training time per iterations 1.781012[ms]
testing
testing done
network success rate top1 97.173058% 96.905640% 
network success rate top5 100.000000% 100.000000% 



epoch [16 1] from [60 5]
training time per iterations 1.873735[ms]
testing
testing done
network success rate top1 97.274925% 96.803772% 
network success rate top5 100.000000% 100.000000% 



epoch [16 2] from [60 5]
training time per iterations 1.785586[ms]
testing
testing done
network success rate top1 97.211258% 97.096649% 
network success rate top5 100.000000% 100.000000% 



epoch [16 3] from [60 5]
training time per iterations 1.880388[ms]
testing
testing done
network success rate top1 97.262192% 97.364067% 
network success rate top5 100.000000% 100.000000% 



epoch [16 4] from [60 5]
training time per iterations 1.789536[ms]
testing
testing done
network success rate top1 97.173058% 97.338600% 
network success rate top5 100.000000% 100.000000% 



epoch [17 0] from [60 5]
training time per iterations 1.782883[ms]
testing
testing done
network success rate top1 97.274925% 96.880173% 
network success rate top5 100.000000% 100.000000% 



epoch [17 1] from [60 5]
training time per iterations 1.881913[ms]
testing
testing done
network success rate top1 97.376801% 96.714630% 
network success rate top5 100.000000% 100.000000% 
saving best net in top 1
best net saved to networks/path_net_3/trained/, with success rate 97.376801%



epoch [17 2] from [60 5]
training time per iterations 1.783922[ms]
testing
testing done
network success rate top1 97.109383% 97.147591% 
network success rate top5 100.000000% 100.000000% 



epoch [17 3] from [60 5]
training time per iterations 1.876369[ms]
testing
testing done
network success rate top1 97.185791% 97.300392% 
network success rate top5 100.000000% 100.000000% 



epoch [17 4] from [60 5]
training time per iterations 1.783021[ms]
testing
testing done
network success rate top1 97.223991% 97.325859% 
network success rate top5 100.000000% 100.000000% 



epoch [18 0] from [60 5]
training time per iterations 1.779349[ms]
testing
testing done
network success rate top1 97.313126% 97.249458% 
network success rate top5 100.000000% 100.000000% 



epoch [18 1] from [60 5]
training time per iterations 1.874428[ms]
testing
testing done
network success rate top1 97.236725% 97.236725% 
network success rate top5 100.000000% 100.000000% 



epoch [18 2] from [60 5]
training time per iterations 1.781705[ms]
testing
testing done
network success rate top1 97.083916% 96.612762% 
network success rate top5 100.000000% 100.000000% 



epoch [18 3] from [60 5]
training time per iterations 1.784477[ms]
testing
testing done
network success rate top1 97.236725% 97.465935% 
network success rate top5 100.000000% 100.000000% 



epoch [18 4] from [60 5]
training time per iterations 1.874082[ms]
testing
testing done
network success rate top1 97.427734% 97.096649% 
network success rate top5 100.000000% 100.000000% 
saving best net in top 1
best net saved to networks/path_net_3/trained/, with success rate 97.427734%



epoch [19 0] from [60 5]
training time per iterations 1.784477[ms]
testing
testing done
network success rate top1 97.147591% 96.740097% 
network success rate top5 100.000000% 100.000000% 



epoch [19 1] from [60 5]
training time per iterations 1.874567[ms]
testing
testing done
network success rate top1 96.969315% 96.829239% 
network success rate top5 100.000000% 100.000000% 



epoch [19 2] from [60 5]
training time per iterations 1.783091[ms]
testing
testing done
network success rate top1 97.287659% 96.880173% 
network success rate top5 100.000000% 100.000000% 



epoch [19 3] from [60 5]
training time per iterations 1.781705[ms]
testing
testing done
network success rate top1 97.313126% 97.338600% 
network success rate top5 100.000000% 100.000000% 



epoch [19 4] from [60 5]
training time per iterations 1.880111[ms]
testing
testing done
network success rate top1 97.338600% 97.415001% 
network success rate top5 100.000000% 100.000000% 



epoch [20 0] from [60 5]
training time per iterations 1.781358[ms]
testing
testing done
network success rate top1 97.300392% 97.376801% 
network success rate top5 100.000000% 100.000000% 



epoch [20 1] from [60 5]
training time per iterations 1.785100[ms]
testing
testing done
network success rate top1 97.351334% 97.427734% 
network success rate top5 100.000000% 100.000000% 



epoch [20 2] from [60 5]
training time per iterations 1.870478[ms]
testing
testing done
network success rate top1 97.376801% 97.236725% 
network success rate top5 100.000000% 100.000000% 



epoch [20 3] from [60 5]
training time per iterations 1.790644[ms]
testing
testing done
network success rate top1 97.402267% 97.465935% 
network success rate top5 100.000000% 100.000000% 



epoch [20 4] from [60 5]
training time per iterations 1.877547[ms]
testing
testing done
network success rate top1 97.440468% 97.313126% 
network success rate top5 100.000000% 100.000000% 
saving best net in top 1
best net saved to networks/path_net_3/trained/, with success rate 97.440468%



epoch [21 0] from [60 5]
training time per iterations 1.782051[ms]
testing
testing done
network success rate top1 97.325859% 97.364067% 
network success rate top5 100.000000% 100.000000% 



epoch [21 1] from [60 5]
training time per iterations 1.783645[ms]
testing
testing done
network success rate top1 97.338600% 97.185791% 
network success rate top5 100.000000% 100.000000% 



epoch [21 2] from [60 5]
training time per iterations 1.878517[ms]
testing
testing done
network success rate top1 97.389534% 97.606010% 
network success rate top5 100.000000% 100.000000% 



epoch [21 3] from [60 5]
training time per iterations 1.783576[ms]
testing
testing done
network success rate top1 97.555077% 97.351334% 
network success rate top5 100.000000% 100.000000% 
saving best net in top 1
best net saved to networks/path_net_3/trained/, with success rate 97.555077%



epoch [21 4] from [60 5]
training time per iterations 1.874082[ms]
testing
testing done
network success rate top1 97.402267% 97.593277% 
network success rate top5 100.000000% 100.000000% 



epoch [22 0] from [60 5]
training time per iterations 1.778032[ms]
testing
testing done
network success rate top1 97.440468% 97.313126% 
network success rate top5 100.000000% 100.000000% 



epoch [22 1] from [60 5]
training time per iterations 1.787457[ms]
testing
testing done
network success rate top1 97.236725% 96.994781% 
network success rate top5 100.000000% 100.000000% 



epoch [22 2] from [60 5]
training time per iterations 1.874636[ms]
testing
testing done
network success rate top1 97.427734% 97.504135% 
network success rate top5 100.000000% 100.000000% 



epoch [22 3] from [60 5]
training time per iterations 1.777755[ms]
testing
testing done
network success rate top1 97.389534% 97.529610% 
network success rate top5 100.000000% 100.000000% 



epoch [22 4] from [60 5]
training time per iterations 1.787318[ms]
testing
testing done
network success rate top1 97.504135% 97.440468% 
network success rate top5 100.000000% 100.000000% 



epoch [23 0] from [60 5]
training time per iterations 1.868468[ms]
testing
testing done
network success rate top1 97.491402% 97.656944% 
network success rate top5 100.000000% 100.000000% 



epoch [23 1] from [60 5]
training time per iterations 1.782675[ms]
testing
testing done
network success rate top1 97.440468% 97.427734% 
network success rate top5 100.000000% 100.000000% 



epoch [23 2] from [60 5]
training time per iterations 1.874775[ms]
testing
testing done
network success rate top1 97.389534% 97.580544% 
network success rate top5 100.000000% 100.000000% 



epoch [23 3] from [60 5]
training time per iterations 1.780249[ms]
testing
testing done
network success rate top1 97.682411% 97.351334% 
network success rate top5 100.000000% 100.000000% 
saving best net in top 1
best net saved to networks/path_net_3/trained/, with success rate 97.682411%



epoch [23 4] from [60 5]
training time per iterations 1.779626[ms]
testing
testing done
network success rate top1 97.606010% 97.427734% 
network success rate top5 100.000000% 100.000000% 



epoch [24 0] from [60 5]
training time per iterations 1.877547[ms]
testing
testing done
network success rate top1 97.542343% 97.389534% 
network success rate top5 100.000000% 100.000000% 



epoch [24 1] from [60 5]
training time per iterations 1.781012[ms]
testing
testing done
network success rate top1 97.453201% 97.504135% 
network success rate top5 100.000000% 100.000000% 



epoch [24 2] from [60 5]
training time per iterations 1.878309[ms]
testing
testing done
network success rate top1 97.504135% 97.364067% 
network success rate top5 100.000000% 100.000000% 



epoch [24 3] from [60 5]
training time per iterations 1.783229[ms]
testing
testing done
network success rate top1 97.555077% 97.058449% 
network success rate top5 100.000000% 100.000000% 



epoch [24 4] from [60 5]
training time per iterations 1.781913[ms]
testing
testing done
network success rate top1 97.504135% 97.338600% 
network success rate top5 100.000000% 100.000000% 



epoch [25 0] from [60 5]
training time per iterations 1.874913[ms]
testing
testing done
network success rate top1 97.313126% 97.937096% 
network success rate top5 100.000000% 100.000000% 



epoch [25 1] from [60 5]
training time per iterations 1.787249[ms]
testing
testing done
network success rate top1 97.465935% 97.440468% 
network success rate top5 100.000000% 100.000000% 



epoch [25 2] from [60 5]
training time per iterations 1.773042[ms]
testing
testing done
network success rate top1 97.567810% 97.440468% 
network success rate top5 100.000000% 100.000000% 



epoch [25 3] from [60 5]
training time per iterations 1.873389[ms]
testing
testing done
network success rate top1 97.516876% 97.682411% 
network success rate top5 100.000000% 100.000000% 



epoch [25 4] from [60 5]
training time per iterations 1.784338[ms]
testing
testing done
network success rate top1 97.465935% 97.427734% 
network success rate top5 100.000000% 100.000000% 



epoch [26 0] from [60 5]
training time per iterations 1.867983[ms]
testing
testing done
network success rate top1 97.555077% 97.465935% 
network success rate top5 100.000000% 100.000000% 



epoch [26 1] from [60 5]
training time per iterations 1.780873[ms]
testing
testing done
network success rate top1 97.491402% 97.555077% 
network success rate top5 100.000000% 100.000000% 



epoch [26 2] from [60 5]
training time per iterations 1.782259[ms]
testing
testing done
network success rate top1 97.631477% 97.758820% 
network success rate top5 100.000000% 100.000000% 



epoch [26 3] from [60 5]
training time per iterations 1.874775[ms]
testing
testing done
network success rate top1 97.593277% 97.618744% 
network success rate top5 100.000000% 100.000000% 



epoch [26 4] from [60 5]
training time per iterations 1.781913[ms]
testing
testing done
network success rate top1 97.771553% 97.873421% 
network success rate top5 100.000000% 100.000000% 
saving best net in top 1
best net saved to networks/path_net_3/trained/, with success rate 97.771553%



epoch [27 0] from [60 5]
training time per iterations 1.791337[ms]
testing
testing done
network success rate top1 97.593277% 97.453201% 
network success rate top5 100.000000% 100.000000% 



epoch [27 1] from [60 5]
training time per iterations 1.873458[ms]
testing
testing done
network success rate top1 97.606010% 97.682411% 
network success rate top5 100.000000% 100.000000% 



epoch [27 2] from [60 5]
training time per iterations 1.780180[ms]
testing
testing done
network success rate top1 97.695145% 97.504135% 
network success rate top5 100.000000% 100.000000% 



epoch [27 3] from [60 5]
training time per iterations 1.873458[ms]
testing
testing done
network success rate top1 97.771553% 97.313126% 
network success rate top5 100.000000% 100.000000% 



epoch [27 4] from [60 5]
training time per iterations 1.790159[ms]
testing
testing done
network success rate top1 97.606010% 97.465935% 
network success rate top5 100.000000% 100.000000% 



epoch [28 0] from [60 5]
training time per iterations 1.777547[ms]
testing
testing done
network success rate top1 97.465935% 97.415001% 
network success rate top5 100.000000% 100.000000% 



epoch [28 1] from [60 5]
training time per iterations 1.873112[ms]
testing
testing done
network success rate top1 97.465935% 97.325859% 
network success rate top5 100.000000% 100.000000% 



epoch [28 2] from [60 5]
training time per iterations 1.780457[ms]
testing
testing done
network success rate top1 97.555077% 97.198524% 
network success rate top5 100.000000% 100.000000% 



epoch [28 3] from [60 5]
training time per iterations 1.872696[ms]
testing
testing done
network success rate top1 97.618744% 97.606010% 
network success rate top5 100.000000% 100.000000% 



epoch [28 4] from [60 5]
training time per iterations 1.780665[ms]
testing
testing done
network success rate top1 97.656944% 97.669678% 
network success rate top5 100.000000% 100.000000% 



epoch [29 0] from [60 5]
training time per iterations 1.782190[ms]
testing
testing done
network success rate top1 97.682411% 97.606010% 
network success rate top5 100.000000% 100.000000% 



epoch [29 1] from [60 5]
training time per iterations 1.867775[ms]
testing
testing done
network success rate top1 97.771553% 97.695145% 
network success rate top5 100.000000% 100.000000% 



epoch [29 2] from [60 5]
training time per iterations 1.781150[ms]
testing
testing done
network success rate top1 97.453201% 97.555077% 
network success rate top5 100.000000% 100.000000% 



epoch [29 3] from [60 5]
training time per iterations 1.783922[ms]
testing
testing done
network success rate top1 97.606010% 97.606010% 
network success rate top5 100.000000% 100.000000% 



epoch [29 4] from [60 5]
training time per iterations 1.868954[ms]
testing
testing done
network success rate top1 97.695145% 97.580544% 
network success rate top5 100.000000% 100.000000% 
setting learning rate to 0.000125



epoch [30 0] from [60 5]
training time per iterations 1.782675[ms]
testing
testing done
network success rate top1 97.847954% 97.746086% 
network success rate top5 100.000000% 100.000000% 
saving best net in top 1
best net saved to networks/path_net_3/trained/, with success rate 97.847954%



epoch [30 1] from [60 5]
training time per iterations 1.867152[ms]
testing
testing done
network success rate top1 97.695145% 97.300392% 
network success rate top5 100.000000% 100.000000% 



epoch [30 2] from [60 5]
training time per iterations 1.785863[ms]
testing
testing done
network success rate top1 97.758820% 97.567810% 
network success rate top5 100.000000% 100.000000% 



epoch [30 3] from [60 5]
training time per iterations 1.777755[ms]
testing
testing done
network success rate top1 97.873421% 97.707886% 
network success rate top5 100.000000% 100.000000% 
saving best net in top 1
best net saved to networks/path_net_3/trained/, with success rate 97.873421%



epoch [30 4] from [60 5]
training time per iterations 1.877131[ms]
testing
testing done
network success rate top1 97.797020% 97.746086% 
network success rate top5 100.000000% 100.000000% 



epoch [31 0] from [60 5]
training time per iterations 1.772488[ms]
testing
testing done
network success rate top1 97.453201% 97.453201% 
network success rate top5 100.000000% 100.000000% 



epoch [31 1] from [60 5]
training time per iterations 1.876854[ms]
testing
testing done
network success rate top1 97.835220% 97.529610% 
network success rate top5 100.000000% 100.000000% 



epoch [31 2] from [60 5]
training time per iterations 1.784407[ms]
testing
testing done
network success rate top1 97.835220% 97.886162% 
network success rate top5 100.000000% 100.000000% 



epoch [31 3] from [60 5]
training time per iterations 1.779834[ms]
testing
testing done
network success rate top1 97.847954% 97.758820% 
network success rate top5 100.000000% 100.000000% 



epoch [31 4] from [60 5]
training time per iterations 1.872488[ms]
testing
testing done
network success rate top1 97.835220% 97.593277% 
network success rate top5 100.000000% 100.000000% 



epoch [32 0] from [60 5]
training time per iterations 1.788635[ms]
testing
testing done
network success rate top1 97.797020% 97.555077% 
network success rate top5 100.000000% 100.000000% 



epoch [32 1] from [60 5]
training time per iterations 1.780942[ms]
testing
testing done
network success rate top1 97.822487% 97.746086% 
network success rate top5 100.000000% 100.000000% 



epoch [32 2] from [60 5]
training time per iterations 1.870478[ms]
testing
testing done
network success rate top1 97.847954% 97.809753% 
network success rate top5 100.000000% 100.000000% 



epoch [32 3] from [60 5]
training time per iterations 1.782536[ms]
testing
testing done
network success rate top1 97.453201% 97.669678% 
network success rate top5 100.000000% 100.000000% 



epoch [32 4] from [60 5]
training time per iterations 1.873181[ms]
testing
testing done
network success rate top1 97.822487% 97.886162% 
network success rate top5 100.000000% 100.000000% 



epoch [33 0] from [60 5]
training time per iterations 1.785724[ms]
testing
testing done
network success rate top1 97.771553% 97.835220% 
network success rate top5 100.000000% 100.000000% 



epoch [33 1] from [60 5]
training time per iterations 1.778933[ms]
testing
testing done
network success rate top1 97.567810% 97.389534% 
network success rate top5 100.000000% 100.000000% 



epoch [33 2] from [60 5]
training time per iterations 1.874913[ms]
testing
testing done
network success rate top1 97.707886% 97.516876% 
network success rate top5 100.000000% 100.000000% 



epoch [33 3] from [60 5]
training time per iterations 1.784962[ms]
testing
testing done
network success rate top1 97.898895% 97.631477% 
network success rate top5 100.000000% 100.000000% 
saving best net in top 1
best net saved to networks/path_net_3/trained/, with success rate 97.898895%



epoch [33 4] from [60 5]
training time per iterations 1.784962[ms]
testing
testing done
network success rate top1 97.758820% 97.669678% 
network success rate top5 100.000000% 100.000000% 



epoch [34 0] from [60 5]
training time per iterations 1.874220[ms]
testing
testing done
network success rate top1 97.898895% 97.809753% 
network success rate top5 100.000000% 100.000000% 



epoch [34 1] from [60 5]
training time per iterations 1.782952[ms]
testing
testing done
network success rate top1 97.847954% 97.886162% 
network success rate top5 100.000000% 100.000000% 



epoch [34 2] from [60 5]
training time per iterations 1.871448[ms]
testing
testing done
network success rate top1 97.835220% 97.478668% 
network success rate top5 100.000000% 100.000000% 



epoch [34 3] from [60 5]
training time per iterations 1.793001[ms]
testing
testing done
network success rate top1 97.937096% 97.682411% 
network success rate top5 100.000000% 100.000000% 
saving best net in top 1
best net saved to networks/path_net_3/trained/, with success rate 97.937096%



epoch [34 4] from [60 5]
training time per iterations 1.790090[ms]
testing
testing done
network success rate top1 97.758820% 97.555077% 
network success rate top5 100.000000% 100.000000% 



epoch [35 0] from [60 5]
training time per iterations 1.884546[ms]
testing
testing done
network success rate top1 97.898895% 97.644211% 
network success rate top5 100.000000% 100.000000% 



epoch [35 1] from [60 5]
training time per iterations 1.780388[ms]
testing
testing done
network success rate top1 97.911629% 97.644211% 
network success rate top5 100.000000% 100.000000% 



epoch [35 2] from [60 5]
training time per iterations 1.877131[ms]
testing
testing done
network success rate top1 97.835220% 97.567810% 
network success rate top5 100.000000% 100.000000% 



epoch [35 3] from [60 5]
training time per iterations 1.786556[ms]
testing
testing done
network success rate top1 97.835220% 97.924362% 
network success rate top5 100.000000% 100.000000% 



epoch [35 4] from [60 5]
training time per iterations 1.785655[ms]
testing
testing done
network success rate top1 97.758820% 97.606010% 
network success rate top5 100.000000% 100.000000% 



epoch [36 0] from [60 5]
training time per iterations 1.871033[ms]
testing
testing done
network success rate top1 97.873421% 97.797020% 
network success rate top5 100.000000% 100.000000% 



epoch [36 1] from [60 5]
training time per iterations 1.783714[ms]
testing
testing done
network success rate top1 97.847954% 97.746086% 
network success rate top5 100.000000% 100.000000% 



epoch [36 2] from [60 5]
training time per iterations 1.781982[ms]
testing
testing done
network success rate top1 97.516876% 97.529610% 
network success rate top5 100.000000% 100.000000% 



epoch [36 3] from [60 5]
training time per iterations 1.876022[ms]
testing
testing done
network success rate top1 97.656944% 97.822487% 
network success rate top5 100.000000% 100.000000% 



epoch [36 4] from [60 5]
training time per iterations 1.784962[ms]
testing
testing done
network success rate top1 97.847954% 97.707886% 
network success rate top5 100.000000% 100.000000% 



epoch [37 0] from [60 5]
training time per iterations 1.870132[ms]
testing
testing done
network success rate top1 97.860687% 97.669678% 
network success rate top5 100.000000% 100.000000% 



epoch [37 1] from [60 5]
training time per iterations 1.782467[ms]
testing
testing done
network success rate top1 97.924362% 97.809753% 
network success rate top5 100.000000% 100.000000% 



epoch [37 2] from [60 5]
training time per iterations 1.776230[ms]
testing
testing done
network success rate top1 97.975296% 97.771553% 
network success rate top5 100.000000% 100.000000% 
saving best net in top 1
best net saved to networks/path_net_3/trained/, with success rate 97.975296%



epoch [37 3] from [60 5]
training time per iterations 1.873943[ms]
testing
testing done
network success rate top1 97.771553% 97.707886% 
network success rate top5 100.000000% 100.000000% 



epoch [37 4] from [60 5]
training time per iterations 1.780942[ms]
testing
testing done
network success rate top1 97.682411% 97.440468% 
network success rate top5 100.000000% 100.000000% 



epoch [38 0] from [60 5]
training time per iterations 1.869439[ms]
testing
testing done
network success rate top1 97.949829% 97.695145% 
network success rate top5 100.000000% 100.000000% 



epoch [38 1] from [60 5]
training time per iterations 1.781774[ms]
testing
testing done
network success rate top1 97.784286% 97.147591% 
network success rate top5 100.000000% 100.000000% 



epoch [38 2] from [60 5]
training time per iterations 1.777062[ms]
testing
testing done
network success rate top1 97.873421% 97.465935% 
network success rate top5 100.000000% 100.000000% 



epoch [38 3] from [60 5]
training time per iterations 1.870686[ms]
testing
testing done
network success rate top1 97.898895% 97.784286% 
network success rate top5 100.000000% 100.000000% 



epoch [38 4] from [60 5]
training time per iterations 1.783714[ms]
testing
testing done
network success rate top1 97.911629% 97.695145% 
network success rate top5 100.000000% 100.000000% 



epoch [39 0] from [60 5]
training time per iterations 1.782744[ms]
testing
testing done
network success rate top1 97.809753% 97.707886% 
network success rate top5 100.000000% 100.000000% 



epoch [39 1] from [60 5]
training time per iterations 1.870825[ms]
testing
testing done
network success rate top1 98.013496% 97.962563% 
network success rate top5 100.000000% 100.000000% 
saving best net in top 1
best net saved to networks/path_net_3/trained/, with success rate 98.013496%



epoch [39 2] from [60 5]
training time per iterations 1.781566[ms]
testing
testing done
network success rate top1 97.822487% 97.491402% 
network success rate top5 100.000000% 100.000000% 



epoch [39 3] from [60 5]
training time per iterations 1.870617[ms]
testing
testing done
network success rate top1 97.758820% 97.822487% 
network success rate top5 100.000000% 100.000000% 



epoch [39 4] from [60 5]
training time per iterations 1.775953[ms]
testing
testing done
network success rate top1 97.988029% 97.695145% 
network success rate top5 100.000000% 100.000000% 



epoch [40 0] from [60 5]
training time per iterations 1.784546[ms]
testing
testing done
network success rate top1 97.797020% 97.529610% 
network success rate top5 100.000000% 100.000000% 



epoch [40 1] from [60 5]
training time per iterations 1.881843[ms]
testing
testing done
network success rate top1 97.860687% 97.898895% 
network success rate top5 100.000000% 100.000000% 



epoch [40 2] from [60 5]
training time per iterations 1.782606[ms]
testing
testing done
network success rate top1 97.758820% 97.784286% 
network success rate top5 100.000000% 100.000000% 



epoch [40 3] from [60 5]
training time per iterations 1.788704[ms]
testing
testing done
network success rate top1 97.886162% 97.695145% 
network success rate top5 100.000000% 100.000000% 



epoch [40 4] from [60 5]
training time per iterations 1.869854[ms]
testing
testing done
network success rate top1 97.644211% 97.746086% 
network success rate top5 100.000000% 100.000000% 



epoch [41 0] from [60 5]
training time per iterations 1.787110[ms]
testing
testing done
network success rate top1 97.860687% 97.924362% 
network success rate top5 100.000000% 100.000000% 



epoch [41 1] from [60 5]
training time per iterations 1.875537[ms]
testing
testing done
network success rate top1 97.822487% 97.682411% 
network success rate top5 100.000000% 100.000000% 



epoch [41 2] from [60 5]
training time per iterations 1.787249[ms]
testing
testing done
network success rate top1 97.937096% 97.682411% 
network success rate top5 100.000000% 100.000000% 



epoch [41 3] from [60 5]
training time per iterations 1.773943[ms]
testing
testing done
network success rate top1 97.873421% 97.835220% 
network success rate top5 100.000000% 100.000000% 



epoch [41 4] from [60 5]
training time per iterations 1.871587[ms]
testing
testing done
network success rate top1 97.847954% 97.784286% 
network success rate top5 100.000000% 100.000000% 



epoch [42 0] from [60 5]
training time per iterations 1.785655[ms]
testing
testing done
network success rate top1 97.720619% 97.886162% 
network success rate top5 100.000000% 100.000000% 



epoch [42 1] from [60 5]
training time per iterations 1.879210[ms]
testing
testing done
network success rate top1 97.860687% 97.898895% 
network success rate top5 100.000000% 100.000000% 



epoch [42 2] from [60 5]
training time per iterations 1.788704[ms]
testing
testing done
network success rate top1 97.988029% 97.618744% 
network success rate top5 100.000000% 100.000000% 



epoch [42 3] from [60 5]
training time per iterations 1.786279[ms]
testing
testing done
network success rate top1 97.847954% 98.051697% 
network success rate top5 100.000000% 100.000000% 



epoch [42 4] from [60 5]
training time per iterations 1.874775[ms]
testing
testing done
network success rate top1 97.949829% 97.784286% 
network success rate top5 100.000000% 100.000000% 



epoch [43 0] from [60 5]
training time per iterations 1.780527[ms]
testing
testing done
network success rate top1 97.847954% 97.695145% 
network success rate top5 100.000000% 100.000000% 



epoch [43 1] from [60 5]
training time per iterations 1.781497[ms]
testing
testing done
network success rate top1 97.746086% 98.115372% 
network success rate top5 100.000000% 100.000000% 



epoch [43 2] from [60 5]
training time per iterations 1.876438[ms]
testing
testing done
network success rate top1 97.911629% 97.949829% 
network success rate top5 100.000000% 100.000000% 



epoch [43 3] from [60 5]
training time per iterations 1.791476[ms]
testing
testing done
network success rate top1 97.835220% 97.695145% 
network success rate top5 100.000000% 100.000000% 



epoch [43 4] from [60 5]
training time per iterations 1.883160[ms]
testing
testing done
network success rate top1 97.873421% 97.682411% 
network success rate top5 100.000000% 100.000000% 



epoch [44 0] from [60 5]
training time per iterations 1.786625[ms]
testing
testing done
network success rate top1 97.911629% 98.153572% 
network success rate top5 100.000000% 100.000000% 



epoch [44 1] from [60 5]
training time per iterations 1.779903[ms]
testing
testing done
network success rate top1 97.949829% 97.822487% 
network success rate top5 100.000000% 100.000000% 



epoch [44 2] from [60 5]
training time per iterations 1.880042[ms]
testing
testing done
network success rate top1 97.924362% 97.873421% 
network success rate top5 100.000000% 100.000000% 



epoch [44 3] from [60 5]
training time per iterations 1.778448[ms]
testing
testing done
network success rate top1 97.924362% 97.809753% 
network success rate top5 100.000000% 100.000000% 



epoch [44 4] from [60 5]
training time per iterations 1.874705[ms]
testing
testing done
network success rate top1 97.988029% 97.440468% 
network success rate top5 100.000000% 100.000000% 
setting learning rate to 0.000063



epoch [45 0] from [60 5]
training time per iterations 1.781982[ms]
testing
testing done
network success rate top1 97.924362% 97.656944% 
network success rate top5 100.000000% 100.000000% 



epoch [45 1] from [60 5]
training time per iterations 1.787318[ms]
testing
testing done
network success rate top1 97.886162% 97.746086% 
network success rate top5 100.000000% 100.000000% 



epoch [45 2] from [60 5]
training time per iterations 1.874775[ms]
testing
testing done
network success rate top1 97.988029% 98.026230% 
network success rate top5 100.000000% 100.000000% 



epoch [45 3] from [60 5]
training time per iterations 1.781635[ms]
testing
testing done
network success rate top1 97.886162% 97.962563% 
network success rate top5 100.000000% 100.000000% 



epoch [45 4] from [60 5]
training time per iterations 1.780596[ms]
testing
testing done
network success rate top1 97.937096% 97.975296% 
network success rate top5 100.000000% 100.000000% 



epoch [46 0] from [60 5]
training time per iterations 1.872488[ms]
testing
testing done
network success rate top1 97.911629% 97.873421% 
network success rate top5 100.000000% 100.000000% 



epoch [46 1] from [60 5]
training time per iterations 1.780388[ms]
testing
testing done
network success rate top1 98.013496% 98.268181% 
network success rate top5 100.000000% 100.000000% 



epoch [46 2] from [60 5]
training time per iterations 1.875398[ms]
testing
testing done
network success rate top1 97.924362% 98.140839% 
network success rate top5 100.000000% 100.000000% 



epoch [46 3] from [60 5]
training time per iterations 1.783091[ms]
testing
testing done
network success rate top1 97.975296% 98.204506% 
network success rate top5 100.000000% 100.000000% 



epoch [46 4] from [60 5]
training time per iterations 1.783645[ms]
testing
testing done
network success rate top1 97.860687% 97.949829% 
network success rate top5 100.000000% 100.000000% 



epoch [47 0] from [60 5]
training time per iterations 1.876299[ms]
testing
testing done
network success rate top1 97.988029% 97.847954% 
network success rate top5 100.000000% 100.000000% 



epoch [47 1] from [60 5]
training time per iterations 1.785793[ms]
testing
testing done
network success rate top1 97.911629% 97.962563% 
network success rate top5 100.000000% 100.000000% 



epoch [47 2] from [60 5]
training time per iterations 1.796951[ms]
testing
testing done
network success rate top1 97.924362% 97.847954% 
network success rate top5 100.000000% 100.000000% 



epoch [47 3] from [60 5]
