initializing
training size    : 33985
testing size     : 3826
epoch count      : 20
sub epoch size   : 10

epoch_learning_rate_decay   : 18
learning_rate_decay         : 0.250000
batch size                  : 10717

training



epoch [0 0] from [20 10]
training time per iterations 1.822837[ms]
testing
testing done
network success rate top1 71.955048% 69.053841% 
network success rate top5 100.000000% 100.000000% 
saving best net in top 1
best net saved to networks/trail_net_0/trained/, with success rate 71.955048%



epoch [0 1] from [20 10]
training time per iterations 1.855798[ms]
testing
testing done
network success rate top1 74.464195% 74.777840% 
network success rate top5 100.000000% 100.000000% 
saving best net in top 1
best net saved to networks/trail_net_0/trained/, with success rate 74.464195%



epoch [0 2] from [20 10]
training time per iterations 1.859329[ms]
testing
testing done
network success rate top1 77.522217% 77.417671% 
network success rate top5 100.000000% 100.000000% 
saving best net in top 1
best net saved to networks/trail_net_0/trained/, with success rate 77.522217%



epoch [0 3] from [20 10]
training time per iterations 1.987051[ms]
testing
testing done
network success rate top1 79.168846% 78.358597% 
network success rate top5 100.000000% 100.000000% 
saving best net in top 1
best net saved to networks/trail_net_0/trained/, with success rate 79.168846%



epoch [0 4] from [20 10]
training time per iterations 1.825780[ms]
testing
testing done
network success rate top1 79.796135% 78.724518% 
network success rate top5 100.000000% 100.000000% 
saving best net in top 1
best net saved to networks/trail_net_0/trained/, with success rate 79.796135%



epoch [0 5] from [20 10]
training time per iterations 1.828428[ms]
testing
testing done
network success rate top1 79.900681% 79.168846% 
network success rate top5 100.000000% 100.000000% 
saving best net in top 1
best net saved to networks/trail_net_0/trained/, with success rate 79.900681%



epoch [0 6] from [20 10]
training time per iterations 2.006769[ms]
testing
testing done
network success rate top1 80.501831% 80.397285% 
network success rate top5 100.000000% 100.000000% 
saving best net in top 1
best net saved to networks/trail_net_0/trained/, with success rate 80.501831%



epoch [0 7] from [20 10]
training time per iterations 1.828723[ms]
testing
testing done
network success rate top1 79.377937% 79.560898% 
network success rate top5 100.000000% 100.000000% 



epoch [0 8] from [20 10]
training time per iterations 1.824014[ms]
testing
testing done
network success rate top1 81.416626% 82.070045% 
network success rate top5 100.000000% 100.000000% 
saving best net in top 1
best net saved to networks/trail_net_0/trained/, with success rate 81.416626%



epoch [0 9] from [20 10]
training time per iterations 1.988817[ms]
testing
testing done
network success rate top1 82.383690% 80.893883% 
network success rate top5 100.000000% 100.000000% 
saving best net in top 1
best net saved to networks/trail_net_0/trained/, with success rate 82.383690%



epoch [1 0] from [20 10]
training time per iterations 1.908181[ms]
testing
testing done
network success rate top1 81.050705% 80.057503% 
network success rate top5 100.000000% 100.000000% 



epoch [1 1] from [20 10]
training time per iterations 2.126251[ms]
testing
testing done
network success rate top1 82.226868% 81.390488% 
network success rate top5 100.000000% 100.000000% 



epoch [1 2] from [20 10]
training time per iterations 2.393761[ms]
testing
testing done
network success rate top1 83.455307% 82.592789% 
network success rate top5 100.000000% 100.000000% 
saving best net in top 1
best net saved to networks/trail_net_0/trained/, with success rate 83.455307%



epoch [1 3] from [20 10]
training time per iterations 1.663920[ms]
testing
testing done
network success rate top1 83.768951% 83.403030% 
network success rate top5 100.000000% 100.000000% 
saving best net in top 1
best net saved to networks/trail_net_0/trained/, with success rate 83.768951%



epoch [1 4] from [20 10]
training time per iterations 1.633314[ms]
testing
testing done
network success rate top1 83.742813% 82.645058% 
network success rate top5 100.000000% 100.000000% 



epoch [1 5] from [20 10]
training time per iterations 1.891407[ms]
testing
testing done
network success rate top1 83.768951% 82.383690% 
network success rate top5 100.000000% 100.000000% 



epoch [1 6] from [20 10]
training time per iterations 1.650383[ms]
testing
testing done
network success rate top1 82.017776% 81.860954% 
network success rate top5 100.000000% 100.000000% 



epoch [1 7] from [20 10]
training time per iterations 2.379341[ms]
testing
testing done
network success rate top1 84.187141% 84.004181% 
network success rate top5 100.000000% 100.000000% 
saving best net in top 1
best net saved to networks/trail_net_0/trained/, with success rate 84.187141%



epoch [1 8] from [20 10]
training time per iterations 2.444968[ms]
testing
testing done
network success rate top1 83.324623% 82.645058% 
network success rate top5 100.000000% 100.000000% 



epoch [1 9] from [20 10]
training time per iterations 1.852560[ms]
testing
testing done
network success rate top1 84.004181% 84.422371% 
network success rate top5 100.000000% 100.000000% 



epoch [2 0] from [20 10]
training time per iterations 2.241907[ms]
testing
testing done
network success rate top1 80.240463% 79.639313% 
network success rate top5 100.000000% 100.000000% 



epoch [2 1] from [20 10]
training time per iterations 2.046792[ms]
testing
testing done
network success rate top1 84.448509% 83.533714% 
network success rate top5 100.000000% 100.000000% 
saving best net in top 1
best net saved to networks/trail_net_0/trained/, with success rate 84.448509%



epoch [2 2] from [20 10]
training time per iterations 1.786345[ms]
testing
testing done
network success rate top1 84.709877% 84.343964% 
network success rate top5 100.000000% 100.000000% 
saving best net in top 1
best net saved to networks/trail_net_0/trained/, with success rate 84.709877%



epoch [2 3] from [20 10]
training time per iterations 1.632725[ms]
testing
testing done
network success rate top1 84.945114% 83.455307% 
network success rate top5 100.000000% 100.000000% 
saving best net in top 1
best net saved to networks/trail_net_0/trained/, with success rate 84.945114%



epoch [2 4] from [20 10]
training time per iterations 1.618305[ms]
testing
testing done
network success rate top1 84.997383% 83.899635% 
network success rate top5 100.000000% 100.000000% 
saving best net in top 1
best net saved to networks/trail_net_0/trained/, with success rate 84.997383%



epoch [2 5] from [20 10]
training time per iterations 1.770159[ms]
testing
testing done
network success rate top1 85.284889% 85.023521% 
network success rate top5 100.000000% 100.000000% 
saving best net in top 1
best net saved to networks/trail_net_0/trained/, with success rate 85.284889%



epoch [2 6] from [20 10]
training time per iterations 1.635962[ms]
testing
testing done
network success rate top1 85.311028% 84.736015% 
network success rate top5 100.000000% 100.000000% 
saving best net in top 1
best net saved to networks/trail_net_0/trained/, with success rate 85.311028%



epoch [2 7] from [20 10]
training time per iterations 1.663626[ms]
testing
testing done
network success rate top1 84.997383% 84.187141% 
network success rate top5 100.000000% 100.000000% 



epoch [2 8] from [20 10]
training time per iterations 2.085344[ms]
testing
testing done
network success rate top1 85.075798% 85.284889% 
network success rate top5 100.000000% 100.000000% 



epoch [2 9] from [20 10]
training time per iterations 1.638611[ms]
testing
testing done
network success rate top1 85.546265% 84.526924% 
network success rate top5 100.000000% 100.000000% 
saving best net in top 1
best net saved to networks/trail_net_0/trained/, with success rate 85.546265%



epoch [3 0] from [20 10]
training time per iterations 1.632431[ms]
testing
testing done
network success rate top1 84.918976% 83.507576% 
network success rate top5 100.000000% 100.000000% 



epoch [3 1] from [20 10]
training time per iterations 1.779282[ms]
testing
testing done
network success rate top1 85.598534% 85.075798% 
network success rate top5 100.000000% 100.000000% 
saving best net in top 1
best net saved to networks/trail_net_0/trained/, with success rate 85.598534%



epoch [3 2] from [20 10]
training time per iterations 1.659211[ms]
testing
testing done
network success rate top1 85.938316% 85.337166% 
network success rate top5 100.000000% 100.000000% 
saving best net in top 1
best net saved to networks/trail_net_0/trained/, with success rate 85.938316%



epoch [3 3] from [20 10]
training time per iterations 1.663626[ms]
testing
testing done
network success rate top1 86.042862% 84.579193% 
network success rate top5 100.000000% 100.000000% 
saving best net in top 1
best net saved to networks/trail_net_0/trained/, with success rate 86.042862%



epoch [3 4] from [20 10]
training time per iterations 1.801648[ms]
testing
testing done
network success rate top1 85.232620% 84.892838% 
network success rate top5 100.000000% 100.000000% 



epoch [3 5] from [20 10]
training time per iterations 1.631548[ms]
testing
testing done
network success rate top1 85.781494% 85.154205% 
network success rate top5 100.000000% 100.000000% 



epoch [3 6] from [20 10]
training time per iterations 1.627722[ms]
testing
testing done
network success rate top1 85.729218% 86.042862% 
network success rate top5 100.000000% 100.000000% 



epoch [3 7] from [20 10]
training time per iterations 1.814008[ms]
testing
testing done
network success rate top1 85.206482% 85.023521% 
network success rate top5 100.000000% 100.000000% 



epoch [3 8] from [20 10]
training time per iterations 1.628016[ms]
testing
testing done
network success rate top1 85.912178% 85.180344% 
network success rate top5 100.000000% 100.000000% 



epoch [3 9] from [20 10]
training time per iterations 1.631842[ms]
testing
testing done
network success rate top1 85.520126% 86.173546% 
network success rate top5 100.000000% 100.000000% 



epoch [4 0] from [20 10]
training time per iterations 1.628016[ms]
testing
testing done
network success rate top1 85.859909% 85.337166% 
network success rate top5 100.000000% 100.000000% 



epoch [4 1] from [20 10]
training time per iterations 1.774279[ms]
testing
testing done
network success rate top1 85.493988% 85.128075% 
network success rate top5 100.000000% 100.000000% 



epoch [4 2] from [20 10]
training time per iterations 1.687169[ms]
testing
testing done
network success rate top1 85.912178% 84.239418% 
network success rate top5 100.000000% 100.000000% 



epoch [4 3] from [20 10]
training time per iterations 1.678929[ms]
testing
testing done
network success rate top1 85.232620% 85.180344% 
network success rate top5 100.000000% 100.000000% 



epoch [4 4] from [20 10]
training time per iterations 1.782225[ms]
testing
testing done
network success rate top1 85.311028% 85.101936% 
network success rate top5 100.000000% 100.000000% 



epoch [4 5] from [20 10]
training time per iterations 1.632725[ms]
testing
testing done
network success rate top1 85.859909% 85.389442% 
network success rate top5 100.000000% 100.000000% 



epoch [4 6] from [20 10]
training time per iterations 1.625956[ms]
testing
testing done
network success rate top1 85.546265% 85.311028% 
network success rate top5 100.000000% 100.000000% 



epoch [4 7] from [20 10]
training time per iterations 1.789876[ms]
testing
testing done
network success rate top1 85.781494% 86.042862% 
network success rate top5 100.000000% 100.000000% 



epoch [4 8] from [20 10]
training time per iterations 1.619188[ms]
testing
testing done
network success rate top1 86.382645% 86.931519% 
network success rate top5 100.000000% 100.000000% 
saving best net in top 1
best net saved to networks/trail_net_0/trained/, with success rate 86.382645%



epoch [4 9] from [20 10]
training time per iterations 1.643614[ms]
testing
testing done
network success rate top1 86.251961% 85.938316% 
network success rate top5 100.000000% 100.000000% 



epoch [5 0] from [20 10]
training time per iterations 1.776928[ms]
testing
testing done
network success rate top1 86.147415% 86.121277% 
network success rate top5 100.000000% 100.000000% 



epoch [5 1] from [20 10]
training time per iterations 1.624485[ms]
testing
testing done
network success rate top1 86.251961% 86.408783% 
network success rate top5 100.000000% 100.000000% 



epoch [5 2] from [20 10]
training time per iterations 1.642731[ms]
testing
testing done
network success rate top1 86.121277% 85.337166% 
network success rate top5 100.000000% 100.000000% 



epoch [5 3] from [20 10]
training time per iterations 1.803414[ms]
testing
testing done
network success rate top1 86.356506% 85.755356% 
network success rate top5 100.000000% 100.000000% 



epoch [5 4] from [20 10]
training time per iterations 1.617716[ms]
testing
testing done
network success rate top1 86.330368% 86.225822% 
network success rate top5 100.000000% 100.000000% 



epoch [5 5] from [20 10]
training time per iterations 1.635962[ms]
testing
testing done
network success rate top1 86.644012% 86.644012% 
network success rate top5 100.000000% 100.000000% 
saving best net in top 1
best net saved to networks/trail_net_0/trained/, with success rate 86.644012%



epoch [5 6] from [20 10]
training time per iterations 1.764862[ms]
testing
testing done
network success rate top1 86.408783% 86.251961% 
network success rate top5 100.000000% 100.000000% 



epoch [5 7] from [20 10]
training time per iterations 1.634785[ms]
testing
testing done
network success rate top1 86.513329% 85.990593% 
network success rate top5 100.000000% 100.000000% 



epoch [5 8] from [20 10]
training time per iterations 1.667451[ms]
testing
testing done
network success rate top1 86.748566% 86.095139% 
network success rate top5 100.000000% 100.000000% 
saving best net in top 1
best net saved to networks/trail_net_0/trained/, with success rate 86.748566%



epoch [5 9] from [20 10]
training time per iterations 1.819011[ms]
testing
testing done
network success rate top1 86.853111% 86.121277% 
network success rate top5 100.000000% 100.000000% 
saving best net in top 1
best net saved to networks/trail_net_0/trained/, with success rate 86.853111%



epoch [6 0] from [20 10]
training time per iterations 1.632137[ms]
testing
testing done
network success rate top1 86.644012% 86.147415% 
network success rate top5 100.000000% 100.000000% 



epoch [6 1] from [20 10]
training time per iterations 1.628899[ms]
testing
testing done
network success rate top1 86.722427% 85.598534% 
network success rate top5 100.000000% 100.000000% 



epoch [6 2] from [20 10]
training time per iterations 1.643908[ms]
testing
testing done
network success rate top1 86.983795% 86.016731% 
network success rate top5 100.000000% 100.000000% 
saving best net in top 1
best net saved to networks/trail_net_0/trained/, with success rate 86.983795%



epoch [6 3] from [20 10]
training time per iterations 1.775456[ms]
testing
testing done
network success rate top1 87.166756% 87.114479% 
network success rate top5 100.000000% 100.000000% 
saving best net in top 1
best net saved to networks/trail_net_0/trained/, with success rate 87.166756%



epoch [6 4] from [20 10]
training time per iterations 1.635962[ms]
testing
testing done
network success rate top1 86.670151% 86.487190% 
network success rate top5 100.000000% 100.000000% 



epoch [6 5] from [20 10]
training time per iterations 2.566510[ms]
testing
testing done
network success rate top1 86.565605% 87.088341% 
network success rate top5 100.000000% 100.000000% 



epoch [6 6] from [20 10]
training time per iterations 1.980871[ms]
testing
testing done
network success rate top1 86.774696% 87.114479% 
network success rate top5 100.000000% 100.000000% 



epoch [6 7] from [20 10]
training time per iterations 1.688935[ms]
testing
testing done
network success rate top1 87.323578% 86.670151% 
network success rate top5 100.000000% 100.000000% 
saving best net in top 1
best net saved to networks/trail_net_0/trained/, with success rate 87.323578%



epoch [6 8] from [20 10]
training time per iterations 1.794879[ms]
testing
testing done
network success rate top1 86.042862% 85.232620% 
network success rate top5 100.000000% 100.000000% 



epoch [6 9] from [20 10]
training time per iterations 1.951442[ms]
testing
testing done
network success rate top1 86.539467% 85.467850% 
network success rate top5 100.000000% 100.000000% 



epoch [7 0] from [20 10]
training time per iterations 1.652148[ms]
testing
testing done
network success rate top1 86.826973% 86.748566% 
network success rate top5 100.000000% 100.000000% 



epoch [7 1] from [20 10]
training time per iterations 1.679223[ms]
testing
testing done
network success rate top1 87.166756% 86.644012% 
network success rate top5 100.000000% 100.000000% 



epoch [7 2] from [20 10]
training time per iterations 1.952031[ms]
testing
testing done
network success rate top1 87.036072% 85.206482% 
network success rate top5 100.000000% 100.000000% 



epoch [7 3] from [20 10]
training time per iterations 1.695115[ms]
testing
testing done
network success rate top1 86.931519% 87.689491% 
network success rate top5 100.000000% 100.000000% 



epoch [7 4] from [20 10]
training time per iterations 2.150383[ms]
testing
testing done
network success rate top1 87.114479% 86.121277% 
network success rate top5 100.000000% 100.000000% 



epoch [7 5] from [20 10]
training time per iterations 2.168040[ms]
testing
testing done
network success rate top1 87.009933% 86.696289% 
network success rate top5 100.000000% 100.000000% 



epoch [7 6] from [20 10]
training time per iterations 1.687463[ms]
testing
testing done
network success rate top1 87.166756% 86.356506% 
network success rate top5 100.000000% 100.000000% 



epoch [7 7] from [20 10]
training time per iterations 1.681872[ms]
testing
testing done
network success rate top1 87.323578% 86.670151% 
network success rate top5 100.000000% 100.000000% 



epoch [7 8] from [20 10]
training time per iterations 1.817245[ms]
testing
testing done
network success rate top1 87.637222% 87.741768% 
network success rate top5 100.000000% 100.000000% 
saving best net in top 1
best net saved to networks/trail_net_0/trained/, with success rate 87.637222%



epoch [7 9] from [20 10]
training time per iterations 1.618305[ms]
testing
testing done
network success rate top1 87.532669% 86.879250% 
network success rate top5 100.000000% 100.000000% 



epoch [8 0] from [20 10]
training time per iterations 1.644791[ms]
testing
testing done
network success rate top1 86.931519% 86.853111% 
network success rate top5 100.000000% 100.000000% 



epoch [8 1] from [20 10]
training time per iterations 1.655974[ms]
testing
testing done
network success rate top1 86.539467% 87.715630% 
network success rate top5 100.000000% 100.000000% 



epoch [8 2] from [20 10]
training time per iterations 1.774868[ms]
testing
testing done
network success rate top1 86.408783% 86.069000% 
network success rate top5 100.000000% 100.000000% 



epoch [8 3] from [20 10]
training time per iterations 1.613891[ms]
testing
testing done
network success rate top1 87.088341% 87.114479% 
network success rate top5 100.000000% 100.000000% 



epoch [8 4] from [20 10]
training time per iterations 1.659506[ms]
testing
testing done
network success rate top1 86.696289% 87.611084% 
network success rate top5 100.000000% 100.000000% 



epoch [8 5] from [20 10]
training time per iterations 1.812537[ms]
testing
testing done
network success rate top1 87.401985% 86.095139% 
network success rate top5 100.000000% 100.000000% 



epoch [8 6] from [20 10]
training time per iterations 1.670689[ms]
testing
testing done
network success rate top1 87.558807% 87.767906% 
network success rate top5 100.000000% 100.000000% 



epoch [8 7] from [20 10]
training time per iterations 1.671572[ms]
testing
testing done
network success rate top1 87.323578% 87.401985% 
network success rate top5 100.000000% 100.000000% 



epoch [8 8] from [20 10]
training time per iterations 1.771042[ms]
testing
testing done
network success rate top1 87.401985% 86.826973% 
network success rate top5 100.000000% 100.000000% 



epoch [8 9] from [20 10]
training time per iterations 2.082401[ms]
testing
testing done
network success rate top1 87.584946% 87.506531% 
network success rate top5 100.000000% 100.000000% 



epoch [9 0] from [20 10]
training time per iterations 1.646557[ms]
testing
testing done
network success rate top1 87.637222% 87.767906% 
network success rate top5 100.000000% 100.000000% 



epoch [9 1] from [20 10]
training time per iterations 1.791348[ms]
testing
testing done
network success rate top1 86.748566% 85.624672% 
network success rate top5 100.000000% 100.000000% 



epoch [9 2] from [20 10]
training time per iterations 1.615068[ms]
testing
testing done
network success rate top1 87.297440% 86.748566% 
network success rate top5 100.000000% 100.000000% 



epoch [9 3] from [20 10]
training time per iterations 1.638611[ms]
testing
testing done
network success rate top1 87.349716% 87.036072% 
network success rate top5 100.000000% 100.000000% 



epoch [9 4] from [20 10]
training time per iterations 1.780165[ms]
testing
testing done
network success rate top1 87.611084% 87.820175% 
network success rate top5 100.000000% 100.000000% 



epoch [9 5] from [20 10]
training time per iterations 1.631548[ms]
testing
testing done
network success rate top1 87.898590% 87.950859% 
network success rate top5 100.000000% 100.000000% 
saving best net in top 1
best net saved to networks/trail_net_0/trained/, with success rate 87.898590%



epoch [9 6] from [20 10]
training time per iterations 1.671277[ms]
testing
testing done
network success rate top1 87.532669% 86.487190% 
network success rate top5 100.000000% 100.000000% 



epoch [9 7] from [20 10]
training time per iterations 1.803119[ms]
testing
testing done
network success rate top1 87.924728% 87.271301% 
network success rate top5 100.000000% 100.000000% 
saving best net in top 1
best net saved to networks/trail_net_0/trained/, with success rate 87.924728%



epoch [9 8] from [20 10]
training time per iterations 1.618011[ms]
testing
testing done
network success rate top1 87.689491% 86.513329% 
network success rate top5 100.000000% 100.000000% 



epoch [9 9] from [20 10]
training time per iterations 1.620659[ms]
testing
testing done
network success rate top1 88.003136% 87.976997% 
network success rate top5 100.000000% 100.000000% 
saving best net in top 1
best net saved to networks/trail_net_0/trained/, with success rate 88.003136%



epoch [10 0] from [20 10]
training time per iterations 1.766333[ms]
testing
testing done
network success rate top1 87.767906% 86.957657% 
network success rate top5 100.000000% 100.000000% 



epoch [10 1] from [20 10]
training time per iterations 1.665097[ms]
testing
testing done
network success rate top1 86.382645% 86.199684% 
network success rate top5 100.000000% 100.000000% 



epoch [10 2] from [20 10]
training time per iterations 1.671866[ms]
testing
testing done
network success rate top1 87.741768% 87.271301% 
network success rate top5 100.000000% 100.000000% 



epoch [10 3] from [20 10]
training time per iterations 1.659211[ms]
testing
testing done
network success rate top1 87.898590% 88.133820% 
network success rate top5 100.000000% 100.000000% 



epoch [10 4] from [20 10]
training time per iterations 1.786933[ms]
testing
testing done
network success rate top1 87.375847% 87.166756% 
network success rate top5 100.000000% 100.000000% 



epoch [10 5] from [20 10]
training time per iterations 1.621836[ms]
testing
testing done
network success rate top1 87.506531% 87.767906% 
network success rate top5 100.000000% 100.000000% 



epoch [10 6] from [20 10]
training time per iterations 1.687463[ms]
testing
testing done
network success rate top1 87.794044% 87.663353% 
network success rate top5 100.000000% 100.000000% 



epoch [10 7] from [20 10]
training time per iterations 1.779282[ms]
testing
testing done
network success rate top1 87.976997% 87.219025% 
network success rate top5 100.000000% 100.000000% 



epoch [10 8] from [20 10]
training time per iterations 1.639494[ms]
testing
testing done
network success rate top1 88.186096% 87.924728% 
network success rate top5 100.000000% 100.000000% 
saving best net in top 1
best net saved to networks/trail_net_0/trained/, with success rate 88.186096%



epoch [10 9] from [20 10]
training time per iterations 1.625956[ms]
testing
testing done
network success rate top1 87.611084% 86.800835% 
network success rate top5 100.000000% 100.000000% 



epoch [11 0] from [20 10]
training time per iterations 1.770159[ms]
testing
testing done
network success rate top1 87.689491% 88.996338% 
network success rate top5 100.000000% 100.000000% 



epoch [11 1] from [20 10]
training time per iterations 1.669806[ms]
testing
testing done
network success rate top1 88.107681% 87.401985% 
network success rate top5 100.000000% 100.000000% 



epoch [11 2] from [20 10]
training time per iterations 2.118305[ms]
testing
testing done
network success rate top1 87.794044% 87.872452% 
network success rate top5 100.000000% 100.000000% 



epoch [11 3] from [20 10]
training time per iterations 2.017952[ms]
testing
testing done
network success rate top1 88.029274% 86.853111% 
network success rate top5 100.000000% 100.000000% 



epoch [11 4] from [20 10]
training time per iterations 1.624485[ms]
testing
testing done
network success rate top1 88.238373% 88.421326% 
network success rate top5 100.000000% 100.000000% 
saving best net in top 1
best net saved to networks/trail_net_0/trained/, with success rate 88.238373%



epoch [11 5] from [20 10]
training time per iterations 1.655974[ms]
testing
testing done
network success rate top1 87.820175% 87.976997% 
network success rate top5 100.000000% 100.000000% 



epoch [11 6] from [20 10]
training time per iterations 1.817245[ms]
testing
testing done
network success rate top1 87.950859% 87.976997% 
network success rate top5 100.000000% 100.000000% 



epoch [11 7] from [20 10]
training time per iterations 1.632137[ms]
testing
testing done
network success rate top1 88.421326% 88.081551% 
network success rate top5 100.000000% 100.000000% 
saving best net in top 1
best net saved to networks/trail_net_0/trained/, with success rate 88.421326%



epoch [11 8] from [20 10]
training time per iterations 1.626251[ms]
testing
testing done
network success rate top1 88.133820% 88.525879% 
network success rate top5 100.000000% 100.000000% 



epoch [11 9] from [20 10]
training time per iterations 1.766039[ms]
testing
testing done
network success rate top1 88.029274% 88.159958% 
network success rate top5 100.000000% 100.000000% 



epoch [12 0] from [20 10]
training time per iterations 1.641260[ms]
testing
testing done
network success rate top1 88.186096% 88.917931% 
network success rate top5 100.000000% 100.000000% 



epoch [12 1] from [20 10]
training time per iterations 1.660094[ms]
testing
testing done
network success rate top1 88.159958% 88.212234% 
network success rate top5 100.000000% 100.000000% 



epoch [12 2] from [20 10]
training time per iterations 1.680400[ms]
testing
testing done
network success rate top1 87.166756% 86.617874% 
network success rate top5 100.000000% 100.000000% 



epoch [12 3] from [20 10]
training time per iterations 1.760447[ms]
testing
testing done
network success rate top1 88.552010% 88.421326% 
network success rate top5 100.000000% 100.000000% 
saving best net in top 1
best net saved to networks/trail_net_0/trained/, with success rate 88.552010%



epoch [12 4] from [20 10]
training time per iterations 1.636257[ms]
testing
testing done
network success rate top1 88.656563% 88.342918% 
network success rate top5 100.000000% 100.000000% 
saving best net in top 1
best net saved to networks/trail_net_0/trained/, with success rate 88.656563%



epoch [12 5] from [20 10]
training time per iterations 1.649794[ms]
testing
testing done
network success rate top1 88.447464% 88.316780% 
network success rate top5 100.000000% 100.000000% 



epoch [12 6] from [20 10]
training time per iterations 1.779871[ms]
testing
testing done
network success rate top1 88.447464% 88.656563% 
network success rate top5 100.000000% 100.000000% 



epoch [12 7] from [20 10]
training time per iterations 1.618011[ms]
testing
testing done
network success rate top1 88.708832% 87.506531% 
network success rate top5 100.000000% 100.000000% 
saving best net in top 1
best net saved to networks/trail_net_0/trained/, with success rate 88.708832%



epoch [12 8] from [20 10]
training time per iterations 1.636257[ms]
testing
testing done
network success rate top1 88.630424% 87.663353% 
network success rate top5 100.000000% 100.000000% 



epoch [12 9] from [20 10]
training time per iterations 1.779282[ms]
testing
testing done
network success rate top1 87.663353% 88.029274% 
network success rate top5 100.000000% 100.000000% 



epoch [13 0] from [20 10]
training time per iterations 1.647440[ms]
testing
testing done
network success rate top1 88.473602% 87.480400% 
network success rate top5 100.000000% 100.000000% 



epoch [13 1] from [20 10]
training time per iterations 1.677752[ms]
testing
testing done
network success rate top1 87.976997% 87.140617% 
network success rate top5 100.000000% 100.000000% 



epoch [13 2] from [20 10]
training time per iterations 1.790465[ms]
testing
testing done
network success rate top1 88.081551% 87.166756% 
network success rate top5 100.000000% 100.000000% 



epoch [13 3] from [20 10]
training time per iterations 1.628899[ms]
testing
testing done
network success rate top1 87.820175% 88.107681% 
network success rate top5 100.000000% 100.000000% 



epoch [13 4] from [20 10]
training time per iterations 1.625662[ms]
testing
testing done
network success rate top1 87.741768% 86.487190% 
network success rate top5 100.000000% 100.000000% 



epoch [13 5] from [20 10]
training time per iterations 1.774279[ms]
testing
testing done
network success rate top1 87.976997% 86.513329% 
network success rate top5 100.000000% 100.000000% 



epoch [13 6] from [20 10]
training time per iterations 1.658623[ms]
testing
testing done
network success rate top1 88.159958% 88.212234% 
network success rate top5 100.000000% 100.000000% 



epoch [13 7] from [20 10]
training time per iterations 1.695409[ms]
testing
testing done
network success rate top1 88.264503% 86.487190% 
network success rate top5 100.000000% 100.000000% 



epoch [13 8] from [20 10]
training time per iterations 1.803708[ms]
testing
testing done
network success rate top1 88.003136% 87.872452% 
network success rate top5 100.000000% 100.000000% 



epoch [13 9] from [20 10]
training time per iterations 1.617716[ms]
testing
testing done
network success rate top1 88.238373% 88.839516% 
network success rate top5 100.000000% 100.000000% 



epoch [14 0] from [20 10]
training time per iterations 1.643320[ms]
testing
testing done
network success rate top1 88.186096% 88.578148% 
network success rate top5 100.000000% 100.000000% 



epoch [14 1] from [20 10]
training time per iterations 1.819894[ms]
testing
testing done
network success rate top1 88.316780% 87.976997% 
network success rate top5 100.000000% 100.000000% 



epoch [14 2] from [20 10]
training time per iterations 1.612125[ms]
testing
testing done
network success rate top1 88.107681% 87.532669% 
network success rate top5 100.000000% 100.000000% 



epoch [14 3] from [20 10]
training time per iterations 1.635962[ms]
testing
testing done
network success rate top1 88.578148% 88.055412% 
network success rate top5 100.000000% 100.000000% 



epoch [14 4] from [20 10]
training time per iterations 1.628311[ms]
testing
testing done
network success rate top1 88.290642% 88.029274% 
network success rate top5 100.000000% 100.000000% 



epoch [14 5] from [20 10]
training time per iterations 1.765745[ms]
testing
testing done
network success rate top1 88.499741% 88.395187% 
network success rate top5 100.000000% 100.000000% 



epoch [14 6] from [20 10]
training time per iterations 1.675986[ms]
testing
testing done
network success rate top1 88.656563% 88.159958% 
network success rate top5 100.000000% 100.000000% 



epoch [14 7] from [20 10]
training time per iterations 1.670100[ms]
testing
testing done
network success rate top1 87.898590% 87.401985% 
network success rate top5 100.000000% 100.000000% 



epoch [14 8] from [20 10]
training time per iterations 1.783991[ms]
testing
testing done
network success rate top1 88.159958% 89.205437% 
network success rate top5 100.000000% 100.000000% 



epoch [14 9] from [20 10]
training time per iterations 1.613302[ms]
testing
testing done
network success rate top1 88.578148% 88.604286% 
network success rate top5 100.000000% 100.000000% 



epoch [15 0] from [20 10]
training time per iterations 1.635668[ms]
testing
testing done
network success rate top1 88.107681% 87.480400% 
network success rate top5 100.000000% 100.000000% 



epoch [15 1] from [20 10]
training time per iterations 1.778693[ms]
testing
testing done
network success rate top1 88.316780% 88.107681% 
network success rate top5 100.000000% 100.000000% 



epoch [15 2] from [20 10]
training time per iterations 1.630371[ms]
testing
testing done
network success rate top1 88.395187% 88.421326% 
network success rate top5 100.000000% 100.000000% 



epoch [15 3] from [20 10]
training time per iterations 1.633902[ms]
testing
testing done
network success rate top1 88.003136% 87.872452% 
network success rate top5 100.000000% 100.000000% 



epoch [15 4] from [20 10]
training time per iterations 1.772219[ms]
testing
testing done
network success rate top1 88.970207% 89.309982% 
network success rate top5 100.000000% 100.000000% 
saving best net in top 1
best net saved to networks/trail_net_0/trained/, with success rate 88.970207%



epoch [15 5] from [20 10]
training time per iterations 1.623014[ms]
testing
testing done
network success rate top1 87.062202% 86.069000% 
network success rate top5 100.000000% 100.000000% 



epoch [15 6] from [20 10]
training time per iterations 1.674220[ms]
testing
testing done
network success rate top1 88.421326% 87.794044% 
network success rate top5 100.000000% 100.000000% 



epoch [15 7] from [20 10]
training time per iterations 1.795762[ms]
testing
testing done
network success rate top1 88.682701% 89.074753% 
network success rate top5 100.000000% 100.000000% 



epoch [15 8] from [20 10]
training time per iterations 1.631254[ms]
testing
testing done
network success rate top1 88.290642% 88.369057% 
network success rate top5 100.000000% 100.000000% 



epoch [15 9] from [20 10]
training time per iterations 1.619188[ms]
testing
testing done
network success rate top1 88.212234% 87.245163% 
network success rate top5 100.000000% 100.000000% 



epoch [16 0] from [20 10]
training time per iterations 1.765156[ms]
testing
testing done
network success rate top1 88.003136% 87.715630% 
network success rate top5 100.000000% 100.000000% 



epoch [16 1] from [20 10]
training time per iterations 1.689818[ms]
testing
testing done
network success rate top1 88.787247% 87.584946% 
network success rate top5 100.000000% 100.000000% 



epoch [16 2] from [20 10]
training time per iterations 1.656857[ms]
testing
testing done
network success rate top1 88.212234% 88.473602% 
network success rate top5 100.000000% 100.000000% 



epoch [16 3] from [20 10]
training time per iterations 1.679812[ms]
testing
testing done
network success rate top1 88.473602% 88.865654% 
network success rate top5 100.000000% 100.000000% 



epoch [16 4] from [20 10]
training time per iterations 1.762213[ms]
testing
testing done
network success rate top1 88.839516% 88.290642% 
network success rate top5 100.000000% 100.000000% 



epoch [16 5] from [20 10]
training time per iterations 1.614479[ms]
testing
testing done
network success rate top1 88.552010% 88.003136% 
network success rate top5 100.000000% 100.000000% 



epoch [16 6] from [20 10]
training time per iterations 1.676574[ms]
testing
testing done
network success rate top1 89.022476% 88.525879% 
network success rate top5 100.000000% 100.000000% 
saving best net in top 1
best net saved to networks/trail_net_0/trained/, with success rate 89.022476%



epoch [16 7] from [20 10]
training time per iterations 1.768099[ms]
testing
testing done
network success rate top1 88.891792% 88.682701% 
network success rate top5 100.000000% 100.000000% 



epoch [16 8] from [20 10]
training time per iterations 1.623896[ms]
testing
testing done
network success rate top1 88.499741% 89.231575% 
network success rate top5 100.000000% 100.000000% 



epoch [16 9] from [20 10]
training time per iterations 1.623014[ms]
testing
testing done
network success rate top1 88.159958% 88.761108% 
network success rate top5 100.000000% 100.000000% 



epoch [17 0] from [20 10]
training time per iterations 1.775750[ms]
testing
testing done
network success rate top1 88.970207% 87.820175% 
network success rate top5 100.000000% 100.000000% 



epoch [17 1] from [20 10]
training time per iterations 1.670983[ms]
testing
testing done
network success rate top1 88.473602% 88.003136% 
network success rate top5 100.000000% 100.000000% 



epoch [17 2] from [20 10]
training time per iterations 1.675103[ms]
testing
testing done
network success rate top1 89.257713% 88.604286% 
network success rate top5 100.000000% 100.000000% 
saving best net in top 1
best net saved to networks/trail_net_0/trained/, with success rate 89.257713%



epoch [17 3] from [20 10]
training time per iterations 1.795174[ms]
testing
testing done
network success rate top1 88.395187% 87.924728% 
network success rate top5 100.000000% 100.000000% 



epoch [17 4] from [20 10]
training time per iterations 1.634491[ms]
testing
testing done
network success rate top1 88.734970% 88.290642% 
network success rate top5 100.000000% 100.000000% 



epoch [17 5] from [20 10]
training time per iterations 1.645085[ms]
testing
testing done
network success rate top1 88.839516% 89.048615% 
network success rate top5 100.000000% 100.000000% 



epoch [17 6] from [20 10]
training time per iterations 1.799882[ms]
testing
testing done
network success rate top1 88.839516% 88.682701% 
network success rate top5 100.000000% 100.000000% 



epoch [17 7] from [20 10]
training time per iterations 1.628899[ms]
testing
testing done
network success rate top1 88.447464% 87.976997% 
network success rate top5 100.000000% 100.000000% 



epoch [17 8] from [20 10]
training time per iterations 1.619776[ms]
testing
testing done
network success rate top1 88.734970% 88.395187% 
network success rate top5 100.000000% 100.000000% 



epoch [17 9] from [20 10]
training time per iterations 1.772219[ms]
testing
testing done
network success rate top1 88.682701% 88.421326% 
network success rate top5 100.000000% 100.000000% 
setting learning rate to 0.000050



epoch [18 0] from [20 10]
training time per iterations 1.627428[ms]
testing
testing done
network success rate top1 88.656563% 88.186096% 
network success rate top5 100.000000% 100.000000% 



epoch [18 1] from [20 10]
training time per iterations 1.665980[ms]
testing
testing done
network success rate top1 88.552010% 88.499741% 
network success rate top5 100.000000% 100.000000% 



epoch [18 2] from [20 10]
training time per iterations 1.811065[ms]
testing
testing done
network success rate top1 89.153160% 87.898590% 
network success rate top5 100.000000% 100.000000% 



epoch [18 3] from [20 10]
training time per iterations 1.628605[ms]
testing
testing done
network success rate top1 89.153160% 89.545219% 
network success rate top5 100.000000% 100.000000% 



epoch [18 4] from [20 10]
training time per iterations 1.632137[ms]
testing
testing done
network success rate top1 89.048615% 88.159958% 
network success rate top5 100.000000% 100.000000% 



epoch [18 5] from [20 10]
training time per iterations 1.623014[ms]
testing
testing done
network success rate top1 88.891792% 88.761108% 
network success rate top5 100.000000% 100.000000% 



epoch [18 6] from [20 10]
training time per iterations 1.784579[ms]
testing
testing done
network success rate top1 89.048615% 88.813385% 
network success rate top5 100.000000% 100.000000% 



epoch [18 7] from [20 10]
training time per iterations 1.626251[ms]
testing
testing done
network success rate top1 89.153160% 88.970207% 
network success rate top5 100.000000% 100.000000% 



epoch [18 8] from [20 10]
training time per iterations 1.625662[ms]
testing
testing done
network success rate top1 89.283844% 88.891792% 
network success rate top5 100.000000% 100.000000% 
saving best net in top 1
best net saved to networks/trail_net_0/trained/, with success rate 89.283844%



epoch [18 9] from [20 10]
training time per iterations 1.767216[ms]
testing
testing done
network success rate top1 89.153160% 88.630424% 
network success rate top5 100.000000% 100.000000% 



epoch [19 0] from [20 10]
training time per iterations 1.624191[ms]
testing
testing done
network success rate top1 89.205437% 88.944069% 
network success rate top5 100.000000% 100.000000% 



epoch [19 1] from [20 10]
training time per iterations 1.673926[ms]
testing
testing done
network success rate top1 89.074753% 88.708832% 
network success rate top5 100.000000% 100.000000% 



epoch [19 2] from [20 10]
training time per iterations 1.802531[ms]
testing
testing done
network success rate top1 88.917931% 88.708832% 
network success rate top5 100.000000% 100.000000% 



epoch [19 3] from [20 10]
training time per iterations 1.636257[ms]
testing
testing done
network success rate top1 89.048615% 88.865654% 
network success rate top5 100.000000% 100.000000% 



epoch [19 4] from [20 10]
training time per iterations 1.623308[ms]
testing
testing done
network success rate top1 89.074753% 88.787247% 
network success rate top5 100.000000% 100.000000% 



epoch [19 5] from [20 10]
training time per iterations 1.769865[ms]
testing
testing done
network success rate top1 89.048615% 88.682701% 
network success rate top5 100.000000% 100.000000% 



epoch [19 6] from [20 10]
training time per iterations 1.668923[ms]
testing
testing done
network success rate top1 89.231575% 88.970207% 
network success rate top5 100.000000% 100.000000% 



epoch [19 7] from [20 10]
training time per iterations 1.666569[ms]
testing
testing done
network success rate top1 89.048615% 89.728172% 
network success rate top5 100.000000% 100.000000% 



epoch [19 8] from [20 10]
training time per iterations 1.804002[ms]
testing
testing done
network success rate top1 89.179298% 89.597488% 
network success rate top5 100.000000% 100.000000% 



epoch [19 9] from [20 10]
training time per iterations 1.623014[ms]
testing
testing done
network success rate top1 88.761108% 88.238373% 
network success rate top5 100.000000% 100.000000% 
training done
