initializing
training size    : 21592
testing size     : 2410
epoch count      : 60
sub epoch size   : 5

epoch_learning_rate_decay   : 15
learning_rate_decay         : 0.500000
batch size                  : 11201

training



epoch [0 0] from [60 5]
training time per iterations 1.831172[ms]
testing
testing done
network success rate top1 53.153526% 52.365147% 
network success rate top5 100.000000% 100.000000% 
saving best net in top 1
best net saved to networks/mars_net_0/trained/, with success rate 53.153526%



epoch [0 1] from [60 5]
training time per iterations 1.852246[ms]
testing
testing done
network success rate top1 63.402489% 62.614109% 
network success rate top5 100.000000% 100.000000% 
saving best net in top 1
best net saved to networks/mars_net_0/trained/, with success rate 63.402489%



epoch [0 2] from [60 5]
training time per iterations 1.948587[ms]
testing
testing done
network success rate top1 70.290459% 70.497925% 
network success rate top5 100.000000% 100.000000% 
saving best net in top 1
best net saved to networks/mars_net_0/trained/, with success rate 70.290459%



epoch [0 3] from [60 5]
training time per iterations 1.828624[ms]
testing
testing done
network success rate top1 74.190872% 73.360992% 
network success rate top5 100.000000% 100.000000% 
saving best net in top 1
best net saved to networks/mars_net_0/trained/, with success rate 74.190872%



epoch [0 4] from [60 5]
training time per iterations 1.840899[ms]
testing
testing done
network success rate top1 75.311203% 75.477180% 
network success rate top5 100.000000% 100.000000% 
saving best net in top 1
best net saved to networks/mars_net_0/trained/, with success rate 75.311203%



epoch [1 0] from [60 5]
training time per iterations 1.988189[ms]
testing
testing done
network success rate top1 74.522820% 73.153526% 
network success rate top5 100.000000% 100.000000% 



epoch [1 1] from [60 5]
training time per iterations 1.830477[ms]
testing
testing done
network success rate top1 73.651451% 72.863068% 
network success rate top5 100.000000% 100.000000% 



epoch [1 2] from [60 5]
training time per iterations 3.143122[ms]
testing
testing done
network success rate top1 74.439835% 73.568466% 
network success rate top5 100.000000% 100.000000% 



epoch [1 3] from [60 5]
training time per iterations 2.102362[ms]
testing
testing done
network success rate top1 76.348549% 76.721992% 
network success rate top5 100.000000% 100.000000% 
saving best net in top 1
best net saved to networks/mars_net_0/trained/, with success rate 76.348549%



epoch [1 4] from [60 5]
training time per iterations 1.958082[ms]
testing
testing done
network success rate top1 71.701248% 71.659752% 
network success rate top5 100.000000% 100.000000% 



epoch [2 0] from [60 5]
training time per iterations 2.358268[ms]
testing
testing done
network success rate top1 76.846474% 74.398338% 
network success rate top5 100.000000% 100.000000% 
saving best net in top 1
best net saved to networks/mars_net_0/trained/, with success rate 76.846474%



epoch [2 1] from [60 5]
training time per iterations 2.390922[ms]
testing
testing done
network success rate top1 76.929459% 77.842323% 
network success rate top5 100.000000% 100.000000% 
saving best net in top 1
best net saved to networks/mars_net_0/trained/, with success rate 76.929459%



epoch [2 2] from [60 5]
training time per iterations 2.481936[ms]
testing
testing done
network success rate top1 77.012451% 77.468880% 
network success rate top5 100.000000% 100.000000% 
saving best net in top 1
best net saved to networks/mars_net_0/trained/, with success rate 77.012451%



epoch [2 3] from [60 5]
training time per iterations 1.972904[ms]
testing
testing done
network success rate top1 77.302902% 76.721992% 
network success rate top5 100.000000% 100.000000% 
saving best net in top 1
best net saved to networks/mars_net_0/trained/, with success rate 77.302902%



epoch [2 4] from [60 5]
training time per iterations 2.572719[ms]
testing
testing done
network success rate top1 75.435684% 75.186722% 
network success rate top5 100.000000% 100.000000% 



epoch [3 0] from [60 5]
training time per iterations 2.710283[ms]
testing
testing done
network success rate top1 76.846474% 77.842323% 
network success rate top5 100.000000% 100.000000% 



epoch [3 1] from [60 5]
training time per iterations 2.744789[ms]
testing
testing done
network success rate top1 77.302902% 77.012451% 
network success rate top5 100.000000% 100.000000% 



epoch [3 2] from [60 5]
training time per iterations 2.204724[ms]
testing
testing done
network success rate top1 75.850624% 77.302902% 
network success rate top5 100.000000% 100.000000% 



epoch [3 3] from [60 5]
training time per iterations 2.193145[ms]
testing
testing done
network success rate top1 77.219917% 76.680496% 
network success rate top5 100.000000% 100.000000% 



epoch [3 4] from [60 5]
training time per iterations 1.919639[ms]
testing
testing done
network success rate top1 75.892113% 74.979256% 
network success rate top5 100.000000% 100.000000% 



epoch [4 0] from [60 5]
training time per iterations 2.320750[ms]
testing
testing done
network success rate top1 77.302902% 77.676346% 
network success rate top5 100.000000% 100.000000% 



epoch [4 1] from [60 5]
training time per iterations 2.398101[ms]
testing
testing done
network success rate top1 76.141075% 76.556015% 
network success rate top5 100.000000% 100.000000% 



epoch [4 2] from [60 5]
training time per iterations 2.194766[ms]
testing
testing done
network success rate top1 76.804977% 76.804977% 
network success rate top5 100.000000% 100.000000% 



epoch [4 3] from [60 5]
training time per iterations 2.258685[ms]
testing
testing done
network success rate top1 75.518669% 75.684647% 
network success rate top5 100.000000% 100.000000% 



epoch [4 4] from [60 5]
training time per iterations 2.008337[ms]
testing
testing done
network success rate top1 79.626556% 81.991699% 
network success rate top5 100.000000% 100.000000% 
saving best net in top 1
best net saved to networks/mars_net_0/trained/, with success rate 79.626556%



epoch [5 0] from [60 5]
training time per iterations 2.282770[ms]
testing
testing done
network success rate top1 76.348549% 76.182571% 
network success rate top5 100.000000% 100.000000% 



epoch [5 1] from [60 5]
training time per iterations 2.016443[ms]
testing
testing done
network success rate top1 78.921165% 78.962654% 
network success rate top5 100.000000% 100.000000% 



epoch [5 2] from [60 5]
training time per iterations 2.411533[ms]
testing
testing done
network success rate top1 77.302902% 75.975105% 
network success rate top5 100.000000% 100.000000% 



epoch [5 3] from [60 5]
training time per iterations 2.492821[ms]
testing
testing done
network success rate top1 74.481331% 75.809128% 
network success rate top5 100.000000% 100.000000% 



epoch [5 4] from [60 5]
training time per iterations 2.262622[ms]
testing
testing done
network success rate top1 79.128632% 78.340248% 
network success rate top5 100.000000% 100.000000% 



epoch [6 0] from [60 5]
training time per iterations 2.073182[ms]
testing
testing done
network success rate top1 80.580910% 78.464729% 
network success rate top5 100.000000% 100.000000% 
saving best net in top 1
best net saved to networks/mars_net_0/trained/, with success rate 80.580910%



epoch [6 1] from [60 5]
training time per iterations 2.230431[ms]
testing
testing done
network success rate top1 80.082985% 78.879669% 
network success rate top5 100.000000% 100.000000% 



epoch [6 2] from [60 5]
training time per iterations 2.228346[ms]
testing
testing done
network success rate top1 80.663902% 79.502075% 
network success rate top5 100.000000% 100.000000% 
saving best net in top 1
best net saved to networks/mars_net_0/trained/, with success rate 80.663902%



epoch [6 3] from [60 5]
training time per iterations 2.693377[ms]
testing
testing done
network success rate top1 77.053940% 75.975105% 
network success rate top5 100.000000% 100.000000% 



epoch [6 4] from [60 5]
training time per iterations 2.416628[ms]
testing
testing done
network success rate top1 80.788383% 80.207466% 
network success rate top5 100.000000% 100.000000% 
saving best net in top 1
best net saved to networks/mars_net_0/trained/, with success rate 80.788383%



epoch [7 0] from [60 5]
training time per iterations 2.383279[ms]
testing
testing done
network success rate top1 80.456429% 79.543571% 
network success rate top5 100.000000% 100.000000% 



epoch [7 1] from [60 5]
training time per iterations 2.271422[ms]
testing
testing done
network success rate top1 80.705391% 79.917015% 
network success rate top5 100.000000% 100.000000% 



epoch [7 2] from [60 5]
training time per iterations 2.038675[ms]
testing
testing done
network success rate top1 74.896263% 74.605812% 
network success rate top5 100.000000% 100.000000% 



epoch [7 3] from [60 5]
training time per iterations 2.204956[ms]
testing
testing done
network success rate top1 76.680496% 74.647301% 
network success rate top5 100.000000% 100.000000% 



epoch [7 4] from [60 5]
training time per iterations 2.120195[ms]
testing
testing done
network success rate top1 78.174271% 79.004150% 
network success rate top5 100.000000% 100.000000% 



epoch [8 0] from [60 5]
training time per iterations 2.170681[ms]
testing
testing done
network success rate top1 78.132782% 78.340248% 
network success rate top5 100.000000% 100.000000% 



epoch [8 1] from [60 5]
training time per iterations 2.445577[ms]
testing
testing done
network success rate top1 81.327805% 78.464729% 
network success rate top5 100.000000% 100.000000% 
saving best net in top 1
best net saved to networks/mars_net_0/trained/, with success rate 81.327805%



epoch [8 2] from [60 5]
training time per iterations 2.208661[ms]
testing
testing done
network success rate top1 81.867218% 80.622406% 
network success rate top5 100.000000% 100.000000% 
saving best net in top 1
best net saved to networks/mars_net_0/trained/, with success rate 81.867218%



epoch [8 3] from [60 5]
training time per iterations 2.176471[ms]
testing
testing done
network success rate top1 81.742737% 80.041496% 
network success rate top5 100.000000% 100.000000% 



epoch [8 4] from [60 5]
training time per iterations 2.220472[ms]
testing
testing done
network success rate top1 81.244812% 80.954353% 
network success rate top5 100.000000% 100.000000% 



epoch [9 0] from [60 5]
training time per iterations 2.191524[ms]
testing
testing done
network success rate top1 80.788383% 79.751038% 
network success rate top5 100.000000% 100.000000% 



epoch [9 1] from [60 5]
training time per iterations 2.415702[ms]
testing
testing done
network success rate top1 81.452286% 80.954353% 
network success rate top5 100.000000% 100.000000% 



epoch [9 2] from [60 5]
training time per iterations 2.345299[ms]
testing
testing done
network success rate top1 81.867218% 81.244812% 
network success rate top5 100.000000% 100.000000% 



epoch [9 3] from [60 5]
training time per iterations 2.229273[ms]
testing
testing done
network success rate top1 80.871368% 79.834023% 
network success rate top5 100.000000% 100.000000% 



epoch [9 4] from [60 5]
training time per iterations 2.259379[ms]
testing
testing done
network success rate top1 78.049789% 79.460579% 
network success rate top5 100.000000% 100.000000% 



epoch [10 0] from [60 5]
training time per iterations 2.169755[ms]
testing
testing done
network success rate top1 81.742737% 80.456429% 
network success rate top5 100.000000% 100.000000% 



epoch [10 1] from [60 5]
training time per iterations 2.325151[ms]
testing
testing done
network success rate top1 82.240662% 80.995850% 
network success rate top5 100.000000% 100.000000% 
saving best net in top 1
best net saved to networks/mars_net_0/trained/, with success rate 82.240662%



epoch [10 2] from [60 5]
training time per iterations 2.248495[ms]
testing
testing done
network success rate top1 80.622406% 79.834023% 
network success rate top5 100.000000% 100.000000% 



epoch [10 3] from [60 5]
training time per iterations 2.300371[ms]
testing
testing done
network success rate top1 80.414940% 78.174271% 
network success rate top5 100.000000% 100.000000% 



epoch [10 4] from [60 5]
training time per iterations 2.084298[ms]
testing
testing done
network success rate top1 81.535271% 81.618256% 
network success rate top5 100.000000% 100.000000% 



epoch [11 0] from [60 5]
training time per iterations 2.025475[ms]
testing
testing done
network success rate top1 81.535271% 80.829872% 
network success rate top5 100.000000% 100.000000% 



epoch [11 1] from [60 5]
training time per iterations 2.119963[ms]
testing
testing done
network success rate top1 79.211617% 79.460579% 
network success rate top5 100.000000% 100.000000% 



epoch [11 2] from [60 5]
training time per iterations 2.431913[ms]
testing
testing done
network success rate top1 81.701248% 82.240662% 
network success rate top5 100.000000% 100.000000% 



epoch [11 3] from [60 5]
training time per iterations 2.213062[ms]
testing
testing done
network success rate top1 79.543571% 78.630707% 
network success rate top5 100.000000% 100.000000% 



epoch [11 4] from [60 5]
training time per iterations 2.098194[ms]
testing
testing done
network success rate top1 82.116180% 81.120331% 
network success rate top5 100.000000% 100.000000% 



epoch [12 0] from [60 5]
training time per iterations 2.025706[ms]
testing
testing done
network success rate top1 81.991699% 81.784233% 
network success rate top5 100.000000% 100.000000% 



epoch [12 1] from [60 5]
training time per iterations 2.038907[ms]
testing
testing done
network success rate top1 80.622406% 81.535271% 
network success rate top5 100.000000% 100.000000% 



epoch [12 2] from [60 5]
training time per iterations 2.435618[ms]
testing
testing done
network success rate top1 82.157677% 80.746887% 
network success rate top5 100.000000% 100.000000% 



epoch [12 3] from [60 5]
training time per iterations 2.201482[ms]
testing
testing done
network success rate top1 82.240662% 82.531120% 
network success rate top5 100.000000% 100.000000% 



epoch [12 4] from [60 5]
training time per iterations 2.472673[ms]
testing
testing done
network success rate top1 81.535271% 81.203316% 
network success rate top5 100.000000% 100.000000% 



epoch [13 0] from [60 5]
training time per iterations 2.171144[ms]
testing
testing done
network success rate top1 81.784233% 79.211617% 
network success rate top5 100.000000% 100.000000% 



epoch [13 1] from [60 5]
training time per iterations 2.096109[ms]
testing
testing done
network success rate top1 81.950211% 82.448135% 
network success rate top5 100.000000% 100.000000% 



epoch [13 2] from [60 5]
training time per iterations 2.235294[ms]
testing
testing done
network success rate top1 81.120331% 78.464729% 
network success rate top5 100.000000% 100.000000% 



epoch [13 3] from [60 5]
training time per iterations 2.233673[ms]
testing
testing done
network success rate top1 82.074692% 82.863068% 
network success rate top5 100.000000% 100.000000% 



epoch [13 4] from [60 5]
training time per iterations 2.262390[ms]
testing
testing done
network success rate top1 82.074692% 81.244812% 
network success rate top5 100.000000% 100.000000% 



epoch [14 0] from [60 5]
training time per iterations 2.548865[ms]
testing
testing done
network success rate top1 83.112030% 82.240662% 
network success rate top5 100.000000% 100.000000% 
saving best net in top 1
best net saved to networks/mars_net_0/trained/, with success rate 83.112030%



epoch [14 1] from [60 5]
training time per iterations 2.139648[ms]
testing
testing done
network success rate top1 80.788383% 80.290459% 
network success rate top5 100.000000% 100.000000% 



epoch [14 2] from [60 5]
training time per iterations 2.225104[ms]
testing
testing done
network success rate top1 81.784233% 82.199173% 
network success rate top5 100.000000% 100.000000% 



epoch [14 3] from [60 5]
training time per iterations 1.995137[ms]
testing
testing done
network success rate top1 82.572617% 81.037346% 
network success rate top5 100.000000% 100.000000% 



epoch [14 4] from [60 5]
training time per iterations 2.136637[ms]
testing
testing done
network success rate top1 82.821579% 83.070541% 
network success rate top5 100.000000% 100.000000% 
setting learning rate to 0.000250



epoch [15 0] from [60 5]
training time per iterations 2.180408[ms]
testing
testing done
network success rate top1 82.946060% 80.580910% 
network success rate top5 100.000000% 100.000000% 



epoch [15 1] from [60 5]
training time per iterations 2.168597[ms]
testing
testing done
network success rate top1 82.863068% 82.614105% 
network success rate top5 100.000000% 100.000000% 



epoch [15 2] from [60 5]
training time per iterations 2.359657[ms]
testing
testing done
network success rate top1 82.614105% 82.904564% 
network success rate top5 100.000000% 100.000000% 



epoch [15 3] from [60 5]
training time per iterations 2.436776[ms]
testing
testing done
network success rate top1 82.406639% 81.991699% 
network success rate top5 100.000000% 100.000000% 



epoch [15 4] from [60 5]
training time per iterations 2.372395[ms]
testing
testing done
network success rate top1 83.112030% 82.282158% 
network success rate top5 100.000000% 100.000000% 



epoch [16 0] from [60 5]
training time per iterations 2.647985[ms]
testing
testing done
network success rate top1 82.489624% 81.701248% 
network success rate top5 100.000000% 100.000000% 



epoch [16 1] from [60 5]
training time per iterations 2.277675[ms]
testing
testing done
network success rate top1 82.489624% 81.161827% 
network success rate top5 100.000000% 100.000000% 



epoch [16 2] from [60 5]
training time per iterations 2.074340[ms]
testing
testing done
network success rate top1 80.622406% 80.082985% 
network success rate top5 100.000000% 100.000000% 



epoch [16 3] from [60 5]
training time per iterations 2.333719[ms]
testing
testing done
network success rate top1 82.572617% 80.705391% 
network success rate top5 100.000000% 100.000000% 



epoch [16 4] from [60 5]
training time per iterations 2.283928[ms]
testing
testing done
network success rate top1 82.116180% 81.493774% 
network success rate top5 100.000000% 100.000000% 



epoch [17 0] from [60 5]
training time per iterations 2.370079[ms]
testing
testing done
network success rate top1 83.112030% 81.950211% 
network success rate top5 100.000000% 100.000000% 



epoch [17 1] from [60 5]
training time per iterations 2.484252[ms]
testing
testing done
network success rate top1 81.825729% 79.585060% 
network success rate top5 100.000000% 100.000000% 



epoch [17 2] from [60 5]
training time per iterations 2.368689[ms]
testing
testing done
network success rate top1 82.863068% 82.489624% 
network success rate top5 100.000000% 100.000000% 



epoch [17 3] from [60 5]
training time per iterations 2.318666[ms]
testing
testing done
network success rate top1 81.452286% 82.323654% 
network success rate top5 100.000000% 100.000000% 



epoch [17 4] from [60 5]
training time per iterations 2.493284[ms]
testing
testing done
network success rate top1 82.240662% 82.282158% 
network success rate top5 100.000000% 100.000000% 



epoch [18 0] from [60 5]
training time per iterations 2.295044[ms]
testing
testing done
network success rate top1 82.697098% 82.199173% 
network success rate top5 100.000000% 100.000000% 



epoch [18 1] from [60 5]
training time per iterations 2.635479[ms]
testing
testing done
network success rate top1 82.738586% 81.576767% 
network success rate top5 100.000000% 100.000000% 



epoch [18 2] from [60 5]
training time per iterations 2.390227[ms]
testing
testing done
network success rate top1 82.614105% 82.033195% 
network success rate top5 100.000000% 100.000000% 



epoch [18 3] from [60 5]
training time per iterations 2.259611[ms]
testing
testing done
network success rate top1 82.406639% 81.078835% 
network success rate top5 100.000000% 100.000000% 



epoch [18 4] from [60 5]
training time per iterations 2.298981[ms]
testing
testing done
network success rate top1 83.153526% 83.651451% 
network success rate top5 100.000000% 100.000000% 
saving best net in top 1
best net saved to networks/mars_net_0/trained/, with success rate 83.153526%



epoch [19 0] from [60 5]
training time per iterations 2.379111[ms]
testing
testing done
network success rate top1 82.780083% 81.991699% 
network success rate top5 100.000000% 100.000000% 



epoch [19 1] from [60 5]
training time per iterations 2.186197[ms]
testing
testing done
network success rate top1 82.904564% 81.037346% 
network success rate top5 100.000000% 100.000000% 



epoch [19 2] from [60 5]
training time per iterations 2.147059[ms]
testing
testing done
network success rate top1 83.485474% 81.535271% 
network success rate top5 100.000000% 100.000000% 
saving best net in top 1
best net saved to networks/mars_net_0/trained/, with success rate 83.485474%



epoch [19 3] from [60 5]
training time per iterations 2.380500[ms]
testing
testing done
network success rate top1 83.029045% 81.286308% 
network success rate top5 100.000000% 100.000000% 



epoch [19 4] from [60 5]
training time per iterations 2.225567[ms]
testing
testing done
network success rate top1 82.946060% 82.116180% 
network success rate top5 100.000000% 100.000000% 



epoch [20 0] from [60 5]
training time per iterations 2.302223[ms]
testing
testing done
network success rate top1 83.153526% 83.858925% 
network success rate top5 100.000000% 100.000000% 



epoch [20 1] from [60 5]
training time per iterations 2.181334[ms]
testing
testing done
network success rate top1 82.821579% 81.203316% 
network success rate top5 100.000000% 100.000000% 



epoch [20 2] from [60 5]
training time per iterations 2.419870[ms]
testing
testing done
network success rate top1 82.780083% 81.784233% 
network success rate top5 100.000000% 100.000000% 



epoch [20 3] from [60 5]
training time per iterations 2.364984[ms]
testing
testing done
network success rate top1 81.742737% 80.912865% 
network success rate top5 100.000000% 100.000000% 



epoch [20 4] from [60 5]
training time per iterations 2.312645[ms]
testing
testing done
network success rate top1 83.070541% 80.539421% 
network success rate top5 100.000000% 100.000000% 



epoch [21 0] from [60 5]
training time per iterations 2.346688[ms]
testing
testing done
network success rate top1 83.402489% 81.410789% 
network success rate top5 100.000000% 100.000000% 



epoch [21 1] from [60 5]
training time per iterations 2.484947[ms]
testing
testing done
network success rate top1 82.157677% 81.410789% 
network success rate top5 100.000000% 100.000000% 



epoch [21 2] from [60 5]
training time per iterations 2.271190[ms]
testing
testing done
network success rate top1 83.112030% 82.531120% 
network success rate top5 100.000000% 100.000000% 



epoch [21 3] from [60 5]
training time per iterations 2.516906[ms]
testing
testing done
network success rate top1 83.236511% 82.531120% 
network success rate top5 100.000000% 100.000000% 



epoch [21 4] from [60 5]
training time per iterations 2.293886[ms]
testing
testing done
network success rate top1 80.663902% 79.834023% 
network success rate top5 100.000000% 100.000000% 



epoch [22 0] from [60 5]
training time per iterations 2.276748[ms]
testing
testing done
network success rate top1 82.697098% 82.780083% 
network success rate top5 100.000000% 100.000000% 



epoch [22 1] from [60 5]
training time per iterations 2.445808[ms]
testing
testing done
network success rate top1 82.365143% 82.697098% 
network success rate top5 100.000000% 100.000000% 



epoch [22 2] from [60 5]
training time per iterations 2.553265[ms]
testing
testing done
network success rate top1 80.954353% 80.041496% 
network success rate top5 100.000000% 100.000000% 



epoch [22 3] from [60 5]
training time per iterations 2.252200[ms]
testing
testing done
network success rate top1 82.489624% 82.614105% 
network success rate top5 100.000000% 100.000000% 



epoch [22 4] from [60 5]
training time per iterations 2.374247[ms]
testing
testing done
network success rate top1 82.697098% 81.286308% 
network success rate top5 100.000000% 100.000000% 



epoch [23 0] from [60 5]
training time per iterations 2.365679[ms]
testing
testing done
network success rate top1 83.443985% 83.526970% 
network success rate top5 100.000000% 100.000000% 



epoch [23 1] from [60 5]
training time per iterations 2.486799[ms]
testing
testing done
network success rate top1 83.568466% 84.356850% 
network success rate top5 100.000000% 100.000000% 
saving best net in top 1
best net saved to networks/mars_net_0/trained/, with success rate 83.568466%



epoch [23 2] from [60 5]
training time per iterations 2.056276[ms]
testing
testing done
network success rate top1 83.029045% 83.651451% 
network success rate top5 100.000000% 100.000000% 



epoch [23 3] from [60 5]
training time per iterations 2.229273[ms]
testing
testing done
network success rate top1 82.655602% 81.535271% 
network success rate top5 100.000000% 100.000000% 



epoch [23 4] from [60 5]
training time per iterations 2.215146[ms]
testing
testing done
network success rate top1 82.946060% 82.697098% 
network success rate top5 100.000000% 100.000000% 



epoch [24 0] from [60 5]
training time per iterations 2.119500[ms]
testing
testing done
network success rate top1 83.402489% 83.112030% 
network success rate top5 100.000000% 100.000000% 



epoch [24 1] from [60 5]
training time per iterations 2.123668[ms]
testing
testing done
network success rate top1 83.029045% 82.697098% 
network success rate top5 100.000000% 100.000000% 



epoch [24 2] from [60 5]
training time per iterations 2.160491[ms]
testing
testing done
network success rate top1 82.240662% 81.286308% 
network success rate top5 100.000000% 100.000000% 



epoch [24 3] from [60 5]
training time per iterations 2.405512[ms]
testing
testing done
network success rate top1 83.278008% 82.572617% 
network success rate top5 100.000000% 100.000000% 



epoch [24 4] from [60 5]
training time per iterations 2.333025[ms]
testing
testing done
network success rate top1 82.240662% 81.369293% 
network success rate top5 100.000000% 100.000000% 



epoch [25 0] from [60 5]
training time per iterations 2.341825[ms]
testing
testing done
network success rate top1 83.568466% 82.406639% 
network success rate top5 100.000000% 100.000000% 



epoch [25 1] from [60 5]
training time per iterations 2.252895[ms]
testing
testing done
network success rate top1 83.319504% 82.863068% 
network success rate top5 100.000000% 100.000000% 



epoch [25 2] from [60 5]
training time per iterations 2.179481[ms]
testing
testing done
network success rate top1 82.904564% 82.365143% 
network success rate top5 100.000000% 100.000000% 



epoch [25 3] from [60 5]
training time per iterations 1.880037[ms]
testing
testing done
network success rate top1 83.153526% 83.195023% 
network success rate top5 100.000000% 100.000000% 



epoch [25 4] from [60 5]
training time per iterations 2.454609[ms]
testing
testing done
network success rate top1 82.863068% 80.580910% 
network success rate top5 100.000000% 100.000000% 



epoch [26 0] from [60 5]
training time per iterations 2.334646[ms]
testing
testing done
network success rate top1 83.319504% 83.734436% 
network success rate top5 100.000000% 100.000000% 



epoch [26 1] from [60 5]
training time per iterations 2.296202[ms]
testing
testing done
network success rate top1 83.941910% 84.190872% 
network success rate top5 100.000000% 100.000000% 
saving best net in top 1
best net saved to networks/mars_net_0/trained/, with success rate 83.941910%



epoch [26 2] from [60 5]
training time per iterations 2.838814[ms]
testing
testing done
network success rate top1 83.526970% 83.195023% 
network success rate top5 100.000000% 100.000000% 



epoch [26 3] from [60 5]
training time per iterations 2.382121[ms]
testing
testing done
network success rate top1 83.609955% 82.448135% 
network success rate top5 100.000000% 100.000000% 



epoch [26 4] from [60 5]
training time per iterations 2.347383[ms]
testing
testing done
network success rate top1 79.792534% 79.253113% 
network success rate top5 100.000000% 100.000000% 



epoch [27 0] from [60 5]
training time per iterations 1.955998[ms]
testing
testing done
network success rate top1 83.029045% 84.647301% 
network success rate top5 100.000000% 100.000000% 



epoch [27 1] from [60 5]
training time per iterations 1.955535[ms]
testing
testing done
network success rate top1 84.232368% 82.614105% 
network success rate top5 100.000000% 100.000000% 
saving best net in top 1
best net saved to networks/mars_net_0/trained/, with success rate 84.232368%



epoch [27 2] from [60 5]
training time per iterations 2.119500[ms]
testing
testing done
network success rate top1 83.485474% 84.813278% 
network success rate top5 100.000000% 100.000000% 



epoch [27 3] from [60 5]
training time per iterations 1.905975[ms]
testing
testing done
network success rate top1 83.609955% 82.904564% 
network success rate top5 100.000000% 100.000000% 



epoch [27 4] from [60 5]
training time per iterations 2.391848[ms]
testing
testing done
network success rate top1 83.029045% 82.240662% 
network success rate top5 100.000000% 100.000000% 



epoch [28 0] from [60 5]
training time per iterations 2.108615[ms]
testing
testing done
network success rate top1 83.029045% 82.116180% 
network success rate top5 100.000000% 100.000000% 



epoch [28 1] from [60 5]
training time per iterations 1.845994[ms]
testing
testing done
network success rate top1 83.443985% 84.066391% 
network success rate top5 100.000000% 100.000000% 



epoch [28 2] from [60 5]
training time per iterations 1.956230[ms]
testing
testing done
network success rate top1 83.568466% 82.614105% 
network success rate top5 100.000000% 100.000000% 



epoch [28 3] from [60 5]
training time per iterations 2.246642[ms]
testing
testing done
network success rate top1 83.775932% 83.692947% 
network success rate top5 100.000000% 100.000000% 



epoch [28 4] from [60 5]
training time per iterations 2.378416[ms]
testing
testing done
network success rate top1 83.402489% 83.651451% 
network success rate top5 100.000000% 100.000000% 



epoch [29 0] from [60 5]
training time per iterations 2.528254[ms]
testing
testing done
network success rate top1 84.149376% 82.074692% 
network success rate top5 100.000000% 100.000000% 



epoch [29 1] from [60 5]
training time per iterations 2.267253[ms]
testing
testing done
network success rate top1 83.485474% 84.024895% 
network success rate top5 100.000000% 100.000000% 



epoch [29 2] from [60 5]
training time per iterations 2.098194[ms]
testing
testing done
network success rate top1 83.195023% 82.821579% 
network success rate top5 100.000000% 100.000000% 



epoch [29 3] from [60 5]
training time per iterations 2.140111[ms]
testing
testing done
network success rate top1 83.526970% 81.950211% 
network success rate top5 100.000000% 100.000000% 



epoch [29 4] from [60 5]
training time per iterations 2.549097[ms]
testing
testing done
network success rate top1 83.568466% 82.614105% 
network success rate top5 100.000000% 100.000000% 
setting learning rate to 0.000125



epoch [30 0] from [60 5]
training time per iterations 2.638490[ms]
testing
testing done
network success rate top1 84.024895% 82.738586% 
network success rate top5 100.000000% 100.000000% 



epoch [30 1] from [60 5]
training time per iterations 2.425660[ms]
testing
testing done
network success rate top1 83.692947% 82.821579% 
network success rate top5 100.000000% 100.000000% 



epoch [30 2] from [60 5]
training time per iterations 2.125521[ms]
testing
testing done
network success rate top1 84.149376% 83.651451% 
network success rate top5 100.000000% 100.000000% 



epoch [30 3] from [60 5]
training time per iterations 2.930060[ms]
testing
testing done
network success rate top1 83.319504% 82.116180% 
network success rate top5 100.000000% 100.000000% 



epoch [30 4] from [60 5]
training time per iterations 2.871700[ms]
testing
testing done
network success rate top1 83.609955% 82.406639% 
network success rate top5 100.000000% 100.000000% 



epoch [31 0] from [60 5]
training time per iterations 2.318666[ms]
testing
testing done
network success rate top1 83.775932% 84.232368% 
network success rate top5 100.000000% 100.000000% 



epoch [31 1] from [60 5]
training time per iterations 2.472441[ms]
testing
testing done
network success rate top1 81.908714% 81.908714% 
network success rate top5 100.000000% 100.000000% 



epoch [31 2] from [60 5]
training time per iterations 2.400417[ms]
testing
testing done
network success rate top1 84.149376% 83.195023% 
network success rate top5 100.000000% 100.000000% 



epoch [31 3] from [60 5]
training time per iterations 2.507179[ms]
testing
testing done
network success rate top1 84.232368% 84.315353% 
network success rate top5 100.000000% 100.000000% 



epoch [31 4] from [60 5]
training time per iterations 2.051181[ms]
testing
testing done
network success rate top1 83.941910% 82.821579% 
network success rate top5 100.000000% 100.000000% 



epoch [32 0] from [60 5]
training time per iterations 2.231126[ms]
testing
testing done
network success rate top1 84.522820% 83.278008% 
network success rate top5 100.000000% 100.000000% 
saving best net in top 1
best net saved to networks/mars_net_0/trained/, with success rate 84.522820%



epoch [32 1] from [60 5]
training time per iterations 2.172534[ms]
testing
testing done
network success rate top1 83.112030% 82.489624% 
network success rate top5 100.000000% 100.000000% 



epoch [32 2] from [60 5]
training time per iterations 2.490042[ms]
testing
testing done
network success rate top1 83.070541% 82.489624% 
network success rate top5 100.000000% 100.000000% 



epoch [32 3] from [60 5]
training time per iterations 2.451135[ms]
testing
testing done
network success rate top1 84.232368% 83.775932% 
network success rate top5 100.000000% 100.000000% 



epoch [32 4] from [60 5]
training time per iterations 2.012737[ms]
testing
testing done
network success rate top1 84.107887% 84.605812% 
network success rate top5 100.000000% 100.000000% 



epoch [33 0] from [60 5]
training time per iterations 2.483326[ms]
testing
testing done
network success rate top1 84.149376% 83.817429% 
network success rate top5 100.000000% 100.000000% 



epoch [33 1] from [60 5]
training time per iterations 2.031959[ms]
testing
testing done
network success rate top1 83.941910% 84.190872% 
network success rate top5 100.000000% 100.000000% 



epoch [33 2] from [60 5]
training time per iterations 1.896943[ms]
testing
testing done
network success rate top1 84.024895% 83.278008% 
network success rate top5 100.000000% 100.000000% 



epoch [33 3] from [60 5]
training time per iterations 1.977536[ms]
testing
testing done
network success rate top1 83.692947% 83.195023% 
network success rate top5 100.000000% 100.000000% 



epoch [33 4] from [60 5]
training time per iterations 2.186892[ms]
testing
testing done
network success rate top1 83.775932% 83.029045% 
network success rate top5 100.000000% 100.000000% 



epoch [34 0] from [60 5]
training time per iterations 2.398333[ms]
testing
testing done
network success rate top1 83.692947% 82.738586% 
network success rate top5 100.000000% 100.000000% 



epoch [34 1] from [60 5]
training time per iterations 2.521769[ms]
testing
testing done
network success rate top1 83.443985% 83.734436% 
network success rate top5 100.000000% 100.000000% 



epoch [34 2] from [60 5]
training time per iterations 2.453914[ms]
testing
testing done
network success rate top1 83.941910% 82.738586% 
network success rate top5 100.000000% 100.000000% 



epoch [34 3] from [60 5]
training time per iterations 2.168597[ms]
testing
testing done
network success rate top1 83.900414% 83.112030% 
network success rate top5 100.000000% 100.000000% 



epoch [34 4] from [60 5]
training time per iterations 1.984020[ms]
testing
testing done
network success rate top1 84.522820% 83.734436% 
network success rate top5 100.000000% 100.000000% 



epoch [35 0] from [60 5]
training time per iterations 2.434460[ms]
testing
testing done
network success rate top1 84.356850% 84.398338% 
network success rate top5 100.000000% 100.000000% 



epoch [35 1] from [60 5]
training time per iterations 2.182492[ms]
testing
testing done
network success rate top1 84.024895% 83.817429% 
network success rate top5 100.000000% 100.000000% 



epoch [35 2] from [60 5]
training time per iterations 1.881427[ms]
testing
testing done
network success rate top1 84.439835% 83.568466% 
network success rate top5 100.000000% 100.000000% 



epoch [35 3] from [60 5]
training time per iterations 2.390459[ms]
testing
testing done
network success rate top1 83.195023% 81.784233% 
network success rate top5 100.000000% 100.000000% 



epoch [35 4] from [60 5]
training time per iterations 2.286475[ms]
testing
testing done
network success rate top1 84.439835% 83.360992% 
network success rate top5 100.000000% 100.000000% 



epoch [36 0] from [60 5]
training time per iterations 1.901575[ms]
testing
testing done
network success rate top1 83.526970% 83.526970% 
network success rate top5 100.000000% 100.000000% 



epoch [36 1] from [60 5]
training time per iterations 1.957388[ms]
testing
testing done
network success rate top1 84.107887% 83.734436% 
network success rate top5 100.000000% 100.000000% 



epoch [36 2] from [60 5]
training time per iterations 1.840435[ms]
testing
testing done
network success rate top1 83.568466% 84.356850% 
network success rate top5 100.000000% 100.000000% 



epoch [36 3] from [60 5]
training time per iterations 2.271885[ms]
testing
testing done
network success rate top1 83.775932% 83.070541% 
network success rate top5 100.000000% 100.000000% 



epoch [36 4] from [60 5]
training time per iterations 2.018064[ms]
testing
testing done
network success rate top1 84.730293% 84.398338% 
network success rate top5 100.000000% 100.000000% 
saving best net in top 1
best net saved to networks/mars_net_0/trained/, with success rate 84.730293%



epoch [37 0] from [60 5]
training time per iterations 1.868458[ms]
testing
testing done
network success rate top1 83.941910% 84.315353% 
network success rate top5 100.000000% 100.000000% 



epoch [37 1] from [60 5]
training time per iterations 1.943492[ms]
testing
testing done
network success rate top1 84.522820% 84.149376% 
network success rate top5 100.000000% 100.000000% 



epoch [37 2] from [60 5]
training time per iterations 1.847383[ms]
testing
testing done
network success rate top1 84.273857% 86.058090% 
network success rate top5 100.000000% 100.000000% 



epoch [37 3] from [60 5]
training time per iterations 1.842751[ms]
testing
testing done
network success rate top1 84.398338% 83.070541% 
network success rate top5 100.000000% 100.000000% 



epoch [37 4] from [60 5]
training time per iterations 1.959472[ms]
testing
testing done
network success rate top1 84.522820% 85.186722% 
network success rate top5 100.000000% 100.000000% 



epoch [38 0] from [60 5]
training time per iterations 1.830245[ms]
testing
testing done
network success rate top1 84.522820% 82.489624% 
network success rate top5 100.000000% 100.000000% 



epoch [38 1] from [60 5]
training time per iterations 1.962714[ms]
testing
testing done
network success rate top1 83.775932% 82.406639% 
network success rate top5 100.000000% 100.000000% 



epoch [38 2] from [60 5]
training time per iterations 1.836498[ms]
testing
testing done
network success rate top1 83.319504% 82.365143% 
network success rate top5 100.000000% 100.000000% 



epoch [38 3] from [60 5]
training time per iterations 1.840667[ms]
testing
testing done
network success rate top1 83.195023% 85.394188% 
network success rate top5 100.000000% 100.000000% 



epoch [38 4] from [60 5]
training time per iterations 1.957156[ms]
testing
testing done
network success rate top1 83.692947% 83.692947% 
network success rate top5 100.000000% 100.000000% 



epoch [39 0] from [60 5]
training time per iterations 1.842983[ms]
testing
testing done
network success rate top1 83.858925% 83.236511% 
network success rate top5 100.000000% 100.000000% 



epoch [39 1] from [60 5]
training time per iterations 1.838351[ms]
testing
testing done
network success rate top1 84.273857% 84.232368% 
network success rate top5 100.000000% 100.000000% 



epoch [39 2] from [60 5]
training time per iterations 1.959240[ms]
testing
testing done
network success rate top1 84.439835% 84.522820% 
network success rate top5 100.000000% 100.000000% 



epoch [39 3] from [60 5]
training time per iterations 1.828856[ms]
testing
testing done
network success rate top1 84.107887% 82.821579% 
network success rate top5 100.000000% 100.000000% 



epoch [39 4] from [60 5]
training time per iterations 1.942566[ms]
testing
testing done
network success rate top1 83.236511% 83.485474% 
network success rate top5 100.000000% 100.000000% 



epoch [40 0] from [60 5]
training time per iterations 1.842751[ms]
testing
testing done
network success rate top1 84.149376% 83.029045% 
network success rate top5 100.000000% 100.000000% 



epoch [40 1] from [60 5]
training time per iterations 1.837888[ms]
testing
testing done
network success rate top1 84.232368% 83.443985% 
network success rate top5 100.000000% 100.000000% 



epoch [40 2] from [60 5]
training time per iterations 1.957388[ms]
testing
testing done
network success rate top1 84.273857% 82.821579% 
network success rate top5 100.000000% 100.000000% 



epoch [40 3] from [60 5]
training time per iterations 2.247105[ms]
testing
testing done
network success rate top1 83.941910% 84.232368% 
network success rate top5 100.000000% 100.000000% 



epoch [40 4] from [60 5]
training time per iterations 2.015285[ms]
testing
testing done
network success rate top1 83.941910% 82.821579% 
network success rate top5 100.000000% 100.000000% 



epoch [41 0] from [60 5]
training time per iterations 1.895322[ms]
testing
testing done
network success rate top1 84.688797% 83.900414% 
network success rate top5 100.000000% 100.000000% 



epoch [41 1] from [60 5]
training time per iterations 1.895553[ms]
testing
testing done
network success rate top1 84.232368% 83.526970% 
network success rate top5 100.000000% 100.000000% 



epoch [41 2] from [60 5]
training time per iterations 2.018527[ms]
testing
testing done
network success rate top1 83.526970% 82.780083% 
network success rate top5 100.000000% 100.000000% 



epoch [41 3] from [60 5]
training time per iterations 1.885132[ms]
testing
testing done
network success rate top1 83.568466% 83.195023% 
network success rate top5 100.000000% 100.000000% 



epoch [41 4] from [60 5]
training time per iterations 1.890922[ms]
testing
testing done
network success rate top1 81.078835% 79.917015% 
network success rate top5 100.000000% 100.000000% 



epoch [42 0] from [60 5]
training time per iterations 2.017369[ms]
testing
testing done
network success rate top1 83.278008% 83.319504% 
network success rate top5 100.000000% 100.000000% 



epoch [42 1] from [60 5]
training time per iterations 1.892080[ms]
testing
testing done
network success rate top1 83.568466% 83.278008% 
network success rate top5 100.000000% 100.000000% 



epoch [42 2] from [60 5]
training time per iterations 2.018990[ms]
testing
testing done
network success rate top1 82.987549% 82.697098% 
network success rate top5 100.000000% 100.000000% 



epoch [42 3] from [60 5]
training time per iterations 1.894396[ms]
testing
testing done
network success rate top1 84.190872% 83.775932% 
network success rate top5 100.000000% 100.000000% 



epoch [42 4] from [60 5]
training time per iterations 1.894164[ms]
testing
testing done
network success rate top1 83.692947% 83.402489% 
network success rate top5 100.000000% 100.000000% 



epoch [43 0] from [60 5]
training time per iterations 2.015516[ms]
testing
testing done
network success rate top1 84.107887% 84.066391% 
network success rate top5 100.000000% 100.000000% 



epoch [43 1] from [60 5]
training time per iterations 1.901112[ms]
testing
testing done
network success rate top1 84.232368% 84.232368% 
network success rate top5 100.000000% 100.000000% 



epoch [43 2] from [60 5]
training time per iterations 2.013664[ms]
testing
testing done
network success rate top1 84.149376% 84.315353% 
network success rate top5 100.000000% 100.000000% 



epoch [43 3] from [60 5]
training time per iterations 1.896943[ms]
testing
testing done
network success rate top1 83.983406% 83.692947% 
network success rate top5 100.000000% 100.000000% 



epoch [43 4] from [60 5]
training time per iterations 2.006716[ms]
testing
testing done
network success rate top1 84.605812% 84.066391% 
network success rate top5 100.000000% 100.000000% 



epoch [44 0] from [60 5]
training time per iterations 2.213988[ms]
testing
testing done
network success rate top1 84.398338% 82.489624% 
network success rate top5 100.000000% 100.000000% 



epoch [44 1] from [60 5]
training time per iterations 1.871700[ms]
testing
testing done
network success rate top1 83.443985% 81.161827% 
network success rate top5 100.000000% 100.000000% 



epoch [44 2] from [60 5]
training time per iterations 1.869616[ms]
testing
testing done
network success rate top1 84.481331% 83.360992% 
network success rate top5 100.000000% 100.000000% 



epoch [44 3] from [60 5]
training time per iterations 1.985873[ms]
testing
testing done
network success rate top1 84.896263% 83.526970% 
network success rate top5 100.000000% 100.000000% 
saving best net in top 1
best net saved to networks/mars_net_0/trained/, with success rate 84.896263%



epoch [44 4] from [60 5]
training time per iterations 1.877721[ms]
testing
testing done
network success rate top1 83.775932% 83.568466% 
network success rate top5 100.000000% 100.000000% 
setting learning rate to 0.000063



epoch [45 0] from [60 5]
training time per iterations 1.985873[ms]
testing
testing done
network success rate top1 84.232368% 85.477180% 
network success rate top5 100.000000% 100.000000% 



epoch [45 1] from [60 5]
training time per iterations 1.881890[ms]
testing
testing done
network success rate top1 84.730293% 83.817429% 
network success rate top5 100.000000% 100.000000% 



epoch [45 2] from [60 5]
training time per iterations 1.863826[ms]
testing
testing done
network success rate top1 84.232368% 83.402489% 
network success rate top5 100.000000% 100.000000% 



epoch [45 3] from [60 5]
training time per iterations 1.981241[ms]
testing
testing done
network success rate top1 84.149376% 83.236511% 
network success rate top5 100.000000% 100.000000% 



epoch [45 4] from [60 5]
training time per iterations 1.875637[ms]
testing
testing done
network success rate top1 84.730293% 83.070541% 
network success rate top5 100.000000% 100.000000% 



epoch [46 0] from [60 5]
training time per iterations 1.991894[ms]
testing
testing done
network success rate top1 84.439835% 83.195023% 
network success rate top5 100.000000% 100.000000% 



epoch [46 1] from [60 5]
training time per iterations 1.865679[ms]
testing
testing done
network success rate top1 84.688797% 83.153526% 
network success rate top5 100.000000% 100.000000% 



epoch [46 2] from [60 5]
training time per iterations 1.938861[ms]
testing
testing done
network success rate top1 83.485474% 82.448135% 
network success rate top5 100.000000% 100.000000% 



epoch [46 3] from [60 5]
training time per iterations 2.018527[ms]
testing
testing done
network success rate top1 84.439835% 84.232368% 
network success rate top5 100.000000% 100.000000% 



epoch [46 4] from [60 5]
training time per iterations 1.864752[ms]
testing
testing done
network success rate top1 84.481331% 84.107887% 
network success rate top5 100.000000% 100.000000% 



epoch [47 0] from [60 5]
training time per iterations 1.885364[ms]
testing
testing done
network success rate top1 84.024895% 82.489624% 
network success rate top5 100.000000% 100.000000% 



epoch [47 1] from [60 5]
training time per iterations 1.991200[ms]
testing
testing done
network success rate top1 84.190872% 83.112030% 
network success rate top5 100.000000% 100.000000% 



epoch [47 2] from [60 5]
training time per iterations 1.886522[ms]
testing
testing done
network success rate top1 84.273857% 83.070541% 
network success rate top5 100.000000% 100.000000% 



epoch [47 3] from [60 5]
training time per iterations 1.985873[ms]
testing
testing done
network success rate top1 84.481331% 84.605812% 
network success rate top5 100.000000% 100.000000% 



epoch [47 4] from [60 5]
training time per iterations 1.863594[ms]
testing
testing done
network success rate top1 84.605812% 84.854774% 
network success rate top5 100.000000% 100.000000% 



epoch [48 0] from [60 5]
training time per iterations 1.871005[ms]
testing
testing done
network success rate top1 84.564316% 84.398338% 
network success rate top5 100.000000% 100.000000% 



epoch [48 1] from [60 5]
training time per iterations 2.000000[ms]
testing
testing done
network success rate top1 84.730293% 82.655602% 
network success rate top5 100.000000% 100.000000% 



epoch [48 2] from [60 5]
training time per iterations 1.868458[ms]
testing
testing done
network success rate top1 84.771782% 84.190872% 
network success rate top5 100.000000% 100.000000% 



epoch [48 3] from [60 5]
training time per iterations 1.979620[ms]
testing
testing done
network success rate top1 84.066391% 84.149376% 
network success rate top5 100.000000% 100.000000% 



epoch [48 4] from [60 5]
training time per iterations 1.884900[ms]
testing
testing done
network success rate top1 84.107887% 83.817429% 
network success rate top5 100.000000% 100.000000% 



epoch [49 0] from [60 5]
training time per iterations 1.883511[ms]
testing
testing done
network success rate top1 84.605812% 84.190872% 
network success rate top5 100.000000% 100.000000% 



epoch [49 1] from [60 5]
training time per iterations 1.993052[ms]
testing
testing done
network success rate top1 84.564316% 81.659752% 
network success rate top5 100.000000% 100.000000% 



epoch [49 2] from [60 5]
training time per iterations 1.879574[ms]
testing
testing done
network success rate top1 84.564316% 83.900414% 
network success rate top5 100.000000% 100.000000% 



epoch [49 3] from [60 5]
training time per iterations 1.866142[ms]
testing
testing done
network success rate top1 83.900414% 84.190872% 
network success rate top5 100.000000% 100.000000% 



epoch [49 4] from [60 5]
training time per iterations 1.990736[ms]
testing
testing done
network success rate top1 84.522820% 83.651451% 
network success rate top5 100.000000% 100.000000% 



epoch [50 0] from [60 5]
training time per iterations 1.877026[ms]
testing
testing done
network success rate top1 83.402489% 83.070541% 
network success rate top5 100.000000% 100.000000% 



epoch [50 1] from [60 5]
training time per iterations 1.999768[ms]
testing
testing done
network success rate top1 84.024895% 83.983406% 
network success rate top5 100.000000% 100.000000% 



epoch [50 2] from [60 5]
training time per iterations 1.879574[ms]
testing
testing done
network success rate top1 84.232368% 83.029045% 
network success rate top5 100.000000% 100.000000% 



epoch [50 3] from [60 5]
training time per iterations 1.880500[ms]
testing
testing done
network success rate top1 84.605812% 83.029045% 
network success rate top5 100.000000% 100.000000% 



epoch [50 4] from [60 5]
training time per iterations 1.991663[ms]
testing
testing done
network success rate top1 84.854774% 82.904564% 
network success rate top5 100.000000% 100.000000% 



epoch [51 0] from [60 5]
training time per iterations 2.086846[ms]
testing
testing done
network success rate top1 83.900414% 82.697098% 
network success rate top5 100.000000% 100.000000% 



epoch [51 1] from [60 5]
training time per iterations 2.084067[ms]
testing
testing done
network success rate top1 84.107887% 84.398338% 
network success rate top5 100.000000% 100.000000% 



epoch [51 2] from [60 5]
training time per iterations 1.918944[ms]
testing
testing done
network success rate top1 83.734436% 82.116180% 
network success rate top5 100.000000% 100.000000% 



epoch [51 3] from [60 5]
training time per iterations 1.913617[ms]
testing
testing done
network success rate top1 84.356850% 83.029045% 
network success rate top5 100.000000% 100.000000% 



epoch [51 4] from [60 5]
training time per iterations 2.093099[ms]
testing
testing done
network success rate top1 83.983406% 84.232368% 
network success rate top5 100.000000% 100.000000% 



epoch [52 0] from [60 5]
training time per iterations 2.472441[ms]
testing
testing done
network success rate top1 84.854774% 85.269707% 
network success rate top5 100.000000% 100.000000% 



epoch [52 1] from [60 5]
training time per iterations 2.355257[ms]
testing
testing done
network success rate top1 84.481331% 84.896263% 
network success rate top5 100.000000% 100.000000% 



epoch [52 2] from [60 5]
training time per iterations 2.338583[ms]
testing
testing done
network success rate top1 84.730293% 85.186722% 
network success rate top5 100.000000% 100.000000% 



epoch [52 3] from [60 5]
training time per iterations 2.287865[ms]
testing
testing done
network success rate top1 84.730293% 85.518669% 
network success rate top5 100.000000% 100.000000% 



epoch [52 4] from [60 5]
training time per iterations 2.905512[ms]
testing
testing done
network success rate top1 84.854774% 82.697098% 
network success rate top5 100.000000% 100.000000% 



epoch [53 0] from [60 5]
training time per iterations 2.566234[ms]
testing
testing done
network success rate top1 84.564316% 82.780083% 
network success rate top5 100.000000% 100.000000% 



epoch [53 1] from [60 5]
training time per iterations 2.113015[ms]
testing
testing done
network success rate top1 83.858925% 82.987549% 
network success rate top5 100.000000% 100.000000% 



epoch [53 2] from [60 5]
training time per iterations 2.079203[ms]
testing
testing done
network success rate top1 84.730293% 83.983406% 
network success rate top5 100.000000% 100.000000% 



epoch [53 3] from [60 5]
training time per iterations 1.939324[ms]
testing
testing done
network success rate top1 84.232368% 83.817429% 
network success rate top5 100.000000% 100.000000% 



epoch [53 4] from [60 5]
training time per iterations 2.339972[ms]
testing
testing done
network success rate top1 84.107887% 83.817429% 
network success rate top5 100.000000% 100.000000% 



epoch [54 0] from [60 5]
training time per iterations 2.509264[ms]
testing
testing done
network success rate top1 83.983406% 85.186722% 
network success rate top5 100.000000% 100.000000% 



epoch [54 1] from [60 5]
training time per iterations 2.256600[ms]
testing
testing done
network success rate top1 84.190872% 82.863068% 
network success rate top5 100.000000% 100.000000% 



epoch [54 2] from [60 5]
training time per iterations 2.450208[ms]
testing
testing done
network success rate top1 84.647301% 83.443985% 
network success rate top5 100.000000% 100.000000% 



epoch [54 3] from [60 5]
training time per iterations 1.857805[ms]
testing
testing done
network success rate top1 84.107887% 84.896263% 
network success rate top5 100.000000% 100.000000% 



epoch [54 4] from [60 5]
training time per iterations 1.969893[ms]
testing
testing done
network success rate top1 84.605812% 82.614105% 
network success rate top5 100.000000% 100.000000% 



epoch [55 0] from [60 5]
training time per iterations 1.853868[ms]
testing
testing done
network success rate top1 83.900414% 83.360992% 
network success rate top5 100.000000% 100.000000% 



epoch [55 1] from [60 5]
training time per iterations 1.845067[ms]
testing
testing done
network success rate top1 84.439835% 84.522820% 
network success rate top5 100.000000% 100.000000% 



epoch [55 2] from [60 5]
training time per iterations 1.964567[ms]
testing
testing done
network success rate top1 83.941910% 84.771782% 
network success rate top5 100.000000% 100.000000% 



epoch [55 3] from [60 5]
training time per iterations 1.865910[ms]
testing
testing done
network success rate top1 83.858925% 83.153526% 
network success rate top5 100.000000% 100.000000% 



epoch [55 4] from [60 5]
training time per iterations 1.841593[ms]
testing
testing done
network success rate top1 84.481331% 83.858925% 
network success rate top5 100.000000% 100.000000% 



epoch [56 0] from [60 5]
training time per iterations 1.981473[ms]
testing
testing done
network success rate top1 83.900414% 83.402489% 
network success rate top5 100.000000% 100.000000% 



epoch [56 1] from [60 5]
training time per iterations 1.858268[ms]
testing
testing done
network success rate top1 84.896263% 83.195023% 
network success rate top5 100.000000% 100.000000% 



epoch [56 2] from [60 5]
training time per iterations 1.984484[ms]
testing
testing done
network success rate top1 85.062241% 84.315353% 
network success rate top5 100.000000% 100.000000% 
saving best net in top 1
best net saved to networks/mars_net_0/trained/, with success rate 85.062241%



epoch [56 3] from [60 5]
training time per iterations 1.855025[ms]
testing
testing done
network success rate top1 84.273857% 83.900414% 
network success rate top5 100.000000% 100.000000% 



epoch [56 4] from [60 5]
training time per iterations 1.856183[ms]
testing
testing done
network success rate top1 83.941910% 81.742737% 
network success rate top5 100.000000% 100.000000% 



epoch [57 0] from [60 5]
training time per iterations 1.968272[ms]
testing
testing done
network success rate top1 84.605812% 84.066391% 
network success rate top5 100.000000% 100.000000% 



epoch [57 1] from [60 5]
training time per iterations 1.859426[ms]
testing
testing done
network success rate top1 84.937759% 84.232368% 
network success rate top5 100.000000% 100.000000% 



epoch [57 2] from [60 5]
training time per iterations 1.973830[ms]
testing
testing done
network success rate top1 84.481331% 83.070541% 
network success rate top5 100.000000% 100.000000% 



epoch [57 3] from [60 5]
training time per iterations 1.853173[ms]
testing
testing done
network success rate top1 84.605812% 82.904564% 
network success rate top5 100.000000% 100.000000% 



epoch [57 4] from [60 5]
training time per iterations 1.853636[ms]
testing
testing done
network success rate top1 85.186722% 84.605812% 
network success rate top5 100.000000% 100.000000% 
saving best net in top 1
best net saved to networks/mars_net_0/trained/, with success rate 85.186722%



epoch [58 0] from [60 5]
training time per iterations 1.968504[ms]
testing
testing done
network success rate top1 84.564316% 82.572617% 
network success rate top5 100.000000% 100.000000% 



epoch [58 1] from [60 5]
training time per iterations 1.920565[ms]
testing
testing done
network success rate top1 84.688797% 84.273857% 
network success rate top5 100.000000% 100.000000% 



epoch [58 2] from [60 5]
training time per iterations 1.917091[ms]
testing
testing done
network success rate top1 84.439835% 84.605812% 
network success rate top5 100.000000% 100.000000% 



epoch [58 3] from [60 5]
training time per iterations 1.982168[ms]
testing
testing done
network success rate top1 84.564316% 84.813278% 
network success rate top5 100.000000% 100.000000% 



epoch [58 4] from [60 5]
training time per iterations 1.853868[ms]
testing
testing done
network success rate top1 84.688797% 82.697098% 
network success rate top5 100.000000% 100.000000% 



epoch [59 0] from [60 5]
training time per iterations 1.969662[ms]
testing
testing done
network success rate top1 84.688797% 84.273857% 
network success rate top5 100.000000% 100.000000% 



epoch [59 1] from [60 5]
training time per iterations 1.852015[ms]
testing
testing done
network success rate top1 84.771782% 83.858925% 
network success rate top5 100.000000% 100.000000% 



epoch [59 2] from [60 5]
training time per iterations 1.854099[ms]
testing
testing done
network success rate top1 83.485474% 82.904564% 
network success rate top5 100.000000% 100.000000% 



epoch [59 3] from [60 5]
training time per iterations 1.968272[ms]
testing
testing done
network success rate top1 84.564316% 84.066391% 
network success rate top5 100.000000% 100.000000% 



epoch [59 4] from [60 5]
training time per iterations 1.854794[ms]
testing
testing done
network success rate top1 84.481331% 85.809128% 
network success rate top5 100.000000% 100.000000% 
setting learning rate to 0.000031
training done
