initializing
training size    : 72151
testing size     : 7853
epoch count      : 60
sub epoch size   : 5

epoch_learning_rate_decay   : 15
learning_rate_decay         : 0.500000
batch size                  : 37750

training



epoch [0 0] from [60 5]
training time per iterations 1.320651[ms]
testing
testing done
network success rate top1 91.773842% 91.824783% 
network success rate top5 100.000000% 100.000000% 
saving best net in top 1
best net saved to networks/path_net_2/trained/, with success rate 91.773842%



epoch [0 1] from [60 5]
training time per iterations 1.316563[ms]
testing
testing done
network success rate top1 92.996307% 92.537880% 
network success rate top5 100.000000% 100.000000% 
saving best net in top 1
best net saved to networks/path_net_2/trained/, with success rate 92.996307%



epoch [0 2] from [60 5]
training time per iterations 1.406237[ms]
testing
testing done
network success rate top1 93.200050% 92.945374% 
network success rate top5 100.000000% 100.000000% 
saving best net in top 1
best net saved to networks/path_net_2/trained/, with success rate 93.200050%



epoch [0 3] from [60 5]
training time per iterations 1.324186[ms]
testing
testing done
network success rate top1 94.473450% 94.409782% 
network success rate top5 100.000000% 100.000000% 
saving best net in top 1
best net saved to networks/path_net_2/trained/, with success rate 94.473450%



epoch [0 4] from [60 5]
training time per iterations 1.316216[ms]
testing
testing done
network success rate top1 94.600792% 93.824013% 
network success rate top5 100.000000% 100.000000% 
saving best net in top 1
best net saved to networks/path_net_2/trained/, with success rate 94.600792%



epoch [1 0] from [60 5]
training time per iterations 1.408316[ms]
testing
testing done
network success rate top1 94.537117% 94.537117% 
network success rate top5 100.000000% 100.000000% 



epoch [1 1] from [60 5]
training time per iterations 1.314137[ms]
testing
testing done
network success rate top1 94.868202% 94.155098% 
network success rate top5 100.000000% 100.000000% 
saving best net in top 1
best net saved to networks/path_net_2/trained/, with success rate 94.868202%



epoch [1 2] from [60 5]
training time per iterations 1.407277[ms]
testing
testing done
network success rate top1 95.135620% 94.397049% 
network success rate top5 100.000000% 100.000000% 
saving best net in top 1
best net saved to networks/path_net_2/trained/, with success rate 95.135620%



epoch [1 3] from [60 5]
training time per iterations 1.313999[ms]
testing
testing done
network success rate top1 95.173820% 94.779068% 
network success rate top5 100.000000% 100.000000% 
saving best net in top 1
best net saved to networks/path_net_2/trained/, with success rate 95.173820%



epoch [1 4] from [60 5]
training time per iterations 1.317602[ms]
testing
testing done
network success rate top1 94.384315% 93.785812% 
network success rate top5 100.000000% 100.000000% 



epoch [2 0] from [60 5]
training time per iterations 1.412613[ms]
testing
testing done
network success rate top1 94.855469% 94.855469% 
network success rate top5 100.000000% 100.000000% 



epoch [2 1] from [60 5]
training time per iterations 1.319889[ms]
testing
testing done
network success rate top1 94.766335% 95.122887% 
network success rate top5 100.000000% 100.000000% 



epoch [2 2] from [60 5]
training time per iterations 1.313514[ms]
testing
testing done
network success rate top1 95.135620% 94.982811% 
network success rate top5 100.000000% 100.000000% 



epoch [2 3] from [60 5]
training time per iterations 1.399931[ms]
testing
testing done
network success rate top1 95.122887% 94.766335% 
network success rate top5 100.000000% 100.000000% 



epoch [2 4] from [60 5]
training time per iterations 1.305821[ms]
testing
testing done
network success rate top1 95.543106% 95.823250% 
network success rate top5 100.000000% 100.000000% 
saving best net in top 1
best net saved to networks/path_net_2/trained/, with success rate 95.543106%



epoch [3 0] from [60 5]
training time per iterations 1.407900[ms]
testing
testing done
network success rate top1 95.657707% 95.441231% 
network success rate top5 100.000000% 100.000000% 
saving best net in top 1
best net saved to networks/path_net_2/trained/, with success rate 95.657707%



epoch [3 1] from [60 5]
training time per iterations 1.306791[ms]
testing
testing done
network success rate top1 95.581306% 95.288422% 
network success rate top5 100.000000% 100.000000% 



epoch [3 2] from [60 5]
training time per iterations 1.315107[ms]
testing
testing done
network success rate top1 95.619507% 95.644974% 
network success rate top5 100.000000% 100.000000% 



epoch [3 3] from [60 5]
training time per iterations 1.404019[ms]
testing
testing done
network success rate top1 95.046478% 95.212021% 
network success rate top5 100.000000% 100.000000% 



epoch [3 4] from [60 5]
training time per iterations 1.312890[ms]
testing
testing done
network success rate top1 95.772316% 95.479431% 
network success rate top5 100.000000% 100.000000% 
saving best net in top 1
best net saved to networks/path_net_2/trained/, with success rate 95.772316%



epoch [4 0] from [60 5]
training time per iterations 1.402633[ms]
testing
testing done
network success rate top1 95.835983% 95.479431% 
network success rate top5 100.000000% 100.000000% 
saving best net in top 1
best net saved to networks/path_net_2/trained/, with success rate 95.835983%



epoch [4 1] from [60 5]
training time per iterations 1.317810[ms]
testing
testing done
network success rate top1 95.861458% 95.670441% 
network success rate top5 100.000000% 100.000000% 
saving best net in top 1
best net saved to networks/path_net_2/trained/, with success rate 95.861458%



epoch [4 2] from [60 5]
training time per iterations 1.320859[ms]
testing
testing done
network success rate top1 94.995544% 95.250221% 
network success rate top5 100.000000% 100.000000% 



epoch [4 3] from [60 5]
training time per iterations 1.406514[ms]
testing
testing done
network success rate top1 95.874191% 95.899658% 
network success rate top5 100.000000% 100.000000% 
saving best net in top 1
best net saved to networks/path_net_2/trained/, with success rate 95.874191%



epoch [4 4] from [60 5]
training time per iterations 1.311227[ms]
testing
testing done
network success rate top1 96.077934% 96.116135% 
network success rate top5 100.000000% 100.000000% 
saving best net in top 1
best net saved to networks/path_net_2/trained/, with success rate 96.077934%



epoch [5 0] from [60 5]
training time per iterations 1.319612[ms]
testing
testing done
network success rate top1 96.065201% 95.874191% 
network success rate top5 100.000000% 100.000000% 



epoch [5 1] from [60 5]
training time per iterations 1.400416[ms]
testing
testing done
network success rate top1 95.937859% 95.390297% 
network success rate top5 100.000000% 100.000000% 



epoch [5 2] from [60 5]
training time per iterations 1.319404[ms]
testing
testing done
network success rate top1 95.797783% 95.453964% 
network success rate top5 100.000000% 100.000000% 



epoch [5 3] from [60 5]
training time per iterations 1.408870[ms]
testing
testing done
network success rate top1 96.179802% 96.039726% 
network success rate top5 100.000000% 100.000000% 
saving best net in top 1
best net saved to networks/path_net_2/trained/, with success rate 96.179802%



epoch [5 4] from [60 5]
training time per iterations 1.312335[ms]
testing
testing done
network success rate top1 96.179802% 96.307144% 
network success rate top5 100.000000% 100.000000% 



epoch [6 0] from [60 5]
training time per iterations 1.312613[ms]
testing
testing done
network success rate top1 95.874191% 95.644974% 
network success rate top5 100.000000% 100.000000% 



epoch [6 1] from [60 5]
training time per iterations 1.410880[ms]
testing
testing done
network success rate top1 96.141602% 96.192535% 
network success rate top5 100.000000% 100.000000% 



epoch [6 2] from [60 5]
training time per iterations 1.317394[ms]
testing
testing done
network success rate top1 94.919136% 95.110146% 
network success rate top5 100.000000% 100.000000% 



epoch [6 3] from [60 5]
training time per iterations 1.314553[ms]
testing
testing done
network success rate top1 95.415764% 95.237488% 
network success rate top5 100.000000% 100.000000% 



epoch [6 4] from [60 5]
training time per iterations 1.410395[ms]
testing
testing done
network success rate top1 95.339363% 95.441231% 
network success rate top5 100.000000% 100.000000% 



epoch [7 0] from [60 5]
training time per iterations 1.312890[ms]
testing
testing done
network success rate top1 96.230743% 96.243477% 
network success rate top5 100.000000% 100.000000% 
saving best net in top 1
best net saved to networks/path_net_2/trained/, with success rate 96.230743%



epoch [7 1] from [60 5]
training time per iterations 1.400277[ms]
testing
testing done
network success rate top1 96.459953% 96.510887% 
network success rate top5 100.000000% 100.000000% 
saving best net in top 1
best net saved to networks/path_net_2/trained/, with success rate 96.459953%



epoch [7 2] from [60 5]
training time per iterations 1.318572[ms]
testing
testing done
network success rate top1 95.797783% 96.039726% 
network success rate top5 100.000000% 100.000000% 



epoch [7 3] from [60 5]
training time per iterations 1.311573[ms]
testing
testing done
network success rate top1 95.555840% 95.581306% 
network success rate top5 100.000000% 100.000000% 



epoch [7 4] from [60 5]
training time per iterations 1.410811[ms]
testing
testing done
network success rate top1 96.077934% 95.785049% 
network success rate top5 100.000000% 100.000000% 



epoch [8 0] from [60 5]
training time per iterations 1.315454[ms]
testing
testing done
network success rate top1 95.950592% 96.409019% 
network success rate top5 100.000000% 100.000000% 



epoch [8 1] from [60 5]
training time per iterations 1.407415[ms]
testing
testing done
network success rate top1 96.421753% 96.243477% 
network success rate top5 100.000000% 100.000000% 



epoch [8 2] from [60 5]
training time per iterations 1.310534[ms]
testing
testing done
network success rate top1 96.103401% 95.861458% 
network success rate top5 100.000000% 100.000000% 



epoch [8 3] from [60 5]
training time per iterations 1.317672[ms]
testing
testing done
network success rate top1 96.065201% 96.256210% 
network success rate top5 100.000000% 100.000000% 



epoch [8 4] from [60 5]
training time per iterations 1.408455[ms]
testing
testing done
network success rate top1 96.727364% 96.561821% 
network success rate top5 100.000000% 100.000000% 
saving best net in top 1
best net saved to networks/path_net_2/trained/, with success rate 96.727364%



epoch [9 0] from [60 5]
training time per iterations 1.311157[ms]
testing
testing done
network success rate top1 96.319878% 95.746849% 
network success rate top5 100.000000% 100.000000% 



epoch [9 1] from [60 5]
training time per iterations 1.312751[ms]
testing
testing done
network success rate top1 96.154335% 95.581306% 
network success rate top5 100.000000% 100.000000% 



epoch [9 2] from [60 5]
training time per iterations 1.406722[ms]
testing
testing done
network success rate top1 96.574554% 96.383545% 
network success rate top5 100.000000% 100.000000% 



epoch [9 3] from [60 5]
training time per iterations 1.312197[ms]
testing
testing done
network success rate top1 96.014259% 95.632240% 
network success rate top5 100.000000% 100.000000% 



epoch [9 4] from [60 5]
training time per iterations 1.405752[ms]
testing
testing done
network success rate top1 96.345345% 96.154335% 
network success rate top5 100.000000% 100.000000% 



epoch [10 0] from [60 5]
training time per iterations 1.314761[ms]
testing
testing done
network success rate top1 96.116135% 96.230743% 
network success rate top5 100.000000% 100.000000% 



epoch [10 1] from [60 5]
training time per iterations 1.313583[ms]
testing
testing done
network success rate top1 96.294411% 96.090668% 
network success rate top5 100.000000% 100.000000% 



epoch [10 2] from [60 5]
training time per iterations 1.404435[ms]
testing
testing done
network success rate top1 96.205269% 96.167068% 
network success rate top5 100.000000% 100.000000% 



epoch [10 3] from [60 5]
training time per iterations 1.316563[ms]
testing
testing done
network success rate top1 96.447220% 96.689163% 
network success rate top5 100.000000% 100.000000% 



epoch [10 4] from [60 5]
training time per iterations 1.409494[ms]
testing
testing done
network success rate top1 96.829239% 96.574554% 
network success rate top5 100.000000% 100.000000% 
saving best net in top 1
best net saved to networks/path_net_2/trained/, with success rate 96.829239%



epoch [11 0] from [60 5]
training time per iterations 1.314414[ms]
testing
testing done
network success rate top1 95.161087% 94.842735% 
network success rate top5 100.000000% 100.000000% 



epoch [11 1] from [60 5]
training time per iterations 1.318226[ms]
testing
testing done
network success rate top1 96.332611% 96.243477% 
network success rate top5 100.000000% 100.000000% 



epoch [11 2] from [60 5]
training time per iterations 1.408247[ms]
testing
testing done
network success rate top1 96.561821% 96.358078% 
network success rate top5 100.000000% 100.000000% 



epoch [11 3] from [60 5]
training time per iterations 1.318988[ms]
testing
testing done
network success rate top1 96.791039% 96.294411% 
network success rate top5 100.000000% 100.000000% 



epoch [11 4] from [60 5]
training time per iterations 1.321206[ms]
testing
testing done
network success rate top1 96.459953% 96.230743% 
network success rate top5 100.000000% 100.000000% 



epoch [12 0] from [60 5]
training time per iterations 1.402911[ms]
testing
testing done
network success rate top1 95.568573% 95.135620% 
network success rate top5 100.000000% 100.000000% 



epoch [12 1] from [60 5]
training time per iterations 1.314553[ms]
testing
testing done
network success rate top1 96.638229% 96.803772% 
network success rate top5 100.000000% 100.000000% 



epoch [12 2] from [60 5]
training time per iterations 1.402564[ms]
testing
testing done
network success rate top1 96.167068% 96.192535% 
network success rate top5 100.000000% 100.000000% 



epoch [12 3] from [60 5]
training time per iterations 1.318919[ms]
testing
testing done
network success rate top1 96.791039% 96.727364% 
network success rate top5 100.000000% 100.000000% 



epoch [12 4] from [60 5]
training time per iterations 1.315870[ms]
testing
testing done
network success rate top1 95.644974% 95.021011% 
network success rate top5 100.000000% 100.000000% 



epoch [13 0] from [60 5]
training time per iterations 1.407277[ms]
testing
testing done
network success rate top1 96.612762% 96.434486% 
network success rate top5 100.000000% 100.000000% 



epoch [13 1] from [60 5]
training time per iterations 1.308870[ms]
testing
testing done
network success rate top1 96.549088% 96.587288% 
network success rate top5 100.000000% 100.000000% 



epoch [13 2] from [60 5]
training time per iterations 1.320097[ms]
testing
testing done
network success rate top1 96.574554% 96.536354% 
network success rate top5 100.000000% 100.000000% 



epoch [13 3] from [60 5]
training time per iterations 1.399931[ms]
testing
testing done
network success rate top1 96.892906% 96.676430% 
network success rate top5 100.000000% 100.000000% 
saving best net in top 1
best net saved to networks/path_net_2/trained/, with success rate 96.892906%



epoch [13 4] from [60 5]
training time per iterations 1.325087[ms]
testing
testing done
network success rate top1 96.358078% 96.116135% 
network success rate top5 100.000000% 100.000000% 



epoch [14 0] from [60 5]
training time per iterations 1.404920[ms]
testing
testing done
network success rate top1 96.638229% 96.459953% 
network success rate top5 100.000000% 100.000000% 



epoch [14 1] from [60 5]
training time per iterations 1.321344[ms]
testing
testing done
network success rate top1 97.007515% 96.676430% 
network success rate top5 100.000000% 100.000000% 
saving best net in top 1
best net saved to networks/path_net_2/trained/, with success rate 97.007515%



epoch [14 2] from [60 5]
training time per iterations 1.314068[ms]
testing
testing done
network success rate top1 96.778305% 96.536354% 
network success rate top5 100.000000% 100.000000% 



epoch [14 3] from [60 5]
training time per iterations 1.402703[ms]
testing
testing done
network success rate top1 96.969315% 96.905640% 
network success rate top5 100.000000% 100.000000% 



epoch [14 4] from [60 5]
training time per iterations 1.322453[ms]
testing
testing done
network success rate top1 95.746849% 95.313896% 
network success rate top5 100.000000% 100.000000% 
setting learning rate to 0.000250



epoch [15 0] from [60 5]
training time per iterations 1.403049[ms]
testing
testing done
network success rate top1 96.752831% 96.167068% 
network success rate top5 100.000000% 100.000000% 



epoch [15 1] from [60 5]
training time per iterations 1.321899[ms]
testing
testing done
network success rate top1 96.892906% 96.459953% 
network success rate top5 100.000000% 100.000000% 



epoch [15 2] from [60 5]
training time per iterations 1.316979[ms]
testing
testing done
network success rate top1 96.701897% 96.459953% 
network success rate top5 100.000000% 100.000000% 



epoch [15 3] from [60 5]
training time per iterations 1.403742[ms]
testing
testing done
network success rate top1 96.956573% 96.765564% 
network success rate top5 100.000000% 100.000000% 



epoch [15 4] from [60 5]
training time per iterations 1.319473[ms]
testing
testing done
network success rate top1 96.994781% 97.083916% 
network success rate top5 100.000000% 100.000000% 



epoch [16 0] from [60 5]
training time per iterations 1.313444[ms]
testing
testing done
network success rate top1 96.472687% 96.281677% 
network success rate top5 100.000000% 100.000000% 



epoch [16 1] from [60 5]
training time per iterations 1.406237[ms]
testing
testing done
network success rate top1 96.676430% 96.523621% 
network success rate top5 100.000000% 100.000000% 



epoch [16 2] from [60 5]
training time per iterations 1.314137[ms]
testing
testing done
network success rate top1 96.943840% 96.994781% 
network success rate top5 100.000000% 100.000000% 



epoch [16 3] from [60 5]
training time per iterations 1.403396[ms]
testing
testing done
network success rate top1 96.510887% 96.230743% 
network success rate top5 100.000000% 100.000000% 



epoch [16 4] from [60 5]
training time per iterations 1.315315[ms]
testing
testing done
network success rate top1 96.778305% 96.650963% 
network success rate top5 100.000000% 100.000000% 



epoch [17 0] from [60 5]
training time per iterations 1.316424[ms]
testing
testing done
network success rate top1 96.778305% 96.727364% 
network success rate top5 100.000000% 100.000000% 



epoch [17 1] from [60 5]
training time per iterations 1.405475[ms]
testing
testing done
network success rate top1 96.905640% 96.752831% 
network success rate top5 100.000000% 100.000000% 



epoch [17 2] from [60 5]
training time per iterations 1.322037[ms]
testing
testing done
network success rate top1 96.600029% 96.714630% 
network success rate top5 100.000000% 100.000000% 



epoch [17 3] from [60 5]
training time per iterations 1.399446[ms]
testing
testing done
network success rate top1 96.778305% 96.982048% 
network success rate top5 100.000000% 100.000000% 



epoch [17 4] from [60 5]
training time per iterations 1.318919[ms]
testing
testing done
network success rate top1 96.829239% 96.854706% 
network success rate top5 100.000000% 100.000000% 



epoch [18 0] from [60 5]
training time per iterations 1.313652[ms]
testing
testing done
network success rate top1 96.918373% 97.083916% 
network success rate top5 100.000000% 100.000000% 



epoch [18 1] from [60 5]
training time per iterations 1.409633[ms]
testing
testing done
network success rate top1 96.701897% 96.803772% 
network success rate top5 100.000000% 100.000000% 



epoch [18 2] from [60 5]
training time per iterations 1.317533[ms]
testing
testing done
network success rate top1 96.561821% 95.759583% 
network success rate top5 100.000000% 100.000000% 



epoch [18 3] from [60 5]
training time per iterations 1.321206[ms]
testing
testing done
network success rate top1 96.969315% 96.625496% 
network success rate top5 100.000000% 100.000000% 



epoch [18 4] from [60 5]
training time per iterations 1.407762[ms]
testing
testing done
network success rate top1 97.007515% 96.956573% 
network success rate top5 100.000000% 100.000000% 



epoch [19 0] from [60 5]
training time per iterations 1.315939[ms]
testing
testing done
network success rate top1 97.032982% 96.892906% 
network success rate top5 100.000000% 100.000000% 
saving best net in top 1
best net saved to networks/path_net_2/trained/, with success rate 97.032982%



epoch [19 1] from [60 5]
training time per iterations 1.410672[ms]
testing
testing done
network success rate top1 96.841972% 96.880173% 
network success rate top5 100.000000% 100.000000% 



epoch [19 2] from [60 5]
training time per iterations 1.317533[ms]
testing
testing done
network success rate top1 96.982048% 96.969315% 
network success rate top5 100.000000% 100.000000% 



epoch [19 3] from [60 5]
training time per iterations 1.316632[ms]
testing
testing done
network success rate top1 96.931107% 97.211258% 
network success rate top5 100.000000% 100.000000% 



epoch [19 4] from [60 5]
training time per iterations 1.406861[ms]
testing
testing done
network success rate top1 96.956573% 96.956573% 
network success rate top5 100.000000% 100.000000% 



epoch [20 0] from [60 5]
training time per iterations 1.309563[ms]
testing
testing done
network success rate top1 97.236725% 97.338600% 
network success rate top5 100.000000% 100.000000% 
saving best net in top 1
best net saved to networks/path_net_2/trained/, with success rate 97.236725%



epoch [20 1] from [60 5]
training time per iterations 1.320097[ms]
testing
testing done
network success rate top1 96.943840% 96.383545% 
network success rate top5 100.000000% 100.000000% 



epoch [20 2] from [60 5]
training time per iterations 1.404505[ms]
testing
testing done
network success rate top1 97.007515% 97.427734% 
network success rate top5 100.000000% 100.000000% 



epoch [20 3] from [60 5]
training time per iterations 1.315870[ms]
testing
testing done
network success rate top1 96.956573% 96.740097% 
network success rate top5 100.000000% 100.000000% 



epoch [20 4] from [60 5]
training time per iterations 1.408177[ms]
testing
testing done
network success rate top1 97.122116% 97.020248% 
network success rate top5 100.000000% 100.000000% 



epoch [21 0] from [60 5]
training time per iterations 1.315107[ms]
testing
testing done
network success rate top1 96.892906% 96.918373% 
network success rate top5 100.000000% 100.000000% 



epoch [21 1] from [60 5]
training time per iterations 1.311920[ms]
testing
testing done
network success rate top1 96.880173% 96.714630% 
network success rate top5 100.000000% 100.000000% 



epoch [21 2] from [60 5]
training time per iterations 1.409425[ms]
testing
testing done
network success rate top1 96.918373% 96.689163% 
network success rate top5 100.000000% 100.000000% 



epoch [21 3] from [60 5]
training time per iterations 1.313860[ms]
testing
testing done
network success rate top1 97.007515% 97.122116% 
network success rate top5 100.000000% 100.000000% 



epoch [21 4] from [60 5]
training time per iterations 1.401594[ms]
testing
testing done
network success rate top1 96.969315% 96.740097% 
network success rate top5 100.000000% 100.000000% 



epoch [22 0] from [60 5]
training time per iterations 1.314830[ms]
testing
testing done
network success rate top1 96.498154% 96.281677% 
network success rate top5 100.000000% 100.000000% 



epoch [22 1] from [60 5]
training time per iterations 1.319127[ms]
testing
testing done
network success rate top1 96.689163% 96.396278% 
network success rate top5 100.000000% 100.000000% 



epoch [22 2] from [60 5]
training time per iterations 1.404297[ms]
testing
testing done
network success rate top1 96.625496% 96.689163% 
network success rate top5 100.000000% 100.000000% 



epoch [22 3] from [60 5]
training time per iterations 1.317672[ms]
testing
testing done
network success rate top1 96.485420% 96.625496% 
network success rate top5 100.000000% 100.000000% 



epoch [22 4] from [60 5]
training time per iterations 1.308940[ms]
testing
testing done
network success rate top1 96.549088% 96.778305% 
network success rate top5 100.000000% 100.000000% 



epoch [23 0] from [60 5]
training time per iterations 1.412335[ms]
testing
testing done
network success rate top1 96.740097% 96.943840% 
network success rate top5 100.000000% 100.000000% 



epoch [23 1] from [60 5]
training time per iterations 1.316771[ms]
testing
testing done
network success rate top1 96.459953% 96.268944% 
network success rate top5 100.000000% 100.000000% 



epoch [23 2] from [60 5]
training time per iterations 1.397089[ms]
testing
testing done
network success rate top1 97.262192% 97.071182% 
network success rate top5 100.000000% 100.000000% 
saving best net in top 1
best net saved to networks/path_net_2/trained/, with success rate 97.262192%



epoch [23 3] from [60 5]
training time per iterations 1.317879[ms]
testing
testing done
network success rate top1 97.109383% 96.943840% 
network success rate top5 100.000000% 100.000000% 



epoch [23 4] from [60 5]
training time per iterations 1.316078[ms]
testing
testing done
network success rate top1 96.612762% 96.867439% 
network success rate top5 100.000000% 100.000000% 



epoch [24 0] from [60 5]
training time per iterations 1.402356[ms]
testing
testing done
network success rate top1 97.134850% 96.714630% 
network success rate top5 100.000000% 100.000000% 



epoch [24 1] from [60 5]
training time per iterations 1.310811[ms]
testing
testing done
network success rate top1 96.676430% 96.587288% 
network success rate top5 100.000000% 100.000000% 



epoch [24 2] from [60 5]
training time per iterations 1.403534[ms]
testing
testing done
network success rate top1 96.905640% 96.841972% 
network success rate top5 100.000000% 100.000000% 



epoch [24 3] from [60 5]
training time per iterations 1.320028[ms]
testing
testing done
network success rate top1 96.472687% 96.192535% 
network success rate top5 100.000000% 100.000000% 



epoch [24 4] from [60 5]
training time per iterations 1.306445[ms]
testing
testing done
network success rate top1 96.740097% 96.561821% 
network success rate top5 100.000000% 100.000000% 



epoch [25 0] from [60 5]
training time per iterations 1.401109[ms]
testing
testing done
network success rate top1 97.058449% 96.625496% 
network success rate top5 100.000000% 100.000000% 



epoch [25 1] from [60 5]
training time per iterations 1.316840[ms]
testing
testing done
network success rate top1 96.969315% 97.071182% 
network success rate top5 100.000000% 100.000000% 



epoch [25 2] from [60 5]
training time per iterations 1.309841[ms]
testing
testing done
network success rate top1 97.122116% 97.122116% 
network success rate top5 100.000000% 100.000000% 



epoch [25 3] from [60 5]
training time per iterations 1.406306[ms]
testing
testing done
network success rate top1 97.045715% 97.045715% 
network success rate top5 100.000000% 100.000000% 



epoch [25 4] from [60 5]
training time per iterations 1.313098[ms]
testing
testing done
network success rate top1 96.498154% 96.561821% 
network success rate top5 100.000000% 100.000000% 



epoch [26 0] from [60 5]
training time per iterations 1.404366[ms]
testing
testing done
network success rate top1 96.485420% 95.963326% 
network success rate top5 100.000000% 100.000000% 



epoch [26 1] from [60 5]
training time per iterations 1.315939[ms]
testing
testing done
network success rate top1 97.020248% 96.994781% 
network success rate top5 100.000000% 100.000000% 



epoch [26 2] from [60 5]
training time per iterations 1.307900[ms]
testing
testing done
network success rate top1 96.523621% 96.421753% 
network success rate top5 100.000000% 100.000000% 



epoch [26 3] from [60 5]
training time per iterations 1.410534[ms]
testing
testing done
network success rate top1 96.816505% 96.803772% 
network success rate top5 100.000000% 100.000000% 



epoch [26 4] from [60 5]
training time per iterations 1.305683[ms]
testing
testing done
network success rate top1 96.625496% 96.358078% 
network success rate top5 100.000000% 100.000000% 



epoch [27 0] from [60 5]
training time per iterations 1.311504[ms]
testing
testing done
network success rate top1 97.351334% 97.020248% 
network success rate top5 100.000000% 100.000000% 
saving best net in top 1
best net saved to networks/path_net_2/trained/, with success rate 97.351334%



epoch [27 1] from [60 5]
training time per iterations 1.407831[ms]
testing
testing done
network success rate top1 97.032982% 96.803772% 
network success rate top5 100.000000% 100.000000% 



epoch [27 2] from [60 5]
training time per iterations 1.318365[ms]
testing
testing done
network success rate top1 97.351334% 97.083916% 
network success rate top5 100.000000% 100.000000% 



epoch [27 3] from [60 5]
training time per iterations 1.409494[ms]
testing
testing done
network success rate top1 97.325859% 96.982048% 
network success rate top5 100.000000% 100.000000% 



epoch [27 4] from [60 5]
training time per iterations 1.310742[ms]
testing
testing done
network success rate top1 97.198524% 96.867439% 
network success rate top5 100.000000% 100.000000% 



epoch [28 0] from [60 5]
training time per iterations 1.312128[ms]
testing
testing done
network success rate top1 97.096649% 97.160324% 
network success rate top5 100.000000% 100.000000% 



epoch [28 1] from [60 5]
training time per iterations 1.407484[ms]
testing
testing done
network success rate top1 97.249458% 97.160324% 
network success rate top5 100.000000% 100.000000% 



epoch [28 2] from [60 5]
training time per iterations 1.310949[ms]
testing
testing done
network success rate top1 96.841972% 97.147591% 
network success rate top5 100.000000% 100.000000% 



epoch [28 3] from [60 5]
training time per iterations 1.413583[ms]
testing
testing done
network success rate top1 96.918373% 97.198524% 
network success rate top5 100.000000% 100.000000% 



epoch [28 4] from [60 5]
training time per iterations 1.311088[ms]
testing
testing done
network success rate top1 97.262192% 97.109383% 
network success rate top5 100.000000% 100.000000% 



epoch [29 0] from [60 5]
training time per iterations 1.316147[ms]
testing
testing done
network success rate top1 96.867439% 96.727364% 
network success rate top5 100.000000% 100.000000% 



epoch [29 1] from [60 5]
training time per iterations 1.404019[ms]
testing
testing done
network success rate top1 96.867439% 97.096649% 
network success rate top5 100.000000% 100.000000% 



epoch [29 2] from [60 5]
training time per iterations 1.321137[ms]
testing
testing done
network success rate top1 97.402267% 97.007515% 
network success rate top5 100.000000% 100.000000% 
saving best net in top 1
best net saved to networks/path_net_2/trained/, with success rate 97.402267%



epoch [29 3] from [60 5]
training time per iterations 1.319265[ms]
testing
testing done
network success rate top1 96.689163% 96.854706% 
network success rate top5 100.000000% 100.000000% 



epoch [29 4] from [60 5]
training time per iterations 1.403465[ms]
testing
testing done
network success rate top1 96.905640% 96.676430% 
network success rate top5 100.000000% 100.000000% 
setting learning rate to 0.000125



epoch [30 0] from [60 5]
training time per iterations 1.315870[ms]
testing
testing done
network success rate top1 96.816505% 96.918373% 
network success rate top5 100.000000% 100.000000% 



epoch [30 1] from [60 5]
training time per iterations 1.405405[ms]
testing
testing done
network success rate top1 96.650963% 96.625496% 
network success rate top5 100.000000% 100.000000% 



epoch [30 2] from [60 5]
training time per iterations 1.314137[ms]
testing
testing done
network success rate top1 96.816505% 96.536354% 
network success rate top5 100.000000% 100.000000% 



epoch [30 3] from [60 5]
training time per iterations 1.320929[ms]
testing
testing done
network success rate top1 97.007515% 96.867439% 
network success rate top5 100.000000% 100.000000% 



epoch [30 4] from [60 5]
training time per iterations 1.405752[ms]
testing
testing done
network success rate top1 97.173058% 97.338600% 
network success rate top5 100.000000% 100.000000% 



epoch [31 0] from [60 5]
training time per iterations 1.320582[ms]
testing
testing done
network success rate top1 97.364067% 97.313126% 
network success rate top5 100.000000% 100.000000% 



epoch [31 1] from [60 5]
training time per iterations 1.406445[ms]
testing
testing done
network success rate top1 97.058449% 96.867439% 
network success rate top5 100.000000% 100.000000% 



epoch [31 2] from [60 5]
training time per iterations 1.311642[ms]
testing
testing done
network success rate top1 96.676430% 97.020248% 
network success rate top5 100.000000% 100.000000% 



epoch [31 3] from [60 5]
training time per iterations 1.315385[ms]
testing
testing done
network success rate top1 97.134850% 96.778305% 
network success rate top5 100.000000% 100.000000% 



epoch [31 4] from [60 5]
training time per iterations 1.399307[ms]
testing
testing done
network success rate top1 96.829239% 96.676430% 
network success rate top5 100.000000% 100.000000% 



epoch [32 0] from [60 5]
training time per iterations 1.314969[ms]
testing
testing done
network success rate top1 97.173058% 96.752831% 
network success rate top5 100.000000% 100.000000% 



epoch [32 1] from [60 5]
training time per iterations 1.316078[ms]
testing
testing done
network success rate top1 97.440468% 97.287659% 
network success rate top5 100.000000% 100.000000% 
saving best net in top 1
best net saved to networks/path_net_2/trained/, with success rate 97.440468%



epoch [32 2] from [60 5]
training time per iterations 1.407138[ms]
testing
testing done
network success rate top1 97.440468% 97.058449% 
network success rate top5 100.000000% 100.000000% 



epoch [32 3] from [60 5]
training time per iterations 1.316008[ms]
testing
testing done
network success rate top1 97.427734% 97.376801% 
network success rate top5 100.000000% 100.000000% 



epoch [32 4] from [60 5]
training time per iterations 1.405405[ms]
testing
testing done
network success rate top1 97.376801% 97.249458% 
network success rate top5 100.000000% 100.000000% 



epoch [33 0] from [60 5]
training time per iterations 1.328067[ms]
testing
testing done
network success rate top1 96.867439% 97.313126% 
network success rate top5 100.000000% 100.000000% 



epoch [33 1] from [60 5]
training time per iterations 1.312821[ms]
testing
testing done
network success rate top1 97.185791% 97.109383% 
network success rate top5 100.000000% 100.000000% 



epoch [33 2] from [60 5]
training time per iterations 1.408524[ms]
testing
testing done
network success rate top1 97.020248% 96.982048% 
network success rate top5 100.000000% 100.000000% 



epoch [33 3] from [60 5]
training time per iterations 1.324463[ms]
testing
testing done
network success rate top1 97.223991% 97.720619% 
network success rate top5 100.000000% 100.000000% 



epoch [33 4] from [60 5]
training time per iterations 1.317464[ms]
testing
testing done
network success rate top1 97.160324% 96.969315% 
network success rate top5 100.000000% 100.000000% 



epoch [34 0] from [60 5]
training time per iterations 1.407970[ms]
testing
testing done
network success rate top1 97.313126% 97.287659% 
network success rate top5 100.000000% 100.000000% 



epoch [34 1] from [60 5]
training time per iterations 1.315038[ms]
testing
testing done
network success rate top1 97.338600% 97.504135% 
network success rate top5 100.000000% 100.000000% 



epoch [34 2] from [60 5]
training time per iterations 1.401663[ms]
testing
testing done
network success rate top1 97.402267% 97.364067% 
network success rate top5 100.000000% 100.000000% 



epoch [34 3] from [60 5]
training time per iterations 1.322453[ms]
testing
testing done
network success rate top1 97.211258% 97.185791% 
network success rate top5 100.000000% 100.000000% 



epoch [34 4] from [60 5]
training time per iterations 1.312751[ms]
testing
testing done
network success rate top1 97.071182% 96.791039% 
network success rate top5 100.000000% 100.000000% 



epoch [35 0] from [60 5]
training time per iterations 1.411573[ms]
testing
testing done
network success rate top1 96.612762% 96.383545% 
network success rate top5 100.000000% 100.000000% 



epoch [35 1] from [60 5]
training time per iterations 1.315385[ms]
testing
testing done
network success rate top1 97.402267% 96.701897% 
network success rate top5 100.000000% 100.000000% 



epoch [35 2] from [60 5]
training time per iterations 1.400000[ms]
testing
testing done
network success rate top1 96.918373% 96.701897% 
network success rate top5 100.000000% 100.000000% 



epoch [35 3] from [60 5]
training time per iterations 1.312543[ms]
testing
testing done
network success rate top1 97.389534% 97.389534% 
network success rate top5 100.000000% 100.000000% 



epoch [35 4] from [60 5]
training time per iterations 1.315939[ms]
testing
testing done
network success rate top1 97.147591% 96.778305% 
network success rate top5 100.000000% 100.000000% 



epoch [36 0] from [60 5]
training time per iterations 1.411504[ms]
testing
testing done
network success rate top1 96.982048% 96.982048% 
network success rate top5 100.000000% 100.000000% 



epoch [36 1] from [60 5]
training time per iterations 1.313860[ms]
testing
testing done
network success rate top1 97.364067% 97.083916% 
network success rate top5 100.000000% 100.000000% 



epoch [36 2] from [60 5]
training time per iterations 1.321344[ms]
testing
testing done
network success rate top1 97.223991% 96.943840% 
network success rate top5 100.000000% 100.000000% 



epoch [36 3] from [60 5]
training time per iterations 1.403188[ms]
testing
testing done
network success rate top1 97.045715% 96.905640% 
network success rate top5 100.000000% 100.000000% 



epoch [36 4] from [60 5]
training time per iterations 1.316493[ms]
testing
testing done
network success rate top1 96.816505% 97.007515% 
network success rate top5 100.000000% 100.000000% 



epoch [37 0] from [60 5]
training time per iterations 1.412266[ms]
testing
testing done
network success rate top1 97.173058% 96.982048% 
network success rate top5 100.000000% 100.000000% 



epoch [37 1] from [60 5]
training time per iterations 1.312197[ms]
testing
testing done
network success rate top1 96.892906% 96.829239% 
network success rate top5 100.000000% 100.000000% 



epoch [37 2] from [60 5]
training time per iterations 1.312197[ms]
testing
testing done
network success rate top1 97.338600% 96.982048% 
network success rate top5 100.000000% 100.000000% 



epoch [37 3] from [60 5]
training time per iterations 1.406930[ms]
testing
testing done
network success rate top1 97.058449% 97.122116% 
network success rate top5 100.000000% 100.000000% 



epoch [37 4] from [60 5]
training time per iterations 1.315939[ms]
testing
testing done
network success rate top1 97.402267% 97.606010% 
network success rate top5 100.000000% 100.000000% 



epoch [38 0] from [60 5]
training time per iterations 1.413999[ms]
testing
testing done
network success rate top1 97.351334% 97.516876% 
network success rate top5 100.000000% 100.000000% 



epoch [38 1] from [60 5]
training time per iterations 1.311573[ms]
testing
testing done
network success rate top1 97.465935% 96.765564% 
network success rate top5 100.000000% 100.000000% 
saving best net in top 1
best net saved to networks/path_net_2/trained/, with success rate 97.465935%



epoch [38 2] from [60 5]
training time per iterations 1.313375[ms]
testing
testing done
network success rate top1 96.892906% 96.956573% 
network success rate top5 100.000000% 100.000000% 



epoch [38 3] from [60 5]
training time per iterations 1.401455[ms]
testing
testing done
network success rate top1 97.338600% 96.982048% 
network success rate top5 100.000000% 100.000000% 



epoch [38 4] from [60 5]
training time per iterations 1.318711[ms]
testing
testing done
network success rate top1 97.338600% 97.262192% 
network success rate top5 100.000000% 100.000000% 



epoch [39 0] from [60 5]
training time per iterations 1.314553[ms]
testing
testing done
network success rate top1 97.300392% 96.994781% 
network success rate top5 100.000000% 100.000000% 



epoch [39 1] from [60 5]
training time per iterations 1.401871[ms]
testing
testing done
network success rate top1 97.007515% 96.969315% 
network success rate top5 100.000000% 100.000000% 



epoch [39 2] from [60 5]
training time per iterations 1.319335[ms]
testing
testing done
network success rate top1 97.440468% 97.300392% 
network success rate top5 100.000000% 100.000000% 



epoch [39 3] from [60 5]
training time per iterations 1.406653[ms]
testing
testing done
network success rate top1 97.440468% 97.364067% 
network success rate top5 100.000000% 100.000000% 



epoch [39 4] from [60 5]
training time per iterations 1.312335[ms]
testing
testing done
network success rate top1 97.096649% 97.032982% 
network success rate top5 100.000000% 100.000000% 



epoch [40 0] from [60 5]
training time per iterations 1.315939[ms]
testing
testing done
network success rate top1 97.555077% 97.427734% 
network success rate top5 100.000000% 100.000000% 
saving best net in top 1
best net saved to networks/path_net_2/trained/, with success rate 97.555077%



epoch [40 1] from [60 5]
training time per iterations 1.399515[ms]
testing
testing done
network success rate top1 97.555077% 97.300392% 
network success rate top5 100.000000% 100.000000% 



epoch [40 2] from [60 5]
training time per iterations 1.309286[ms]
testing
testing done
network success rate top1 97.109383% 96.943840% 
network success rate top5 100.000000% 100.000000% 



epoch [40 3] from [60 5]
training time per iterations 1.320513[ms]
testing
testing done
network success rate top1 97.185791% 96.880173% 
network success rate top5 100.000000% 100.000000% 



epoch [40 4] from [60 5]
training time per iterations 1.403812[ms]
testing
testing done
network success rate top1 97.223991% 96.892906% 
network success rate top5 100.000000% 100.000000% 



epoch [41 0] from [60 5]
training time per iterations 1.325295[ms]
testing
testing done
network success rate top1 97.478668% 97.287659% 
network success rate top5 100.000000% 100.000000% 



epoch [41 1] from [60 5]
training time per iterations 1.403881[ms]
testing
testing done
network success rate top1 97.478668% 97.185791% 
network success rate top5 100.000000% 100.000000% 



epoch [41 2] from [60 5]
training time per iterations 1.322384[ms]
testing
testing done
network success rate top1 97.071182% 97.682411% 
network success rate top5 100.000000% 100.000000% 



epoch [41 3] from [60 5]
training time per iterations 1.314414[ms]
testing
testing done
network success rate top1 97.122116% 97.211258% 
network success rate top5 100.000000% 100.000000% 



epoch [41 4] from [60 5]
training time per iterations 1.402980[ms]
testing
testing done
network success rate top1 97.325859% 97.338600% 
network success rate top5 100.000000% 100.000000% 



epoch [42 0] from [60 5]
training time per iterations 1.318572[ms]
testing
testing done
network success rate top1 97.032982% 97.211258% 
network success rate top5 100.000000% 100.000000% 



epoch [42 1] from [60 5]
training time per iterations 1.407970[ms]
testing
testing done
network success rate top1 97.631477% 97.415001% 
network success rate top5 100.000000% 100.000000% 
saving best net in top 1
best net saved to networks/path_net_2/trained/, with success rate 97.631477%



epoch [42 2] from [60 5]
training time per iterations 1.318365[ms]
testing
testing done
network success rate top1 97.262192% 97.134850% 
network success rate top5 100.000000% 100.000000% 



epoch [42 3] from [60 5]
training time per iterations 1.320097[ms]
testing
testing done
network success rate top1 97.364067% 97.134850% 
network success rate top5 100.000000% 100.000000% 



epoch [42 4] from [60 5]
training time per iterations 1.401386[ms]
testing
testing done
network success rate top1 97.618744% 97.440468% 
network success rate top5 100.000000% 100.000000% 



epoch [43 0] from [60 5]
training time per iterations 1.318503[ms]
testing
testing done
network success rate top1 97.478668% 97.415001% 
network success rate top5 100.000000% 100.000000% 



epoch [43 1] from [60 5]
training time per iterations 1.315662[ms]
testing
testing done
network success rate top1 97.542343% 97.134850% 
network success rate top5 100.000000% 100.000000% 



epoch [43 2] from [60 5]
training time per iterations 1.410256[ms]
testing
testing done
network success rate top1 97.555077% 97.313126% 
network success rate top5 100.000000% 100.000000% 



epoch [43 3] from [60 5]
training time per iterations 1.311296[ms]
testing
testing done
network success rate top1 97.045715% 96.854706% 
network success rate top5 100.000000% 100.000000% 



epoch [43 4] from [60 5]
training time per iterations 1.416979[ms]
testing
testing done
network success rate top1 97.376801% 97.032982% 
network success rate top5 100.000000% 100.000000% 



epoch [44 0] from [60 5]
training time per iterations 1.316909[ms]
testing
testing done
network success rate top1 97.083916% 96.803772% 
network success rate top5 100.000000% 100.000000% 



epoch [44 1] from [60 5]
training time per iterations 1.319058[ms]
testing
testing done
network success rate top1 97.415001% 97.287659% 
network success rate top5 100.000000% 100.000000% 



epoch [44 2] from [60 5]
training time per iterations 1.410672[ms]
testing
testing done
network success rate top1 97.529610% 97.695145% 
network success rate top5 100.000000% 100.000000% 



epoch [44 3] from [60 5]
training time per iterations 1.311573[ms]
testing
testing done
network success rate top1 96.994781% 97.032982% 
network success rate top5 100.000000% 100.000000% 



epoch [44 4] from [60 5]
training time per iterations 1.405059[ms]
testing
testing done
network success rate top1 97.313126% 97.338600% 
network success rate top5 100.000000% 100.000000% 
setting learning rate to 0.000063



epoch [45 0] from [60 5]
training time per iterations 1.315870[ms]
testing
testing done
network success rate top1 97.389534% 97.173058% 
network success rate top5 100.000000% 100.000000% 



epoch [45 1] from [60 5]
training time per iterations 1.312058[ms]
testing
testing done
network success rate top1 97.402267% 97.262192% 
network success rate top5 100.000000% 100.000000% 



epoch [45 2] from [60 5]
training time per iterations 1.402703[ms]
testing
testing done
network success rate top1 97.580544% 97.262192% 
network success rate top5 100.000000% 100.000000% 



epoch [45 3] from [60 5]
training time per iterations 1.314761[ms]
testing
testing done
network success rate top1 97.491402% 97.147591% 
network success rate top5 100.000000% 100.000000% 



epoch [45 4] from [60 5]
training time per iterations 1.316078[ms]
testing
testing done
network success rate top1 97.465935% 97.185791% 
network success rate top5 100.000000% 100.000000% 



epoch [46 0] from [60 5]
training time per iterations 1.402980[ms]
testing
testing done
network success rate top1 97.402267% 97.223991% 
network success rate top5 100.000000% 100.000000% 



epoch [46 1] from [60 5]
training time per iterations 1.315315[ms]
testing
testing done
network success rate top1 97.529610% 97.313126% 
network success rate top5 100.000000% 100.000000% 



epoch [46 2] from [60 5]
training time per iterations 1.408177[ms]
testing
testing done
network success rate top1 97.415001% 97.415001% 
network success rate top5 100.000000% 100.000000% 



epoch [46 3] from [60 5]
training time per iterations 1.312613[ms]
testing
testing done
network success rate top1 97.593277% 97.644211% 
network success rate top5 100.000000% 100.000000% 



epoch [46 4] from [60 5]
training time per iterations 1.319612[ms]
testing
testing done
network success rate top1 97.593277% 97.618744% 
network success rate top5 100.000000% 100.000000% 



epoch [47 0] from [60 5]
training time per iterations 1.404920[ms]
testing
testing done
network success rate top1 97.351334% 97.249458% 
network success rate top5 100.000000% 100.000000% 



epoch [47 1] from [60 5]
training time per iterations 1.314207[ms]
testing
testing done
network success rate top1 97.478668% 97.083916% 
network success rate top5 100.000000% 100.000000% 



epoch [47 2] from [60 5]
training time per iterations 1.321275[ms]
testing
testing done
network success rate top1 97.211258% 96.752831% 
network success rate top5 100.000000% 100.000000% 



epoch [47 3] from [60 5]
training time per iterations 1.408247[ms]
testing
testing done
network success rate top1 97.580544% 97.567810% 
network success rate top5 100.000000% 100.000000% 



epoch [47 4] from [60 5]
training time per iterations 1.319751[ms]
testing
testing done
network success rate top1 97.529610% 97.338600% 
network success rate top5 100.000000% 100.000000% 



epoch [48 0] from [60 5]
training time per iterations 1.393763[ms]
testing
testing done
network success rate top1 97.453201% 97.249458% 
network success rate top5 100.000000% 100.000000% 



epoch [48 1] from [60 5]
training time per iterations 1.317879[ms]
testing
testing done
network success rate top1 97.071182% 96.918373% 
network success rate top5 100.000000% 100.000000% 



epoch [48 2] from [60 5]
training time per iterations 1.323077[ms]
testing
testing done
network success rate top1 97.338600% 97.351334% 
network success rate top5 100.000000% 100.000000% 



epoch [48 3] from [60 5]
training time per iterations 1.403812[ms]
testing
testing done
network success rate top1 97.313126% 96.931107% 
network success rate top5 100.000000% 100.000000% 



epoch [48 4] from [60 5]
training time per iterations 1.319196[ms]
testing
testing done
network success rate top1 97.555077% 97.045715% 
network success rate top5 100.000000% 100.000000% 



epoch [49 0] from [60 5]
training time per iterations 1.405960[ms]
testing
testing done
network success rate top1 97.580544% 97.274925% 
network success rate top5 100.000000% 100.000000% 



epoch [49 1] from [60 5]
training time per iterations 1.308940[ms]
testing
testing done
network success rate top1 97.529610% 97.453201% 
network success rate top5 100.000000% 100.000000% 



epoch [49 2] from [60 5]
training time per iterations 1.321760[ms]
testing
testing done
network success rate top1 97.440468% 97.529610% 
network success rate top5 100.000000% 100.000000% 



epoch [49 3] from [60 5]
training time per iterations 1.403742[ms]
testing
testing done
network success rate top1 97.160324% 97.045715% 
network success rate top5 100.000000% 100.000000% 



epoch [49 4] from [60 5]
training time per iterations 1.321483[ms]
testing
testing done
network success rate top1 97.516876% 97.287659% 
network success rate top5 100.000000% 100.000000% 



epoch [50 0] from [60 5]
training time per iterations 1.319681[ms]
testing
testing done
network success rate top1 97.555077% 97.504135% 
network success rate top5 100.000000% 100.000000% 



epoch [50 1] from [60 5]
training time per iterations 1.409356[ms]
testing
testing done
network success rate top1 97.542343% 97.236725% 
network success rate top5 100.000000% 100.000000% 



epoch [50 2] from [60 5]
training time per iterations 1.317672[ms]
testing
testing done
network success rate top1 97.491402% 97.516876% 
network success rate top5 100.000000% 100.000000% 



epoch [50 3] from [60 5]
training time per iterations 1.399584[ms]
testing
testing done
network success rate top1 97.465935% 97.618744% 
network success rate top5 100.000000% 100.000000% 



epoch [50 4] from [60 5]
training time per iterations 1.320305[ms]
testing
testing done
network success rate top1 97.618744% 97.338600% 
network success rate top5 100.000000% 100.000000% 



epoch [51 0] from [60 5]
training time per iterations 1.313098[ms]
testing
testing done
network success rate top1 97.567810% 97.440468% 
network success rate top5 100.000000% 100.000000% 



epoch [51 1] from [60 5]
training time per iterations 1.399099[ms]
testing
testing done
network success rate top1 97.516876% 97.402267% 
network success rate top5 100.000000% 100.000000% 



epoch [51 2] from [60 5]
training time per iterations 1.312682[ms]
testing
testing done
network success rate top1 97.695145% 97.415001% 
network success rate top5 100.000000% 100.000000% 
saving best net in top 1
best net saved to networks/path_net_2/trained/, with success rate 97.695145%



epoch [51 3] from [60 5]
training time per iterations 1.399307[ms]
testing
testing done
network success rate top1 97.567810% 97.389534% 
network success rate top5 100.000000% 100.000000% 



epoch [51 4] from [60 5]
training time per iterations 1.318018[ms]
testing
testing done
network success rate top1 97.606010% 97.606010% 
network success rate top5 100.000000% 100.000000% 



epoch [52 0] from [60 5]
training time per iterations 1.308593[ms]
testing
testing done
network success rate top1 97.644211% 97.580544% 
network success rate top5 100.000000% 100.000000% 



epoch [52 1] from [60 5]
training time per iterations 1.404782[ms]
testing
testing done
network success rate top1 97.160324% 97.071182% 
network success rate top5 100.000000% 100.000000% 



epoch [52 2] from [60 5]
training time per iterations 1.309910[ms]
testing
testing done
network success rate top1 97.427734% 97.669678% 
network success rate top5 100.000000% 100.000000% 



epoch [52 3] from [60 5]
training time per iterations 1.314830[ms]
testing
testing done
network success rate top1 97.415001% 97.338600% 
network success rate top5 100.000000% 100.000000% 



epoch [52 4] from [60 5]
training time per iterations 1.408316[ms]
testing
testing done
network success rate top1 97.453201% 97.223991% 
network success rate top5 100.000000% 100.000000% 



epoch [53 0] from [60 5]
training time per iterations 1.312266[ms]
testing
testing done
network success rate top1 97.134850% 97.173058% 
network success rate top5 100.000000% 100.000000% 



epoch [53 1] from [60 5]
training time per iterations 1.396604[ms]
testing
testing done
network success rate top1 97.593277% 97.160324% 
network success rate top5 100.000000% 100.000000% 



epoch [53 2] from [60 5]
training time per iterations 1.315246[ms]
testing
testing done
network success rate top1 97.529610% 97.453201% 
network success rate top5 100.000000% 100.000000% 



epoch [53 3] from [60 5]
training time per iterations 1.305267[ms]
testing
testing done
network success rate top1 97.529610% 97.427734% 
network success rate top5 100.000000% 100.000000% 



epoch [53 4] from [60 5]
training time per iterations 1.403534[ms]
testing
testing done
network success rate top1 97.287659% 97.262192% 
network success rate top5 100.000000% 100.000000% 



epoch [54 0] from [60 5]
training time per iterations 1.309910[ms]
testing
testing done
network success rate top1 97.516876% 97.223991% 
network success rate top5 100.000000% 100.000000% 



epoch [54 1] from [60 5]
training time per iterations 1.313860[ms]
testing
testing done
network success rate top1 97.274925% 97.096649% 
network success rate top5 100.000000% 100.000000% 



epoch [54 2] from [60 5]
training time per iterations 1.397990[ms]
testing
testing done
network success rate top1 97.478668% 96.943840% 
network success rate top5 100.000000% 100.000000% 



epoch [54 3] from [60 5]
training time per iterations 1.307138[ms]
testing
testing done
network success rate top1 97.287659% 97.223991% 
network success rate top5 100.000000% 100.000000% 



epoch [54 4] from [60 5]
training time per iterations 1.408732[ms]
testing
testing done
network success rate top1 97.249458% 97.223991% 
network success rate top5 100.000000% 100.000000% 



epoch [55 0] from [60 5]
training time per iterations 1.316840[ms]
testing
testing done
network success rate top1 97.593277% 97.313126% 
network success rate top5 100.000000% 100.000000% 



epoch [55 1] from [60 5]
training time per iterations 1.308039[ms]
testing
testing done
network success rate top1 97.478668% 97.440468% 
network success rate top5 100.000000% 100.000000% 



epoch [55 2] from [60 5]
training time per iterations 1.401178[ms]
testing
testing done
network success rate top1 97.542343% 97.453201% 
network success rate top5 100.000000% 100.000000% 



epoch [55 3] from [60 5]
training time per iterations 1.309009[ms]
testing
testing done
network success rate top1 97.415001% 97.223991% 
network success rate top5 100.000000% 100.000000% 



epoch [55 4] from [60 5]
training time per iterations 1.406029[ms]
testing
testing done
network success rate top1 97.555077% 97.109383% 
network success rate top5 100.000000% 100.000000% 



epoch [56 0] from [60 5]
training time per iterations 1.317325[ms]
testing
testing done
network success rate top1 97.593277% 97.173058% 
network success rate top5 100.000000% 100.000000% 



epoch [56 1] from [60 5]
training time per iterations 1.316216[ms]
testing
testing done
network success rate top1 97.185791% 96.727364% 
network success rate top5 100.000000% 100.000000% 



epoch [56 2] from [60 5]
training time per iterations 1.400554[ms]
testing
testing done
network success rate top1 97.313126% 97.325859% 
network success rate top5 100.000000% 100.000000% 



epoch [56 3] from [60 5]
training time per iterations 1.312197[ms]
testing
testing done
network success rate top1 97.351334% 97.313126% 
network success rate top5 100.000000% 100.000000% 



epoch [56 4] from [60 5]
training time per iterations 1.321691[ms]
testing
testing done
network success rate top1 97.465935% 97.083916% 
network success rate top5 100.000000% 100.000000% 



epoch [57 0] from [60 5]
training time per iterations 1.404990[ms]
testing
testing done
network success rate top1 97.504135% 97.656944% 
network success rate top5 100.000000% 100.000000% 



epoch [57 1] from [60 5]
training time per iterations 1.308940[ms]
testing
testing done
network success rate top1 97.427734% 97.045715% 
network success rate top5 100.000000% 100.000000% 



epoch [57 2] from [60 5]
training time per iterations 1.411642[ms]
testing
testing done
network success rate top1 97.555077% 97.338600% 
network success rate top5 100.000000% 100.000000% 



epoch [57 3] from [60 5]
training time per iterations 1.311504[ms]
testing
testing done
network success rate top1 97.555077% 97.274925% 
network success rate top5 100.000000% 100.000000% 



epoch [57 4] from [60 5]
training time per iterations 1.320790[ms]
testing
testing done
network success rate top1 97.440468% 97.198524% 
network success rate top5 100.000000% 100.000000% 



epoch [58 0] from [60 5]
training time per iterations 1.401317[ms]
testing
testing done
network success rate top1 97.478668% 97.758820% 
network success rate top5 100.000000% 100.000000% 



epoch [58 1] from [60 5]
training time per iterations 1.318572[ms]
testing
testing done
network success rate top1 97.631477% 97.274925% 
network success rate top5 100.000000% 100.000000% 



epoch [58 2] from [60 5]
training time per iterations 1.316424[ms]
testing
testing done
network success rate top1 97.593277% 97.236725% 
network success rate top5 100.000000% 100.000000% 



epoch [58 3] from [60 5]
training time per iterations 1.399376[ms]
testing
testing done
network success rate top1 97.491402% 97.262192% 
network success rate top5 100.000000% 100.000000% 



epoch [58 4] from [60 5]
training time per iterations 1.321552[ms]
testing
testing done
network success rate top1 97.555077% 97.338600% 
network success rate top5 100.000000% 100.000000% 



epoch [59 0] from [60 5]
training time per iterations 1.407069[ms]
testing
testing done
network success rate top1 97.440468% 97.465935% 
network success rate top5 100.000000% 100.000000% 



epoch [59 1] from [60 5]
training time per iterations 1.318642[ms]
testing
testing done
network success rate top1 97.491402% 97.274925% 
network success rate top5 100.000000% 100.000000% 



epoch [59 2] from [60 5]
training time per iterations 1.313999[ms]
testing
testing done
network success rate top1 97.465935% 97.236725% 
network success rate top5 100.000000% 100.000000% 



epoch [59 3] from [60 5]
training time per iterations 1.402356[ms]
testing
testing done
network success rate top1 97.656944% 97.300392% 
network success rate top5 100.000000% 100.000000% 



epoch [59 4] from [60 5]
training time per iterations 1.314692[ms]
testing
testing done
network success rate top1 97.631477% 97.720619% 
network success rate top5 100.000000% 100.000000% 
setting learning rate to 0.000031
training done
