network init start

hyperparameters
init_weight_range 0.000000 ,xavier
learning_rate 0.000063
lambda1 0.000000
lambda2 0.000000
dropout 0.400000
minibatch size 32

         CONVOLUTION  [  640   480     3] [    3     3     8] [  640   480     8] [       216          8][  68812800]
                RELU  [  640   480     8] [    1     1     1] [  640   480     8] [         0          0][   4915200]
         MAX POOLING  [  640   480     8] [    2     2     1] [  320   240     8] [         0          0][   4915200]
         CONVOLUTION  [  320   240     8] [    3     3    16] [  320   240    16] [      1152         16][  89702400]
                RELU  [  320   240    16] [    1     1     1] [  320   240    16] [         0          0][   2457600]
         MAX POOLING  [  320   240    16] [    2     2     1] [  160   120    16] [         0          0][   2457600]
         CONVOLUTION  [  160   120    16] [    3     3    32] [  160   120    32] [      4608         32][  89088000]
                RELU  [  160   120    32] [    1     1     1] [  160   120    32] [         0          0][   1228800]
         MAX POOLING  [  160   120    32] [    2     2     1] [   80    60    32] [         0          0][   1228800]
             DROPOUT  [   80    60    32] [    1     1     1] [   80    60    32] [         0          0][    307200]
         CONVOLUTION  [   80    60    32] [    8     8     2] [   80    60     2] [      4096          2][  19670400]

input_geometry  [640 480 3]
output_geometry [80 60 2]
network flops operations 284784000 FLOPS, 0.284784 GFLOPS
init DONE

