0.000000 0 0 91.773842 91.824783  100.000000 100.000000 
0.200000 0 1 92.996307 92.537880  100.000000 100.000000 
0.400000 0 2 93.200050 92.945374  100.000000 100.000000 
0.600000 0 3 94.473450 94.409782  100.000000 100.000000 
0.800000 0 4 94.600792 93.824013  100.000000 100.000000 
1.000000 1 0 94.537117 94.537117  100.000000 100.000000 
1.200000 1 1 94.868202 94.155098  100.000000 100.000000 
1.400000 1 2 95.135620 94.397049  100.000000 100.000000 
1.600000 1 3 95.173820 94.779068  100.000000 100.000000 
1.800000 1 4 94.384315 93.785812  100.000000 100.000000 
2.000000 2 0 94.855469 94.855469  100.000000 100.000000 
2.200000 2 1 94.766335 95.122887  100.000000 100.000000 
2.400000 2 2 95.135620 94.982811  100.000000 100.000000 
2.600000 2 3 95.122887 94.766335  100.000000 100.000000 
2.800000 2 4 95.543106 95.823250  100.000000 100.000000 
3.000000 3 0 95.657707 95.441231  100.000000 100.000000 
3.200000 3 1 95.581306 95.288422  100.000000 100.000000 
3.400000 3 2 95.619507 95.644974  100.000000 100.000000 
3.600000 3 3 95.046478 95.212021  100.000000 100.000000 
3.800000 3 4 95.772316 95.479431  100.000000 100.000000 
4.000000 4 0 95.835983 95.479431  100.000000 100.000000 
4.200000 4 1 95.861458 95.670441  100.000000 100.000000 
4.400000 4 2 94.995544 95.250221  100.000000 100.000000 
4.600000 4 3 95.874191 95.899658  100.000000 100.000000 
4.800000 4 4 96.077934 96.116135  100.000000 100.000000 
5.000000 5 0 96.065201 95.874191  100.000000 100.000000 
5.200000 5 1 95.937859 95.390297  100.000000 100.000000 
5.400000 5 2 95.797783 95.453964  100.000000 100.000000 
5.600000 5 3 96.179802 96.039726  100.000000 100.000000 
5.800000 5 4 96.179802 96.307144  100.000000 100.000000 
6.000000 6 0 95.874191 95.644974  100.000000 100.000000 
6.200000 6 1 96.141602 96.192535  100.000000 100.000000 
6.400000 6 2 94.919136 95.110146  100.000000 100.000000 
6.600000 6 3 95.415764 95.237488  100.000000 100.000000 
6.800000 6 4 95.339363 95.441231  100.000000 100.000000 
7.000000 7 0 96.230743 96.243477  100.000000 100.000000 
7.200000 7 1 96.459953 96.510887  100.000000 100.000000 
7.400000 7 2 95.797783 96.039726  100.000000 100.000000 
7.600000 7 3 95.555840 95.581306  100.000000 100.000000 
7.800000 7 4 96.077934 95.785049  100.000000 100.000000 
8.000000 8 0 95.950592 96.409019  100.000000 100.000000 
8.200000 8 1 96.421753 96.243477  100.000000 100.000000 
8.400000 8 2 96.103401 95.861458  100.000000 100.000000 
8.600000 8 3 96.065201 96.256210  100.000000 100.000000 
8.800000 8 4 96.727364 96.561821  100.000000 100.000000 
9.000000 9 0 96.319878 95.746849  100.000000 100.000000 
9.200000 9 1 96.154335 95.581306  100.000000 100.000000 
9.400000 9 2 96.574554 96.383545  100.000000 100.000000 
9.600000 9 3 96.014259 95.632240  100.000000 100.000000 
9.800000 9 4 96.345345 96.154335  100.000000 100.000000 
10.000000 10 0 96.116135 96.230743  100.000000 100.000000 
10.200000 10 1 96.294411 96.090668  100.000000 100.000000 
10.400000 10 2 96.205269 96.167068  100.000000 100.000000 
10.600000 10 3 96.447220 96.689163  100.000000 100.000000 
10.800000 10 4 96.829239 96.574554  100.000000 100.000000 
11.000000 11 0 95.161087 94.842735  100.000000 100.000000 
11.200000 11 1 96.332611 96.243477  100.000000 100.000000 
11.400000 11 2 96.561821 96.358078  100.000000 100.000000 
11.600000 11 3 96.791039 96.294411  100.000000 100.000000 
11.800000 11 4 96.459953 96.230743  100.000000 100.000000 
12.000000 12 0 95.568573 95.135620  100.000000 100.000000 
12.200000 12 1 96.638229 96.803772  100.000000 100.000000 
12.400000 12 2 96.167068 96.192535  100.000000 100.000000 
12.600000 12 3 96.791039 96.727364  100.000000 100.000000 
12.800000 12 4 95.644974 95.021011  100.000000 100.000000 
13.000000 13 0 96.612762 96.434486  100.000000 100.000000 
13.200000 13 1 96.549088 96.587288  100.000000 100.000000 
13.400000 13 2 96.574554 96.536354  100.000000 100.000000 
13.600000 13 3 96.892906 96.676430  100.000000 100.000000 
13.800000 13 4 96.358078 96.116135  100.000000 100.000000 
14.000000 14 0 96.638229 96.459953  100.000000 100.000000 
14.200000 14 1 97.007515 96.676430  100.000000 100.000000 
14.400000 14 2 96.778305 96.536354  100.000000 100.000000 
14.600000 14 3 96.969315 96.905640  100.000000 100.000000 
14.800000 14 4 95.746849 95.313896  100.000000 100.000000 
15.000000 15 0 96.752831 96.167068  100.000000 100.000000 
15.200000 15 1 96.892906 96.459953  100.000000 100.000000 
15.400000 15 2 96.701897 96.459953  100.000000 100.000000 
15.600000 15 3 96.956573 96.765564  100.000000 100.000000 
15.800000 15 4 96.994781 97.083916  100.000000 100.000000 
16.000000 16 0 96.472687 96.281677  100.000000 100.000000 
16.200001 16 1 96.676430 96.523621  100.000000 100.000000 
16.400000 16 2 96.943840 96.994781  100.000000 100.000000 
16.600000 16 3 96.510887 96.230743  100.000000 100.000000 
16.799999 16 4 96.778305 96.650963  100.000000 100.000000 
17.000000 17 0 96.778305 96.727364  100.000000 100.000000 
17.200001 17 1 96.905640 96.752831  100.000000 100.000000 
17.400000 17 2 96.600029 96.714630  100.000000 100.000000 
17.600000 17 3 96.778305 96.982048  100.000000 100.000000 
17.799999 17 4 96.829239 96.854706  100.000000 100.000000 
18.000000 18 0 96.918373 97.083916  100.000000 100.000000 
18.200001 18 1 96.701897 96.803772  100.000000 100.000000 
18.400000 18 2 96.561821 95.759583  100.000000 100.000000 
18.600000 18 3 96.969315 96.625496  100.000000 100.000000 
18.799999 18 4 97.007515 96.956573  100.000000 100.000000 
19.000000 19 0 97.032982 96.892906  100.000000 100.000000 
19.200001 19 1 96.841972 96.880173  100.000000 100.000000 
19.400000 19 2 96.982048 96.969315  100.000000 100.000000 
19.600000 19 3 96.931107 97.211258  100.000000 100.000000 
19.799999 19 4 96.956573 96.956573  100.000000 100.000000 
20.000000 20 0 97.236725 97.338600  100.000000 100.000000 
20.200001 20 1 96.943840 96.383545  100.000000 100.000000 
20.400000 20 2 97.007515 97.427734  100.000000 100.000000 
20.600000 20 3 96.956573 96.740097  100.000000 100.000000 
20.799999 20 4 97.122116 97.020248  100.000000 100.000000 
21.000000 21 0 96.892906 96.918373  100.000000 100.000000 
21.200001 21 1 96.880173 96.714630  100.000000 100.000000 
21.400000 21 2 96.918373 96.689163  100.000000 100.000000 
21.600000 21 3 97.007515 97.122116  100.000000 100.000000 
21.799999 21 4 96.969315 96.740097  100.000000 100.000000 
22.000000 22 0 96.498154 96.281677  100.000000 100.000000 
22.200001 22 1 96.689163 96.396278  100.000000 100.000000 
22.400000 22 2 96.625496 96.689163  100.000000 100.000000 
22.600000 22 3 96.485420 96.625496  100.000000 100.000000 
22.799999 22 4 96.549088 96.778305  100.000000 100.000000 
23.000000 23 0 96.740097 96.943840  100.000000 100.000000 
23.200001 23 1 96.459953 96.268944  100.000000 100.000000 
23.400000 23 2 97.262192 97.071182  100.000000 100.000000 
23.600000 23 3 97.109383 96.943840  100.000000 100.000000 
23.799999 23 4 96.612762 96.867439  100.000000 100.000000 
24.000000 24 0 97.134850 96.714630  100.000000 100.000000 
24.200001 24 1 96.676430 96.587288  100.000000 100.000000 
24.400000 24 2 96.905640 96.841972  100.000000 100.000000 
24.600000 24 3 96.472687 96.192535  100.000000 100.000000 
24.799999 24 4 96.740097 96.561821  100.000000 100.000000 
25.000000 25 0 97.058449 96.625496  100.000000 100.000000 
25.200001 25 1 96.969315 97.071182  100.000000 100.000000 
25.400000 25 2 97.122116 97.122116  100.000000 100.000000 
25.600000 25 3 97.045715 97.045715  100.000000 100.000000 
25.799999 25 4 96.498154 96.561821  100.000000 100.000000 
26.000000 26 0 96.485420 95.963326  100.000000 100.000000 
26.200001 26 1 97.020248 96.994781  100.000000 100.000000 
26.400000 26 2 96.523621 96.421753  100.000000 100.000000 
26.600000 26 3 96.816505 96.803772  100.000000 100.000000 
26.799999 26 4 96.625496 96.358078  100.000000 100.000000 
27.000000 27 0 97.351334 97.020248  100.000000 100.000000 
27.200001 27 1 97.032982 96.803772  100.000000 100.000000 
27.400000 27 2 97.351334 97.083916  100.000000 100.000000 
27.600000 27 3 97.325859 96.982048  100.000000 100.000000 
27.799999 27 4 97.198524 96.867439  100.000000 100.000000 
28.000000 28 0 97.096649 97.160324  100.000000 100.000000 
28.200001 28 1 97.249458 97.160324  100.000000 100.000000 
28.400000 28 2 96.841972 97.147591  100.000000 100.000000 
28.600000 28 3 96.918373 97.198524  100.000000 100.000000 
28.799999 28 4 97.262192 97.109383  100.000000 100.000000 
29.000000 29 0 96.867439 96.727364  100.000000 100.000000 
29.200001 29 1 96.867439 97.096649  100.000000 100.000000 
29.400000 29 2 97.402267 97.007515  100.000000 100.000000 
29.600000 29 3 96.689163 96.854706  100.000000 100.000000 
29.799999 29 4 96.905640 96.676430  100.000000 100.000000 
30.000000 30 0 96.816505 96.918373  100.000000 100.000000 
30.200001 30 1 96.650963 96.625496  100.000000 100.000000 
30.400000 30 2 96.816505 96.536354  100.000000 100.000000 
30.600000 30 3 97.007515 96.867439  100.000000 100.000000 
30.799999 30 4 97.173058 97.338600  100.000000 100.000000 
31.000000 31 0 97.364067 97.313126  100.000000 100.000000 
31.200001 31 1 97.058449 96.867439  100.000000 100.000000 
31.400000 31 2 96.676430 97.020248  100.000000 100.000000 
31.600000 31 3 97.134850 96.778305  100.000000 100.000000 
31.799999 31 4 96.829239 96.676430  100.000000 100.000000 
32.000000 32 0 97.173058 96.752831  100.000000 100.000000 
32.200001 32 1 97.440468 97.287659  100.000000 100.000000 
32.400002 32 2 97.440468 97.058449  100.000000 100.000000 
32.599998 32 3 97.427734 97.376801  100.000000 100.000000 
32.799999 32 4 97.376801 97.249458  100.000000 100.000000 
33.000000 33 0 96.867439 97.313126  100.000000 100.000000 
33.200001 33 1 97.185791 97.109383  100.000000 100.000000 
33.400002 33 2 97.020248 96.982048  100.000000 100.000000 
33.599998 33 3 97.223991 97.720619  100.000000 100.000000 
33.799999 33 4 97.160324 96.969315  100.000000 100.000000 
34.000000 34 0 97.313126 97.287659  100.000000 100.000000 
34.200001 34 1 97.338600 97.504135  100.000000 100.000000 
34.400002 34 2 97.402267 97.364067  100.000000 100.000000 
34.599998 34 3 97.211258 97.185791  100.000000 100.000000 
34.799999 34 4 97.071182 96.791039  100.000000 100.000000 
35.000000 35 0 96.612762 96.383545  100.000000 100.000000 
35.200001 35 1 97.402267 96.701897  100.000000 100.000000 
35.400002 35 2 96.918373 96.701897  100.000000 100.000000 
35.599998 35 3 97.389534 97.389534  100.000000 100.000000 
35.799999 35 4 97.147591 96.778305  100.000000 100.000000 
36.000000 36 0 96.982048 96.982048  100.000000 100.000000 
36.200001 36 1 97.364067 97.083916  100.000000 100.000000 
36.400002 36 2 97.223991 96.943840  100.000000 100.000000 
36.599998 36 3 97.045715 96.905640  100.000000 100.000000 
36.799999 36 4 96.816505 97.007515  100.000000 100.000000 
37.000000 37 0 97.173058 96.982048  100.000000 100.000000 
37.200001 37 1 96.892906 96.829239  100.000000 100.000000 
37.400002 37 2 97.338600 96.982048  100.000000 100.000000 
37.599998 37 3 97.058449 97.122116  100.000000 100.000000 
37.799999 37 4 97.402267 97.606010  100.000000 100.000000 
38.000000 38 0 97.351334 97.516876  100.000000 100.000000 
38.200001 38 1 97.465935 96.765564  100.000000 100.000000 
38.400002 38 2 96.892906 96.956573  100.000000 100.000000 
38.599998 38 3 97.338600 96.982048  100.000000 100.000000 
38.799999 38 4 97.338600 97.262192  100.000000 100.000000 
39.000000 39 0 97.300392 96.994781  100.000000 100.000000 
39.200001 39 1 97.007515 96.969315  100.000000 100.000000 
39.400002 39 2 97.440468 97.300392  100.000000 100.000000 
39.599998 39 3 97.440468 97.364067  100.000000 100.000000 
39.799999 39 4 97.096649 97.032982  100.000000 100.000000 
40.000000 40 0 97.555077 97.427734  100.000000 100.000000 
40.200001 40 1 97.555077 97.300392  100.000000 100.000000 
40.400002 40 2 97.109383 96.943840  100.000000 100.000000 
40.599998 40 3 97.185791 96.880173  100.000000 100.000000 
40.799999 40 4 97.223991 96.892906  100.000000 100.000000 
41.000000 41 0 97.478668 97.287659  100.000000 100.000000 
41.200001 41 1 97.478668 97.185791  100.000000 100.000000 
41.400002 41 2 97.071182 97.682411  100.000000 100.000000 
41.599998 41 3 97.122116 97.211258  100.000000 100.000000 
41.799999 41 4 97.325859 97.338600  100.000000 100.000000 
42.000000 42 0 97.032982 97.211258  100.000000 100.000000 
42.200001 42 1 97.631477 97.415001  100.000000 100.000000 
42.400002 42 2 97.262192 97.134850  100.000000 100.000000 
42.599998 42 3 97.364067 97.134850  100.000000 100.000000 
42.799999 42 4 97.618744 97.440468  100.000000 100.000000 
43.000000 43 0 97.478668 97.415001  100.000000 100.000000 
43.200001 43 1 97.542343 97.134850  100.000000 100.000000 
43.400002 43 2 97.555077 97.313126  100.000000 100.000000 
43.599998 43 3 97.045715 96.854706  100.000000 100.000000 
43.799999 43 4 97.376801 97.032982  100.000000 100.000000 
44.000000 44 0 97.083916 96.803772  100.000000 100.000000 
44.200001 44 1 97.415001 97.287659  100.000000 100.000000 
44.400002 44 2 97.529610 97.695145  100.000000 100.000000 
44.599998 44 3 96.994781 97.032982  100.000000 100.000000 
44.799999 44 4 97.313126 97.338600  100.000000 100.000000 
45.000000 45 0 97.389534 97.173058  100.000000 100.000000 
45.200001 45 1 97.402267 97.262192  100.000000 100.000000 
45.400002 45 2 97.580544 97.262192  100.000000 100.000000 
45.599998 45 3 97.491402 97.147591  100.000000 100.000000 
45.799999 45 4 97.465935 97.185791  100.000000 100.000000 
46.000000 46 0 97.402267 97.223991  100.000000 100.000000 
46.200001 46 1 97.529610 97.313126  100.000000 100.000000 
46.400002 46 2 97.415001 97.415001  100.000000 100.000000 
46.599998 46 3 97.593277 97.644211  100.000000 100.000000 
46.799999 46 4 97.593277 97.618744  100.000000 100.000000 
47.000000 47 0 97.351334 97.249458  100.000000 100.000000 
47.200001 47 1 97.478668 97.083916  100.000000 100.000000 
47.400002 47 2 97.211258 96.752831  100.000000 100.000000 
47.599998 47 3 97.580544 97.567810  100.000000 100.000000 
47.799999 47 4 97.529610 97.338600  100.000000 100.000000 
48.000000 48 0 97.453201 97.249458  100.000000 100.000000 
48.200001 48 1 97.071182 96.918373  100.000000 100.000000 
48.400002 48 2 97.338600 97.351334  100.000000 100.000000 
48.599998 48 3 97.313126 96.931107  100.000000 100.000000 
48.799999 48 4 97.555077 97.045715  100.000000 100.000000 
49.000000 49 0 97.580544 97.274925  100.000000 100.000000 
49.200001 49 1 97.529610 97.453201  100.000000 100.000000 
49.400002 49 2 97.440468 97.529610  100.000000 100.000000 
49.599998 49 3 97.160324 97.045715  100.000000 100.000000 
49.799999 49 4 97.516876 97.287659  100.000000 100.000000 
50.000000 50 0 97.555077 97.504135  100.000000 100.000000 
50.200001 50 1 97.542343 97.236725  100.000000 100.000000 
50.400002 50 2 97.491402 97.516876  100.000000 100.000000 
50.599998 50 3 97.465935 97.618744  100.000000 100.000000 
50.799999 50 4 97.618744 97.338600  100.000000 100.000000 
51.000000 51 0 97.567810 97.440468  100.000000 100.000000 
51.200001 51 1 97.516876 97.402267  100.000000 100.000000 
51.400002 51 2 97.695145 97.415001  100.000000 100.000000 
51.599998 51 3 97.567810 97.389534  100.000000 100.000000 
51.799999 51 4 97.606010 97.606010  100.000000 100.000000 
52.000000 52 0 97.644211 97.580544  100.000000 100.000000 
52.200001 52 1 97.160324 97.071182  100.000000 100.000000 
52.400002 52 2 97.427734 97.669678  100.000000 100.000000 
52.599998 52 3 97.415001 97.338600  100.000000 100.000000 
52.799999 52 4 97.453201 97.223991  100.000000 100.000000 
53.000000 53 0 97.134850 97.173058  100.000000 100.000000 
53.200001 53 1 97.593277 97.160324  100.000000 100.000000 
53.400002 53 2 97.529610 97.453201  100.000000 100.000000 
53.599998 53 3 97.529610 97.427734  100.000000 100.000000 
53.799999 53 4 97.287659 97.262192  100.000000 100.000000 
54.000000 54 0 97.516876 97.223991  100.000000 100.000000 
54.200001 54 1 97.274925 97.096649  100.000000 100.000000 
54.400002 54 2 97.478668 96.943840  100.000000 100.000000 
54.599998 54 3 97.287659 97.223991  100.000000 100.000000 
54.799999 54 4 97.249458 97.223991  100.000000 100.000000 
55.000000 55 0 97.593277 97.313126  100.000000 100.000000 
55.200001 55 1 97.478668 97.440468  100.000000 100.000000 
55.400002 55 2 97.542343 97.453201  100.000000 100.000000 
55.599998 55 3 97.415001 97.223991  100.000000 100.000000 
55.799999 55 4 97.555077 97.109383  100.000000 100.000000 
56.000000 56 0 97.593277 97.173058  100.000000 100.000000 
56.200001 56 1 97.185791 96.727364  100.000000 100.000000 
56.400002 56 2 97.313126 97.325859  100.000000 100.000000 
56.599998 56 3 97.351334 97.313126  100.000000 100.000000 
56.799999 56 4 97.465935 97.083916  100.000000 100.000000 
57.000000 57 0 97.504135 97.656944  100.000000 100.000000 
57.200001 57 1 97.427734 97.045715  100.000000 100.000000 
57.400002 57 2 97.555077 97.338600  100.000000 100.000000 
57.599998 57 3 97.555077 97.274925  100.000000 100.000000 
57.799999 57 4 97.440468 97.198524  100.000000 100.000000 
58.000000 58 0 97.478668 97.758820  100.000000 100.000000 
58.200001 58 1 97.631477 97.274925  100.000000 100.000000 
58.400002 58 2 97.593277 97.236725  100.000000 100.000000 
58.599998 58 3 97.491402 97.262192  100.000000 100.000000 
58.799999 58 4 97.555077 97.338600  100.000000 100.000000 
59.000000 59 0 97.440468 97.465935  100.000000 100.000000 
59.200001 59 1 97.491402 97.274925  100.000000 100.000000 
59.400002 59 2 97.465935 97.236725  100.000000 100.000000 
59.599998 59 3 97.656944 97.300392  100.000000 100.000000 
59.799999 59 4 97.631477 97.720619  100.000000 100.000000 
