0.000000 0 0 91.799309 91.519165  100.000000 100.000000 
0.200000 0 1 93.123650 93.301926  100.000000 100.000000 
0.400000 0 2 93.976822 93.543869  100.000000 100.000000 
0.600000 0 3 93.798546 93.887688  100.000000 100.000000 
0.800000 0 4 94.486183 94.804535  100.000000 100.000000 
1.000000 1 0 94.155098 93.849487  100.000000 100.000000 
1.200000 1 1 94.855469 94.256973  100.000000 100.000000 
1.400000 1 2 94.804535 94.282440  100.000000 100.000000 
1.600000 1 3 95.008278 94.333374  100.000000 100.000000 
1.800000 1 4 93.964088 94.053230  100.000000 100.000000 
2.000000 2 0 95.071945 94.626259  100.000000 100.000000 
2.200000 2 1 95.084679 94.116898  100.000000 100.000000 
2.400000 2 2 95.262955 94.626259  100.000000 100.000000 
2.600000 2 3 94.155098 93.874954  100.000000 100.000000 
2.800000 2 4 94.613525 94.091431  100.000000 100.000000 
3.000000 3 0 95.734116 95.492172  100.000000 100.000000 
3.200000 3 1 95.250221 95.033745  100.000000 100.000000 
3.400000 3 2 95.899658 95.670441  100.000000 100.000000 
3.600000 3 3 94.817268 94.575325  100.000000 100.000000 
3.800000 3 4 95.364830 95.110146  100.000000 100.000000 
4.000000 4 0 95.453964 94.970078  100.000000 100.000000 
4.200000 4 1 96.026993 95.390297  100.000000 100.000000 
4.400000 4 2 95.772316 95.772316  100.000000 100.000000 
4.600000 4 3 96.116135 95.339363  100.000000 100.000000 
4.800000 4 4 95.823250 95.466698  100.000000 100.000000 
5.000000 5 0 95.581306 95.403030  100.000000 100.000000 
5.200000 5 1 95.224754 94.931870  100.000000 100.000000 
5.400000 5 2 95.976059 95.555840  100.000000 100.000000 
5.600000 5 3 95.988792 95.848717  100.000000 100.000000 
5.800000 5 4 95.785049 95.250221  100.000000 100.000000 
6.000000 6 0 94.995544 94.804535  100.000000 100.000000 
6.200000 6 1 96.243477 95.937859  100.000000 100.000000 
6.400000 6 2 95.963326 96.014259  100.000000 100.000000 
6.600000 6 3 95.963326 95.963326  100.000000 100.000000 
6.800000 6 4 96.281677 95.976059  100.000000 100.000000 
7.000000 7 0 95.810516 95.657707  100.000000 100.000000 
7.200000 7 1 96.358078 96.281677  100.000000 100.000000 
7.400000 7 2 95.963326 95.199287  100.000000 100.000000 
7.600000 7 3 96.179802 96.281677  100.000000 100.000000 
7.800000 7 4 96.383545 96.052467  100.000000 100.000000 
8.000000 8 0 96.281677 95.823250  100.000000 100.000000 
8.200000 8 1 96.039726 95.453964  100.000000 100.000000 
8.400000 8 2 96.383545 96.383545  100.000000 100.000000 
8.600000 8 3 96.472687 96.205269  100.000000 100.000000 
8.800000 8 4 95.925125 95.250221  100.000000 100.000000 
9.000000 9 0 96.498154 96.459953  100.000000 100.000000 
9.200000 9 1 96.447220 96.230743  100.000000 100.000000 
9.400000 9 2 96.549088 96.307144  100.000000 100.000000 
9.600000 9 3 96.587288 96.256210  100.000000 100.000000 
9.800000 9 4 96.256210 95.950592  100.000000 100.000000 
10.000000 10 0 96.650963 96.128868  100.000000 100.000000 
10.200000 10 1 96.039726 95.441231  100.000000 100.000000 
10.400000 10 2 96.714630 96.472687  100.000000 100.000000 
10.600000 10 3 96.701897 96.332611  100.000000 100.000000 
10.800000 10 4 96.752831 96.574554  100.000000 100.000000 
11.000000 11 0 96.090668 95.899658  100.000000 100.000000 
11.200000 11 1 96.536354 96.294411  100.000000 100.000000 
11.400000 11 2 96.319878 96.523621  100.000000 100.000000 
11.600000 11 3 96.510887 96.218002  100.000000 100.000000 
11.800000 11 4 96.714630 96.663696  100.000000 100.000000 
12.000000 12 0 96.892906 96.434486  100.000000 100.000000 
12.200000 12 1 96.752831 96.332611  100.000000 100.000000 
12.400000 12 2 97.007515 97.185791  100.000000 100.000000 
12.600000 12 3 96.931107 96.574554  100.000000 100.000000 
12.800000 12 4 96.319878 96.052467  100.000000 100.000000 
13.000000 13 0 96.612762 95.848717  100.000000 100.000000 
13.200000 13 1 96.943840 96.485420  100.000000 100.000000 
13.400000 13 2 96.931107 96.752831  100.000000 100.000000 
13.600000 13 3 97.032982 96.816505  100.000000 100.000000 
13.800000 13 4 97.020248 96.969315  100.000000 100.000000 
14.000000 14 0 96.943840 96.650963  100.000000 100.000000 
14.200000 14 1 96.943840 96.307144  100.000000 100.000000 
14.400000 14 2 96.956573 96.587288  100.000000 100.000000 
14.600000 14 3 97.147591 96.676430  100.000000 100.000000 
14.800000 14 4 97.185791 97.045715  100.000000 100.000000 
15.000000 15 0 97.032982 97.134850  100.000000 100.000000 
15.200000 15 1 97.223991 97.122116  100.000000 100.000000 
15.400000 15 2 96.791039 96.319878  100.000000 100.000000 
15.600000 15 3 97.313126 97.122116  100.000000 100.000000 
15.800000 15 4 96.409019 95.670441  100.000000 100.000000 
16.000000 16 0 97.173058 96.905640  100.000000 100.000000 
16.200001 16 1 97.274925 96.803772  100.000000 100.000000 
16.400000 16 2 97.211258 97.096649  100.000000 100.000000 
16.600000 16 3 97.262192 97.364067  100.000000 100.000000 
16.799999 16 4 97.173058 97.338600  100.000000 100.000000 
17.000000 17 0 97.274925 96.880173  100.000000 100.000000 
17.200001 17 1 97.376801 96.714630  100.000000 100.000000 
17.400000 17 2 97.109383 97.147591  100.000000 100.000000 
17.600000 17 3 97.185791 97.300392  100.000000 100.000000 
17.799999 17 4 97.223991 97.325859  100.000000 100.000000 
18.000000 18 0 97.313126 97.249458  100.000000 100.000000 
18.200001 18 1 97.236725 97.236725  100.000000 100.000000 
18.400000 18 2 97.083916 96.612762  100.000000 100.000000 
18.600000 18 3 97.236725 97.465935  100.000000 100.000000 
18.799999 18 4 97.427734 97.096649  100.000000 100.000000 
19.000000 19 0 97.147591 96.740097  100.000000 100.000000 
19.200001 19 1 96.969315 96.829239  100.000000 100.000000 
19.400000 19 2 97.287659 96.880173  100.000000 100.000000 
19.600000 19 3 97.313126 97.338600  100.000000 100.000000 
19.799999 19 4 97.338600 97.415001  100.000000 100.000000 
20.000000 20 0 97.300392 97.376801  100.000000 100.000000 
20.200001 20 1 97.351334 97.427734  100.000000 100.000000 
20.400000 20 2 97.376801 97.236725  100.000000 100.000000 
20.600000 20 3 97.402267 97.465935  100.000000 100.000000 
20.799999 20 4 97.440468 97.313126  100.000000 100.000000 
21.000000 21 0 97.325859 97.364067  100.000000 100.000000 
21.200001 21 1 97.338600 97.185791  100.000000 100.000000 
21.400000 21 2 97.389534 97.606010  100.000000 100.000000 
21.600000 21 3 97.555077 97.351334  100.000000 100.000000 
21.799999 21 4 97.402267 97.593277  100.000000 100.000000 
22.000000 22 0 97.440468 97.313126  100.000000 100.000000 
22.200001 22 1 97.236725 96.994781  100.000000 100.000000 
22.400000 22 2 97.427734 97.504135  100.000000 100.000000 
22.600000 22 3 97.389534 97.529610  100.000000 100.000000 
22.799999 22 4 97.504135 97.440468  100.000000 100.000000 
23.000000 23 0 97.491402 97.656944  100.000000 100.000000 
23.200001 23 1 97.440468 97.427734  100.000000 100.000000 
23.400000 23 2 97.389534 97.580544  100.000000 100.000000 
23.600000 23 3 97.682411 97.351334  100.000000 100.000000 
23.799999 23 4 97.606010 97.427734  100.000000 100.000000 
24.000000 24 0 97.542343 97.389534  100.000000 100.000000 
24.200001 24 1 97.453201 97.504135  100.000000 100.000000 
24.400000 24 2 97.504135 97.364067  100.000000 100.000000 
24.600000 24 3 97.555077 97.058449  100.000000 100.000000 
24.799999 24 4 97.504135 97.338600  100.000000 100.000000 
25.000000 25 0 97.313126 97.937096  100.000000 100.000000 
25.200001 25 1 97.465935 97.440468  100.000000 100.000000 
25.400000 25 2 97.567810 97.440468  100.000000 100.000000 
25.600000 25 3 97.516876 97.682411  100.000000 100.000000 
25.799999 25 4 97.465935 97.427734  100.000000 100.000000 
26.000000 26 0 97.555077 97.465935  100.000000 100.000000 
26.200001 26 1 97.491402 97.555077  100.000000 100.000000 
26.400000 26 2 97.631477 97.758820  100.000000 100.000000 
26.600000 26 3 97.593277 97.618744  100.000000 100.000000 
26.799999 26 4 97.771553 97.873421  100.000000 100.000000 
27.000000 27 0 97.593277 97.453201  100.000000 100.000000 
27.200001 27 1 97.606010 97.682411  100.000000 100.000000 
27.400000 27 2 97.695145 97.504135  100.000000 100.000000 
27.600000 27 3 97.771553 97.313126  100.000000 100.000000 
27.799999 27 4 97.606010 97.465935  100.000000 100.000000 
28.000000 28 0 97.465935 97.415001  100.000000 100.000000 
28.200001 28 1 97.465935 97.325859  100.000000 100.000000 
28.400000 28 2 97.555077 97.198524  100.000000 100.000000 
28.600000 28 3 97.618744 97.606010  100.000000 100.000000 
28.799999 28 4 97.656944 97.669678  100.000000 100.000000 
29.000000 29 0 97.682411 97.606010  100.000000 100.000000 
29.200001 29 1 97.771553 97.695145  100.000000 100.000000 
29.400000 29 2 97.453201 97.555077  100.000000 100.000000 
29.600000 29 3 97.606010 97.606010  100.000000 100.000000 
29.799999 29 4 97.695145 97.580544  100.000000 100.000000 
30.000000 30 0 97.847954 97.746086  100.000000 100.000000 
30.200001 30 1 97.695145 97.300392  100.000000 100.000000 
30.400000 30 2 97.758820 97.567810  100.000000 100.000000 
30.600000 30 3 97.873421 97.707886  100.000000 100.000000 
30.799999 30 4 97.797020 97.746086  100.000000 100.000000 
31.000000 31 0 97.453201 97.453201  100.000000 100.000000 
31.200001 31 1 97.835220 97.529610  100.000000 100.000000 
31.400000 31 2 97.835220 97.886162  100.000000 100.000000 
31.600000 31 3 97.847954 97.758820  100.000000 100.000000 
31.799999 31 4 97.835220 97.593277  100.000000 100.000000 
32.000000 32 0 97.797020 97.555077  100.000000 100.000000 
32.200001 32 1 97.822487 97.746086  100.000000 100.000000 
32.400002 32 2 97.847954 97.809753  100.000000 100.000000 
32.599998 32 3 97.453201 97.669678  100.000000 100.000000 
32.799999 32 4 97.822487 97.886162  100.000000 100.000000 
33.000000 33 0 97.771553 97.835220  100.000000 100.000000 
33.200001 33 1 97.567810 97.389534  100.000000 100.000000 
33.400002 33 2 97.707886 97.516876  100.000000 100.000000 
33.599998 33 3 97.898895 97.631477  100.000000 100.000000 
33.799999 33 4 97.758820 97.669678  100.000000 100.000000 
34.000000 34 0 97.898895 97.809753  100.000000 100.000000 
34.200001 34 1 97.847954 97.886162  100.000000 100.000000 
34.400002 34 2 97.835220 97.478668  100.000000 100.000000 
34.599998 34 3 97.937096 97.682411  100.000000 100.000000 
34.799999 34 4 97.758820 97.555077  100.000000 100.000000 
35.000000 35 0 97.898895 97.644211  100.000000 100.000000 
35.200001 35 1 97.911629 97.644211  100.000000 100.000000 
35.400002 35 2 97.835220 97.567810  100.000000 100.000000 
35.599998 35 3 97.835220 97.924362  100.000000 100.000000 
35.799999 35 4 97.758820 97.606010  100.000000 100.000000 
36.000000 36 0 97.873421 97.797020  100.000000 100.000000 
36.200001 36 1 97.847954 97.746086  100.000000 100.000000 
36.400002 36 2 97.516876 97.529610  100.000000 100.000000 
36.599998 36 3 97.656944 97.822487  100.000000 100.000000 
36.799999 36 4 97.847954 97.707886  100.000000 100.000000 
37.000000 37 0 97.860687 97.669678  100.000000 100.000000 
37.200001 37 1 97.924362 97.809753  100.000000 100.000000 
37.400002 37 2 97.975296 97.771553  100.000000 100.000000 
37.599998 37 3 97.771553 97.707886  100.000000 100.000000 
37.799999 37 4 97.682411 97.440468  100.000000 100.000000 
38.000000 38 0 97.949829 97.695145  100.000000 100.000000 
38.200001 38 1 97.784286 97.147591  100.000000 100.000000 
38.400002 38 2 97.873421 97.465935  100.000000 100.000000 
38.599998 38 3 97.898895 97.784286  100.000000 100.000000 
38.799999 38 4 97.911629 97.695145  100.000000 100.000000 
39.000000 39 0 97.809753 97.707886  100.000000 100.000000 
39.200001 39 1 98.013496 97.962563  100.000000 100.000000 
39.400002 39 2 97.822487 97.491402  100.000000 100.000000 
39.599998 39 3 97.758820 97.822487  100.000000 100.000000 
39.799999 39 4 97.988029 97.695145  100.000000 100.000000 
40.000000 40 0 97.797020 97.529610  100.000000 100.000000 
40.200001 40 1 97.860687 97.898895  100.000000 100.000000 
40.400002 40 2 97.758820 97.784286  100.000000 100.000000 
40.599998 40 3 97.886162 97.695145  100.000000 100.000000 
40.799999 40 4 97.644211 97.746086  100.000000 100.000000 
41.000000 41 0 97.860687 97.924362  100.000000 100.000000 
41.200001 41 1 97.822487 97.682411  100.000000 100.000000 
41.400002 41 2 97.937096 97.682411  100.000000 100.000000 
41.599998 41 3 97.873421 97.835220  100.000000 100.000000 
41.799999 41 4 97.847954 97.784286  100.000000 100.000000 
42.000000 42 0 97.720619 97.886162  100.000000 100.000000 
42.200001 42 1 97.860687 97.898895  100.000000 100.000000 
42.400002 42 2 97.988029 97.618744  100.000000 100.000000 
42.599998 42 3 97.847954 98.051697  100.000000 100.000000 
42.799999 42 4 97.949829 97.784286  100.000000 100.000000 
43.000000 43 0 97.847954 97.695145  100.000000 100.000000 
43.200001 43 1 97.746086 98.115372  100.000000 100.000000 
43.400002 43 2 97.911629 97.949829  100.000000 100.000000 
43.599998 43 3 97.835220 97.695145  100.000000 100.000000 
43.799999 43 4 97.873421 97.682411  100.000000 100.000000 
44.000000 44 0 97.911629 98.153572  100.000000 100.000000 
44.200001 44 1 97.949829 97.822487  100.000000 100.000000 
44.400002 44 2 97.924362 97.873421  100.000000 100.000000 
44.599998 44 3 97.924362 97.809753  100.000000 100.000000 
44.799999 44 4 97.988029 97.440468  100.000000 100.000000 
45.000000 45 0 97.924362 97.656944  100.000000 100.000000 
45.200001 45 1 97.886162 97.746086  100.000000 100.000000 
45.400002 45 2 97.988029 98.026230  100.000000 100.000000 
45.599998 45 3 97.886162 97.962563  100.000000 100.000000 
45.799999 45 4 97.937096 97.975296  100.000000 100.000000 
46.000000 46 0 97.911629 97.873421  100.000000 100.000000 
46.200001 46 1 98.013496 98.268181  100.000000 100.000000 
46.400002 46 2 97.924362 98.140839  100.000000 100.000000 
46.599998 46 3 97.975296 98.204506  100.000000 100.000000 
46.799999 46 4 97.860687 97.949829  100.000000 100.000000 
47.000000 47 0 97.988029 97.847954  100.000000 100.000000 
47.200001 47 1 97.911629 97.962563  100.000000 100.000000 
47.400002 47 2 97.924362 97.847954  100.000000 100.000000 
