initializing
training size    : 51947
testing size     : 5672
epoch count      : 60
sub epoch size   : 5

epoch_learning_rate_decay   : 15
learning_rate_decay         : 0.500000
batch size                  : 37470

training



epoch [0 0] from [60 5]
training time per iterations 1.119068[ms]
testing
testing done
network success rate top1 74.559235% 79.742592% 
network success rate top5 100.000000% 100.000000% 
saving best net in top 1
best net saved to networks/faces_net_0/trained/, with success rate 74.559235%



epoch [0 1] from [60 5]
training time per iterations 1.146309[ms]
testing
testing done
network success rate top1 84.344147% 85.736954% 
network success rate top5 100.000000% 100.000000% 
saving best net in top 1
best net saved to networks/faces_net_0/trained/, with success rate 84.344147%



epoch [0 2] from [60 5]
training time per iterations 1.136298[ms]
testing
testing done
network success rate top1 83.762344% 85.684059% 
network success rate top5 100.000000% 100.000000% 



epoch [0 3] from [60 5]
training time per iterations 1.255944[ms]
testing
testing done
network success rate top1 85.049362% 86.177711% 
network success rate top5 100.000000% 100.000000% 
saving best net in top 1
best net saved to networks/faces_net_0/trained/, with success rate 85.049362%



epoch [0 4] from [60 5]
training time per iterations 1.155453[ms]
testing
testing done
network success rate top1 85.419601% 87.693932% 
network success rate top5 100.000000% 100.000000% 
saving best net in top 1
best net saved to networks/faces_net_0/trained/, with success rate 85.419601%



epoch [1 0] from [60 5]
training time per iterations 1.139474[ms]
testing
testing done
network success rate top1 84.308884% 86.495064% 
network success rate top5 100.000000% 100.000000% 



epoch [1 1] from [60 5]
training time per iterations 1.130715[ms]
testing
testing done
network success rate top1 85.366714% 83.621300% 
network success rate top5 100.000000% 100.000000% 



epoch [1 2] from [60 5]
training time per iterations 1.267109[ms]
testing
testing done
network success rate top1 85.155151% 85.930885% 
network success rate top5 100.000000% 100.000000% 



epoch [1 3] from [60 5]
training time per iterations 1.131389[ms]
testing
testing done
network success rate top1 84.132584% 86.988716% 
network success rate top5 100.000000% 100.000000% 



epoch [1 4] from [60 5]
training time per iterations 1.141207[ms]
testing
testing done
network success rate top1 85.472496% 87.464737% 
network success rate top5 100.000000% 100.000000% 
saving best net in top 1
best net saved to networks/faces_net_0/trained/, with success rate 85.472496%



epoch [2 0] from [60 5]
training time per iterations 1.273847[ms]
testing
testing done
network success rate top1 84.978844% 87.200279% 
network success rate top5 100.000000% 100.000000% 



epoch [2 1] from [60 5]
training time per iterations 1.138319[ms]
testing
testing done
network success rate top1 84.150215% 86.195343% 
network success rate top5 100.000000% 100.000000% 



epoch [2 2] from [60 5]
training time per iterations 1.129368[ms]
testing
testing done
network success rate top1 84.696754% 86.918198% 
network success rate top5 100.000000% 100.000000% 



epoch [2 3] from [60 5]
training time per iterations 1.168062[ms]
testing
testing done
network success rate top1 87.023979% 86.847672% 
network success rate top5 100.000000% 100.000000% 
saving best net in top 1
best net saved to networks/faces_net_0/trained/, with success rate 87.023979%



epoch [2 4] from [60 5]
training time per iterations 1.263548[ms]
testing
testing done
network success rate top1 84.802536% 86.477432% 
network success rate top5 100.000000% 100.000000% 



epoch [3 0] from [60 5]
training time per iterations 1.129656[ms]
testing
testing done
network success rate top1 85.419601% 87.253174% 
network success rate top5 100.000000% 100.000000% 



epoch [3 1] from [60 5]
training time per iterations 1.162961[ms]
testing
testing done
network success rate top1 84.978844% 87.394218% 
network success rate top5 100.000000% 100.000000% 



epoch [3 2] from [60 5]
training time per iterations 1.156127[ms]
testing
testing done
network success rate top1 85.084625% 88.222847% 
network success rate top5 100.000000% 100.000000% 



epoch [3 3] from [60 5]
training time per iterations 1.256618[ms]
testing
testing done
network success rate top1 86.759521% 88.011284% 
network success rate top5 100.000000% 100.000000% 



epoch [3 4] from [60 5]
training time per iterations 1.178554[ms]
testing
testing done
network success rate top1 86.019043% 88.346260% 
network success rate top5 100.000000% 100.000000% 



epoch [4 0] from [60 5]
training time per iterations 1.160651[ms]
testing
testing done
network success rate top1 87.958389% 86.777153% 
network success rate top5 100.000000% 100.000000% 
saving best net in top 1
best net saved to networks/faces_net_0/trained/, with success rate 87.958389%



epoch [4 1] from [60 5]
training time per iterations 1.265184[ms]
testing
testing done
network success rate top1 86.442169% 87.676308% 
network success rate top5 100.000000% 100.000000% 



epoch [4 2] from [60 5]
training time per iterations 1.170758[ms]
testing
testing done
network success rate top1 87.623413% 88.293373% 
network success rate top5 100.000000% 100.000000% 



epoch [4 3] from [60 5]
training time per iterations 1.146309[ms]
testing
testing done
network success rate top1 87.658676% 88.346260% 
network success rate top5 100.000000% 100.000000% 



epoch [4 4] from [60 5]
training time per iterations 1.140533[ms]
testing
testing done
network success rate top1 86.371651% 88.698875% 
network success rate top5 100.000000% 100.000000% 



epoch [5 0] from [60 5]
training time per iterations 1.275387[ms]
testing
testing done
network success rate top1 87.905502% 89.968262% 
network success rate top5 100.000000% 100.000000% 



epoch [5 1] from [60 5]
training time per iterations 1.127539[ms]
testing
testing done
network success rate top1 86.971085% 89.245415% 
network success rate top5 100.000000% 100.000000% 



epoch [5 2] from [60 5]
training time per iterations 1.132544[ms]
testing
testing done
network success rate top1 86.424545% 88.557831% 
network success rate top5 100.000000% 100.000000% 



epoch [5 3] from [60 5]
training time per iterations 1.311291[ms]
testing
testing done
network success rate top1 87.323692% 89.474609% 
network success rate top5 100.000000% 100.000000% 



epoch [5 4] from [60 5]
training time per iterations 1.126865[ms]
testing
testing done
network success rate top1 85.595909% 87.764458% 
network success rate top5 100.000000% 100.000000% 



epoch [6 0] from [60 5]
training time per iterations 1.132352[ms]
testing
testing done
network success rate top1 83.251060% 86.318756% 
network success rate top5 100.000000% 100.000000% 



epoch [6 1] from [60 5]
training time per iterations 1.179709[ms]
testing
testing done
network success rate top1 88.928070% 88.416786% 
network success rate top5 100.000000% 100.000000% 
saving best net in top 1
best net saved to networks/faces_net_0/trained/, with success rate 88.928070%



epoch [6 2] from [60 5]
training time per iterations 1.267494[ms]
testing
testing done
network success rate top1 84.696754% 87.217911% 
network success rate top5 100.000000% 100.000000% 



epoch [6 3] from [60 5]
training time per iterations 1.134854[ms]
testing
testing done
network success rate top1 83.462624% 87.023979% 
network success rate top5 100.000000% 100.000000% 



epoch [6 4] from [60 5]
training time per iterations 1.178265[ms]
testing
testing done
network success rate top1 88.787025% 89.421722% 
network success rate top5 100.000000% 100.000000% 



epoch [7 0] from [60 5]
training time per iterations 1.141977[ms]
testing
testing done
network success rate top1 87.552895% 88.822289% 
network success rate top5 100.000000% 100.000000% 



epoch [7 1] from [60 5]
training time per iterations 1.257388[ms]
testing
testing done
network success rate top1 85.684059% 88.416786% 
network success rate top5 100.000000% 100.000000% 



epoch [7 2] from [60 5]
training time per iterations 1.193570[ms]
testing
testing done
network success rate top1 85.754585% 88.698875% 
network success rate top5 100.000000% 100.000000% 



epoch [7 3] from [60 5]
training time per iterations 1.159014[ms]
testing
testing done
network success rate top1 87.500000% 88.892807% 
network success rate top5 100.000000% 100.000000% 



epoch [7 4] from [60 5]
training time per iterations 1.252767[ms]
testing
testing done
network success rate top1 88.875175% 89.915375% 
network success rate top5 100.000000% 100.000000% 



epoch [8 0] from [60 5]
training time per iterations 1.179902[ms]
testing
testing done
network success rate top1 89.351196% 90.144569% 
network success rate top5 100.000000% 100.000000% 
saving best net in top 1
best net saved to networks/faces_net_0/trained/, with success rate 89.351196%



epoch [8 1] from [60 5]
training time per iterations 1.145539[ms]
testing
testing done
network success rate top1 88.681244% 89.210152% 
network success rate top5 100.000000% 100.000000% 



epoch [8 2] from [60 5]
training time per iterations 1.122630[ms]
testing
testing done
network success rate top1 88.787025% 90.497177% 
network success rate top5 100.000000% 100.000000% 



epoch [8 3] from [60 5]
training time per iterations 1.271345[ms]
testing
testing done
network success rate top1 88.857544% 90.426659% 
network success rate top5 100.000000% 100.000000% 



epoch [8 4] from [60 5]
training time per iterations 1.138319[ms]
testing
testing done
network success rate top1 90.038788% 90.567703% 
network success rate top5 100.000000% 100.000000% 
saving best net in top 1
best net saved to networks/faces_net_0/trained/, with success rate 90.038788%



epoch [9 0] from [60 5]
training time per iterations 1.130908[ms]
testing
testing done
network success rate top1 89.086739% 90.126938% 
network success rate top5 100.000000% 100.000000% 



epoch [9 1] from [60 5]
training time per iterations 1.286938[ms]
testing
testing done
network success rate top1 89.950638% 90.920311% 
network success rate top5 100.000000% 100.000000% 



epoch [9 2] from [60 5]
training time per iterations 1.136683[ms]
testing
testing done
network success rate top1 90.197464% 91.378700% 
network success rate top5 100.000000% 100.000000% 
saving best net in top 1
best net saved to networks/faces_net_0/trained/, with success rate 90.197464%



epoch [9 3] from [60 5]
training time per iterations 1.128213[ms]
testing
testing done
network success rate top1 89.668549% 91.184769% 
network success rate top5 100.000000% 100.000000% 



epoch [9 4] from [60 5]
training time per iterations 1.164982[ms]
testing
testing done
network success rate top1 90.038788% 90.796898% 
network success rate top5 100.000000% 100.000000% 



epoch [10 0] from [60 5]
training time per iterations 1.267591[ms]
testing
testing done
network success rate top1 88.081802% 89.509872% 
network success rate top5 100.000000% 100.000000% 



epoch [10 1] from [60 5]
training time per iterations 1.137453[ms]
testing
testing done
network success rate top1 89.492241% 91.043724% 
network success rate top5 100.000000% 100.000000% 



epoch [10 2] from [60 5]
training time per iterations 1.141496[ms]
testing
testing done
network success rate top1 90.655853% 92.172073% 
network success rate top5 100.000000% 100.000000% 
saving best net in top 1
best net saved to networks/faces_net_0/trained/, with success rate 90.655853%



epoch [10 3] from [60 5]
training time per iterations 1.130715[ms]
testing
testing done
network success rate top1 89.492241% 91.449226% 
network success rate top5 100.000000% 100.000000% 



epoch [10 4] from [60 5]
training time per iterations 1.252575[ms]
testing
testing done
network success rate top1 88.134697% 90.585335% 
network success rate top5 100.000000% 100.000000% 



epoch [11 0] from [60 5]
training time per iterations 1.187314[ms]
testing
testing done
network success rate top1 89.421722% 90.056419% 
network success rate top5 100.000000% 100.000000% 



epoch [11 1] from [60 5]
training time per iterations 1.142362[ms]
testing
testing done
network success rate top1 90.409027% 91.837097% 
network success rate top5 100.000000% 100.000000% 



epoch [11 2] from [60 5]
training time per iterations 1.263837[ms]
testing
testing done
network success rate top1 91.537376% 91.449226% 
network success rate top5 100.000000% 100.000000% 
saving best net in top 1
best net saved to networks/faces_net_0/trained/, with success rate 91.537376%



epoch [11 3] from [60 5]
training time per iterations 1.154202[ms]
testing
testing done
network success rate top1 91.696053% 93.194641% 
network success rate top5 100.000000% 100.000000% 
saving best net in top 1
best net saved to networks/faces_net_0/trained/, with success rate 91.696053%



epoch [11 4] from [60 5]
training time per iterations 1.136298[ms]
testing
testing done
network success rate top1 91.131874% 91.995766% 
network success rate top5 100.000000% 100.000000% 



epoch [12 0] from [60 5]
training time per iterations 1.141111[ms]
testing
testing done
network success rate top1 91.960510% 92.277855% 
network success rate top5 100.000000% 100.000000% 
saving best net in top 1
best net saved to networks/faces_net_0/trained/, with success rate 91.960510%



epoch [12 1] from [60 5]
training time per iterations 1.261719[ms]
testing
testing done
network success rate top1 91.960510% 93.247528% 
network success rate top5 100.000000% 100.000000% 



epoch [12 2] from [60 5]
training time per iterations 1.131774[ms]
testing
testing done
network success rate top1 92.418900% 93.229904% 
network success rate top5 100.000000% 100.000000% 
saving best net in top 1
best net saved to networks/faces_net_0/trained/, with success rate 92.418900%



epoch [12 3] from [60 5]
training time per iterations 1.140726[ms]
testing
testing done
network success rate top1 91.907616% 92.207336% 
network success rate top5 100.000000% 100.000000% 



epoch [12 4] from [60 5]
training time per iterations 1.279141[ms]
testing
testing done
network success rate top1 91.114243% 92.207336% 
network success rate top5 100.000000% 100.000000% 



epoch [13 0] from [60 5]
training time per iterations 1.129464[ms]
testing
testing done
network success rate top1 91.466858% 92.260223% 
network success rate top5 100.000000% 100.000000% 



epoch [13 1] from [60 5]
training time per iterations 1.124651[ms]
testing
testing done
network success rate top1 91.343445% 92.665726% 
network success rate top5 100.000000% 100.000000% 



epoch [13 2] from [60 5]
training time per iterations 1.172971[ms]
testing
testing done
network success rate top1 91.043724% 92.083923% 
network success rate top5 100.000000% 100.000000% 



epoch [13 3] from [60 5]
training time per iterations 1.262297[ms]
testing
testing done
network success rate top1 91.925247% 92.877289% 
network success rate top5 100.000000% 100.000000% 



epoch [13 4] from [60 5]
training time per iterations 1.127539[ms]
testing
testing done
network success rate top1 90.373764% 92.577576% 
network success rate top5 100.000000% 100.000000% 



epoch [14 0] from [60 5]
training time per iterations 1.154779[ms]
testing
testing done
network success rate top1 91.431595% 92.806770% 
network success rate top5 100.000000% 100.000000% 



epoch [14 1] from [60 5]
training time per iterations 1.138897[ms]
testing
testing done
network success rate top1 90.056419% 91.502113% 
network success rate top5 100.000000% 100.000000% 



epoch [14 2] from [60 5]
training time per iterations 1.254692[ms]
testing
testing done
network success rate top1 91.537376% 93.018333% 
network success rate top5 100.000000% 100.000000% 



epoch [14 3] from [60 5]
training time per iterations 1.182693[ms]
testing
testing done
network success rate top1 91.978142% 92.524681% 
network success rate top5 100.000000% 100.000000% 



epoch [14 4] from [60 5]
training time per iterations 1.160554[ms]
testing
testing done
network success rate top1 93.053596% 92.119179% 
network success rate top5 100.000000% 100.000000% 
saving best net in top 1
best net saved to networks/faces_net_0/trained/, with success rate 93.053596%
setting learning rate to 0.000250



epoch [15 0] from [60 5]
training time per iterations 1.265569[ms]
testing
testing done
network success rate top1 92.648094% 93.511986% 
network success rate top5 100.000000% 100.000000% 



epoch [15 1] from [60 5]
training time per iterations 1.162383[ms]
testing
testing done
network success rate top1 91.678421% 92.665726% 
network success rate top5 100.000000% 100.000000% 



epoch [15 2] from [60 5]
training time per iterations 1.134373[ms]
testing
testing done
network success rate top1 92.965446% 94.164314% 
network success rate top5 100.000000% 100.000000% 



epoch [15 3] from [60 5]
training time per iterations 1.140630[ms]
testing
testing done
network success rate top1 92.031029% 93.617775% 
network success rate top5 100.000000% 100.000000% 



epoch [15 4] from [60 5]
training time per iterations 1.267398[ms]
testing
testing done
network success rate top1 92.330750% 92.877289% 
network success rate top5 100.000000% 100.000000% 



epoch [16 0] from [60 5]
training time per iterations 1.132640[ms]
testing
testing done
network success rate top1 93.124115% 94.058533% 
network success rate top5 100.000000% 100.000000% 
saving best net in top 1
best net saved to networks/faces_net_0/trained/, with success rate 93.124115%



epoch [16 1] from [60 5]
training time per iterations 1.128116[ms]
testing
testing done
network success rate top1 92.542313% 93.635399% 
network success rate top5 100.000000% 100.000000% 



epoch [16 2] from [60 5]
training time per iterations 1.297237[ms]
testing
testing done
network success rate top1 92.260223% 93.846970% 
network success rate top5 100.000000% 100.000000% 



epoch [16 3] from [60 5]
training time per iterations 1.126384[ms]
testing
testing done
network success rate top1 90.779266% 92.313118% 
network success rate top5 100.000000% 100.000000% 



epoch [16 4] from [60 5]
training time per iterations 1.126191[ms]
testing
testing done
network success rate top1 91.995766% 93.829338% 
network success rate top5 100.000000% 100.000000% 



epoch [17 0] from [60 5]
training time per iterations 1.155260[ms]
testing
testing done
network success rate top1 93.106491% 94.093796% 
network success rate top5 100.000000% 100.000000% 



epoch [17 1] from [60 5]
training time per iterations 1.262970[ms]
testing
testing done
network success rate top1 92.983078% 93.529617% 
network success rate top5 100.000000% 100.000000% 



epoch [17 2] from [60 5]
training time per iterations 1.123592[ms]
testing
testing done
network success rate top1 93.106491% 94.358253% 
network success rate top5 100.000000% 100.000000% 



epoch [17 3] from [60 5]
training time per iterations 1.146694[ms]
testing
testing done
network success rate top1 91.978142% 93.547249% 
network success rate top5 100.000000% 100.000000% 



epoch [17 4] from [60 5]
training time per iterations 1.132159[ms]
testing
testing done
network success rate top1 92.700989% 94.199577% 
network success rate top5 100.000000% 100.000000% 



epoch [18 0] from [60 5]
training time per iterations 1.263548[ms]
testing
testing done
network success rate top1 90.885048% 92.295486% 
network success rate top5 100.000000% 100.000000% 



epoch [18 1] from [60 5]
training time per iterations 1.174897[ms]
testing
testing done
network success rate top1 92.207336% 93.159378% 
network success rate top5 100.000000% 100.000000% 



epoch [18 2] from [60 5]
training time per iterations 1.133892[ms]
testing
testing done
network success rate top1 93.705925% 93.829338% 
network success rate top5 100.000000% 100.000000% 
saving best net in top 1
best net saved to networks/faces_net_0/trained/, with success rate 93.705925%



epoch [18 3] from [60 5]
training time per iterations 1.251420[ms]
testing
testing done
network success rate top1 93.653030% 94.181946% 
network success rate top5 100.000000% 100.000000% 



epoch [18 4] from [60 5]
training time per iterations 1.164982[ms]
testing
testing done
network success rate top1 91.713684% 92.877289% 
network success rate top5 100.000000% 100.000000% 



epoch [19 0] from [60 5]
training time per iterations 1.140437[ms]
testing
testing done
network success rate top1 92.330750% 93.653030% 
network success rate top5 100.000000% 100.000000% 



epoch [19 1] from [60 5]
training time per iterations 1.138993[ms]
testing
testing done
network success rate top1 91.572639% 92.630463% 
network success rate top5 100.000000% 100.000000% 



epoch [19 2] from [60 5]
training time per iterations 1.262297[ms]
testing
testing done
network success rate top1 92.348381% 93.705925% 
network success rate top5 100.000000% 100.000000% 



epoch [19 3] from [60 5]
training time per iterations 1.135239[ms]
testing
testing done
network success rate top1 93.494362% 94.005638% 
network success rate top5 100.000000% 100.000000% 



epoch [19 4] from [60 5]
training time per iterations 1.125806[ms]
testing
testing done
network success rate top1 93.688293% 93.335686% 
network success rate top5 100.000000% 100.000000% 



epoch [20 0] from [60 5]
training time per iterations 1.259987[ms]
testing
testing done
network success rate top1 93.494362% 93.935120% 
network success rate top5 100.000000% 100.000000% 



epoch [20 1] from [60 5]
training time per iterations 1.132737[ms]
testing
testing done
network success rate top1 93.846970% 94.129051% 
network success rate top5 100.000000% 100.000000% 
saving best net in top 1
best net saved to networks/faces_net_0/trained/, with success rate 93.846970%



epoch [20 2] from [60 5]
training time per iterations 1.128501[ms]
testing
testing done
network success rate top1 91.449226% 93.124115% 
network success rate top5 100.000000% 100.000000% 



epoch [20 3] from [60 5]
training time per iterations 1.158822[ms]
testing
testing done
network success rate top1 93.600143% 94.587448% 
network success rate top5 100.000000% 100.000000% 



epoch [20 4] from [60 5]
training time per iterations 1.259313[ms]
testing
testing done
network success rate top1 90.426659% 92.700989% 
network success rate top5 100.000000% 100.000000% 



epoch [21 0] from [60 5]
training time per iterations 1.133892[ms]
testing
testing done
network success rate top1 93.741188% 94.023270% 
network success rate top5 100.000000% 100.000000% 



epoch [21 1] from [60 5]
training time per iterations 1.148619[ms]
testing
testing done
network success rate top1 92.842033% 94.446404% 
network success rate top5 100.000000% 100.000000% 



epoch [21 2] from [60 5]
training time per iterations 1.118779[ms]
testing
testing done
network success rate top1 91.748940% 93.353317% 
network success rate top5 100.000000% 100.000000% 



epoch [21 3] from [60 5]
training time per iterations 1.255559[ms]
testing
testing done
network success rate top1 92.418900% 93.758812% 
network success rate top5 100.000000% 100.000000% 



epoch [21 4] from [60 5]
training time per iterations 1.142266[ms]
testing
testing done
network success rate top1 93.547249% 94.111427% 
network success rate top5 100.000000% 100.000000% 



epoch [22 0] from [60 5]
training time per iterations 1.125036[ms]
testing
testing done
network success rate top1 91.643158% 93.141747% 
network success rate top5 100.000000% 100.000000% 



epoch [22 1] from [60 5]
training time per iterations 1.259313[ms]
testing
testing done
network success rate top1 93.741188% 94.287727% 
network success rate top5 100.000000% 100.000000% 



epoch [22 2] from [60 5]
training time per iterations 1.155260[ms]
testing
testing done
network success rate top1 93.564880% 93.988014% 
network success rate top5 100.000000% 100.000000% 



epoch [22 3] from [60 5]
training time per iterations 1.147560[ms]
testing
testing done
network success rate top1 92.366005% 93.582512% 
network success rate top5 100.000000% 100.000000% 



epoch [22 4] from [60 5]
training time per iterations 1.124747[ms]
testing
testing done
network success rate top1 93.705925% 94.322990% 
network success rate top5 100.000000% 100.000000% 



epoch [23 0] from [60 5]
training time per iterations 1.267976[ms]
testing
testing done
network success rate top1 92.665726% 94.516922% 
network success rate top5 100.000000% 100.000000% 



epoch [23 1] from [60 5]
training time per iterations 1.125229[ms]
testing
testing done
network success rate top1 92.789139% 93.794075% 
network success rate top5 100.000000% 100.000000% 



epoch [23 2] from [60 5]
training time per iterations 1.136683[ms]
testing
testing done
network success rate top1 91.537376% 93.229904% 
network success rate top5 100.000000% 100.000000% 



epoch [23 3] from [60 5]
training time per iterations 1.151795[ms]
testing
testing done
network success rate top1 92.771507% 93.970383% 
network success rate top5 100.000000% 100.000000% 



epoch [23 4] from [60 5]
training time per iterations 1.261045[ms]
testing
testing done
network success rate top1 93.071228% 94.023270% 
network success rate top5 100.000000% 100.000000% 



epoch [24 0] from [60 5]
training time per iterations 1.133314[ms]
testing
testing done
network success rate top1 94.516922% 94.640335% 
network success rate top5 100.000000% 100.000000% 
saving best net in top 1
best net saved to networks/faces_net_0/trained/, with success rate 94.516922%



epoch [24 1] from [60 5]
training time per iterations 1.173934[ms]
testing
testing done
network success rate top1 93.952751% 94.763748% 
network success rate top5 100.000000% 100.000000% 



epoch [24 2] from [60 5]
training time per iterations 1.258831[ms]
testing
testing done
network success rate top1 92.648094% 93.899857% 
network success rate top5 100.000000% 100.000000% 



epoch [24 3] from [60 5]
training time per iterations 1.127442[ms]
testing
testing done
network success rate top1 94.058533% 94.834274% 
network success rate top5 100.000000% 100.000000% 



epoch [24 4] from [60 5]
training time per iterations 1.167004[ms]
testing
testing done
network success rate top1 92.842033% 94.675598% 
network success rate top5 100.000000% 100.000000% 



epoch [25 0] from [60 5]
training time per iterations 1.132737[ms]
testing
testing done
network success rate top1 93.282791% 94.481667% 
network success rate top5 100.000000% 100.000000% 



epoch [25 1] from [60 5]
training time per iterations 1.254981[ms]
testing
testing done
network success rate top1 93.864601% 94.622711% 
network success rate top5 100.000000% 100.000000% 



epoch [25 2] from [60 5]
training time per iterations 1.135143[ms]
testing
testing done
network success rate top1 92.947815% 94.464035% 
network success rate top5 100.000000% 100.000000% 



epoch [25 3] from [60 5]
training time per iterations 1.139089[ms]
testing
testing done
network success rate top1 94.693230% 95.028206% 
network success rate top5 100.000000% 100.000000% 
saving best net in top 1
best net saved to networks/faces_net_0/trained/, with success rate 94.693230%



epoch [25 4] from [60 5]
training time per iterations 1.257676[ms]
testing
testing done
network success rate top1 92.031029% 93.617775% 
network success rate top5 100.000000% 100.000000% 



epoch [26 0] from [60 5]
training time per iterations 1.136491[ms]
testing
testing done
network success rate top1 93.459099% 94.111427% 
network success rate top5 100.000000% 100.000000% 



epoch [26 1] from [60 5]
training time per iterations 1.131485[ms]
testing
testing done
network success rate top1 94.393509% 95.310295% 
network success rate top5 100.000000% 100.000000% 



epoch [26 2] from [60 5]
training time per iterations 1.130811[ms]
testing
testing done
network success rate top1 93.406204% 94.992950% 
network success rate top5 100.000000% 100.000000% 



epoch [26 3] from [60 5]
training time per iterations 1.276350[ms]
testing
testing done
network success rate top1 92.983078% 94.428772% 
network success rate top5 100.000000% 100.000000% 



epoch [26 4] from [60 5]
training time per iterations 1.131774[ms]
testing
testing done
network success rate top1 92.383636% 93.970383% 
network success rate top5 100.000000% 100.000000% 



epoch [27 0] from [60 5]
training time per iterations 1.132640[ms]
testing
testing done
network success rate top1 92.930183% 94.710861% 
network success rate top5 100.000000% 100.000000% 



epoch [27 1] from [60 5]
training time per iterations 1.171335[ms]
testing
testing done
network success rate top1 92.418900% 93.899857% 
network success rate top5 100.000000% 100.000000% 



epoch [27 2] from [60 5]
training time per iterations 1.252960[ms]
testing
testing done
network success rate top1 93.653030% 95.151619% 
network success rate top5 100.000000% 100.000000% 



epoch [27 3] from [60 5]
training time per iterations 1.129368[ms]
testing
testing done
network success rate top1 94.164314% 95.486603% 
network success rate top5 100.000000% 100.000000% 



epoch [27 4] from [60 5]
training time per iterations 1.158822[ms]
testing
testing done
network success rate top1 92.048660% 93.600143% 
network success rate top5 100.000000% 100.000000% 



epoch [28 0] from [60 5]
training time per iterations 1.264511[ms]
testing
testing done
network success rate top1 93.194641% 94.763748% 
network success rate top5 100.000000% 100.000000% 



epoch [28 1] from [60 5]
training time per iterations 1.129753[ms]
testing
testing done
network success rate top1 93.564880% 94.481667% 
network success rate top5 100.000000% 100.000000% 



epoch [28 2] from [60 5]
training time per iterations 1.173260[ms]
testing
testing done
network success rate top1 94.375885% 95.133995% 
network success rate top5 100.000000% 100.000000% 



epoch [28 3] from [60 5]
training time per iterations 1.130041[ms]
testing
testing done
network success rate top1 94.499298% 95.980255% 
network success rate top5 100.000000% 100.000000% 



epoch [28 4] from [60 5]
training time per iterations 1.266147[ms]
testing
testing done
network success rate top1 94.746124% 96.033142% 
network success rate top5 100.000000% 100.000000% 
saving best net in top 1
best net saved to networks/faces_net_0/trained/, with success rate 94.746124%



epoch [29 0] from [60 5]
training time per iterations 1.144769[ms]
testing
testing done
network success rate top1 93.600143% 94.552185% 
network success rate top5 100.000000% 100.000000% 



epoch [29 1] from [60 5]
training time per iterations 1.121475[ms]
testing
testing done
network success rate top1 92.454163% 94.164314% 
network success rate top5 100.000000% 100.000000% 



epoch [29 2] from [60 5]
training time per iterations 1.249110[ms]
testing
testing done
network success rate top1 94.023270% 95.363190% 
network success rate top5 100.000000% 100.000000% 



epoch [29 3] from [60 5]
training time per iterations 1.182116[ms]
testing
testing done
network success rate top1 93.282791% 93.917488% 
network success rate top5 100.000000% 100.000000% 



epoch [29 4] from [60 5]
training time per iterations 1.156800[ms]
testing
testing done
network success rate top1 94.005638% 94.992950% 
network success rate top5 100.000000% 100.000000% 
setting learning rate to 0.000125



epoch [30 0] from [60 5]
training time per iterations 1.142362[ms]
testing
testing done
network success rate top1 93.829338% 94.904793% 
network success rate top5 100.000000% 100.000000% 



epoch [30 1] from [60 5]
training time per iterations 1.265473[ms]
testing
testing done
network success rate top1 93.776443% 94.922424% 
network success rate top5 100.000000% 100.000000% 



epoch [30 2] from [60 5]
training time per iterations 1.136587[ms]
testing
testing done
network success rate top1 94.270096% 95.222145% 
network success rate top5 100.000000% 100.000000% 



epoch [30 3] from [60 5]
training time per iterations 1.130715[ms]
testing
testing done
network success rate top1 94.710861% 95.081100% 
network success rate top5 100.000000% 100.000000% 



epoch [30 4] from [60 5]
training time per iterations 1.163923[ms]
testing
testing done
network success rate top1 93.282791% 95.345558% 
network success rate top5 100.000000% 100.000000% 



epoch [31 0] from [60 5]
training time per iterations 1.259313[ms]
testing
testing done
network success rate top1 93.829338% 95.468971% 
network success rate top5 100.000000% 100.000000% 



epoch [31 1] from [60 5]
training time per iterations 1.124555[ms]
testing
testing done
network success rate top1 93.617775% 94.816643% 
network success rate top5 100.000000% 100.000000% 



epoch [31 2] from [60 5]
training time per iterations 1.146597[ms]
testing
testing done
network success rate top1 94.040901% 95.239777% 
network success rate top5 100.000000% 100.000000% 



epoch [31 3] from [60 5]
training time per iterations 1.263837[ms]
testing
testing done
network success rate top1 94.622711% 95.239777% 
network success rate top5 100.000000% 100.000000% 



epoch [31 4] from [60 5]
training time per iterations 1.135432[ms]
testing
testing done
network success rate top1 94.058533% 95.292664% 
network success rate top5 100.000000% 100.000000% 



epoch [32 0] from [60 5]
training time per iterations 1.180864[ms]
testing
testing done
network success rate top1 94.851906% 96.103668% 
network success rate top5 100.000000% 100.000000% 
saving best net in top 1
best net saved to networks/faces_net_0/trained/, with success rate 94.851906%



epoch [32 1] from [60 5]
training time per iterations 1.124459[ms]
testing
testing done
network success rate top1 94.375885% 95.081100% 
network success rate top5 100.000000% 100.000000% 



epoch [32 2] from [60 5]
training time per iterations 1.261527[ms]
testing
testing done
network success rate top1 94.605080% 95.856842% 
network success rate top5 100.000000% 100.000000% 



epoch [32 3] from [60 5]
training time per iterations 1.159688[ms]
testing
testing done
network success rate top1 94.587448% 95.363190% 
network success rate top5 100.000000% 100.000000% 



epoch [32 4] from [60 5]
training time per iterations 1.130330[ms]
testing
testing done
network success rate top1 94.887161% 96.350494% 
network success rate top5 100.000000% 100.000000% 
saving best net in top 1
best net saved to networks/faces_net_0/trained/, with success rate 94.887161%



epoch [33 0] from [60 5]
training time per iterations 1.241409[ms]
testing
testing done
network success rate top1 93.547249% 94.464035% 
network success rate top5 100.000000% 100.000000% 



epoch [33 1] from [60 5]
training time per iterations 1.157763[ms]
testing
testing done
network success rate top1 93.970383% 94.940056% 
network success rate top5 100.000000% 100.000000% 



epoch [33 2] from [60 5]
training time per iterations 1.134277[ms]
testing
testing done
network success rate top1 93.511986% 94.940056% 
network success rate top5 100.000000% 100.000000% 



epoch [33 3] from [60 5]
training time per iterations 1.124844[ms]
testing
testing done
network success rate top1 93.970383% 94.904793% 
network success rate top5 100.000000% 100.000000% 



epoch [33 4] from [60 5]
training time per iterations 1.279045[ms]
testing
testing done
network success rate top1 94.129051% 94.957687% 
network success rate top5 100.000000% 100.000000% 



epoch [34 0] from [60 5]
training time per iterations 1.128309[ms]
testing
testing done
network success rate top1 94.904793% 96.033142% 
network success rate top5 100.000000% 100.000000% 
saving best net in top 1
best net saved to networks/faces_net_0/trained/, with success rate 94.904793%



epoch [34 1] from [60 5]
training time per iterations 1.135432[ms]
testing
testing done
network success rate top1 94.622711% 95.468971% 
network success rate top5 100.000000% 100.000000% 



epoch [34 2] from [60 5]
training time per iterations 1.143613[ms]
testing
testing done
network success rate top1 94.799011% 95.803947% 
network success rate top5 100.000000% 100.000000% 



epoch [34 3] from [60 5]
training time per iterations 1.251324[ms]
testing
testing done
network success rate top1 93.846970% 94.499298% 
network success rate top5 100.000000% 100.000000% 



epoch [34 4] from [60 5]
training time per iterations 1.134277[ms]
testing
testing done
network success rate top1 94.781380% 95.521858% 
network success rate top5 100.000000% 100.000000% 



epoch [35 0] from [60 5]
training time per iterations 1.164212[ms]
testing
testing done
network success rate top1 93.811707% 94.975319% 
network success rate top5 100.000000% 100.000000% 



epoch [35 1] from [60 5]
training time per iterations 1.252864[ms]
testing
testing done
network success rate top1 94.111427% 94.869537% 
network success rate top5 100.000000% 100.000000% 



epoch [35 2] from [60 5]
training time per iterations 1.130908[ms]
testing
testing done
network success rate top1 92.507050% 93.723557% 
network success rate top5 100.000000% 100.000000% 



epoch [35 3] from [60 5]
training time per iterations 1.148619[ms]
testing
testing done
network success rate top1 94.622711% 94.869537% 
network success rate top5 100.000000% 100.000000% 



epoch [35 4] from [60 5]
training time per iterations 1.147271[ms]
testing
testing done
network success rate top1 93.829338% 94.975319% 
network success rate top5 100.000000% 100.000000% 



epoch [36 0] from [60 5]
training time per iterations 1.252382[ms]
testing
testing done
network success rate top1 93.582512% 94.746124% 
network success rate top5 100.000000% 100.000000% 



epoch [36 1] from [60 5]
training time per iterations 1.170854[ms]
testing
testing done
network success rate top1 94.746124% 95.944992% 
network success rate top5 100.000000% 100.000000% 



epoch [36 2] from [60 5]
training time per iterations 1.149100[ms]
testing
testing done
network success rate top1 94.287727% 95.169250% 
network success rate top5 100.000000% 100.000000% 



epoch [36 3] from [60 5]
training time per iterations 1.261815[ms]
testing
testing done
network success rate top1 93.229904% 94.270096% 
network success rate top5 100.000000% 100.000000% 



epoch [36 4] from [60 5]
training time per iterations 1.143036[ms]
testing
testing done
network success rate top1 95.133995% 95.433708% 
network success rate top5 100.000000% 100.000000% 
saving best net in top 1
best net saved to networks/faces_net_0/trained/, with success rate 95.133995%



epoch [37 0] from [60 5]
training time per iterations 1.139089[ms]
testing
testing done
network success rate top1 93.882225% 95.151619% 
network success rate top5 100.000000% 100.000000% 



epoch [37 1] from [60 5]
training time per iterations 1.128020[ms]
testing
testing done
network success rate top1 94.816643% 95.821579% 
network success rate top5 100.000000% 100.000000% 



epoch [37 2] from [60 5]
training time per iterations 1.281259[ms]
testing
testing done
network success rate top1 94.464035% 95.380821% 
network success rate top5 100.000000% 100.000000% 



epoch [37 3] from [60 5]
training time per iterations 1.133122[ms]
testing
testing done
network success rate top1 94.093796% 95.028206% 
network success rate top5 100.000000% 100.000000% 



epoch [37 4] from [60 5]
training time per iterations 1.130234[ms]
testing
testing done
network success rate top1 93.476730% 94.622711% 
network success rate top5 100.000000% 100.000000% 



epoch [38 0] from [60 5]
training time per iterations 1.156127[ms]
testing
testing done
network success rate top1 93.970383% 95.222145% 
network success rate top5 100.000000% 100.000000% 



epoch [38 1] from [60 5]
training time per iterations 1.249206[ms]
testing
testing done
network success rate top1 95.327927% 95.856842% 
network success rate top5 100.000000% 100.000000% 
saving best net in top 1
best net saved to networks/faces_net_0/trained/, with success rate 95.327927%



epoch [38 2] from [60 5]
training time per iterations 1.125229[ms]
testing
testing done
network success rate top1 93.688293% 95.045837% 
network success rate top5 100.000000% 100.000000% 



epoch [38 3] from [60 5]
training time per iterations 1.135720[ms]
testing
testing done
network success rate top1 93.988014% 94.693230% 
network success rate top5 100.000000% 100.000000% 



epoch [38 4] from [60 5]
training time per iterations 1.251805[ms]
testing
testing done
network success rate top1 93.882225% 95.028206% 
network success rate top5 100.000000% 100.000000% 



epoch [39 0] from [60 5]
training time per iterations 1.133795[ms]
testing
testing done
network success rate top1 94.781380% 95.521858% 
network success rate top5 100.000000% 100.000000% 



epoch [39 1] from [60 5]
training time per iterations 1.173645[ms]
testing
testing done
network success rate top1 95.327927% 95.803947% 
network success rate top5 100.000000% 100.000000% 



epoch [39 2] from [60 5]
training time per iterations 1.149870[ms]
testing
testing done
network success rate top1 95.239777% 96.103668% 
network success rate top5 100.000000% 100.000000% 



epoch [39 3] from [60 5]
training time per iterations 1.262104[ms]
testing
testing done
network success rate top1 94.710861% 95.257408% 
network success rate top5 100.000000% 100.000000% 



epoch [39 4] from [60 5]
training time per iterations 1.165656[ms]
testing
testing done
network success rate top1 94.851906% 95.098732% 
network success rate top5 100.000000% 100.000000% 



epoch [40 0] from [60 5]
training time per iterations 1.125421[ms]
testing
testing done
network success rate top1 93.547249% 94.464035% 
network success rate top5 100.000000% 100.000000% 



epoch [40 1] from [60 5]
training time per iterations 1.254404[ms]
testing
testing done
network success rate top1 94.922424% 95.874474% 
network success rate top5 100.000000% 100.000000% 



epoch [40 2] from [60 5]
training time per iterations 1.177399[ms]
testing
testing done
network success rate top1 95.045837% 95.944992% 
network success rate top5 100.000000% 100.000000% 



epoch [40 3] from [60 5]
training time per iterations 1.151410[ms]
testing
testing done
network success rate top1 94.781380% 95.733429% 
network success rate top5 100.000000% 100.000000% 



epoch [40 4] from [60 5]
training time per iterations 1.135913[ms]
testing
testing done
network success rate top1 93.917488% 95.398445% 
network success rate top5 100.000000% 100.000000% 



epoch [41 0] from [60 5]
training time per iterations 1.258061[ms]
testing
testing done
network success rate top1 94.340622% 95.733429% 
network success rate top5 100.000000% 100.000000% 



epoch [41 1] from [60 5]
training time per iterations 1.130138[ms]
testing
testing done
network success rate top1 95.151619% 95.539490% 
network success rate top5 100.000000% 100.000000% 



epoch [41 2] from [60 5]
training time per iterations 1.120705[ms]
testing
testing done
network success rate top1 95.098732% 94.834274% 
network success rate top5 100.000000% 100.000000% 



epoch [41 3] from [60 5]
training time per iterations 1.140148[ms]
testing
testing done
network success rate top1 93.088860% 94.622711% 
network success rate top5 100.000000% 100.000000% 



epoch [41 4] from [60 5]
training time per iterations 1.253056[ms]
testing
testing done
network success rate top1 92.912552% 94.076164% 
network success rate top5 100.000000% 100.000000% 



epoch [42 0] from [60 5]
training time per iterations 1.132640[ms]
testing
testing done
network success rate top1 95.327927% 96.209450% 
network success rate top5 100.000000% 100.000000% 



epoch [42 1] from [60 5]
training time per iterations 1.161421[ms]
testing
testing done
network success rate top1 94.675598% 95.257408% 
network success rate top5 100.000000% 100.000000% 



epoch [42 2] from [60 5]
training time per iterations 1.260660[ms]
testing
testing done
network success rate top1 94.887161% 95.962624% 
network success rate top5 100.000000% 100.000000% 



epoch [42 3] from [60 5]
training time per iterations 1.130908[ms]
testing
testing done
network success rate top1 94.358253% 94.851906% 
network success rate top5 100.000000% 100.000000% 



epoch [42 4] from [60 5]
training time per iterations 1.141688[ms]
testing
testing done
network success rate top1 94.851906% 95.786316% 
network success rate top5 100.000000% 100.000000% 



epoch [43 0] from [60 5]
training time per iterations 1.133410[ms]
testing
testing done
network success rate top1 95.327927% 95.592384% 
network success rate top5 100.000000% 100.000000% 



epoch [43 1] from [60 5]
training time per iterations 1.257965[ms]
testing
testing done
network success rate top1 94.076164% 95.627647% 
network success rate top5 100.000000% 100.000000% 



epoch [43 2] from [60 5]
training time per iterations 1.158822[ms]
testing
testing done
network success rate top1 95.363190% 96.473907% 
network success rate top5 100.000000% 100.000000% 
saving best net in top 1
best net saved to networks/faces_net_0/trained/, with success rate 95.363190%



epoch [43 3] from [60 5]
training time per iterations 1.142362[ms]
testing
testing done
network success rate top1 94.111427% 95.363190% 
network success rate top5 100.000000% 100.000000% 



epoch [43 4] from [60 5]
training time per iterations 1.141207[ms]
testing
testing done
network success rate top1 93.811707% 95.275032% 
network success rate top5 100.000000% 100.000000% 



epoch [44 0] from [60 5]
training time per iterations 1.251997[ms]
testing
testing done
network success rate top1 94.499298% 95.927361% 
network success rate top5 100.000000% 100.000000% 



epoch [44 1] from [60 5]
training time per iterations 1.137646[ms]
testing
testing done
network success rate top1 94.552185% 95.345558% 
network success rate top5 100.000000% 100.000000% 



epoch [44 2] from [60 5]
training time per iterations 1.128020[ms]
testing
testing done
network success rate top1 95.310295% 95.715797% 
network success rate top5 100.000000% 100.000000% 



epoch [44 3] from [60 5]
training time per iterations 1.267976[ms]
testing
testing done
network success rate top1 95.486603% 95.662903% 
network success rate top5 100.000000% 100.000000% 
saving best net in top 1
best net saved to networks/faces_net_0/trained/, with success rate 95.486603%



epoch [44 4] from [60 5]
training time per iterations 1.127828[ms]
testing
testing done
network success rate top1 95.133995% 96.121300% 
network success rate top5 100.000000% 100.000000% 
setting learning rate to 0.000063



epoch [45 0] from [60 5]
training time per iterations 1.136394[ms]
testing
testing done
network success rate top1 95.063469% 96.086037% 
network success rate top5 100.000000% 100.000000% 



epoch [45 1] from [60 5]
training time per iterations 1.140244[ms]
testing
testing done
network success rate top1 94.957687% 96.279968% 
network success rate top5 100.000000% 100.000000% 



epoch [45 2] from [60 5]
training time per iterations 1.248628[ms]
testing
testing done
network success rate top1 95.116364% 96.156555% 
network success rate top5 100.000000% 100.000000% 



epoch [45 3] from [60 5]
training time per iterations 1.131100[ms]
testing
testing done
network success rate top1 94.322990% 95.327927% 
network success rate top5 100.000000% 100.000000% 



epoch [45 4] from [60 5]
training time per iterations 1.151218[ms]
testing
testing done
network success rate top1 95.222145% 95.892105% 
network success rate top5 100.000000% 100.000000% 



epoch [46 0] from [60 5]
training time per iterations 1.252767[ms]
testing
testing done
network success rate top1 95.257408% 95.980255% 
network success rate top5 100.000000% 100.000000% 



epoch [46 1] from [60 5]
training time per iterations 1.123977[ms]
testing
testing done
network success rate top1 93.864601% 95.345558% 
network success rate top5 100.000000% 100.000000% 



epoch [46 2] from [60 5]
training time per iterations 1.162480[ms]
testing
testing done
network success rate top1 95.504234% 96.826515% 
network success rate top5 100.000000% 100.000000% 
saving best net in top 1
best net saved to networks/faces_net_0/trained/, with success rate 95.504234%



epoch [46 3] from [60 5]
training time per iterations 1.149485[ms]
testing
testing done
network success rate top1 95.310295% 95.962624% 
network success rate top5 100.000000% 100.000000% 



epoch [46 4] from [60 5]
training time per iterations 1.262008[ms]
testing
testing done
network success rate top1 94.887161% 96.262344% 
network success rate top5 100.000000% 100.000000% 



epoch [47 0] from [60 5]
training time per iterations 1.165463[ms]
testing
testing done
network success rate top1 95.169250% 95.715797% 
network success rate top5 100.000000% 100.000000% 



epoch [47 1] from [60 5]
training time per iterations 1.142266[ms]
testing
testing done
network success rate top1 94.904793% 95.839211% 
network success rate top5 100.000000% 100.000000% 



epoch [47 2] from [60 5]
training time per iterations 1.129271[ms]
testing
testing done
network success rate top1 95.839211% 96.209450% 
network success rate top5 100.000000% 100.000000% 
saving best net in top 1
best net saved to networks/faces_net_0/trained/, with success rate 95.839211%



epoch [47 3] from [60 5]
training time per iterations 1.253441[ms]
testing
testing done
network success rate top1 94.710861% 95.557121% 
network success rate top5 100.000000% 100.000000% 



epoch [47 4] from [60 5]
training time per iterations 1.130234[ms]
testing
testing done
network success rate top1 94.657967% 95.662903% 
network success rate top5 100.000000% 100.000000% 



epoch [48 0] from [60 5]
training time per iterations 1.130908[ms]
testing
testing done
network success rate top1 95.856842% 96.050774% 
network success rate top5 100.000000% 100.000000% 
saving best net in top 1
best net saved to networks/faces_net_0/trained/, with success rate 95.856842%



epoch [48 1] from [60 5]
training time per iterations 1.291173[ms]
testing
testing done
network success rate top1 94.252472% 95.557121% 
network success rate top5 100.000000% 100.000000% 



epoch [48 2] from [60 5]
training time per iterations 1.134758[ms]
testing
testing done
network success rate top1 94.622711% 95.363190% 
network success rate top5 100.000000% 100.000000% 



epoch [48 3] from [60 5]
training time per iterations 1.127346[ms]
testing
testing done
network success rate top1 94.869537% 95.786316% 
network success rate top5 100.000000% 100.000000% 



epoch [48 4] from [60 5]
training time per iterations 1.164982[ms]
testing
testing done
network success rate top1 94.657967% 95.944992% 
network success rate top5 100.000000% 100.000000% 



epoch [49 0] from [60 5]
training time per iterations 1.257580[ms]
testing
testing done
network success rate top1 94.322990% 95.962624% 
network success rate top5 100.000000% 100.000000% 



epoch [49 1] from [60 5]
training time per iterations 1.115988[ms]
testing
testing done
network success rate top1 95.433708% 95.803947% 
network success rate top5 100.000000% 100.000000% 



epoch [49 2] from [60 5]
training time per iterations 1.182212[ms]
testing
testing done
network success rate top1 94.675598% 95.416077% 
network success rate top5 100.000000% 100.000000% 



epoch [49 3] from [60 5]
training time per iterations 1.282703[ms]
testing
testing done
network success rate top1 95.380821% 96.597321% 
network success rate top5 100.000000% 100.000000% 



epoch [49 4] from [60 5]
training time per iterations 1.124362[ms]
testing
testing done
network success rate top1 95.133995% 95.892105% 
network success rate top5 100.000000% 100.000000% 



epoch [50 0] from [60 5]
training time per iterations 1.164308[ms]
testing
testing done
network success rate top1 95.539490% 96.279968% 
network success rate top5 100.000000% 100.000000% 



epoch [50 1] from [60 5]
training time per iterations 1.131293[ms]
testing
testing done
network success rate top1 94.957687% 96.368126% 
network success rate top5 100.000000% 100.000000% 



epoch [50 2] from [60 5]
training time per iterations 1.265954[ms]
testing
testing done
network success rate top1 95.733429% 96.579689% 
network success rate top5 100.000000% 100.000000% 



epoch [50 3] from [60 5]
training time per iterations 1.159592[ms]
testing
testing done
network success rate top1 95.539490% 96.562057% 
network success rate top5 100.000000% 100.000000% 



epoch [50 4] from [60 5]
training time per iterations 1.148811[ms]
testing
testing done
network success rate top1 95.803947% 96.456276% 
network success rate top5 100.000000% 100.000000% 



epoch [51 0] from [60 5]
training time per iterations 1.135913[ms]
testing
testing done
network success rate top1 95.592384% 96.297600% 
network success rate top5 100.000000% 100.000000% 



epoch [51 1] from [60 5]
training time per iterations 1.266724[ms]
testing
testing done
network success rate top1 95.010582% 96.121300% 
network success rate top5 100.000000% 100.000000% 



epoch [51 2] from [60 5]
training time per iterations 1.127442[ms]
testing
testing done
network success rate top1 95.839211% 96.138931% 
network success rate top5 100.000000% 100.000000% 



epoch [51 3] from [60 5]
training time per iterations 1.121956[ms]
testing
testing done
network success rate top1 94.534554% 95.363190% 
network success rate top5 100.000000% 100.000000% 



epoch [51 4] from [60 5]
training time per iterations 1.266724[ms]
testing
testing done
network success rate top1 94.058533% 95.821579% 
network success rate top5 100.000000% 100.000000% 



epoch [52 0] from [60 5]
training time per iterations 1.137068[ms]
testing
testing done
network success rate top1 94.869537% 95.786316% 
network success rate top5 100.000000% 100.000000% 



epoch [52 1] from [60 5]
training time per iterations 1.128790[ms]
testing
testing done
network success rate top1 94.799011% 96.262344% 
network success rate top5 100.000000% 100.000000% 



epoch [52 2] from [60 5]
training time per iterations 1.139763[ms]
testing
testing done
network success rate top1 95.380821% 96.456276% 
network success rate top5 100.000000% 100.000000% 



epoch [52 3] from [60 5]
training time per iterations 1.249398[ms]
testing
testing done
network success rate top1 95.222145% 96.086037% 
network success rate top5 100.000000% 100.000000% 



epoch [52 4] from [60 5]
training time per iterations 1.133795[ms]
testing
testing done
network success rate top1 95.680534% 95.997887% 
network success rate top5 100.000000% 100.000000% 



epoch [53 0] from [60 5]
training time per iterations 1.158052[ms]
testing
testing done
network success rate top1 95.698166% 96.526802% 
network success rate top5 100.000000% 100.000000% 



epoch [53 1] from [60 5]
training time per iterations 1.264318[ms]
testing
testing done
network success rate top1 93.917488% 95.468971% 
network success rate top5 100.000000% 100.000000% 



epoch [53 2] from [60 5]
training time per iterations 1.125421[ms]
testing
testing done
network success rate top1 95.081100% 96.068405% 
network success rate top5 100.000000% 100.000000% 



epoch [53 3] from [60 5]
training time per iterations 1.133699[ms]
testing
testing done
network success rate top1 95.521858% 96.227081% 
network success rate top5 100.000000% 100.000000% 



epoch [53 4] from [60 5]
training time per iterations 1.127539[ms]
testing
testing done
network success rate top1 95.028206% 95.645271% 
network success rate top5 100.000000% 100.000000% 



epoch [54 0] from [60 5]
training time per iterations 1.253056[ms]
testing
testing done
network success rate top1 95.892105% 96.826515% 
network success rate top5 100.000000% 100.000000% 
saving best net in top 1
best net saved to networks/faces_net_0/trained/, with success rate 95.892105%



epoch [54 1] from [60 5]
training time per iterations 1.171720[ms]
testing
testing done
network success rate top1 94.975319% 96.086037% 
network success rate top5 100.000000% 100.000000% 



epoch [54 2] from [60 5]
training time per iterations 1.141207[ms]
testing
testing done
network success rate top1 95.821579% 96.033142% 
network success rate top5 100.000000% 100.000000% 



epoch [54 3] from [60 5]
training time per iterations 1.129464[ms]
testing
testing done
network success rate top1 94.869537% 95.856842% 
network success rate top5 100.000000% 100.000000% 



epoch [54 4] from [60 5]
training time per iterations 1.263355[ms]
testing
testing done
network success rate top1 95.186882% 96.350494% 
network success rate top5 100.000000% 100.000000% 



epoch [55 0] from [60 5]
training time per iterations 1.125325[ms]
testing
testing done
network success rate top1 95.539490% 96.332863% 
network success rate top5 100.000000% 100.000000% 



epoch [55 1] from [60 5]
training time per iterations 1.123207[ms]
testing
testing done
network success rate top1 95.275032% 96.191818% 
network success rate top5 100.000000% 100.000000% 



epoch [55 2] from [60 5]
training time per iterations 1.271441[ms]
testing
testing done
network success rate top1 95.275032% 96.421013% 
network success rate top5 100.000000% 100.000000% 



epoch [55 3] from [60 5]
training time per iterations 1.122052[ms]
testing
testing done
network success rate top1 96.068405% 96.138931% 
network success rate top5 100.000000% 100.000000% 
saving best net in top 1
best net saved to networks/faces_net_0/trained/, with success rate 96.068405%



epoch [55 4] from [60 5]
training time per iterations 1.132833[ms]
testing
testing done
network success rate top1 95.133995% 96.297600% 
network success rate top5 100.000000% 100.000000% 



epoch [56 0] from [60 5]
training time per iterations 1.148715[ms]
testing
testing done
network success rate top1 95.222145% 96.279968% 
network success rate top5 100.000000% 100.000000% 



epoch [56 1] from [60 5]
training time per iterations 1.252864[ms]
testing
testing done
network success rate top1 95.856842% 96.562057% 
network success rate top5 100.000000% 100.000000% 



epoch [56 2] from [60 5]
training time per iterations 1.126769[ms]
testing
testing done
network success rate top1 95.204514% 96.156555% 
network success rate top5 100.000000% 100.000000% 



epoch [56 3] from [60 5]
training time per iterations 1.166330[ms]
testing
testing done
network success rate top1 94.234840% 95.944992% 
network success rate top5 100.000000% 100.000000% 



epoch [56 4] from [60 5]
training time per iterations 1.255077[ms]
testing
testing done
network success rate top1 96.209450% 96.509171% 
network success rate top5 100.000000% 100.000000% 
saving best net in top 1
best net saved to networks/faces_net_0/trained/, with success rate 96.209450%



epoch [57 0] from [60 5]
training time per iterations 1.125806[ms]
testing
testing done
network success rate top1 95.327927% 95.997887% 
network success rate top5 100.000000% 100.000000% 



epoch [57 1] from [60 5]
training time per iterations 1.144672[ms]
testing
testing done
network success rate top1 94.464035% 95.768692% 
network success rate top5 100.000000% 100.000000% 



epoch [57 2] from [60 5]
training time per iterations 1.140726[ms]
testing
testing done
network success rate top1 95.380821% 96.456276% 
network success rate top5 100.000000% 100.000000% 



epoch [57 3] from [60 5]
training time per iterations 1.258735[ms]
testing
testing done
network success rate top1 95.786316% 96.526802% 
network success rate top5 100.000000% 100.000000% 



epoch [57 4] from [60 5]
training time per iterations 1.156800[ms]
testing
testing done
network success rate top1 95.962624% 96.667839% 
network success rate top5 100.000000% 100.000000% 



epoch [58 0] from [60 5]
training time per iterations 1.129656[ms]
testing
testing done
network success rate top1 95.997887% 96.844147% 
network success rate top5 100.000000% 100.000000% 



epoch [58 1] from [60 5]
training time per iterations 1.135624[ms]
testing
testing done
network success rate top1 94.270096% 95.433708% 
network success rate top5 100.000000% 100.000000% 



epoch [58 2] from [60 5]
training time per iterations 1.256136[ms]
testing
testing done
network success rate top1 95.715797% 96.650215% 
network success rate top5 100.000000% 100.000000% 



epoch [58 3] from [60 5]
training time per iterations 1.123400[ms]
testing
testing done
network success rate top1 94.569817% 95.151619% 
network success rate top5 100.000000% 100.000000% 



epoch [58 4] from [60 5]
training time per iterations 1.126865[ms]
testing
testing done
network success rate top1 95.204514% 96.350494% 
network success rate top5 100.000000% 100.000000% 



epoch [59 0] from [60 5]
training time per iterations 1.283280[ms]
testing
testing done
network success rate top1 95.416077% 96.156555% 
network success rate top5 100.000000% 100.000000% 



epoch [59 1] from [60 5]
training time per iterations 1.126769[ms]
testing
testing done
network success rate top1 95.028206% 96.262344% 
network success rate top5 100.000000% 100.000000% 



epoch [59 2] from [60 5]
training time per iterations 1.135239[ms]
testing
testing done
network success rate top1 95.451340% 96.509171% 
network success rate top5 100.000000% 100.000000% 



epoch [59 3] from [60 5]
training time per iterations 1.141303[ms]
testing
testing done
network success rate top1 95.997887% 96.720734% 
network success rate top5 100.000000% 100.000000% 



epoch [59 4] from [60 5]
training time per iterations 1.256040[ms]
testing
testing done
network success rate top1 95.610016% 96.685471% 
network success rate top5 100.000000% 100.000000% 
setting learning rate to 0.000031
training done
