0.000000 0 0 74.559235 79.742592  100.000000 100.000000 
0.200000 0 1 84.344147 85.736954  100.000000 100.000000 
0.400000 0 2 83.762344 85.684059  100.000000 100.000000 
0.600000 0 3 85.049362 86.177711  100.000000 100.000000 
0.800000 0 4 85.419601 87.693932  100.000000 100.000000 
1.000000 1 0 84.308884 86.495064  100.000000 100.000000 
1.200000 1 1 85.366714 83.621300  100.000000 100.000000 
1.400000 1 2 85.155151 85.930885  100.000000 100.000000 
1.600000 1 3 84.132584 86.988716  100.000000 100.000000 
1.800000 1 4 85.472496 87.464737  100.000000 100.000000 
2.000000 2 0 84.978844 87.200279  100.000000 100.000000 
2.200000 2 1 84.150215 86.195343  100.000000 100.000000 
2.400000 2 2 84.696754 86.918198  100.000000 100.000000 
2.600000 2 3 87.023979 86.847672  100.000000 100.000000 
2.800000 2 4 84.802536 86.477432  100.000000 100.000000 
3.000000 3 0 85.419601 87.253174  100.000000 100.000000 
3.200000 3 1 84.978844 87.394218  100.000000 100.000000 
3.400000 3 2 85.084625 88.222847  100.000000 100.000000 
3.600000 3 3 86.759521 88.011284  100.000000 100.000000 
3.800000 3 4 86.019043 88.346260  100.000000 100.000000 
4.000000 4 0 87.958389 86.777153  100.000000 100.000000 
4.200000 4 1 86.442169 87.676308  100.000000 100.000000 
4.400000 4 2 87.623413 88.293373  100.000000 100.000000 
4.600000 4 3 87.658676 88.346260  100.000000 100.000000 
4.800000 4 4 86.371651 88.698875  100.000000 100.000000 
5.000000 5 0 87.905502 89.968262  100.000000 100.000000 
5.200000 5 1 86.971085 89.245415  100.000000 100.000000 
5.400000 5 2 86.424545 88.557831  100.000000 100.000000 
5.600000 5 3 87.323692 89.474609  100.000000 100.000000 
5.800000 5 4 85.595909 87.764458  100.000000 100.000000 
6.000000 6 0 83.251060 86.318756  100.000000 100.000000 
6.200000 6 1 88.928070 88.416786  100.000000 100.000000 
6.400000 6 2 84.696754 87.217911  100.000000 100.000000 
6.600000 6 3 83.462624 87.023979  100.000000 100.000000 
6.800000 6 4 88.787025 89.421722  100.000000 100.000000 
7.000000 7 0 87.552895 88.822289  100.000000 100.000000 
7.200000 7 1 85.684059 88.416786  100.000000 100.000000 
7.400000 7 2 85.754585 88.698875  100.000000 100.000000 
7.600000 7 3 87.500000 88.892807  100.000000 100.000000 
7.800000 7 4 88.875175 89.915375  100.000000 100.000000 
8.000000 8 0 89.351196 90.144569  100.000000 100.000000 
8.200000 8 1 88.681244 89.210152  100.000000 100.000000 
8.400000 8 2 88.787025 90.497177  100.000000 100.000000 
8.600000 8 3 88.857544 90.426659  100.000000 100.000000 
8.800000 8 4 90.038788 90.567703  100.000000 100.000000 
9.000000 9 0 89.086739 90.126938  100.000000 100.000000 
9.200000 9 1 89.950638 90.920311  100.000000 100.000000 
9.400000 9 2 90.197464 91.378700  100.000000 100.000000 
9.600000 9 3 89.668549 91.184769  100.000000 100.000000 
9.800000 9 4 90.038788 90.796898  100.000000 100.000000 
10.000000 10 0 88.081802 89.509872  100.000000 100.000000 
10.200000 10 1 89.492241 91.043724  100.000000 100.000000 
10.400000 10 2 90.655853 92.172073  100.000000 100.000000 
10.600000 10 3 89.492241 91.449226  100.000000 100.000000 
10.800000 10 4 88.134697 90.585335  100.000000 100.000000 
11.000000 11 0 89.421722 90.056419  100.000000 100.000000 
11.200000 11 1 90.409027 91.837097  100.000000 100.000000 
11.400000 11 2 91.537376 91.449226  100.000000 100.000000 
11.600000 11 3 91.696053 93.194641  100.000000 100.000000 
11.800000 11 4 91.131874 91.995766  100.000000 100.000000 
12.000000 12 0 91.960510 92.277855  100.000000 100.000000 
12.200000 12 1 91.960510 93.247528  100.000000 100.000000 
12.400000 12 2 92.418900 93.229904  100.000000 100.000000 
12.600000 12 3 91.907616 92.207336  100.000000 100.000000 
12.800000 12 4 91.114243 92.207336  100.000000 100.000000 
13.000000 13 0 91.466858 92.260223  100.000000 100.000000 
13.200000 13 1 91.343445 92.665726  100.000000 100.000000 
13.400000 13 2 91.043724 92.083923  100.000000 100.000000 
13.600000 13 3 91.925247 92.877289  100.000000 100.000000 
13.800000 13 4 90.373764 92.577576  100.000000 100.000000 
14.000000 14 0 91.431595 92.806770  100.000000 100.000000 
14.200000 14 1 90.056419 91.502113  100.000000 100.000000 
14.400000 14 2 91.537376 93.018333  100.000000 100.000000 
14.600000 14 3 91.978142 92.524681  100.000000 100.000000 
14.800000 14 4 93.053596 92.119179  100.000000 100.000000 
15.000000 15 0 92.648094 93.511986  100.000000 100.000000 
15.200000 15 1 91.678421 92.665726  100.000000 100.000000 
15.400000 15 2 92.965446 94.164314  100.000000 100.000000 
15.600000 15 3 92.031029 93.617775  100.000000 100.000000 
15.800000 15 4 92.330750 92.877289  100.000000 100.000000 
16.000000 16 0 93.124115 94.058533  100.000000 100.000000 
16.200001 16 1 92.542313 93.635399  100.000000 100.000000 
16.400000 16 2 92.260223 93.846970  100.000000 100.000000 
16.600000 16 3 90.779266 92.313118  100.000000 100.000000 
16.799999 16 4 91.995766 93.829338  100.000000 100.000000 
17.000000 17 0 93.106491 94.093796  100.000000 100.000000 
17.200001 17 1 92.983078 93.529617  100.000000 100.000000 
17.400000 17 2 93.106491 94.358253  100.000000 100.000000 
17.600000 17 3 91.978142 93.547249  100.000000 100.000000 
17.799999 17 4 92.700989 94.199577  100.000000 100.000000 
18.000000 18 0 90.885048 92.295486  100.000000 100.000000 
18.200001 18 1 92.207336 93.159378  100.000000 100.000000 
18.400000 18 2 93.705925 93.829338  100.000000 100.000000 
18.600000 18 3 93.653030 94.181946  100.000000 100.000000 
18.799999 18 4 91.713684 92.877289  100.000000 100.000000 
19.000000 19 0 92.330750 93.653030  100.000000 100.000000 
19.200001 19 1 91.572639 92.630463  100.000000 100.000000 
19.400000 19 2 92.348381 93.705925  100.000000 100.000000 
19.600000 19 3 93.494362 94.005638  100.000000 100.000000 
19.799999 19 4 93.688293 93.335686  100.000000 100.000000 
20.000000 20 0 93.494362 93.935120  100.000000 100.000000 
20.200001 20 1 93.846970 94.129051  100.000000 100.000000 
20.400000 20 2 91.449226 93.124115  100.000000 100.000000 
20.600000 20 3 93.600143 94.587448  100.000000 100.000000 
20.799999 20 4 90.426659 92.700989  100.000000 100.000000 
21.000000 21 0 93.741188 94.023270  100.000000 100.000000 
21.200001 21 1 92.842033 94.446404  100.000000 100.000000 
21.400000 21 2 91.748940 93.353317  100.000000 100.000000 
21.600000 21 3 92.418900 93.758812  100.000000 100.000000 
21.799999 21 4 93.547249 94.111427  100.000000 100.000000 
22.000000 22 0 91.643158 93.141747  100.000000 100.000000 
22.200001 22 1 93.741188 94.287727  100.000000 100.000000 
22.400000 22 2 93.564880 93.988014  100.000000 100.000000 
22.600000 22 3 92.366005 93.582512  100.000000 100.000000 
22.799999 22 4 93.705925 94.322990  100.000000 100.000000 
23.000000 23 0 92.665726 94.516922  100.000000 100.000000 
23.200001 23 1 92.789139 93.794075  100.000000 100.000000 
23.400000 23 2 91.537376 93.229904  100.000000 100.000000 
23.600000 23 3 92.771507 93.970383  100.000000 100.000000 
23.799999 23 4 93.071228 94.023270  100.000000 100.000000 
24.000000 24 0 94.516922 94.640335  100.000000 100.000000 
24.200001 24 1 93.952751 94.763748  100.000000 100.000000 
24.400000 24 2 92.648094 93.899857  100.000000 100.000000 
24.600000 24 3 94.058533 94.834274  100.000000 100.000000 
24.799999 24 4 92.842033 94.675598  100.000000 100.000000 
25.000000 25 0 93.282791 94.481667  100.000000 100.000000 
25.200001 25 1 93.864601 94.622711  100.000000 100.000000 
25.400000 25 2 92.947815 94.464035  100.000000 100.000000 
25.600000 25 3 94.693230 95.028206  100.000000 100.000000 
25.799999 25 4 92.031029 93.617775  100.000000 100.000000 
26.000000 26 0 93.459099 94.111427  100.000000 100.000000 
26.200001 26 1 94.393509 95.310295  100.000000 100.000000 
26.400000 26 2 93.406204 94.992950  100.000000 100.000000 
26.600000 26 3 92.983078 94.428772  100.000000 100.000000 
26.799999 26 4 92.383636 93.970383  100.000000 100.000000 
27.000000 27 0 92.930183 94.710861  100.000000 100.000000 
27.200001 27 1 92.418900 93.899857  100.000000 100.000000 
27.400000 27 2 93.653030 95.151619  100.000000 100.000000 
27.600000 27 3 94.164314 95.486603  100.000000 100.000000 
27.799999 27 4 92.048660 93.600143  100.000000 100.000000 
28.000000 28 0 93.194641 94.763748  100.000000 100.000000 
28.200001 28 1 93.564880 94.481667  100.000000 100.000000 
28.400000 28 2 94.375885 95.133995  100.000000 100.000000 
28.600000 28 3 94.499298 95.980255  100.000000 100.000000 
28.799999 28 4 94.746124 96.033142  100.000000 100.000000 
29.000000 29 0 93.600143 94.552185  100.000000 100.000000 
29.200001 29 1 92.454163 94.164314  100.000000 100.000000 
29.400000 29 2 94.023270 95.363190  100.000000 100.000000 
29.600000 29 3 93.282791 93.917488  100.000000 100.000000 
29.799999 29 4 94.005638 94.992950  100.000000 100.000000 
30.000000 30 0 93.829338 94.904793  100.000000 100.000000 
30.200001 30 1 93.776443 94.922424  100.000000 100.000000 
30.400000 30 2 94.270096 95.222145  100.000000 100.000000 
30.600000 30 3 94.710861 95.081100  100.000000 100.000000 
30.799999 30 4 93.282791 95.345558  100.000000 100.000000 
31.000000 31 0 93.829338 95.468971  100.000000 100.000000 
31.200001 31 1 93.617775 94.816643  100.000000 100.000000 
31.400000 31 2 94.040901 95.239777  100.000000 100.000000 
31.600000 31 3 94.622711 95.239777  100.000000 100.000000 
31.799999 31 4 94.058533 95.292664  100.000000 100.000000 
32.000000 32 0 94.851906 96.103668  100.000000 100.000000 
32.200001 32 1 94.375885 95.081100  100.000000 100.000000 
32.400002 32 2 94.605080 95.856842  100.000000 100.000000 
32.599998 32 3 94.587448 95.363190  100.000000 100.000000 
32.799999 32 4 94.887161 96.350494  100.000000 100.000000 
33.000000 33 0 93.547249 94.464035  100.000000 100.000000 
33.200001 33 1 93.970383 94.940056  100.000000 100.000000 
33.400002 33 2 93.511986 94.940056  100.000000 100.000000 
33.599998 33 3 93.970383 94.904793  100.000000 100.000000 
33.799999 33 4 94.129051 94.957687  100.000000 100.000000 
34.000000 34 0 94.904793 96.033142  100.000000 100.000000 
34.200001 34 1 94.622711 95.468971  100.000000 100.000000 
34.400002 34 2 94.799011 95.803947  100.000000 100.000000 
34.599998 34 3 93.846970 94.499298  100.000000 100.000000 
34.799999 34 4 94.781380 95.521858  100.000000 100.000000 
35.000000 35 0 93.811707 94.975319  100.000000 100.000000 
35.200001 35 1 94.111427 94.869537  100.000000 100.000000 
35.400002 35 2 92.507050 93.723557  100.000000 100.000000 
35.599998 35 3 94.622711 94.869537  100.000000 100.000000 
35.799999 35 4 93.829338 94.975319  100.000000 100.000000 
36.000000 36 0 93.582512 94.746124  100.000000 100.000000 
36.200001 36 1 94.746124 95.944992  100.000000 100.000000 
36.400002 36 2 94.287727 95.169250  100.000000 100.000000 
36.599998 36 3 93.229904 94.270096  100.000000 100.000000 
36.799999 36 4 95.133995 95.433708  100.000000 100.000000 
37.000000 37 0 93.882225 95.151619  100.000000 100.000000 
37.200001 37 1 94.816643 95.821579  100.000000 100.000000 
37.400002 37 2 94.464035 95.380821  100.000000 100.000000 
37.599998 37 3 94.093796 95.028206  100.000000 100.000000 
37.799999 37 4 93.476730 94.622711  100.000000 100.000000 
38.000000 38 0 93.970383 95.222145  100.000000 100.000000 
38.200001 38 1 95.327927 95.856842  100.000000 100.000000 
38.400002 38 2 93.688293 95.045837  100.000000 100.000000 
38.599998 38 3 93.988014 94.693230  100.000000 100.000000 
38.799999 38 4 93.882225 95.028206  100.000000 100.000000 
39.000000 39 0 94.781380 95.521858  100.000000 100.000000 
39.200001 39 1 95.327927 95.803947  100.000000 100.000000 
39.400002 39 2 95.239777 96.103668  100.000000 100.000000 
39.599998 39 3 94.710861 95.257408  100.000000 100.000000 
39.799999 39 4 94.851906 95.098732  100.000000 100.000000 
40.000000 40 0 93.547249 94.464035  100.000000 100.000000 
40.200001 40 1 94.922424 95.874474  100.000000 100.000000 
40.400002 40 2 95.045837 95.944992  100.000000 100.000000 
40.599998 40 3 94.781380 95.733429  100.000000 100.000000 
40.799999 40 4 93.917488 95.398445  100.000000 100.000000 
41.000000 41 0 94.340622 95.733429  100.000000 100.000000 
41.200001 41 1 95.151619 95.539490  100.000000 100.000000 
41.400002 41 2 95.098732 94.834274  100.000000 100.000000 
41.599998 41 3 93.088860 94.622711  100.000000 100.000000 
41.799999 41 4 92.912552 94.076164  100.000000 100.000000 
42.000000 42 0 95.327927 96.209450  100.000000 100.000000 
42.200001 42 1 94.675598 95.257408  100.000000 100.000000 
42.400002 42 2 94.887161 95.962624  100.000000 100.000000 
42.599998 42 3 94.358253 94.851906  100.000000 100.000000 
42.799999 42 4 94.851906 95.786316  100.000000 100.000000 
43.000000 43 0 95.327927 95.592384  100.000000 100.000000 
43.200001 43 1 94.076164 95.627647  100.000000 100.000000 
43.400002 43 2 95.363190 96.473907  100.000000 100.000000 
43.599998 43 3 94.111427 95.363190  100.000000 100.000000 
43.799999 43 4 93.811707 95.275032  100.000000 100.000000 
44.000000 44 0 94.499298 95.927361  100.000000 100.000000 
44.200001 44 1 94.552185 95.345558  100.000000 100.000000 
44.400002 44 2 95.310295 95.715797  100.000000 100.000000 
44.599998 44 3 95.486603 95.662903  100.000000 100.000000 
44.799999 44 4 95.133995 96.121300  100.000000 100.000000 
45.000000 45 0 95.063469 96.086037  100.000000 100.000000 
45.200001 45 1 94.957687 96.279968  100.000000 100.000000 
45.400002 45 2 95.116364 96.156555  100.000000 100.000000 
45.599998 45 3 94.322990 95.327927  100.000000 100.000000 
45.799999 45 4 95.222145 95.892105  100.000000 100.000000 
46.000000 46 0 95.257408 95.980255  100.000000 100.000000 
46.200001 46 1 93.864601 95.345558  100.000000 100.000000 
46.400002 46 2 95.504234 96.826515  100.000000 100.000000 
46.599998 46 3 95.310295 95.962624  100.000000 100.000000 
46.799999 46 4 94.887161 96.262344  100.000000 100.000000 
47.000000 47 0 95.169250 95.715797  100.000000 100.000000 
47.200001 47 1 94.904793 95.839211  100.000000 100.000000 
47.400002 47 2 95.839211 96.209450  100.000000 100.000000 
47.599998 47 3 94.710861 95.557121  100.000000 100.000000 
47.799999 47 4 94.657967 95.662903  100.000000 100.000000 
48.000000 48 0 95.856842 96.050774  100.000000 100.000000 
48.200001 48 1 94.252472 95.557121  100.000000 100.000000 
48.400002 48 2 94.622711 95.363190  100.000000 100.000000 
48.599998 48 3 94.869537 95.786316  100.000000 100.000000 
48.799999 48 4 94.657967 95.944992  100.000000 100.000000 
49.000000 49 0 94.322990 95.962624  100.000000 100.000000 
49.200001 49 1 95.433708 95.803947  100.000000 100.000000 
49.400002 49 2 94.675598 95.416077  100.000000 100.000000 
49.599998 49 3 95.380821 96.597321  100.000000 100.000000 
49.799999 49 4 95.133995 95.892105  100.000000 100.000000 
50.000000 50 0 95.539490 96.279968  100.000000 100.000000 
50.200001 50 1 94.957687 96.368126  100.000000 100.000000 
50.400002 50 2 95.733429 96.579689  100.000000 100.000000 
50.599998 50 3 95.539490 96.562057  100.000000 100.000000 
50.799999 50 4 95.803947 96.456276  100.000000 100.000000 
51.000000 51 0 95.592384 96.297600  100.000000 100.000000 
51.200001 51 1 95.010582 96.121300  100.000000 100.000000 
51.400002 51 2 95.839211 96.138931  100.000000 100.000000 
51.599998 51 3 94.534554 95.363190  100.000000 100.000000 
51.799999 51 4 94.058533 95.821579  100.000000 100.000000 
52.000000 52 0 94.869537 95.786316  100.000000 100.000000 
52.200001 52 1 94.799011 96.262344  100.000000 100.000000 
52.400002 52 2 95.380821 96.456276  100.000000 100.000000 
52.599998 52 3 95.222145 96.086037  100.000000 100.000000 
52.799999 52 4 95.680534 95.997887  100.000000 100.000000 
53.000000 53 0 95.698166 96.526802  100.000000 100.000000 
53.200001 53 1 93.917488 95.468971  100.000000 100.000000 
53.400002 53 2 95.081100 96.068405  100.000000 100.000000 
53.599998 53 3 95.521858 96.227081  100.000000 100.000000 
53.799999 53 4 95.028206 95.645271  100.000000 100.000000 
54.000000 54 0 95.892105 96.826515  100.000000 100.000000 
54.200001 54 1 94.975319 96.086037  100.000000 100.000000 
54.400002 54 2 95.821579 96.033142  100.000000 100.000000 
54.599998 54 3 94.869537 95.856842  100.000000 100.000000 
54.799999 54 4 95.186882 96.350494  100.000000 100.000000 
55.000000 55 0 95.539490 96.332863  100.000000 100.000000 
55.200001 55 1 95.275032 96.191818  100.000000 100.000000 
55.400002 55 2 95.275032 96.421013  100.000000 100.000000 
55.599998 55 3 96.068405 96.138931  100.000000 100.000000 
55.799999 55 4 95.133995 96.297600  100.000000 100.000000 
56.000000 56 0 95.222145 96.279968  100.000000 100.000000 
56.200001 56 1 95.856842 96.562057  100.000000 100.000000 
56.400002 56 2 95.204514 96.156555  100.000000 100.000000 
56.599998 56 3 94.234840 95.944992  100.000000 100.000000 
56.799999 56 4 96.209450 96.509171  100.000000 100.000000 
57.000000 57 0 95.327927 95.997887  100.000000 100.000000 
57.200001 57 1 94.464035 95.768692  100.000000 100.000000 
57.400002 57 2 95.380821 96.456276  100.000000 100.000000 
57.599998 57 3 95.786316 96.526802  100.000000 100.000000 
57.799999 57 4 95.962624 96.667839  100.000000 100.000000 
58.000000 58 0 95.997887 96.844147  100.000000 100.000000 
58.200001 58 1 94.270096 95.433708  100.000000 100.000000 
58.400002 58 2 95.715797 96.650215  100.000000 100.000000 
58.599998 58 3 94.569817 95.151619  100.000000 100.000000 
58.799999 58 4 95.204514 96.350494  100.000000 100.000000 
59.000000 59 0 95.416077 96.156555  100.000000 100.000000 
59.200001 59 1 95.028206 96.262344  100.000000 100.000000 
59.400002 59 2 95.451340 96.509171  100.000000 100.000000 
59.599998 59 3 95.997887 96.720734  100.000000 100.000000 
59.799999 59 4 95.610016 96.685471  100.000000 100.000000 
