network init start

hyperparameters
init_weight_range 0.000000 ,xavier
learning_rate 0.000200
lambda1 0.000000
lambda2 0.000000
dropout 0.400000
minibatch size 32

         CONVOLUTION  [   64    64     3] [    3     3     8] [   64    64     8] [       216          8][    917504]
                RELU  [   64    64     8] [    1     1     1] [   64    64     8] [         0          0][     65536]
         MAX POOLING  [   64    64     8] [    2     2     1] [   32    32     8] [         0          0][     65536]
         CONVOLUTION  [   32    32     8] [    3     3     8] [   32    32     8] [       576          8][    598016]
                RELU  [   32    32     8] [    1     1     1] [   32    32     8] [         0          0][     16384]
         MAX POOLING  [   32    32     8] [    2     2     1] [   16    16     8] [         0          0][     16384]
         CONVOLUTION  [   16    16     8] [    3     3     8] [   16    16     8] [       576          8][    149504]
                RELU  [   16    16     8] [    1     1     1] [   16    16     8] [         0          0][      4096]
         MAX POOLING  [   16    16     8] [    2     2     1] [    8     8     8] [         0          0][      4096]
             DROPOUT  [    8     8     8] [    1     1     1] [    8     8     8] [         0          0][      1024]
                  FC  [    8     8     8] [    1     1     2] [    1     1     2] [      1024          2][      2052]

input_geometry  [64 64 3]
output_geometry [1 1 2]
network flops operations 1840132 FLOPS, 0.001840 GFLOPS
init DONE

network destructor done
