0.000000 0 0 71.955048 69.053841  100.000000 100.000000 
0.100000 0 1 74.464195 74.777840  100.000000 100.000000 
0.200000 0 2 77.522217 77.417671  100.000000 100.000000 
0.300000 0 3 79.168846 78.358597  100.000000 100.000000 
0.400000 0 4 79.796135 78.724518  100.000000 100.000000 
0.500000 0 5 79.900681 79.168846  100.000000 100.000000 
0.600000 0 6 80.501831 80.397285  100.000000 100.000000 
0.700000 0 7 79.377937 79.560898  100.000000 100.000000 
0.800000 0 8 81.416626 82.070045  100.000000 100.000000 
0.900000 0 9 82.383690 80.893883  100.000000 100.000000 
1.000000 1 0 81.050705 80.057503  100.000000 100.000000 
1.100000 1 1 82.226868 81.390488  100.000000 100.000000 
1.200000 1 2 83.455307 82.592789  100.000000 100.000000 
1.300000 1 3 83.768951 83.403030  100.000000 100.000000 
1.400000 1 4 83.742813 82.645058  100.000000 100.000000 
1.500000 1 5 83.768951 82.383690  100.000000 100.000000 
1.600000 1 6 82.017776 81.860954  100.000000 100.000000 
1.700000 1 7 84.187141 84.004181  100.000000 100.000000 
1.800000 1 8 83.324623 82.645058  100.000000 100.000000 
1.900000 1 9 84.004181 84.422371  100.000000 100.000000 
2.000000 2 0 80.240463 79.639313  100.000000 100.000000 
2.100000 2 1 84.448509 83.533714  100.000000 100.000000 
2.200000 2 2 84.709877 84.343964  100.000000 100.000000 
2.300000 2 3 84.945114 83.455307  100.000000 100.000000 
2.400000 2 4 84.997383 83.899635  100.000000 100.000000 
2.500000 2 5 85.284889 85.023521  100.000000 100.000000 
2.600000 2 6 85.311028 84.736015  100.000000 100.000000 
2.700000 2 7 84.997383 84.187141  100.000000 100.000000 
2.800000 2 8 85.075798 85.284889  100.000000 100.000000 
2.900000 2 9 85.546265 84.526924  100.000000 100.000000 
3.000000 3 0 84.918976 83.507576  100.000000 100.000000 
3.100000 3 1 85.598534 85.075798  100.000000 100.000000 
3.200000 3 2 85.938316 85.337166  100.000000 100.000000 
3.300000 3 3 86.042862 84.579193  100.000000 100.000000 
3.400000 3 4 85.232620 84.892838  100.000000 100.000000 
3.500000 3 5 85.781494 85.154205  100.000000 100.000000 
3.600000 3 6 85.729218 86.042862  100.000000 100.000000 
3.700000 3 7 85.206482 85.023521  100.000000 100.000000 
3.800000 3 8 85.912178 85.180344  100.000000 100.000000 
3.900000 3 9 85.520126 86.173546  100.000000 100.000000 
4.000000 4 0 85.859909 85.337166  100.000000 100.000000 
4.100000 4 1 85.493988 85.128075  100.000000 100.000000 
4.200000 4 2 85.912178 84.239418  100.000000 100.000000 
4.300000 4 3 85.232620 85.180344  100.000000 100.000000 
4.400000 4 4 85.311028 85.101936  100.000000 100.000000 
4.500000 4 5 85.859909 85.389442  100.000000 100.000000 
4.600000 4 6 85.546265 85.311028  100.000000 100.000000 
4.700000 4 7 85.781494 86.042862  100.000000 100.000000 
4.800000 4 8 86.382645 86.931519  100.000000 100.000000 
4.900000 4 9 86.251961 85.938316  100.000000 100.000000 
5.000000 5 0 86.147415 86.121277  100.000000 100.000000 
5.100000 5 1 86.251961 86.408783  100.000000 100.000000 
5.200000 5 2 86.121277 85.337166  100.000000 100.000000 
5.300000 5 3 86.356506 85.755356  100.000000 100.000000 
5.400000 5 4 86.330368 86.225822  100.000000 100.000000 
5.500000 5 5 86.644012 86.644012  100.000000 100.000000 
5.600000 5 6 86.408783 86.251961  100.000000 100.000000 
5.700000 5 7 86.513329 85.990593  100.000000 100.000000 
5.800000 5 8 86.748566 86.095139  100.000000 100.000000 
5.900000 5 9 86.853111 86.121277  100.000000 100.000000 
6.000000 6 0 86.644012 86.147415  100.000000 100.000000 
6.100000 6 1 86.722427 85.598534  100.000000 100.000000 
6.200000 6 2 86.983795 86.016731  100.000000 100.000000 
6.300000 6 3 87.166756 87.114479  100.000000 100.000000 
6.400000 6 4 86.670151 86.487190  100.000000 100.000000 
6.500000 6 5 86.565605 87.088341  100.000000 100.000000 
6.600000 6 6 86.774696 87.114479  100.000000 100.000000 
6.700000 6 7 87.323578 86.670151  100.000000 100.000000 
6.800000 6 8 86.042862 85.232620  100.000000 100.000000 
6.900000 6 9 86.539467 85.467850  100.000000 100.000000 
7.000000 7 0 86.826973 86.748566  100.000000 100.000000 
7.100000 7 1 87.166756 86.644012  100.000000 100.000000 
7.200000 7 2 87.036072 85.206482  100.000000 100.000000 
7.300000 7 3 86.931519 87.689491  100.000000 100.000000 
7.400000 7 4 87.114479 86.121277  100.000000 100.000000 
7.500000 7 5 87.009933 86.696289  100.000000 100.000000 
7.600000 7 6 87.166756 86.356506  100.000000 100.000000 
7.700000 7 7 87.323578 86.670151  100.000000 100.000000 
7.800000 7 8 87.637222 87.741768  100.000000 100.000000 
7.900000 7 9 87.532669 86.879250  100.000000 100.000000 
8.000000 8 0 86.931519 86.853111  100.000000 100.000000 
8.100000 8 1 86.539467 87.715630  100.000000 100.000000 
8.200000 8 2 86.408783 86.069000  100.000000 100.000000 
8.300000 8 3 87.088341 87.114479  100.000000 100.000000 
8.400000 8 4 86.696289 87.611084  100.000000 100.000000 
8.500000 8 5 87.401985 86.095139  100.000000 100.000000 
8.600000 8 6 87.558807 87.767906  100.000000 100.000000 
8.700000 8 7 87.323578 87.401985  100.000000 100.000000 
8.800000 8 8 87.401985 86.826973  100.000000 100.000000 
8.900000 8 9 87.584946 87.506531  100.000000 100.000000 
9.000000 9 0 87.637222 87.767906  100.000000 100.000000 
9.100000 9 1 86.748566 85.624672  100.000000 100.000000 
9.200000 9 2 87.297440 86.748566  100.000000 100.000000 
9.300000 9 3 87.349716 87.036072  100.000000 100.000000 
9.400000 9 4 87.611084 87.820175  100.000000 100.000000 
9.500000 9 5 87.898590 87.950859  100.000000 100.000000 
9.600000 9 6 87.532669 86.487190  100.000000 100.000000 
9.700000 9 7 87.924728 87.271301  100.000000 100.000000 
9.800000 9 8 87.689491 86.513329  100.000000 100.000000 
9.900000 9 9 88.003136 87.976997  100.000000 100.000000 
10.000000 10 0 87.767906 86.957657  100.000000 100.000000 
10.100000 10 1 86.382645 86.199684  100.000000 100.000000 
10.200000 10 2 87.741768 87.271301  100.000000 100.000000 
10.300000 10 3 87.898590 88.133820  100.000000 100.000000 
10.400000 10 4 87.375847 87.166756  100.000000 100.000000 
10.500000 10 5 87.506531 87.767906  100.000000 100.000000 
10.600000 10 6 87.794044 87.663353  100.000000 100.000000 
10.700000 10 7 87.976997 87.219025  100.000000 100.000000 
10.800000 10 8 88.186096 87.924728  100.000000 100.000000 
10.900000 10 9 87.611084 86.800835  100.000000 100.000000 
11.000000 11 0 87.689491 88.996338  100.000000 100.000000 
11.100000 11 1 88.107681 87.401985  100.000000 100.000000 
11.200000 11 2 87.794044 87.872452  100.000000 100.000000 
11.300000 11 3 88.029274 86.853111  100.000000 100.000000 
11.400000 11 4 88.238373 88.421326  100.000000 100.000000 
11.500000 11 5 87.820175 87.976997  100.000000 100.000000 
11.600000 11 6 87.950859 87.976997  100.000000 100.000000 
11.700000 11 7 88.421326 88.081551  100.000000 100.000000 
11.800000 11 8 88.133820 88.525879  100.000000 100.000000 
11.900000 11 9 88.029274 88.159958  100.000000 100.000000 
12.000000 12 0 88.186096 88.917931  100.000000 100.000000 
12.100000 12 1 88.159958 88.212234  100.000000 100.000000 
12.200000 12 2 87.166756 86.617874  100.000000 100.000000 
12.300000 12 3 88.552010 88.421326  100.000000 100.000000 
12.400000 12 4 88.656563 88.342918  100.000000 100.000000 
12.500000 12 5 88.447464 88.316780  100.000000 100.000000 
12.600000 12 6 88.447464 88.656563  100.000000 100.000000 
12.700000 12 7 88.708832 87.506531  100.000000 100.000000 
12.800000 12 8 88.630424 87.663353  100.000000 100.000000 
12.900000 12 9 87.663353 88.029274  100.000000 100.000000 
13.000000 13 0 88.473602 87.480400  100.000000 100.000000 
13.100000 13 1 87.976997 87.140617  100.000000 100.000000 
13.200000 13 2 88.081551 87.166756  100.000000 100.000000 
13.300000 13 3 87.820175 88.107681  100.000000 100.000000 
13.400000 13 4 87.741768 86.487190  100.000000 100.000000 
13.500000 13 5 87.976997 86.513329  100.000000 100.000000 
13.600000 13 6 88.159958 88.212234  100.000000 100.000000 
13.700000 13 7 88.264503 86.487190  100.000000 100.000000 
13.800000 13 8 88.003136 87.872452  100.000000 100.000000 
13.900000 13 9 88.238373 88.839516  100.000000 100.000000 
14.000000 14 0 88.186096 88.578148  100.000000 100.000000 
14.100000 14 1 88.316780 87.976997  100.000000 100.000000 
14.200000 14 2 88.107681 87.532669  100.000000 100.000000 
14.300000 14 3 88.578148 88.055412  100.000000 100.000000 
14.400000 14 4 88.290642 88.029274  100.000000 100.000000 
14.500000 14 5 88.499741 88.395187  100.000000 100.000000 
14.600000 14 6 88.656563 88.159958  100.000000 100.000000 
14.700000 14 7 87.898590 87.401985  100.000000 100.000000 
14.800000 14 8 88.159958 89.205437  100.000000 100.000000 
14.900000 14 9 88.578148 88.604286  100.000000 100.000000 
15.000000 15 0 88.107681 87.480400  100.000000 100.000000 
15.100000 15 1 88.316780 88.107681  100.000000 100.000000 
15.200000 15 2 88.395187 88.421326  100.000000 100.000000 
15.300000 15 3 88.003136 87.872452  100.000000 100.000000 
15.400000 15 4 88.970207 89.309982  100.000000 100.000000 
15.500000 15 5 87.062202 86.069000  100.000000 100.000000 
15.600000 15 6 88.421326 87.794044  100.000000 100.000000 
15.700000 15 7 88.682701 89.074753  100.000000 100.000000 
15.800000 15 8 88.290642 88.369057  100.000000 100.000000 
15.900000 15 9 88.212234 87.245163  100.000000 100.000000 
16.000000 16 0 88.003136 87.715630  100.000000 100.000000 
16.100000 16 1 88.787247 87.584946  100.000000 100.000000 
16.200001 16 2 88.212234 88.473602  100.000000 100.000000 
16.299999 16 3 88.473602 88.865654  100.000000 100.000000 
16.400000 16 4 88.839516 88.290642  100.000000 100.000000 
16.500000 16 5 88.552010 88.003136  100.000000 100.000000 
16.600000 16 6 89.022476 88.525879  100.000000 100.000000 
16.700001 16 7 88.891792 88.682701  100.000000 100.000000 
16.799999 16 8 88.499741 89.231575  100.000000 100.000000 
16.900000 16 9 88.159958 88.761108  100.000000 100.000000 
17.000000 17 0 88.970207 87.820175  100.000000 100.000000 
17.100000 17 1 88.473602 88.003136  100.000000 100.000000 
17.200001 17 2 89.257713 88.604286  100.000000 100.000000 
17.299999 17 3 88.395187 87.924728  100.000000 100.000000 
17.400000 17 4 88.734970 88.290642  100.000000 100.000000 
17.500000 17 5 88.839516 89.048615  100.000000 100.000000 
17.600000 17 6 88.839516 88.682701  100.000000 100.000000 
17.700001 17 7 88.447464 87.976997  100.000000 100.000000 
17.799999 17 8 88.734970 88.395187  100.000000 100.000000 
17.900000 17 9 88.682701 88.421326  100.000000 100.000000 
18.000000 18 0 88.656563 88.186096  100.000000 100.000000 
18.100000 18 1 88.552010 88.499741  100.000000 100.000000 
18.200001 18 2 89.153160 87.898590  100.000000 100.000000 
18.299999 18 3 89.153160 89.545219  100.000000 100.000000 
18.400000 18 4 89.048615 88.159958  100.000000 100.000000 
18.500000 18 5 88.891792 88.761108  100.000000 100.000000 
18.600000 18 6 89.048615 88.813385  100.000000 100.000000 
18.700001 18 7 89.153160 88.970207  100.000000 100.000000 
18.799999 18 8 89.283844 88.891792  100.000000 100.000000 
18.900000 18 9 89.153160 88.630424  100.000000 100.000000 
19.000000 19 0 89.205437 88.944069  100.000000 100.000000 
19.100000 19 1 89.074753 88.708832  100.000000 100.000000 
19.200001 19 2 88.917931 88.708832  100.000000 100.000000 
19.299999 19 3 89.048615 88.865654  100.000000 100.000000 
19.400000 19 4 89.074753 88.787247  100.000000 100.000000 
19.500000 19 5 89.048615 88.682701  100.000000 100.000000 
19.600000 19 6 89.231575 88.970207  100.000000 100.000000 
19.700001 19 7 89.048615 89.728172  100.000000 100.000000 
19.799999 19 8 89.179298 89.597488  100.000000 100.000000 
19.900000 19 9 88.761108 88.238373  100.000000 100.000000 
