initializing
training size    : 33985
testing size     : 3826
epoch count      : 20
sub epoch size   : 10

epoch_learning_rate_decay   : 18
learning_rate_decay         : 0.250000
batch size                  : 10558

training



epoch [0 0] from [20 10]
training time per iterations 1.856386[ms]
testing
testing done
network success rate top1 46.837429% 50.392056% 
network success rate top5 100.000000% 100.000000% 
saving best net in top 1
best net saved to networks/trail_net_1/trained/, with success rate 46.837429%



epoch [0 1] from [20 10]
training time per iterations 1.917893[ms]
testing
testing done
network success rate top1 74.385780% 74.986931% 
network success rate top5 100.000000% 100.000000% 
saving best net in top 1
best net saved to networks/trail_net_1/trained/, with success rate 74.385780%



epoch [0 2] from [20 10]
training time per iterations 1.930547[ms]
testing
testing done
network success rate top1 76.607422% 75.927864% 
network success rate top5 100.000000% 100.000000% 
saving best net in top 1
best net saved to networks/trail_net_1/trained/, with success rate 76.607422%



epoch [0 3] from [20 10]
training time per iterations 2.017657[ms]
testing
testing done
network success rate top1 78.044952% 76.947205% 
network success rate top5 100.000000% 100.000000% 
saving best net in top 1
best net saved to networks/trail_net_1/trained/, with success rate 78.044952%



epoch [0 4] from [20 10]
training time per iterations 1.869629[ms]
testing
testing done
network success rate top1 79.587036% 78.358597% 
network success rate top5 100.000000% 100.000000% 
saving best net in top 1
best net saved to networks/trail_net_1/trained/, with success rate 79.587036%



epoch [0 5] from [20 10]
training time per iterations 1.856975[ms]
testing
testing done
network success rate top1 76.842659% 77.365395% 
network success rate top5 100.000000% 100.000000% 



epoch [0 6] from [20 10]
training time per iterations 2.016186[ms]
testing
testing done
network success rate top1 80.946159% 79.404076% 
network success rate top5 100.000000% 100.000000% 
saving best net in top 1
best net saved to networks/trail_net_1/trained/, with success rate 80.946159%



epoch [0 7] from [20 10]
training time per iterations 1.868158[ms]
testing
testing done
network success rate top1 81.129120% 81.547310% 
network success rate top5 100.000000% 100.000000% 
saving best net in top 1
best net saved to networks/trail_net_1/trained/, with success rate 81.129120%



epoch [0 8] from [20 10]
training time per iterations 1.867275[ms]
testing
testing done
network success rate top1 81.730270% 81.573448% 
network success rate top5 100.000000% 100.000000% 
saving best net in top 1
best net saved to networks/trail_net_1/trained/, with success rate 81.730270%



epoch [0 9] from [20 10]
training time per iterations 2.005003[ms]
testing
testing done
network success rate top1 79.560898% 79.848404% 
network success rate top5 100.000000% 100.000000% 



epoch [1 0] from [20 10]
training time per iterations 1.861683[ms]
testing
testing done
network success rate top1 81.076843% 80.188187% 
network success rate top5 100.000000% 100.000000% 



epoch [1 1] from [20 10]
training time per iterations 1.939082[ms]
testing
testing done
network success rate top1 81.155251% 81.860954% 
network success rate top5 100.000000% 100.000000% 



epoch [1 2] from [20 10]
training time per iterations 2.035315[ms]
testing
testing done
network success rate top1 82.514374% 83.638268% 
network success rate top5 100.000000% 100.000000% 
saving best net in top 1
best net saved to networks/trail_net_1/trained/, with success rate 82.514374%



epoch [1 3] from [20 10]
training time per iterations 1.874338[ms]
testing
testing done
network success rate top1 82.331413% 80.841614% 
network success rate top5 100.000000% 100.000000% 



epoch [1 4] from [20 10]
training time per iterations 1.871984[ms]
testing
testing done
network success rate top1 82.488235% 82.984840% 
network success rate top5 100.000000% 100.000000% 



epoch [1 5] from [20 10]
training time per iterations 1.997940[ms]
testing
testing done
network success rate top1 82.279144% 80.737061% 
network success rate top5 100.000000% 100.000000% 



epoch [1 6] from [20 10]
training time per iterations 1.933196[ms]
testing
testing done
network success rate top1 82.775742% 81.677994% 
network success rate top5 100.000000% 100.000000% 
saving best net in top 1
best net saved to networks/trail_net_1/trained/, with success rate 82.775742%



epoch [1 7] from [20 10]
training time per iterations 1.925839[ms]
testing
testing done
network success rate top1 83.455307% 83.847359% 
network success rate top5 100.000000% 100.000000% 
saving best net in top 1
best net saved to networks/trail_net_1/trained/, with success rate 83.455307%



epoch [1 8] from [20 10]
training time per iterations 2.049147[ms]
testing
testing done
network success rate top1 83.455307% 83.638268% 
network success rate top5 100.000000% 100.000000% 



epoch [1 9] from [20 10]
training time per iterations 1.867275[ms]
testing
testing done
network success rate top1 80.946159% 80.214325% 
network success rate top5 100.000000% 100.000000% 



epoch [2 0] from [20 10]
training time per iterations 1.874926[ms]
testing
testing done
network success rate top1 83.873497% 83.768951% 
network success rate top5 100.000000% 100.000000% 
saving best net in top 1
best net saved to networks/trail_net_1/trained/, with success rate 83.873497%



epoch [2 1] from [20 10]
training time per iterations 2.043261[ms]
testing
testing done
network success rate top1 84.056458% 82.932564% 
network success rate top5 100.000000% 100.000000% 
saving best net in top 1
best net saved to networks/trail_net_1/trained/, with success rate 84.056458%



epoch [2 2] from [20 10]
training time per iterations 1.872278[ms]
testing
testing done
network success rate top1 83.612129% 82.462105% 
network success rate top5 100.000000% 100.000000% 



epoch [2 3] from [20 10]
training time per iterations 1.872866[ms]
testing
testing done
network success rate top1 83.585991% 83.873497% 
network success rate top5 100.000000% 100.000000% 



epoch [2 4] from [20 10]
training time per iterations 2.007946[ms]
testing
testing done
network success rate top1 84.161003% 82.880295% 
network success rate top5 100.000000% 100.000000% 
saving best net in top 1
best net saved to networks/trail_net_1/trained/, with success rate 84.161003%



epoch [2 5] from [20 10]
training time per iterations 1.864921[ms]
testing
testing done
network success rate top1 84.370102% 83.403030% 
network success rate top5 100.000000% 100.000000% 
saving best net in top 1
best net saved to networks/trail_net_1/trained/, with success rate 84.370102%



epoch [2 6] from [20 10]
training time per iterations 1.931430[ms]
testing
testing done
network success rate top1 84.605331% 84.108727% 
network success rate top5 100.000000% 100.000000% 
saving best net in top 1
best net saved to networks/trail_net_1/trained/, with success rate 84.605331%



epoch [2 7] from [20 10]
training time per iterations 2.062095[ms]
testing
testing done
network success rate top1 84.762154% 84.997383% 
network success rate top5 100.000000% 100.000000% 
saving best net in top 1
best net saved to networks/trail_net_1/trained/, with success rate 84.762154%



epoch [2 8] from [20 10]
training time per iterations 1.862861[ms]
testing
testing done
network success rate top1 83.873497% 83.246208% 
network success rate top5 100.000000% 100.000000% 



epoch [2 9] from [20 10]
training time per iterations 1.874044[ms]
testing
testing done
network success rate top1 84.814430% 84.500786% 
network success rate top5 100.000000% 100.000000% 
saving best net in top 1
best net saved to networks/trail_net_1/trained/, with success rate 84.814430%



epoch [3 0] from [20 10]
training time per iterations 1.860212[ms]
testing
testing done
network success rate top1 84.788292% 86.330368% 
network success rate top5 100.000000% 100.000000% 



epoch [3 1] from [20 10]
training time per iterations 2.005886[ms]
testing
testing done
network success rate top1 84.918976% 84.918976% 
network success rate top5 100.000000% 100.000000% 
saving best net in top 1
best net saved to networks/trail_net_1/trained/, with success rate 84.918976%



epoch [3 2] from [20 10]
training time per iterations 1.853149[ms]
testing
testing done
network success rate top1 85.180344% 83.298485% 
network success rate top5 100.000000% 100.000000% 
saving best net in top 1
best net saved to networks/trail_net_1/trained/, with success rate 85.180344%



epoch [3 3] from [20 10]
training time per iterations 1.854915[ms]
testing
testing done
network success rate top1 85.311028% 85.441711% 
network success rate top5 100.000000% 100.000000% 
saving best net in top 1
best net saved to networks/trail_net_1/trained/, with success rate 85.311028%



epoch [3 4] from [20 10]
training time per iterations 1.991466[ms]
testing
testing done
network success rate top1 84.866699% 85.180344% 
network success rate top5 100.000000% 100.000000% 



epoch [3 5] from [20 10]
training time per iterations 1.846380[ms]
testing
testing done
network success rate top1 83.873497% 83.403030% 
network success rate top5 100.000000% 100.000000% 



epoch [3 6] from [20 10]
training time per iterations 1.930547[ms]
testing
testing done
network success rate top1 84.918976% 84.971252% 
network success rate top5 100.000000% 100.000000% 



epoch [3 7] from [20 10]
training time per iterations 2.015892[ms]
testing
testing done
network success rate top1 85.389442% 84.971252% 
network success rate top5 100.000000% 100.000000% 
saving best net in top 1
best net saved to networks/trail_net_1/trained/, with success rate 85.389442%



epoch [3 8] from [20 10]
training time per iterations 1.856975[ms]
testing
testing done
network success rate top1 84.422371% 83.559853% 
network success rate top5 100.000000% 100.000000% 



epoch [3 9] from [20 10]
training time per iterations 1.867569[ms]
testing
testing done
network success rate top1 84.892838% 84.762154% 
network success rate top5 100.000000% 100.000000% 



epoch [4 0] from [20 10]
training time per iterations 1.995880[ms]
testing
testing done
network success rate top1 85.886040% 84.474648% 
network success rate top5 100.000000% 100.000000% 
saving best net in top 1
best net saved to networks/trail_net_1/trained/, with success rate 85.886040%



epoch [4 1] from [20 10]
training time per iterations 1.920247[ms]
testing
testing done
network success rate top1 85.703087% 85.128075% 
network success rate top5 100.000000% 100.000000% 



epoch [4 2] from [20 10]
training time per iterations 1.931725[ms]
testing
testing done
network success rate top1 85.441711% 84.134865% 
network success rate top5 100.000000% 100.000000% 



epoch [4 3] from [20 10]
training time per iterations 2.035315[ms]
testing
testing done
network success rate top1 85.703087% 84.840561% 
network success rate top5 100.000000% 100.000000% 



epoch [4 4] from [20 10]
training time per iterations 1.871984[ms]
testing
testing done
network success rate top1 85.807632% 85.441711% 
network success rate top5 100.000000% 100.000000% 



epoch [4 5] from [20 10]
training time per iterations 1.863155[ms]
testing
testing done
network success rate top1 85.781494% 85.128075% 
network success rate top5 100.000000% 100.000000% 



epoch [4 6] from [20 10]
training time per iterations 2.037081[ms]
testing
testing done
network success rate top1 86.147415% 85.964455% 
network success rate top5 100.000000% 100.000000% 
saving best net in top 1
best net saved to networks/trail_net_1/trained/, with success rate 86.147415%



epoch [4 7] from [20 10]
training time per iterations 1.847263[ms]
testing
testing done
network success rate top1 86.121277% 84.736015% 
network success rate top5 100.000000% 100.000000% 



epoch [4 8] from [20 10]
training time per iterations 1.852266[ms]
testing
testing done
network success rate top1 85.493988% 85.703087% 
network success rate top5 100.000000% 100.000000% 



epoch [4 9] from [20 10]
training time per iterations 2.002649[ms]
testing
testing done
network success rate top1 85.049660% 85.232620% 
network success rate top5 100.000000% 100.000000% 



epoch [5 0] from [20 10]
training time per iterations 1.873455[ms]
testing
testing done
network success rate top1 85.206482% 83.455307% 
network success rate top5 100.000000% 100.000000% 



epoch [5 1] from [20 10]
training time per iterations 1.922602[ms]
testing
testing done
network success rate top1 85.886040% 85.101936% 
network success rate top5 100.000000% 100.000000% 



epoch [5 2] from [20 10]
training time per iterations 2.038846[ms]
testing
testing done
network success rate top1 83.585991% 83.010979% 
network success rate top5 100.000000% 100.000000% 



epoch [5 3] from [20 10]
training time per iterations 1.865509[ms]
testing
testing done
network success rate top1 86.016731% 85.572403% 
network success rate top5 100.000000% 100.000000% 



epoch [5 4] from [20 10]
training time per iterations 1.870218[ms]
testing
testing done
network success rate top1 86.251961% 86.774696% 
network success rate top5 100.000000% 100.000000% 
saving best net in top 1
best net saved to networks/trail_net_1/trained/, with success rate 86.251961%



epoch [5 5] from [20 10]
training time per iterations 2.006180[ms]
testing
testing done
network success rate top1 86.356506% 86.173546% 
network success rate top5 100.000000% 100.000000% 
saving best net in top 1
best net saved to networks/trail_net_1/trained/, with success rate 86.356506%



epoch [5 6] from [20 10]
training time per iterations 1.928782[ms]
testing
testing done
network success rate top1 86.173546% 86.931519% 
network success rate top5 100.000000% 100.000000% 



epoch [5 7] from [20 10]
training time per iterations 1.924367[ms]
testing
testing done
network success rate top1 85.781494% 85.676949% 
network success rate top5 100.000000% 100.000000% 



epoch [5 8] from [20 10]
training time per iterations 1.936139[ms]
testing
testing done
network success rate top1 86.800835% 86.487190% 
network success rate top5 100.000000% 100.000000% 
saving best net in top 1
best net saved to networks/trail_net_1/trained/, with success rate 86.800835%



epoch [5 9] from [20 10]
training time per iterations 2.027663[ms]
testing
testing done
network success rate top1 86.617874% 86.539467% 
network success rate top5 100.000000% 100.000000% 



epoch [6 0] from [20 10]
training time per iterations 1.863743[ms]
testing
testing done
network success rate top1 86.199684% 85.232620% 
network success rate top5 100.000000% 100.000000% 



epoch [6 1] from [20 10]
training time per iterations 1.927604[ms]
testing
testing done
network success rate top1 86.461060% 86.879250% 
network success rate top5 100.000000% 100.000000% 



epoch [6 2] from [20 10]
training time per iterations 2.028840[ms]
testing
testing done
network success rate top1 85.964455% 85.703087% 
network success rate top5 100.000000% 100.000000% 



epoch [6 3] from [20 10]
training time per iterations 1.859035[ms]
testing
testing done
network success rate top1 86.382645% 85.441711% 
network success rate top5 100.000000% 100.000000% 



epoch [6 4] from [20 10]
training time per iterations 1.861683[ms]
testing
testing done
network success rate top1 86.853111% 86.774696% 
network success rate top5 100.000000% 100.000000% 
saving best net in top 1
best net saved to networks/trail_net_1/trained/, with success rate 86.853111%



epoch [6 5] from [20 10]
training time per iterations 2.001177[ms]
testing
testing done
network success rate top1 86.565605% 87.036072% 
network success rate top5 100.000000% 100.000000% 



epoch [6 6] from [20 10]
training time per iterations 1.918187[ms]
testing
testing done
network success rate top1 86.199684% 85.807632% 
network success rate top5 100.000000% 100.000000% 



epoch [6 7] from [20 10]
training time per iterations 1.897881[ms]
testing
testing done
network success rate top1 86.617874% 87.192894% 
network success rate top5 100.000000% 100.000000% 



epoch [6 8] from [20 10]
training time per iterations 2.017363[ms]
testing
testing done
network success rate top1 84.814430% 83.376892% 
network success rate top5 100.000000% 100.000000% 



epoch [6 9] from [20 10]
training time per iterations 1.856680[ms]
testing
testing done
network success rate top1 86.434921% 86.539467% 
network success rate top5 100.000000% 100.000000% 



epoch [7 0] from [20 10]
training time per iterations 1.856386[ms]
testing
testing done
network success rate top1 87.088341% 86.461060% 
network success rate top5 100.000000% 100.000000% 
saving best net in top 1
best net saved to networks/trail_net_1/trained/, with success rate 87.088341%



epoch [7 1] from [20 10]
training time per iterations 2.018835[ms]
testing
testing done
network success rate top1 87.166756% 85.990593% 
network success rate top5 100.000000% 100.000000% 
saving best net in top 1
best net saved to networks/trail_net_1/trained/, with success rate 87.166756%



epoch [7 2] from [20 10]
training time per iterations 1.874338[ms]
testing
testing done
network success rate top1 87.140617% 87.532669% 
network success rate top5 100.000000% 100.000000% 



epoch [7 3] from [20 10]
training time per iterations 1.845792[ms]
testing
testing done
network success rate top1 85.546265% 85.467850% 
network success rate top5 100.000000% 100.000000% 



epoch [7 4] from [20 10]
training time per iterations 2.001471[ms]
testing
testing done
network success rate top1 86.461060% 85.624672% 
network success rate top5 100.000000% 100.000000% 



epoch [7 5] from [20 10]
training time per iterations 1.841966[ms]
testing
testing done
network success rate top1 87.532669% 86.356506% 
network success rate top5 100.000000% 100.000000% 
saving best net in top 1
best net saved to networks/trail_net_1/trained/, with success rate 87.532669%



epoch [7 6] from [20 10]
training time per iterations 1.921719[ms]
testing
testing done
network success rate top1 86.617874% 86.957657% 
network success rate top5 100.000000% 100.000000% 



epoch [7 7] from [20 10]
training time per iterations 2.032078[ms]
testing
testing done
network success rate top1 86.095139% 85.520126% 
network success rate top5 100.000000% 100.000000% 



epoch [7 8] from [20 10]
training time per iterations 1.849029[ms]
testing
testing done
network success rate top1 87.349716% 86.644012% 
network success rate top5 100.000000% 100.000000% 



epoch [7 9] from [20 10]
training time per iterations 1.874044[ms]
testing
testing done
network success rate top1 86.434921% 86.774696% 
network success rate top5 100.000000% 100.000000% 



epoch [8 0] from [20 10]
training time per iterations 2.008829[ms]
testing
testing done
network success rate top1 87.611084% 86.591743% 
network success rate top5 100.000000% 100.000000% 
saving best net in top 1
best net saved to networks/trail_net_1/trained/, with success rate 87.611084%



epoch [8 1] from [20 10]
training time per iterations 1.913184[ms]
testing
testing done
network success rate top1 87.454262% 86.408783% 
network success rate top5 100.000000% 100.000000% 



epoch [8 2] from [20 10]
training time per iterations 1.908181[ms]
testing
testing done
network success rate top1 87.062202% 86.513329% 
network success rate top5 100.000000% 100.000000% 



epoch [8 3] from [20 10]
training time per iterations 2.048264[ms]
testing
testing done
network success rate top1 87.584946% 88.133820% 
network success rate top5 100.000000% 100.000000% 



epoch [8 4] from [20 10]
training time per iterations 1.863449[ms]
testing
testing done
network success rate top1 87.558807% 88.264503% 
network success rate top5 100.000000% 100.000000% 



epoch [8 5] from [20 10]
training time per iterations 1.861095[ms]
testing
testing done
network success rate top1 87.611084% 88.552010% 
network success rate top5 100.000000% 100.000000% 



epoch [8 6] from [20 10]
training time per iterations 2.051795[ms]
testing
testing done
network success rate top1 87.532669% 87.820175% 
network success rate top5 100.000000% 100.000000% 



epoch [8 7] from [20 10]
training time per iterations 1.864626[ms]
testing
testing done
network success rate top1 87.428123% 87.009933% 
network success rate top5 100.000000% 100.000000% 



epoch [8 8] from [20 10]
training time per iterations 1.859329[ms]
testing
testing done
network success rate top1 87.375847% 86.957657% 
network success rate top5 100.000000% 100.000000% 



epoch [8 9] from [20 10]
training time per iterations 1.859035[ms]
testing
testing done
network success rate top1 87.611084% 87.846313% 
network success rate top5 100.000000% 100.000000% 



epoch [9 0] from [20 10]
training time per iterations 1.997351[ms]
testing
testing done
network success rate top1 86.983795% 85.703087% 
network success rate top5 100.000000% 100.000000% 



epoch [9 1] from [20 10]
training time per iterations 1.904356[ms]
testing
testing done
network success rate top1 87.741768% 88.630424% 
network success rate top5 100.000000% 100.000000% 
saving best net in top 1
best net saved to networks/trail_net_1/trained/, with success rate 87.741768%



epoch [9 2] from [20 10]
training time per iterations 1.908770[ms]
testing
testing done
network success rate top1 87.872452% 86.696289% 
network success rate top5 100.000000% 100.000000% 
saving best net in top 1
best net saved to networks/trail_net_1/trained/, with success rate 87.872452%



epoch [9 3] from [20 10]
training time per iterations 2.009417[ms]
testing
testing done
network success rate top1 87.820175% 86.879250% 
network success rate top5 100.000000% 100.000000% 



epoch [9 4] from [20 10]
training time per iterations 1.861095[ms]
testing
testing done
network success rate top1 87.480400% 88.316780% 
network success rate top5 100.000000% 100.000000% 



epoch [9 5] from [20 10]
training time per iterations 1.865509[ms]
testing
testing done
network success rate top1 86.304237% 86.408783% 
network success rate top5 100.000000% 100.000000% 



epoch [9 6] from [20 10]
training time per iterations 2.009712[ms]
testing
testing done
network success rate top1 87.689491% 86.748566% 
network success rate top5 100.000000% 100.000000% 



epoch [9 7] from [20 10]
training time per iterations 1.869335[ms]
testing
testing done
network success rate top1 85.964455% 85.415581% 
network success rate top5 100.000000% 100.000000% 



epoch [9 8] from [20 10]
training time per iterations 1.859329[ms]
testing
testing done
network success rate top1 87.637222% 86.879250% 
network success rate top5 100.000000% 100.000000% 



epoch [9 9] from [20 10]
training time per iterations 1.986757[ms]
testing
testing done
network success rate top1 87.689491% 86.434921% 
network success rate top5 100.000000% 100.000000% 



epoch [10 0] from [20 10]
training time per iterations 1.838729[ms]
testing
testing done
network success rate top1 88.081551% 87.741768% 
network success rate top5 100.000000% 100.000000% 
saving best net in top 1
best net saved to networks/trail_net_1/trained/, with success rate 88.081551%



epoch [10 1] from [20 10]
training time per iterations 1.942613[ms]
testing
testing done
network success rate top1 87.349716% 87.192894% 
network success rate top5 100.000000% 100.000000% 



epoch [10 2] from [20 10]
training time per iterations 2.032666[ms]
testing
testing done
network success rate top1 87.245163% 87.297440% 
network success rate top5 100.000000% 100.000000% 



epoch [10 3] from [20 10]
training time per iterations 1.877869[ms]
testing
testing done
network success rate top1 87.794044% 87.741768% 
network success rate top5 100.000000% 100.000000% 



epoch [10 4] from [20 10]
training time per iterations 1.864038[ms]
testing
testing done
network success rate top1 88.003136% 87.349716% 
network success rate top5 100.000000% 100.000000% 



epoch [10 5] from [20 10]
training time per iterations 2.002649[ms]
testing
testing done
network success rate top1 87.898590% 88.630424% 
network success rate top5 100.000000% 100.000000% 



epoch [10 6] from [20 10]
training time per iterations 1.908181[ms]
testing
testing done
network success rate top1 87.715630% 85.886040% 
network success rate top5 100.000000% 100.000000% 



epoch [10 7] from [20 10]
training time per iterations 1.909358[ms]
testing
testing done
network success rate top1 86.487190% 85.650810% 
network success rate top5 100.000000% 100.000000% 



epoch [10 8] from [20 10]
training time per iterations 2.032078[ms]
testing
testing done
network success rate top1 88.186096% 87.428123% 
network success rate top5 100.000000% 100.000000% 
saving best net in top 1
best net saved to networks/trail_net_1/trained/, with success rate 88.186096%



epoch [10 9] from [20 10]
training time per iterations 1.856975[ms]
testing
testing done
network success rate top1 88.290642% 88.238373% 
network success rate top5 100.000000% 100.000000% 
saving best net in top 1
best net saved to networks/trail_net_1/trained/, with success rate 88.290642%



epoch [11 0] from [20 10]
training time per iterations 1.860800[ms]
testing
testing done
network success rate top1 87.898590% 88.395187% 
network success rate top5 100.000000% 100.000000% 



epoch [11 1] from [20 10]
training time per iterations 2.048558[ms]
testing
testing done
network success rate top1 88.290642% 87.767906% 
network success rate top5 100.000000% 100.000000% 



epoch [11 2] from [20 10]
training time per iterations 1.871101[ms]
testing
testing done
network success rate top1 88.029274% 87.976997% 
network success rate top5 100.000000% 100.000000% 



epoch [11 3] from [20 10]
training time per iterations 1.853149[ms]
testing
testing done
network success rate top1 87.924728% 88.212234% 
network success rate top5 100.000000% 100.000000% 



epoch [11 4] from [20 10]
training time per iterations 1.995880[ms]
testing
testing done
network success rate top1 87.950859% 87.584946% 
network success rate top5 100.000000% 100.000000% 



epoch [11 5] from [20 10]
training time per iterations 1.860506[ms]
testing
testing done
network success rate top1 88.133820% 87.114479% 
network success rate top5 100.000000% 100.000000% 



epoch [11 6] from [20 10]
training time per iterations 1.927310[ms]
testing
testing done
network success rate top1 88.159958% 87.846313% 
network success rate top5 100.000000% 100.000000% 



epoch [11 7] from [20 10]
training time per iterations 1.916127[ms]
testing
testing done
network success rate top1 88.107681% 88.003136% 
network success rate top5 100.000000% 100.000000% 



epoch [11 8] from [20 10]
training time per iterations 2.007652[ms]
testing
testing done
network success rate top1 88.316780% 88.029274% 
network success rate top5 100.000000% 100.000000% 
saving best net in top 1
best net saved to networks/trail_net_1/trained/, with success rate 88.316780%



epoch [11 9] from [20 10]
training time per iterations 1.853443[ms]
testing
testing done
network success rate top1 88.342918% 87.872452% 
network success rate top5 100.000000% 100.000000% 
saving best net in top 1
best net saved to networks/trail_net_1/trained/, with success rate 88.342918%



epoch [12 0] from [20 10]
training time per iterations 1.868746[ms]
testing
testing done
network success rate top1 88.212234% 87.428123% 
network success rate top5 100.000000% 100.000000% 



epoch [12 1] from [20 10]
training time per iterations 2.022072[ms]
testing
testing done
network success rate top1 87.924728% 87.794044% 
network success rate top5 100.000000% 100.000000% 



epoch [12 2] from [20 10]
training time per iterations 1.861095[ms]
testing
testing done
network success rate top1 88.081551% 88.473602% 
network success rate top5 100.000000% 100.000000% 



epoch [12 3] from [20 10]
training time per iterations 1.880812[ms]
testing
testing done
network success rate top1 87.820175% 87.088341% 
network success rate top5 100.000000% 100.000000% 



epoch [12 4] from [20 10]
training time per iterations 2.000000[ms]
testing
testing done
network success rate top1 88.212234% 88.029274% 
network success rate top5 100.000000% 100.000000% 



epoch [12 5] from [20 10]
training time per iterations 1.865509[ms]
testing
testing done
network success rate top1 88.342918% 88.421326% 
network success rate top5 100.000000% 100.000000% 



epoch [12 6] from [20 10]
training time per iterations 1.939670[ms]
testing
testing done
network success rate top1 88.473602% 88.264503% 
network success rate top5 100.000000% 100.000000% 
saving best net in top 1
best net saved to networks/trail_net_1/trained/, with success rate 88.473602%



epoch [12 7] from [20 10]
training time per iterations 2.032961[ms]
testing
testing done
network success rate top1 88.264503% 89.414536% 
network success rate top5 100.000000% 100.000000% 



epoch [12 8] from [20 10]
training time per iterations 1.856092[ms]
testing
testing done
network success rate top1 88.369057% 88.499741% 
network success rate top5 100.000000% 100.000000% 



epoch [12 9] from [20 10]
training time per iterations 1.868158[ms]
testing
testing done
network success rate top1 88.473602% 87.689491% 
network success rate top5 100.000000% 100.000000% 



epoch [13 0] from [20 10]
training time per iterations 2.005886[ms]
testing
testing done
network success rate top1 88.238373% 88.421326% 
network success rate top5 100.000000% 100.000000% 



epoch [13 1] from [20 10]
training time per iterations 1.936139[ms]
testing
testing done
network success rate top1 88.656563% 88.290642% 
network success rate top5 100.000000% 100.000000% 
saving best net in top 1
best net saved to networks/trail_net_1/trained/, with success rate 88.656563%



epoch [13 2] from [20 10]
training time per iterations 1.914361[ms]
testing
testing done
network success rate top1 88.656563% 88.107681% 
network success rate top5 100.000000% 100.000000% 



epoch [13 3] from [20 10]
training time per iterations 2.035903[ms]
testing
testing done
network success rate top1 88.395187% 88.787247% 
network success rate top5 100.000000% 100.000000% 



epoch [13 4] from [20 10]
training time per iterations 1.864332[ms]
testing
testing done
network success rate top1 88.316780% 88.238373% 
network success rate top5 100.000000% 100.000000% 



epoch [13 5] from [20 10]
training time per iterations 1.866686[ms]
testing
testing done
network success rate top1 88.708832% 88.656563% 
network success rate top5 100.000000% 100.000000% 
saving best net in top 1
best net saved to networks/trail_net_1/trained/, with success rate 88.708832%



epoch [13 6] from [20 10]
training time per iterations 2.049147[ms]
testing
testing done
network success rate top1 88.316780% 88.447464% 
network success rate top5 100.000000% 100.000000% 



epoch [13 7] from [20 10]
training time per iterations 1.863449[ms]
testing
testing done
network success rate top1 88.395187% 88.813385% 
network success rate top5 100.000000% 100.000000% 



epoch [13 8] from [20 10]
training time per iterations 1.873749[ms]
testing
testing done
network success rate top1 88.003136% 86.800835% 
network success rate top5 100.000000% 100.000000% 



epoch [13 9] from [20 10]
training time per iterations 2.011477[ms]
testing
testing done
network success rate top1 88.238373% 88.656563% 
network success rate top5 100.000000% 100.000000% 



epoch [14 0] from [20 10]
training time per iterations 1.849029[ms]
testing
testing done
network success rate top1 88.421326% 87.663353% 
network success rate top5 100.000000% 100.000000% 



epoch [14 1] from [20 10]
training time per iterations 1.918481[ms]
testing
testing done
network success rate top1 88.421326% 88.525879% 
network success rate top5 100.000000% 100.000000% 



epoch [14 2] from [20 10]
training time per iterations 2.062095[ms]
testing
testing done
network success rate top1 88.186096% 87.584946% 
network success rate top5 100.000000% 100.000000% 



epoch [14 3] from [20 10]
training time per iterations 1.864626[ms]
testing
testing done
network success rate top1 88.630424% 87.872452% 
network success rate top5 100.000000% 100.000000% 



epoch [14 4] from [20 10]
training time per iterations 1.862861[ms]
testing
testing done
network success rate top1 88.578148% 88.813385% 
network success rate top5 100.000000% 100.000000% 



epoch [14 5] from [20 10]
training time per iterations 1.866686[ms]
testing
testing done
network success rate top1 88.604286% 89.179298% 
network success rate top5 100.000000% 100.000000% 



epoch [14 6] from [20 10]
training time per iterations 2.017952[ms]
testing
testing done
network success rate top1 88.578148% 89.074753% 
network success rate top5 100.000000% 100.000000% 



epoch [14 7] from [20 10]
training time per iterations 1.864921[ms]
testing
testing done
network success rate top1 88.238373% 88.316780% 
network success rate top5 100.000000% 100.000000% 



epoch [14 8] from [20 10]
training time per iterations 1.844026[ms]
testing
testing done
network success rate top1 88.003136% 88.499741% 
network success rate top5 100.000000% 100.000000% 



epoch [14 9] from [20 10]
training time per iterations 2.019423[ms]
testing
testing done
network success rate top1 88.003136% 88.081551% 
network success rate top5 100.000000% 100.000000% 



epoch [15 0] from [20 10]
training time per iterations 1.852855[ms]
testing
testing done
network success rate top1 88.578148% 87.950859% 
network success rate top5 100.000000% 100.000000% 



epoch [15 1] from [20 10]
training time per iterations 1.932607[ms]
testing
testing done
network success rate top1 88.552010% 89.388397% 
network success rate top5 100.000000% 100.000000% 



epoch [15 2] from [20 10]
training time per iterations 2.025309[ms]
testing
testing done
network success rate top1 87.741768% 87.584946% 
network success rate top5 100.000000% 100.000000% 



epoch [15 3] from [20 10]
training time per iterations 1.870512[ms]
testing
testing done
network success rate top1 88.682701% 88.186096% 
network success rate top5 100.000000% 100.000000% 



epoch [15 4] from [20 10]
training time per iterations 1.860506[ms]
testing
testing done
network success rate top1 88.630424% 89.832726% 
network success rate top5 100.000000% 100.000000% 



epoch [15 5] from [20 10]
training time per iterations 2.000589[ms]
testing
testing done
network success rate top1 87.976997% 87.036072% 
network success rate top5 100.000000% 100.000000% 



epoch [15 6] from [20 10]
training time per iterations 1.924956[ms]
testing
testing done
network success rate top1 88.865654% 88.499741% 
network success rate top5 100.000000% 100.000000% 
saving best net in top 1
best net saved to networks/trail_net_1/trained/, with success rate 88.865654%



epoch [15 7] from [20 10]
training time per iterations 1.930842[ms]
testing
testing done
network success rate top1 88.604286% 88.212234% 
network success rate top5 100.000000% 100.000000% 



epoch [15 8] from [20 10]
training time per iterations 2.027369[ms]
testing
testing done
network success rate top1 88.421326% 88.003136% 
network success rate top5 100.000000% 100.000000% 



epoch [15 9] from [20 10]
training time per iterations 1.873161[ms]
testing
testing done
network success rate top1 88.316780% 88.159958% 
network success rate top5 100.000000% 100.000000% 



epoch [16 0] from [20 10]
training time per iterations 1.848735[ms]
testing
testing done
network success rate top1 88.734970% 88.682701% 
network success rate top5 100.000000% 100.000000% 



epoch [16 1] from [20 10]
training time per iterations 2.033255[ms]
testing
testing done
network success rate top1 88.525879% 87.846313% 
network success rate top5 100.000000% 100.000000% 



epoch [16 2] from [20 10]
training time per iterations 1.863449[ms]
testing
testing done
network success rate top1 87.532669% 87.480400% 
network success rate top5 100.000000% 100.000000% 



epoch [16 3] from [20 10]
training time per iterations 1.867275[ms]
testing
testing done
network success rate top1 88.604286% 88.604286% 
network success rate top5 100.000000% 100.000000% 



epoch [16 4] from [20 10]
training time per iterations 1.990877[ms]
testing
testing done
network success rate top1 88.447464% 88.944069% 
network success rate top5 100.000000% 100.000000% 



epoch [16 5] from [20 10]
training time per iterations 1.855503[ms]
testing
testing done
network success rate top1 88.604286% 89.336121% 
network success rate top5 100.000000% 100.000000% 



epoch [16 6] from [20 10]
training time per iterations 1.928487[ms]
testing
testing done
network success rate top1 88.761108% 88.604286% 
network success rate top5 100.000000% 100.000000% 



epoch [16 7] from [20 10]
training time per iterations 2.047969[ms]
testing
testing done
network success rate top1 88.133820% 87.506531% 
network success rate top5 100.000000% 100.000000% 



epoch [16 8] from [20 10]
training time per iterations 1.864332[ms]
testing
testing done
network success rate top1 88.499741% 87.794044% 
network success rate top5 100.000000% 100.000000% 



epoch [16 9] from [20 10]
training time per iterations 1.864332[ms]
testing
testing done
network success rate top1 88.604286% 88.578148% 
network success rate top5 100.000000% 100.000000% 



epoch [17 0] from [20 10]
training time per iterations 2.000294[ms]
testing
testing done
network success rate top1 88.787247% 88.787247% 
network success rate top5 100.000000% 100.000000% 



epoch [17 1] from [20 10]
training time per iterations 1.922013[ms]
testing
testing done
network success rate top1 88.787247% 87.924728% 
network success rate top5 100.000000% 100.000000% 



epoch [17 2] from [20 10]
training time per iterations 1.924073[ms]
testing
testing done
network success rate top1 88.656563% 89.205437% 
network success rate top5 100.000000% 100.000000% 



epoch [17 3] from [20 10]
training time per iterations 2.073573[ms]
testing
testing done
network success rate top1 88.708832% 88.578148% 
network success rate top5 100.000000% 100.000000% 



epoch [17 4] from [20 10]
training time per iterations 1.876104[ms]
testing
testing done
network success rate top1 89.074753% 88.813385% 
network success rate top5 100.000000% 100.000000% 
saving best net in top 1
best net saved to networks/trail_net_1/trained/, with success rate 89.074753%



epoch [17 5] from [20 10]
training time per iterations 1.850206[ms]
testing
testing done
network success rate top1 88.395187% 88.212234% 
network success rate top5 100.000000% 100.000000% 



epoch [17 6] from [20 10]
training time per iterations 1.927310[ms]
testing
testing done
network success rate top1 89.283844% 89.702042% 
network success rate top5 100.000000% 100.000000% 
saving best net in top 1
best net saved to networks/trail_net_1/trained/, with success rate 89.283844%



epoch [17 7] from [20 10]
training time per iterations 2.008534[ms]
testing
testing done
network success rate top1 89.074753% 88.421326% 
network success rate top5 100.000000% 100.000000% 



epoch [17 8] from [20 10]
training time per iterations 1.852560[ms]
testing
testing done
network success rate top1 88.421326% 87.219025% 
network success rate top5 100.000000% 100.000000% 



epoch [17 9] from [20 10]
training time per iterations 1.851383[ms]
testing
testing done
network success rate top1 88.421326% 88.604286% 
network success rate top5 100.000000% 100.000000% 
setting learning rate to 0.000050



epoch [18 0] from [20 10]
training time per iterations 1.999411[ms]
testing
testing done
network success rate top1 88.342918% 87.062202% 
network success rate top5 100.000000% 100.000000% 



epoch [18 1] from [20 10]
training time per iterations 1.939082[ms]
testing
testing done
network success rate top1 88.813385% 88.787247% 
network success rate top5 100.000000% 100.000000% 



epoch [18 2] from [20 10]
training time per iterations 1.918481[ms]
testing
testing done
network success rate top1 88.917931% 88.290642% 
network success rate top5 100.000000% 100.000000% 



epoch [18 3] from [20 10]
training time per iterations 2.007063[ms]
testing
testing done
network success rate top1 89.022476% 89.022476% 
network success rate top5 100.000000% 100.000000% 



epoch [18 4] from [20 10]
training time per iterations 1.860800[ms]
testing
testing done
network success rate top1 88.656563% 88.865654% 
network success rate top5 100.000000% 100.000000% 



epoch [18 5] from [20 10]
training time per iterations 1.857858[ms]
testing
testing done
network success rate top1 88.865654% 89.937271% 
network success rate top5 100.000000% 100.000000% 



epoch [18 6] from [20 10]
training time per iterations 2.022660[ms]
testing
testing done
network success rate top1 88.917931% 88.891792% 
network success rate top5 100.000000% 100.000000% 



epoch [18 7] from [20 10]
training time per iterations 1.856092[ms]
testing
testing done
network success rate top1 88.917931% 88.787247% 
network success rate top5 100.000000% 100.000000% 



epoch [18 8] from [20 10]
training time per iterations 1.853149[ms]
testing
testing done
network success rate top1 88.421326% 88.499741% 
network success rate top5 100.000000% 100.000000% 



epoch [18 9] from [20 10]
training time per iterations 1.992348[ms]
testing
testing done
network success rate top1 89.127029% 89.205437% 
network success rate top5 100.000000% 100.000000% 



epoch [19 0] from [20 10]
training time per iterations 1.862566[ms]
testing
testing done
network success rate top1 88.839516% 89.153160% 
network success rate top5 100.000000% 100.000000% 



epoch [19 1] from [20 10]
training time per iterations 1.925250[ms]
testing
testing done
network success rate top1 88.421326% 87.715630% 
network success rate top5 100.000000% 100.000000% 



epoch [19 2] from [20 10]
training time per iterations 2.034432[ms]
testing
testing done
network success rate top1 88.604286% 87.584946% 
network success rate top5 100.000000% 100.000000% 



epoch [19 3] from [20 10]
training time per iterations 1.856680[ms]
testing
testing done
network success rate top1 88.656563% 89.022476% 
network success rate top5 100.000000% 100.000000% 



epoch [19 4] from [20 10]
training time per iterations 1.859623[ms]
testing
testing done
network success rate top1 88.761108% 89.519081% 
network success rate top5 100.000000% 100.000000% 



epoch [19 5] from [20 10]
training time per iterations 2.006474[ms]
testing
testing done
network success rate top1 89.127029% 89.153160% 
network success rate top5 100.000000% 100.000000% 



epoch [19 6] from [20 10]
training time per iterations 1.915833[ms]
testing
testing done
network success rate top1 89.257713% 89.780449% 
network success rate top5 100.000000% 100.000000% 



epoch [19 7] from [20 10]
training time per iterations 1.927604[ms]
testing
testing done
network success rate top1 89.074753% 88.734970% 
network success rate top5 100.000000% 100.000000% 



epoch [19 8] from [20 10]
training time per iterations 2.074161[ms]
testing
testing done
network success rate top1 89.100891% 89.649765% 
network success rate top5 100.000000% 100.000000% 



epoch [19 9] from [20 10]
training time per iterations 1.852855[ms]
testing
testing done
network success rate top1 88.970207% 89.336121% 
network success rate top5 100.000000% 100.000000% 
training done
