0.000000 0 0 46.837429 50.392056  100.000000 100.000000 
0.100000 0 1 74.385780 74.986931  100.000000 100.000000 
0.200000 0 2 76.607422 75.927864  100.000000 100.000000 
0.300000 0 3 78.044952 76.947205  100.000000 100.000000 
0.400000 0 4 79.587036 78.358597  100.000000 100.000000 
0.500000 0 5 76.842659 77.365395  100.000000 100.000000 
0.600000 0 6 80.946159 79.404076  100.000000 100.000000 
0.700000 0 7 81.129120 81.547310  100.000000 100.000000 
0.800000 0 8 81.730270 81.573448  100.000000 100.000000 
0.900000 0 9 79.560898 79.848404  100.000000 100.000000 
1.000000 1 0 81.076843 80.188187  100.000000 100.000000 
1.100000 1 1 81.155251 81.860954  100.000000 100.000000 
1.200000 1 2 82.514374 83.638268  100.000000 100.000000 
1.300000 1 3 82.331413 80.841614  100.000000 100.000000 
1.400000 1 4 82.488235 82.984840  100.000000 100.000000 
1.500000 1 5 82.279144 80.737061  100.000000 100.000000 
1.600000 1 6 82.775742 81.677994  100.000000 100.000000 
1.700000 1 7 83.455307 83.847359  100.000000 100.000000 
1.800000 1 8 83.455307 83.638268  100.000000 100.000000 
1.900000 1 9 80.946159 80.214325  100.000000 100.000000 
2.000000 2 0 83.873497 83.768951  100.000000 100.000000 
2.100000 2 1 84.056458 82.932564  100.000000 100.000000 
2.200000 2 2 83.612129 82.462105  100.000000 100.000000 
2.300000 2 3 83.585991 83.873497  100.000000 100.000000 
2.400000 2 4 84.161003 82.880295  100.000000 100.000000 
2.500000 2 5 84.370102 83.403030  100.000000 100.000000 
2.600000 2 6 84.605331 84.108727  100.000000 100.000000 
2.700000 2 7 84.762154 84.997383  100.000000 100.000000 
2.800000 2 8 83.873497 83.246208  100.000000 100.000000 
2.900000 2 9 84.814430 84.500786  100.000000 100.000000 
3.000000 3 0 84.788292 86.330368  100.000000 100.000000 
3.100000 3 1 84.918976 84.918976  100.000000 100.000000 
3.200000 3 2 85.180344 83.298485  100.000000 100.000000 
3.300000 3 3 85.311028 85.441711  100.000000 100.000000 
3.400000 3 4 84.866699 85.180344  100.000000 100.000000 
3.500000 3 5 83.873497 83.403030  100.000000 100.000000 
3.600000 3 6 84.918976 84.971252  100.000000 100.000000 
3.700000 3 7 85.389442 84.971252  100.000000 100.000000 
3.800000 3 8 84.422371 83.559853  100.000000 100.000000 
3.900000 3 9 84.892838 84.762154  100.000000 100.000000 
4.000000 4 0 85.886040 84.474648  100.000000 100.000000 
4.100000 4 1 85.703087 85.128075  100.000000 100.000000 
4.200000 4 2 85.441711 84.134865  100.000000 100.000000 
4.300000 4 3 85.703087 84.840561  100.000000 100.000000 
4.400000 4 4 85.807632 85.441711  100.000000 100.000000 
4.500000 4 5 85.781494 85.128075  100.000000 100.000000 
4.600000 4 6 86.147415 85.964455  100.000000 100.000000 
4.700000 4 7 86.121277 84.736015  100.000000 100.000000 
4.800000 4 8 85.493988 85.703087  100.000000 100.000000 
4.900000 4 9 85.049660 85.232620  100.000000 100.000000 
5.000000 5 0 85.206482 83.455307  100.000000 100.000000 
5.100000 5 1 85.886040 85.101936  100.000000 100.000000 
5.200000 5 2 83.585991 83.010979  100.000000 100.000000 
5.300000 5 3 86.016731 85.572403  100.000000 100.000000 
5.400000 5 4 86.251961 86.774696  100.000000 100.000000 
5.500000 5 5 86.356506 86.173546  100.000000 100.000000 
5.600000 5 6 86.173546 86.931519  100.000000 100.000000 
5.700000 5 7 85.781494 85.676949  100.000000 100.000000 
5.800000 5 8 86.800835 86.487190  100.000000 100.000000 
5.900000 5 9 86.617874 86.539467  100.000000 100.000000 
6.000000 6 0 86.199684 85.232620  100.000000 100.000000 
6.100000 6 1 86.461060 86.879250  100.000000 100.000000 
6.200000 6 2 85.964455 85.703087  100.000000 100.000000 
6.300000 6 3 86.382645 85.441711  100.000000 100.000000 
6.400000 6 4 86.853111 86.774696  100.000000 100.000000 
6.500000 6 5 86.565605 87.036072  100.000000 100.000000 
6.600000 6 6 86.199684 85.807632  100.000000 100.000000 
6.700000 6 7 86.617874 87.192894  100.000000 100.000000 
6.800000 6 8 84.814430 83.376892  100.000000 100.000000 
6.900000 6 9 86.434921 86.539467  100.000000 100.000000 
7.000000 7 0 87.088341 86.461060  100.000000 100.000000 
7.100000 7 1 87.166756 85.990593  100.000000 100.000000 
7.200000 7 2 87.140617 87.532669  100.000000 100.000000 
7.300000 7 3 85.546265 85.467850  100.000000 100.000000 
7.400000 7 4 86.461060 85.624672  100.000000 100.000000 
7.500000 7 5 87.532669 86.356506  100.000000 100.000000 
7.600000 7 6 86.617874 86.957657  100.000000 100.000000 
7.700000 7 7 86.095139 85.520126  100.000000 100.000000 
7.800000 7 8 87.349716 86.644012  100.000000 100.000000 
7.900000 7 9 86.434921 86.774696  100.000000 100.000000 
8.000000 8 0 87.611084 86.591743  100.000000 100.000000 
8.100000 8 1 87.454262 86.408783  100.000000 100.000000 
8.200000 8 2 87.062202 86.513329  100.000000 100.000000 
8.300000 8 3 87.584946 88.133820  100.000000 100.000000 
8.400000 8 4 87.558807 88.264503  100.000000 100.000000 
8.500000 8 5 87.611084 88.552010  100.000000 100.000000 
8.600000 8 6 87.532669 87.820175  100.000000 100.000000 
8.700000 8 7 87.428123 87.009933  100.000000 100.000000 
8.800000 8 8 87.375847 86.957657  100.000000 100.000000 
8.900000 8 9 87.611084 87.846313  100.000000 100.000000 
9.000000 9 0 86.983795 85.703087  100.000000 100.000000 
9.100000 9 1 87.741768 88.630424  100.000000 100.000000 
9.200000 9 2 87.872452 86.696289  100.000000 100.000000 
9.300000 9 3 87.820175 86.879250  100.000000 100.000000 
9.400000 9 4 87.480400 88.316780  100.000000 100.000000 
9.500000 9 5 86.304237 86.408783  100.000000 100.000000 
9.600000 9 6 87.689491 86.748566  100.000000 100.000000 
9.700000 9 7 85.964455 85.415581  100.000000 100.000000 
9.800000 9 8 87.637222 86.879250  100.000000 100.000000 
9.900000 9 9 87.689491 86.434921  100.000000 100.000000 
10.000000 10 0 88.081551 87.741768  100.000000 100.000000 
10.100000 10 1 87.349716 87.192894  100.000000 100.000000 
10.200000 10 2 87.245163 87.297440  100.000000 100.000000 
10.300000 10 3 87.794044 87.741768  100.000000 100.000000 
10.400000 10 4 88.003136 87.349716  100.000000 100.000000 
10.500000 10 5 87.898590 88.630424  100.000000 100.000000 
10.600000 10 6 87.715630 85.886040  100.000000 100.000000 
10.700000 10 7 86.487190 85.650810  100.000000 100.000000 
10.800000 10 8 88.186096 87.428123  100.000000 100.000000 
10.900000 10 9 88.290642 88.238373  100.000000 100.000000 
11.000000 11 0 87.898590 88.395187  100.000000 100.000000 
11.100000 11 1 88.290642 87.767906  100.000000 100.000000 
11.200000 11 2 88.029274 87.976997  100.000000 100.000000 
11.300000 11 3 87.924728 88.212234  100.000000 100.000000 
11.400000 11 4 87.950859 87.584946  100.000000 100.000000 
11.500000 11 5 88.133820 87.114479  100.000000 100.000000 
11.600000 11 6 88.159958 87.846313  100.000000 100.000000 
11.700000 11 7 88.107681 88.003136  100.000000 100.000000 
11.800000 11 8 88.316780 88.029274  100.000000 100.000000 
11.900000 11 9 88.342918 87.872452  100.000000 100.000000 
12.000000 12 0 88.212234 87.428123  100.000000 100.000000 
12.100000 12 1 87.924728 87.794044  100.000000 100.000000 
12.200000 12 2 88.081551 88.473602  100.000000 100.000000 
12.300000 12 3 87.820175 87.088341  100.000000 100.000000 
12.400000 12 4 88.212234 88.029274  100.000000 100.000000 
12.500000 12 5 88.342918 88.421326  100.000000 100.000000 
12.600000 12 6 88.473602 88.264503  100.000000 100.000000 
12.700000 12 7 88.264503 89.414536  100.000000 100.000000 
12.800000 12 8 88.369057 88.499741  100.000000 100.000000 
12.900000 12 9 88.473602 87.689491  100.000000 100.000000 
13.000000 13 0 88.238373 88.421326  100.000000 100.000000 
13.100000 13 1 88.656563 88.290642  100.000000 100.000000 
13.200000 13 2 88.656563 88.107681  100.000000 100.000000 
13.300000 13 3 88.395187 88.787247  100.000000 100.000000 
13.400000 13 4 88.316780 88.238373  100.000000 100.000000 
13.500000 13 5 88.708832 88.656563  100.000000 100.000000 
13.600000 13 6 88.316780 88.447464  100.000000 100.000000 
13.700000 13 7 88.395187 88.813385  100.000000 100.000000 
13.800000 13 8 88.003136 86.800835  100.000000 100.000000 
13.900000 13 9 88.238373 88.656563  100.000000 100.000000 
14.000000 14 0 88.421326 87.663353  100.000000 100.000000 
14.100000 14 1 88.421326 88.525879  100.000000 100.000000 
14.200000 14 2 88.186096 87.584946  100.000000 100.000000 
14.300000 14 3 88.630424 87.872452  100.000000 100.000000 
14.400000 14 4 88.578148 88.813385  100.000000 100.000000 
14.500000 14 5 88.604286 89.179298  100.000000 100.000000 
14.600000 14 6 88.578148 89.074753  100.000000 100.000000 
14.700000 14 7 88.238373 88.316780  100.000000 100.000000 
14.800000 14 8 88.003136 88.499741  100.000000 100.000000 
14.900000 14 9 88.003136 88.081551  100.000000 100.000000 
15.000000 15 0 88.578148 87.950859  100.000000 100.000000 
15.100000 15 1 88.552010 89.388397  100.000000 100.000000 
15.200000 15 2 87.741768 87.584946  100.000000 100.000000 
15.300000 15 3 88.682701 88.186096  100.000000 100.000000 
15.400000 15 4 88.630424 89.832726  100.000000 100.000000 
15.500000 15 5 87.976997 87.036072  100.000000 100.000000 
15.600000 15 6 88.865654 88.499741  100.000000 100.000000 
15.700000 15 7 88.604286 88.212234  100.000000 100.000000 
15.800000 15 8 88.421326 88.003136  100.000000 100.000000 
15.900000 15 9 88.316780 88.159958  100.000000 100.000000 
16.000000 16 0 88.734970 88.682701  100.000000 100.000000 
16.100000 16 1 88.525879 87.846313  100.000000 100.000000 
16.200001 16 2 87.532669 87.480400  100.000000 100.000000 
16.299999 16 3 88.604286 88.604286  100.000000 100.000000 
16.400000 16 4 88.447464 88.944069  100.000000 100.000000 
16.500000 16 5 88.604286 89.336121  100.000000 100.000000 
16.600000 16 6 88.761108 88.604286  100.000000 100.000000 
16.700001 16 7 88.133820 87.506531  100.000000 100.000000 
16.799999 16 8 88.499741 87.794044  100.000000 100.000000 
16.900000 16 9 88.604286 88.578148  100.000000 100.000000 
17.000000 17 0 88.787247 88.787247  100.000000 100.000000 
17.100000 17 1 88.787247 87.924728  100.000000 100.000000 
17.200001 17 2 88.656563 89.205437  100.000000 100.000000 
17.299999 17 3 88.708832 88.578148  100.000000 100.000000 
17.400000 17 4 89.074753 88.813385  100.000000 100.000000 
17.500000 17 5 88.395187 88.212234  100.000000 100.000000 
17.600000 17 6 89.283844 89.702042  100.000000 100.000000 
17.700001 17 7 89.074753 88.421326  100.000000 100.000000 
17.799999 17 8 88.421326 87.219025  100.000000 100.000000 
17.900000 17 9 88.421326 88.604286  100.000000 100.000000 
18.000000 18 0 88.342918 87.062202  100.000000 100.000000 
18.100000 18 1 88.813385 88.787247  100.000000 100.000000 
18.200001 18 2 88.917931 88.290642  100.000000 100.000000 
18.299999 18 3 89.022476 89.022476  100.000000 100.000000 
18.400000 18 4 88.656563 88.865654  100.000000 100.000000 
18.500000 18 5 88.865654 89.937271  100.000000 100.000000 
18.600000 18 6 88.917931 88.891792  100.000000 100.000000 
18.700001 18 7 88.917931 88.787247  100.000000 100.000000 
18.799999 18 8 88.421326 88.499741  100.000000 100.000000 
18.900000 18 9 89.127029 89.205437  100.000000 100.000000 
19.000000 19 0 88.839516 89.153160  100.000000 100.000000 
19.100000 19 1 88.421326 87.715630  100.000000 100.000000 
19.200001 19 2 88.604286 87.584946  100.000000 100.000000 
19.299999 19 3 88.656563 89.022476  100.000000 100.000000 
19.400000 19 4 88.761108 89.519081  100.000000 100.000000 
19.500000 19 5 89.127029 89.153160  100.000000 100.000000 
19.600000 19 6 89.257713 89.780449  100.000000 100.000000 
19.700001 19 7 89.074753 88.734970  100.000000 100.000000 
19.799999 19 8 89.100891 89.649765  100.000000 100.000000 
19.900000 19 9 88.970207 89.336121  100.000000 100.000000 
