0.000000 0 0 90.648445 90.794044  100.000000 100.000000 
0.200000 0 1 92.529961 92.137978  100.000000 100.000000 
0.400000 0 2 92.977936 93.089935  100.000000 100.000000 
0.600000 0 3 92.451561 91.824394  100.000000 100.000000 
0.800000 0 4 93.168327 93.201927  100.000000 100.000000 
1.000000 1 0 93.661102 93.481911  100.000000 100.000000 
1.200000 1 1 93.773102 93.593910  100.000000 100.000000 
1.400000 1 2 93.728302 93.739502  100.000000 100.000000 
1.600000 1 3 93.817894 93.705902  100.000000 100.000000 
1.800000 1 4 93.795494 93.582710  100.000000 100.000000 
2.000000 2 0 94.131485 94.030685  100.000000 100.000000 
2.200000 2 1 93.873894 93.817894  100.000000 100.000000 
2.400000 2 2 94.209877 94.064285  100.000000 100.000000 
2.600000 2 3 94.265877 93.997086  100.000000 100.000000 
2.800000 2 4 94.153877 94.321869  100.000000 100.000000 
3.000000 3 0 94.333069 94.232277  100.000000 100.000000 
3.200000 3 1 94.400269 94.445068  100.000000 100.000000 
3.400000 3 2 94.445068 94.590660  100.000000 100.000000 
3.600000 3 3 94.837051 95.049835  100.000000 100.000000 
3.800000 3 4 94.568260 94.456268  100.000000 100.000000 
4.000000 4 0 94.713852 95.005043  100.000000 100.000000 
4.200000 4 1 94.982643 95.128235  100.000000 100.000000 
4.400000 4 2 94.781052 95.027435  100.000000 100.000000 
4.600000 4 3 94.915443 95.072235  100.000000 100.000000 
4.800000 4 4 95.016243 95.038635  100.000000 100.000000 
5.000000 5 0 94.725052 94.781052  100.000000 100.000000 
5.200000 5 1 94.769852 94.904243  100.000000 100.000000 
5.400000 5 2 95.094635 95.285027  100.000000 100.000000 
5.600000 5 3 95.072235 95.139435  100.000000 100.000000 
5.800000 5 4 95.262627 95.486618  100.000000 100.000000 
6.000000 6 0 95.374619 95.710609  100.000000 100.000000 
6.200000 6 1 95.128235 95.105835  100.000000 100.000000 
6.400000 6 2 95.173035 95.251427  100.000000 100.000000 
6.600000 6 3 95.262627 95.464218  100.000000 100.000000 
6.800000 6 4 95.273827 95.453018  100.000000 100.000000 
7.000000 7 0 95.094635 95.005043  100.000000 100.000000 
7.200000 7 1 94.781052 95.083435  100.000000 100.000000 
7.400000 7 2 95.251427 94.993843  100.000000 100.000000 
7.600000 7 3 95.229027 95.049835  100.000000 100.000000 
7.800000 7 4 95.408218 95.598610  100.000000 100.000000 
8.000000 8 0 95.598610 95.721802  100.000000 100.000000 
8.200000 8 1 95.654610 95.497818  100.000000 100.000000 
8.400000 8 2 95.598610 95.632210  100.000000 100.000000 
8.600000 8 3 95.565010 95.744202  100.000000 100.000000 
8.800000 8 4 95.497818 95.665810  100.000000 100.000000 
9.000000 9 0 95.475418 95.542610  100.000000 100.000000 
9.200000 9 1 95.710609 96.192184  100.000000 100.000000 
9.400000 9 2 95.632210 95.979393  100.000000 100.000000 
9.600000 9 3 95.565010 95.900993  100.000000 100.000000 
9.800000 9 4 95.822601 95.979393  100.000000 100.000000 
10.000000 10 0 95.542610 95.856201  100.000000 100.000000 
10.200000 10 1 95.912193 96.012993  100.000000 100.000000 
10.400000 10 2 95.665810 95.900993  100.000000 100.000000 
10.600000 10 3 95.721802 95.800201  100.000000 100.000000 
10.800000 10 4 95.341026 95.856201  100.000000 100.000000 
11.000000 11 0 95.833801 95.923393  100.000000 100.000000 
11.200000 11 1 95.598610 95.979393  100.000000 100.000000 
11.400000 11 2 95.453018 95.296227  100.000000 100.000000 
11.600000 11 3 95.520218 95.777802  100.000000 100.000000 
11.800000 11 4 95.766602 95.956993  100.000000 100.000000 
12.000000 12 0 95.251427 95.397018  100.000000 100.000000 
12.200000 12 1 95.867401 95.845001  100.000000 100.000000 
12.400000 12 2 95.430618 95.341026  100.000000 100.000000 
12.600000 12 3 95.609810 95.576210  100.000000 100.000000 
12.800000 12 4 95.934593 96.248177  100.000000 100.000000 
13.000000 13 0 95.318626 95.251427  100.000000 100.000000 
13.200000 13 1 95.632210 95.621010  100.000000 100.000000 
13.400000 13 2 95.486618 95.677010  100.000000 100.000000 
13.600000 13 3 95.733002 95.766602  100.000000 100.000000 
13.800000 13 4 95.453018 95.990593  100.000000 100.000000 
14.000000 14 0 95.889801 96.516968  100.000000 100.000000 
14.200000 14 1 95.777802 96.046593  100.000000 100.000000 
14.400000 14 2 95.576210 95.833801  100.000000 100.000000 
14.600000 14 3 95.665810 95.811401  100.000000 100.000000 
14.800000 14 4 96.012993 95.923393  100.000000 100.000000 
15.000000 15 0 96.046593 96.505768  100.000000 100.000000 
15.200000 15 1 95.520218 96.068985  100.000000 100.000000 
15.400000 15 2 96.046593 96.684959  100.000000 100.000000 
15.600000 15 3 96.102585 96.561768  100.000000 100.000000 
15.800000 15 4 96.012993 96.214584  100.000000 100.000000 
16.000000 16 0 96.068985 96.270576  100.000000 100.000000 
16.200001 16 1 95.856201 95.956993  100.000000 100.000000 
16.400000 16 2 96.091385 96.248177  100.000000 100.000000 
16.600000 16 3 95.979393 96.326576  100.000000 100.000000 
16.799999 16 4 95.968193 95.710609  100.000000 100.000000 
17.000000 17 0 95.878601 95.979393  100.000000 100.000000 
17.200001 17 1 95.900993 96.001793  100.000000 100.000000 
17.400000 17 2 96.113785 96.752159  100.000000 100.000000 
17.600000 17 3 95.789001 96.091385  100.000000 100.000000 
17.799999 17 4 95.878601 96.360176  100.000000 100.000000 
18.000000 18 0 96.147385 96.248177  100.000000 100.000000 
18.200001 18 1 96.203384 96.393776  100.000000 100.000000 
18.400000 18 2 96.203384 96.460968  100.000000 100.000000 
18.600000 18 3 95.934593 96.169785  100.000000 100.000000 
18.799999 18 4 96.001793 96.113785  100.000000 100.000000 
19.000000 19 0 96.068985 96.539368  100.000000 100.000000 
19.200001 19 1 96.035393 96.068985  100.000000 100.000000 
19.400000 19 2 96.236984 96.617760  100.000000 100.000000 
19.600000 19 3 96.057793 96.326576  100.000000 100.000000 
19.799999 19 4 96.248177 96.494568  100.000000 100.000000 
20.000000 20 0 96.012993 96.315376  100.000000 100.000000 
20.200001 20 1 96.102585 96.214584  100.000000 100.000000 
20.400000 20 2 95.878601 96.315376  100.000000 100.000000 
20.600000 20 3 95.945793 96.180984  100.000000 100.000000 
20.799999 20 4 96.080185 96.158585  100.000000 100.000000 
21.000000 21 0 96.270576 96.606560  100.000000 100.000000 
21.200001 21 1 96.124985 96.382576  100.000000 100.000000 
21.400000 21 2 96.270576 96.841751  100.000000 100.000000 
21.600000 21 3 96.248177 96.584167  100.000000 100.000000 
21.799999 21 4 96.080185 96.360176  100.000000 100.000000 
22.000000 22 0 96.124985 96.684959  100.000000 100.000000 
22.200001 22 1 96.192184 96.561768  100.000000 100.000000 
22.400000 22 2 96.248177 96.707359  100.000000 100.000000 
22.600000 22 3 96.214584 96.382576  100.000000 100.000000 
22.799999 22 4 95.665810 95.721802  100.000000 100.000000 
23.000000 23 0 96.180984 96.662560  100.000000 100.000000 
23.200001 23 1 96.180984 96.628960  100.000000 100.000000 
23.400000 23 2 96.091385 96.012993  100.000000 100.000000 
23.600000 23 3 95.956993 96.572968  100.000000 100.000000 
23.799999 23 4 96.281776 96.382576  100.000000 100.000000 
24.000000 24 0 96.236984 96.438568  100.000000 100.000000 
24.200001 24 1 96.169785 96.248177  100.000000 100.000000 
24.400000 24 2 95.923393 96.292976  100.000000 100.000000 
24.600000 24 3 96.169785 96.449768  100.000000 100.000000 
24.799999 24 4 96.225784 96.595360  100.000000 100.000000 
25.000000 25 0 96.281776 96.516968  100.000000 100.000000 
25.200001 25 1 96.192184 96.640160  100.000000 100.000000 
25.400000 25 2 96.337776 96.707359  100.000000 100.000000 
25.600000 25 3 96.158585 96.326576  100.000000 100.000000 
25.799999 25 4 96.360176 96.427368  100.000000 100.000000 
26.000000 26 0 96.192184 96.416168  100.000000 100.000000 
26.200001 26 1 96.113785 96.494568  100.000000 100.000000 
26.400000 26 2 96.259377 96.595360  100.000000 100.000000 
26.600000 26 3 96.427368 96.326576  100.000000 100.000000 
26.799999 26 4 96.404976 96.852951  100.000000 100.000000 
27.000000 27 0 95.990593 96.606560  100.000000 100.000000 
27.200001 27 1 96.393776 96.561768  100.000000 100.000000 
27.400000 27 2 96.158585 96.360176  100.000000 100.000000 
27.600000 27 3 96.337776 96.438568  100.000000 100.000000 
27.799999 27 4 96.046593 96.203384  100.000000 100.000000 
28.000000 28 0 96.080185 96.348976  100.000000 100.000000 
28.200001 28 1 96.192184 96.595360  100.000000 100.000000 
28.400000 28 2 96.393776 96.427368  100.000000 100.000000 
28.600000 28 3 96.292976 96.595360  100.000000 100.000000 
28.799999 28 4 96.281776 96.998543  100.000000 100.000000 
29.000000 29 0 96.169785 96.214584  100.000000 100.000000 
29.200001 29 1 96.057793 96.281776  100.000000 100.000000 
29.400000 29 2 96.203384 96.270576  100.000000 100.000000 
29.600000 29 3 96.449768 96.707359  100.000000 100.000000 
29.799999 29 4 96.315376 96.516968  100.000000 100.000000 
30.000000 30 0 96.158585 96.584167  100.000000 100.000000 
30.200001 30 1 96.046593 96.516968  100.000000 100.000000 
30.400000 30 2 96.416168 96.852951  100.000000 100.000000 
30.600000 30 3 96.192184 96.360176  100.000000 100.000000 
30.799999 30 4 96.550568 96.953743  100.000000 100.000000 
31.000000 31 0 96.169785 96.438568  100.000000 100.000000 
31.200001 31 1 96.404976 96.651360  100.000000 100.000000 
31.400000 31 2 96.438568 96.852951  100.000000 100.000000 
31.600000 31 3 96.438568 97.144135  100.000000 100.000000 
31.799999 31 4 96.281776 96.528168  100.000000 100.000000 
32.000000 32 0 96.494568 97.076942  100.000000 100.000000 
32.200001 32 1 96.460968 97.132935  100.000000 100.000000 
32.400002 32 2 96.371376 96.662560  100.000000 100.000000 
32.599998 32 3 96.416168 96.920151  100.000000 100.000000 
32.799999 32 4 96.528168 96.841751  100.000000 100.000000 
33.000000 33 0 96.203384 96.696159  100.000000 100.000000 
33.200001 33 1 96.584167 97.289734  100.000000 100.000000 
33.400002 33 2 96.259377 96.707359  100.000000 100.000000 
33.599998 33 3 96.662560 96.864151  100.000000 100.000000 
33.799999 33 4 96.147385 96.684959  100.000000 100.000000 
34.000000 34 0 96.617760 96.796951  100.000000 100.000000 
34.200001 34 1 96.304176 96.550568  100.000000 100.000000 
34.400002 34 2 96.438568 96.864151  100.000000 100.000000 
34.599998 34 3 96.270576 96.752159  100.000000 100.000000 
34.799999 34 4 96.516968 96.931351  100.000000 100.000000 
35.000000 35 0 96.494568 96.808151  100.000000 100.000000 
35.200001 35 1 96.606560 97.009743  100.000000 100.000000 
35.400002 35 2 96.214584 96.595360  100.000000 100.000000 
35.599998 35 3 96.371376 96.808151  100.000000 100.000000 
35.799999 35 4 96.483368 96.908951  100.000000 100.000000 
36.000000 36 0 96.516968 96.651360  100.000000 100.000000 
36.200001 36 1 96.516968 96.875351  100.000000 100.000000 
36.400002 36 2 96.561768 96.819351  100.000000 100.000000 
36.599998 36 3 96.584167 97.132935  100.000000 100.000000 
36.799999 36 4 96.494568 97.076942  100.000000 100.000000 
37.000000 37 0 96.404976 96.516968  100.000000 100.000000 
37.200001 37 1 96.539368 96.763359  100.000000 100.000000 
37.400002 37 2 96.516968 96.864151  100.000000 100.000000 
37.599998 37 3 96.584167 97.144135  100.000000 100.000000 
37.799999 37 4 96.438568 96.976143  100.000000 100.000000 
38.000000 38 0 96.584167 96.729759  100.000000 100.000000 
38.200001 38 1 96.393776 97.009743  100.000000 100.000000 
38.400002 38 2 96.460968 96.864151  100.000000 100.000000 
38.599998 38 3 96.584167 96.449768  100.000000 100.000000 
38.799999 38 4 96.550568 97.121735  100.000000 100.000000 
39.000000 39 0 96.606560 96.819351  100.000000 100.000000 
39.200001 39 1 96.696159 96.808151  100.000000 100.000000 
39.400002 39 2 96.662560 97.076942  100.000000 100.000000 
39.599998 39 3 96.539368 96.964943  100.000000 100.000000 
39.799999 39 4 96.606560 96.763359  100.000000 100.000000 
40.000000 40 0 96.472168 96.976143  100.000000 100.000000 
40.200001 40 1 96.460968 97.166534  100.000000 100.000000 
40.400002 40 2 96.371376 96.830551  100.000000 100.000000 
40.599998 40 3 96.606560 97.009743  100.000000 100.000000 
40.799999 40 4 96.259377 96.595360  100.000000 100.000000 
41.000000 41 0 96.595360 97.020943  100.000000 100.000000 
41.200001 41 1 96.304176 96.998543  100.000000 100.000000 
41.400002 41 2 96.628960 97.076942  100.000000 100.000000 
41.599998 41 3 96.584167 96.796951  100.000000 100.000000 
41.799999 41 4 96.427368 96.427368  100.000000 100.000000 
42.000000 42 0 96.606560 96.830551  100.000000 100.000000 
42.200001 42 1 96.539368 96.584167  100.000000 100.000000 
42.400002 42 2 96.617760 96.785751  100.000000 100.000000 
42.599998 42 3 96.572968 96.740959  100.000000 100.000000 
42.799999 42 4 96.662560 96.763359  100.000000 100.000000 
43.000000 43 0 96.304176 96.561768  100.000000 100.000000 
43.200001 43 1 96.640160 97.009743  100.000000 100.000000 
43.400002 43 2 96.460968 96.729759  100.000000 100.000000 
43.599998 43 3 96.371376 96.606560  100.000000 100.000000 
43.799999 43 4 96.628960 96.964943  100.000000 100.000000 
44.000000 44 0 96.404976 96.740959  100.000000 100.000000 
44.200001 44 1 96.180984 96.572968  100.000000 100.000000 
44.400002 44 2 96.348976 96.259377  100.000000 100.000000 
44.599998 44 3 96.606560 96.942543  100.000000 100.000000 
44.799999 44 4 96.640160 96.976143  100.000000 100.000000 
45.000000 45 0 96.550568 96.662560  100.000000 100.000000 
45.200001 45 1 96.684959 96.808151  100.000000 100.000000 
45.400002 45 2 96.539368 97.121735  100.000000 100.000000 
45.599998 45 3 96.528168 97.020943  100.000000 100.000000 
45.799999 45 4 96.617760 97.043343  100.000000 100.000000 
46.000000 46 0 96.572968 96.841751  100.000000 100.000000 
46.200001 46 1 96.752159 97.032143  100.000000 100.000000 
46.400002 46 2 96.651360 97.323326  100.000000 100.000000 
46.599998 46 3 96.382576 96.830551  100.000000 100.000000 
46.799999 46 4 96.651360 96.897751  100.000000 100.000000 
47.000000 47 0 96.561768 96.460968  100.000000 100.000000 
47.200001 47 1 96.606560 96.774551  100.000000 100.000000 
47.400002 47 2 96.472168 97.054543  100.000000 100.000000 
47.599998 47 3 96.651360 96.819351  100.000000 100.000000 
47.799999 47 4 96.662560 96.964943  100.000000 100.000000 
48.000000 48 0 96.483368 96.931351  100.000000 100.000000 
48.200001 48 1 96.595360 97.233734  100.000000 100.000000 
48.400002 48 2 96.684959 96.886551  100.000000 100.000000 
48.599998 48 3 96.707359 97.121735  100.000000 100.000000 
48.799999 48 4 96.651360 96.684959  100.000000 100.000000 
49.000000 49 0 96.696159 96.808151  100.000000 100.000000 
49.200001 49 1 96.696159 96.920151  100.000000 100.000000 
49.400002 49 2 96.550568 97.200134  100.000000 100.000000 
49.599998 49 3 96.550568 97.155334  100.000000 100.000000 
49.799999 49 4 96.729759 97.088142  100.000000 100.000000 
50.000000 50 0 96.393776 97.009743  100.000000 100.000000 
50.200001 50 1 96.572968 96.964943  100.000000 100.000000 
50.400002 50 2 96.707359 97.132935  100.000000 100.000000 
50.599998 50 3 96.617760 96.920151  100.000000 100.000000 
50.799999 50 4 96.696159 97.222534  100.000000 100.000000 
51.000000 51 0 96.449768 96.897751  100.000000 100.000000 
51.200001 51 1 96.707359 97.065742  100.000000 100.000000 
51.400002 51 2 96.572968 96.908951  100.000000 100.000000 
51.599998 51 3 96.617760 96.864151  100.000000 100.000000 
51.799999 51 4 96.572968 96.953743  100.000000 100.000000 
52.000000 52 0 96.707359 97.155334  100.000000 100.000000 
52.200001 52 1 96.707359 97.379326  100.000000 100.000000 
52.400002 52 2 96.539368 96.830551  100.000000 100.000000 
52.599998 52 3 96.617760 97.256134  100.000000 100.000000 
52.799999 52 4 96.516968 97.009743  100.000000 100.000000 
53.000000 53 0 96.763359 97.188934  100.000000 100.000000 
53.200001 53 1 96.628960 96.729759  100.000000 100.000000 
53.400002 53 2 96.662560 96.449768  100.000000 100.000000 
53.599998 53 3 96.796951 97.244934  100.000000 100.000000 
53.799999 53 4 96.662560 97.020943  100.000000 100.000000 
54.000000 54 0 96.740959 96.953743  100.000000 100.000000 
54.200001 54 1 96.718559 97.256134  100.000000 100.000000 
54.400002 54 2 96.662560 97.132935  100.000000 100.000000 
54.599998 54 3 96.584167 96.931351  100.000000 100.000000 
54.799999 54 4 96.718559 97.110542  100.000000 100.000000 
55.000000 55 0 96.774551 97.009743  100.000000 100.000000 
55.200001 55 1 96.483368 96.796951  100.000000 100.000000 
55.400002 55 2 96.595360 96.942543  100.000000 100.000000 
55.599998 55 3 96.796951 97.054543  100.000000 100.000000 
55.799999 55 4 96.628960 97.121735  100.000000 100.000000 
56.000000 56 0 96.819351 97.345726  100.000000 100.000000 
56.200001 56 1 96.718559 97.065742  100.000000 100.000000 
56.400002 56 2 96.606560 97.132935  100.000000 100.000000 
56.599998 56 3 96.662560 97.334526  100.000000 100.000000 
56.799999 56 4 96.729759 96.931351  100.000000 100.000000 
57.000000 57 0 96.628960 97.020943  100.000000 100.000000 
57.200001 57 1 96.561768 97.289734  100.000000 100.000000 
57.400002 57 2 96.740959 97.065742  100.000000 100.000000 
57.599998 57 3 96.651360 97.144135  100.000000 100.000000 
57.799999 57 4 96.696159 97.300926  100.000000 100.000000 
58.000000 58 0 96.651360 97.088142  100.000000 100.000000 
58.200001 58 1 96.886551 97.300926  100.000000 100.000000 
58.400002 58 2 96.729759 97.267334  100.000000 100.000000 
58.599998 58 3 96.550568 96.886551  100.000000 100.000000 
58.799999 58 4 96.662560 97.121735  100.000000 100.000000 
59.000000 59 0 96.662560 96.964943  100.000000 100.000000 
59.200001 59 1 96.684959 96.897751  100.000000 100.000000 
59.400002 59 2 96.718559 96.998543  100.000000 100.000000 
59.599998 59 3 96.752159 96.987343  100.000000 100.000000 
59.799999 59 4 96.561768 96.707359  100.000000 100.000000 
