initializing
training size    : 72151
testing size     : 7853
epoch count      : 60
sub epoch size   : 5

epoch_learning_rate_decay   : 15
learning_rate_decay         : 0.500000
batch size                  : 37737

training



epoch [0 0] from [60 5]
training time per iterations 1.229383[ms]
testing
testing done
network success rate top1 90.856995% 90.780594% 
network success rate top5 100.000000% 100.000000% 
saving best net in top 1
best net saved to networks/path_net_1/trained/, with success rate 90.856995%



epoch [0 1] from [60 5]
training time per iterations 1.236590[ms]
testing
testing done
network success rate top1 89.099709% 89.239784% 
network success rate top5 100.000000% 100.000000% 



epoch [0 2] from [60 5]
training time per iterations 1.322107[ms]
testing
testing done
network success rate top1 93.696678% 93.480202% 
network success rate top5 100.000000% 100.000000% 
saving best net in top 1
best net saved to networks/path_net_1/trained/, with success rate 93.696678%



epoch [0 3] from [60 5]
training time per iterations 1.233818[ms]
testing
testing done
network success rate top1 94.040497% 93.785812% 
network success rate top5 100.000000% 100.000000% 
saving best net in top 1
best net saved to networks/path_net_1/trained/, with success rate 94.040497%



epoch [0 4] from [60 5]
training time per iterations 1.230423[ms]
testing
testing done
network success rate top1 93.607536% 92.868965% 
network success rate top5 100.000000% 100.000000% 



epoch [1 0] from [60 5]
training time per iterations 1.315870[ms]
testing
testing done
network success rate top1 94.027763% 94.053230% 
network success rate top5 100.000000% 100.000000% 



epoch [1 1] from [60 5]
training time per iterations 1.234234[ms]
testing
testing done
network success rate top1 94.065964% 93.938622% 
network success rate top5 100.000000% 100.000000% 
saving best net in top 1
best net saved to networks/path_net_1/trained/, with success rate 94.065964%



epoch [1 2] from [60 5]
training time per iterations 1.314622[ms]
testing
testing done
network success rate top1 94.689926% 94.307907% 
network success rate top5 100.000000% 100.000000% 
saving best net in top 1
best net saved to networks/path_net_1/trained/, with success rate 94.689926%



epoch [1 3] from [60 5]
training time per iterations 1.231046[ms]
testing
testing done
network success rate top1 94.269707% 93.900421% 
network success rate top5 100.000000% 100.000000% 



epoch [1 4] from [60 5]
training time per iterations 1.238877[ms]
testing
testing done
network success rate top1 92.856232% 92.066727% 
network success rate top5 100.000000% 100.000000% 



epoch [2 0] from [60 5]
training time per iterations 1.325849[ms]
testing
testing done
network success rate top1 94.982811% 94.715393% 
network success rate top5 100.000000% 100.000000% 
saving best net in top 1
best net saved to networks/path_net_1/trained/, with success rate 94.982811%



epoch [2 1] from [60 5]
training time per iterations 1.228136[ms]
testing
testing done
network success rate top1 94.320641% 93.964088% 
network success rate top5 100.000000% 100.000000% 



epoch [2 2] from [60 5]
training time per iterations 1.233125[ms]
testing
testing done
network success rate top1 94.689926% 94.397049% 
network success rate top5 100.000000% 100.000000% 



epoch [2 3] from [60 5]
training time per iterations 1.314622[ms]
testing
testing done
network success rate top1 94.868202% 94.600792% 
network success rate top5 100.000000% 100.000000% 



epoch [2 4] from [60 5]
training time per iterations 1.226195[ms]
testing
testing done
network success rate top1 95.250221% 94.944611% 
network success rate top5 100.000000% 100.000000% 
saving best net in top 1
best net saved to networks/path_net_1/trained/, with success rate 95.250221%



epoch [3 0] from [60 5]
training time per iterations 1.310742[ms]
testing
testing done
network success rate top1 95.224754% 94.995544% 
network success rate top5 100.000000% 100.000000% 



epoch [3 1] from [60 5]
training time per iterations 1.221830[ms]
testing
testing done
network success rate top1 95.428497% 95.059212% 
network success rate top5 100.000000% 100.000000% 
saving best net in top 1
best net saved to networks/path_net_1/trained/, with success rate 95.428497%



epoch [3 2] from [60 5]
training time per iterations 1.233680[ms]
testing
testing done
network success rate top1 95.441231% 95.186554% 
network success rate top5 100.000000% 100.000000% 
saving best net in top 1
best net saved to networks/path_net_1/trained/, with success rate 95.441231%



epoch [3 3] from [60 5]
training time per iterations 1.318434[ms]
testing
testing done
network success rate top1 95.212021% 94.906403% 
network success rate top5 100.000000% 100.000000% 



epoch [3 4] from [60 5]
training time per iterations 1.225017[ms]
testing
testing done
network success rate top1 95.453964% 95.288422% 
network success rate top5 100.000000% 100.000000% 
saving best net in top 1
best net saved to networks/path_net_1/trained/, with success rate 95.453964%



epoch [4 0] from [60 5]
training time per iterations 1.319058[ms]
testing
testing done
network success rate top1 95.479431% 95.097412% 
network success rate top5 100.000000% 100.000000% 
saving best net in top 1
best net saved to networks/path_net_1/trained/, with success rate 95.479431%



epoch [4 1] from [60 5]
training time per iterations 1.224532[ms]
testing
testing done
network success rate top1 95.262955% 95.148354% 
network success rate top5 100.000000% 100.000000% 



epoch [4 2] from [60 5]
training time per iterations 1.232294[ms]
testing
testing done
network success rate top1 95.670441% 95.517639% 
network success rate top5 100.000000% 100.000000% 
saving best net in top 1
best net saved to networks/path_net_1/trained/, with success rate 95.670441%



epoch [4 3] from [60 5]
training time per iterations 1.317533[ms]
testing
testing done
network success rate top1 94.982811% 94.689926% 
network success rate top5 100.000000% 100.000000% 



epoch [4 4] from [60 5]
training time per iterations 1.226611[ms]
testing
testing done
network success rate top1 95.734116% 95.950592% 
network success rate top5 100.000000% 100.000000% 
saving best net in top 1
best net saved to networks/path_net_1/trained/, with success rate 95.734116%



epoch [5 0] from [60 5]
training time per iterations 1.221483[ms]
testing
testing done
network success rate top1 94.919136% 94.613525% 
network success rate top5 100.000000% 100.000000% 



epoch [5 1] from [60 5]
training time per iterations 1.316078[ms]
testing
testing done
network success rate top1 95.759583% 95.237488% 
network success rate top5 100.000000% 100.000000% 
saving best net in top 1
best net saved to networks/path_net_1/trained/, with success rate 95.759583%



epoch [5 2] from [60 5]
training time per iterations 1.226611[ms]
testing
testing done
network success rate top1 95.848717% 95.555840% 
network success rate top5 100.000000% 100.000000% 
saving best net in top 1
best net saved to networks/path_net_1/trained/, with success rate 95.848717%



epoch [5 3] from [60 5]
training time per iterations 1.318087[ms]
testing
testing done
network success rate top1 94.626259% 94.817268% 
network success rate top5 100.000000% 100.000000% 



epoch [5 4] from [60 5]
training time per iterations 1.224602[ms]
testing
testing done
network success rate top1 95.543106% 95.403030% 
network success rate top5 100.000000% 100.000000% 



epoch [6 0] from [60 5]
training time per iterations 1.231254[ms]
testing
testing done
network success rate top1 95.670441% 95.364830% 
network success rate top5 100.000000% 100.000000% 



epoch [6 1] from [60 5]
training time per iterations 1.312128[ms]
testing
testing done
network success rate top1 95.937859% 95.797783% 
network success rate top5 100.000000% 100.000000% 
saving best net in top 1
best net saved to networks/path_net_1/trained/, with success rate 95.937859%



epoch [6 2] from [60 5]
training time per iterations 1.227997[ms]
testing
testing done
network success rate top1 95.683182% 95.415764% 
network success rate top5 100.000000% 100.000000% 



epoch [6 3] from [60 5]
training time per iterations 1.318434[ms]
testing
testing done
network success rate top1 95.785049% 95.619507% 
network success rate top5 100.000000% 100.000000% 



epoch [6 4] from [60 5]
training time per iterations 1.221067[ms]
testing
testing done
network success rate top1 94.206039% 93.760345% 
network success rate top5 100.000000% 100.000000% 



epoch [7 0] from [60 5]
training time per iterations 1.231324[ms]
testing
testing done
network success rate top1 95.594040% 95.874191% 
network success rate top5 100.000000% 100.000000% 



epoch [7 1] from [60 5]
training time per iterations 1.313860[ms]
testing
testing done
network success rate top1 96.026993% 96.052467% 
network success rate top5 100.000000% 100.000000% 
saving best net in top 1
best net saved to networks/path_net_1/trained/, with success rate 96.026993%



epoch [7 2] from [60 5]
training time per iterations 1.222869[ms]
testing
testing done
network success rate top1 95.339363% 94.970078% 
network success rate top5 100.000000% 100.000000% 



epoch [7 3] from [60 5]
training time per iterations 1.232086[ms]
testing
testing done
network success rate top1 95.937859% 96.345345% 
network success rate top5 100.000000% 100.000000% 



epoch [7 4] from [60 5]
training time per iterations 1.315523[ms]
testing
testing done
network success rate top1 95.734116% 94.842735% 
network success rate top5 100.000000% 100.000000% 



epoch [8 0] from [60 5]
training time per iterations 1.217602[ms]
testing
testing done
network success rate top1 95.313896% 94.333374% 
network success rate top5 100.000000% 100.000000% 



epoch [8 1] from [60 5]
training time per iterations 1.312405[ms]
testing
testing done
network success rate top1 96.001526% 95.785049% 
network success rate top5 100.000000% 100.000000% 



epoch [8 2] from [60 5]
training time per iterations 1.227997[ms]
testing
testing done
network success rate top1 95.237488% 95.097412% 
network success rate top5 100.000000% 100.000000% 



epoch [8 3] from [60 5]
training time per iterations 1.233125[ms]
testing
testing done
network success rate top1 96.192535% 95.937859% 
network success rate top5 100.000000% 100.000000% 
saving best net in top 1
best net saved to networks/path_net_1/trained/, with success rate 96.192535%



epoch [8 4] from [60 5]
training time per iterations 1.321414[ms]
testing
testing done
network success rate top1 95.173820% 95.071945% 
network success rate top5 100.000000% 100.000000% 



epoch [9 0] from [60 5]
training time per iterations 1.227720[ms]
testing
testing done
network success rate top1 95.568573% 95.453964% 
network success rate top5 100.000000% 100.000000% 



epoch [9 1] from [60 5]
training time per iterations 1.229245[ms]
testing
testing done
network success rate top1 96.307144% 96.243477% 
network success rate top5 100.000000% 100.000000% 
saving best net in top 1
best net saved to networks/path_net_1/trained/, with success rate 96.307144%



epoch [9 2] from [60 5]
training time per iterations 1.314622[ms]
testing
testing done
network success rate top1 95.657707% 95.504906% 
network success rate top5 100.000000% 100.000000% 



epoch [9 3] from [60 5]
training time per iterations 1.226542[ms]
testing
testing done
network success rate top1 96.052467% 96.230743% 
network success rate top5 100.000000% 100.000000% 



epoch [9 4] from [60 5]
training time per iterations 1.317949[ms]
testing
testing done
network success rate top1 95.313896% 95.097412% 
network success rate top5 100.000000% 100.000000% 



epoch [10 0] from [60 5]
training time per iterations 1.224740[ms]
testing
testing done
network success rate top1 94.740860% 94.677193% 
network success rate top5 100.000000% 100.000000% 



epoch [10 1] from [60 5]
training time per iterations 1.224255[ms]
testing
testing done
network success rate top1 94.282440% 94.053230% 
network success rate top5 100.000000% 100.000000% 



epoch [10 2] from [60 5]
training time per iterations 1.309910[ms]
testing
testing done
network success rate top1 95.466698% 95.734116% 
network success rate top5 100.000000% 100.000000% 



epoch [10 3] from [60 5]
training time per iterations 1.226681[ms]
testing
testing done
network success rate top1 96.358078% 96.052467% 
network success rate top5 100.000000% 100.000000% 
saving best net in top 1
best net saved to networks/path_net_1/trained/, with success rate 96.358078%



epoch [10 4] from [60 5]
training time per iterations 1.315800[ms]
testing
testing done
network success rate top1 95.759583% 95.797783% 
network success rate top5 100.000000% 100.000000% 



epoch [11 0] from [60 5]
training time per iterations 1.224671[ms]
testing
testing done
network success rate top1 95.466698% 95.275688% 
network success rate top5 100.000000% 100.000000% 



epoch [11 1] from [60 5]
training time per iterations 1.230146[ms]
testing
testing done
network success rate top1 95.861458% 95.632240% 
network success rate top5 100.000000% 100.000000% 



epoch [11 2] from [60 5]
training time per iterations 1.319958[ms]
testing
testing done
network success rate top1 96.230743% 95.950592% 
network success rate top5 100.000000% 100.000000% 



epoch [11 3] from [60 5]
training time per iterations 1.228829[ms]
testing
testing done
network success rate top1 95.708649% 95.925125% 
network success rate top5 100.000000% 100.000000% 



epoch [11 4] from [60 5]
training time per iterations 1.225572[ms]
testing
testing done
network success rate top1 95.988792% 95.810516% 
network success rate top5 100.000000% 100.000000% 



epoch [12 0] from [60 5]
training time per iterations 1.320721[ms]
testing
testing done
network success rate top1 96.090668% 95.899658% 
network success rate top5 100.000000% 100.000000% 



epoch [12 1] from [60 5]
training time per iterations 1.224255[ms]
testing
testing done
network success rate top1 95.403030% 95.428497% 
network success rate top5 100.000000% 100.000000% 



epoch [12 2] from [60 5]
training time per iterations 1.314345[ms]
testing
testing done
network success rate top1 96.587288% 96.001526% 
network success rate top5 100.000000% 100.000000% 
saving best net in top 1
best net saved to networks/path_net_1/trained/, with success rate 96.587288%



epoch [12 3] from [60 5]
training time per iterations 1.226681[ms]
testing
testing done
network success rate top1 96.243477% 95.823250% 
network success rate top5 100.000000% 100.000000% 



epoch [12 4] from [60 5]
training time per iterations 1.228136[ms]
testing
testing done
network success rate top1 96.001526% 95.772316% 
network success rate top5 100.000000% 100.000000% 



epoch [13 0] from [60 5]
training time per iterations 1.318365[ms]
testing
testing done
network success rate top1 96.587288% 96.472687% 
network success rate top5 100.000000% 100.000000% 



epoch [13 1] from [60 5]
training time per iterations 1.224186[ms]
testing
testing done
network success rate top1 94.715393% 94.766335% 
network success rate top5 100.000000% 100.000000% 



epoch [13 2] from [60 5]
training time per iterations 1.323008[ms]
testing
testing done
network success rate top1 96.167068% 96.179802% 
network success rate top5 100.000000% 100.000000% 



epoch [13 3] from [60 5]
training time per iterations 1.225433[ms]
testing
testing done
network success rate top1 95.441231% 94.868202% 
network success rate top5 100.000000% 100.000000% 



epoch [13 4] from [60 5]
training time per iterations 1.230076[ms]
testing
testing done
network success rate top1 95.568573% 95.364830% 
network success rate top5 100.000000% 100.000000% 



epoch [14 0] from [60 5]
training time per iterations 1.314969[ms]
testing
testing done
network success rate top1 96.167068% 96.167068% 
network success rate top5 100.000000% 100.000000% 



epoch [14 1] from [60 5]
training time per iterations 1.224186[ms]
testing
testing done
network success rate top1 95.543106% 95.594040% 
network success rate top5 100.000000% 100.000000% 



epoch [14 2] from [60 5]
training time per iterations 1.230908[ms]
testing
testing done
network success rate top1 96.829239% 96.459953% 
network success rate top5 100.000000% 100.000000% 
saving best net in top 1
best net saved to networks/path_net_1/trained/, with success rate 96.829239%



epoch [14 3] from [60 5]
training time per iterations 1.316979[ms]
testing
testing done
network success rate top1 96.026993% 95.848717% 
network success rate top5 100.000000% 100.000000% 



epoch [14 4] from [60 5]
training time per iterations 1.222176[ms]
testing
testing done
network success rate top1 95.670441% 95.734116% 
network success rate top5 100.000000% 100.000000% 
setting learning rate to 0.000250



epoch [15 0] from [60 5]
training time per iterations 1.327304[ms]
testing
testing done
network success rate top1 96.358078% 96.141602% 
network success rate top5 100.000000% 100.000000% 



epoch [15 1] from [60 5]
training time per iterations 1.228413[ms]
testing
testing done
network success rate top1 96.650963% 96.485420% 
network success rate top5 100.000000% 100.000000% 



epoch [15 2] from [60 5]
training time per iterations 1.230700[ms]
testing
testing done
network success rate top1 96.740097% 96.447220% 
network success rate top5 100.000000% 100.000000% 



epoch [15 3] from [60 5]
training time per iterations 1.313236[ms]
testing
testing done
network success rate top1 95.976059% 95.874191% 
network success rate top5 100.000000% 100.000000% 



epoch [15 4] from [60 5]
training time per iterations 1.228413[ms]
testing
testing done
network success rate top1 96.472687% 96.574554% 
network success rate top5 100.000000% 100.000000% 



epoch [16 0] from [60 5]
training time per iterations 1.226126[ms]
testing
testing done
network success rate top1 95.950592% 96.065201% 
network success rate top5 100.000000% 100.000000% 



epoch [16 1] from [60 5]
training time per iterations 1.314830[ms]
testing
testing done
network success rate top1 96.829239% 96.969315% 
network success rate top5 100.000000% 100.000000% 



epoch [16 2] from [60 5]
training time per iterations 1.227720[ms]
testing
testing done
network success rate top1 96.638229% 96.447220% 
network success rate top5 100.000000% 100.000000% 



epoch [16 3] from [60 5]
training time per iterations 1.308801[ms]
testing
testing done
network success rate top1 96.905640% 96.791039% 
network success rate top5 100.000000% 100.000000% 
saving best net in top 1
best net saved to networks/path_net_1/trained/, with success rate 96.905640%



epoch [16 4] from [60 5]
training time per iterations 1.225502[ms]
testing
testing done
network success rate top1 96.332611% 96.230743% 
network success rate top5 100.000000% 100.000000% 



epoch [17 0] from [60 5]
training time per iterations 1.226888[ms]
testing
testing done
network success rate top1 95.683182% 95.950592% 
network success rate top5 100.000000% 100.000000% 



epoch [17 1] from [60 5]
training time per iterations 1.314068[ms]
testing
testing done
network success rate top1 96.829239% 96.574554% 
network success rate top5 100.000000% 100.000000% 



epoch [17 2] from [60 5]
training time per iterations 1.224602[ms]
testing
testing done
network success rate top1 96.561821% 96.116135% 
network success rate top5 100.000000% 100.000000% 



epoch [17 3] from [60 5]
training time per iterations 1.307138[ms]
testing
testing done
network success rate top1 96.192535% 95.937859% 
network success rate top5 100.000000% 100.000000% 



epoch [17 4] from [60 5]
training time per iterations 1.225156[ms]
testing
testing done
network success rate top1 96.179802% 96.154335% 
network success rate top5 100.000000% 100.000000% 



epoch [18 0] from [60 5]
training time per iterations 1.221691[ms]
testing
testing done
network success rate top1 96.638229% 96.230743% 
network success rate top5 100.000000% 100.000000% 



epoch [18 1] from [60 5]
training time per iterations 1.320929[ms]
testing
testing done
network success rate top1 96.536354% 96.409019% 
network success rate top5 100.000000% 100.000000% 



epoch [18 2] from [60 5]
training time per iterations 1.225364[ms]
testing
testing done
network success rate top1 96.752831% 96.485420% 
network success rate top5 100.000000% 100.000000% 



epoch [18 3] from [60 5]
training time per iterations 1.229868[ms]
testing
testing done
network success rate top1 96.765564% 96.740097% 
network success rate top5 100.000000% 100.000000% 



epoch [18 4] from [60 5]
training time per iterations 1.315731[ms]
testing
testing done
network success rate top1 96.892906% 96.880173% 
network success rate top5 100.000000% 100.000000% 



epoch [19 0] from [60 5]
training time per iterations 1.231947[ms]
testing
testing done
network success rate top1 96.383545% 96.472687% 
network success rate top5 100.000000% 100.000000% 



epoch [19 1] from [60 5]
training time per iterations 1.314484[ms]
testing
testing done
network success rate top1 96.765564% 96.319878% 
network success rate top5 100.000000% 100.000000% 



epoch [19 2] from [60 5]
training time per iterations 1.226334[ms]
testing
testing done
network success rate top1 96.854706% 96.689163% 
network success rate top5 100.000000% 100.000000% 



epoch [19 3] from [60 5]
training time per iterations 1.238462[ms]
testing
testing done
network success rate top1 95.823250% 96.167068% 
network success rate top5 100.000000% 100.000000% 



epoch [19 4] from [60 5]
training time per iterations 1.316979[ms]
testing
testing done
network success rate top1 96.128868% 96.026993% 
network success rate top5 100.000000% 100.000000% 



epoch [20 0] from [60 5]
training time per iterations 1.221760[ms]
testing
testing done
network success rate top1 96.892906% 96.956573% 
network success rate top5 100.000000% 100.000000% 



epoch [20 1] from [60 5]
training time per iterations 1.318365[ms]
testing
testing done
network success rate top1 96.905640% 96.243477% 
network success rate top5 100.000000% 100.000000% 



epoch [20 2] from [60 5]
training time per iterations 1.220097[ms]
testing
testing done
network success rate top1 95.976059% 95.772316% 
network success rate top5 100.000000% 100.000000% 



epoch [20 3] from [60 5]
training time per iterations 1.227720[ms]
testing
testing done
network success rate top1 96.561821% 96.052467% 
network success rate top5 100.000000% 100.000000% 



epoch [20 4] from [60 5]
training time per iterations 1.314761[ms]
testing
testing done
network success rate top1 96.561821% 96.765564% 
network success rate top5 100.000000% 100.000000% 



epoch [21 0] from [60 5]
training time per iterations 1.235412[ms]
testing
testing done
network success rate top1 96.447220% 96.065201% 
network success rate top5 100.000000% 100.000000% 



epoch [21 1] from [60 5]
training time per iterations 1.220721[ms]
testing
testing done
network success rate top1 96.867439% 96.600029% 
network success rate top5 100.000000% 100.000000% 



epoch [21 2] from [60 5]
training time per iterations 1.318018[ms]
testing
testing done
network success rate top1 96.956573% 96.905640% 
network success rate top5 100.000000% 100.000000% 
saving best net in top 1
best net saved to networks/path_net_1/trained/, with success rate 96.956573%



epoch [21 3] from [60 5]
training time per iterations 1.219958[ms]
testing
testing done
network success rate top1 96.880173% 96.612762% 
network success rate top5 100.000000% 100.000000% 



epoch [21 4] from [60 5]
training time per iterations 1.313929[ms]
testing
testing done
network success rate top1 96.905640% 97.096649% 
network success rate top5 100.000000% 100.000000% 



epoch [22 0] from [60 5]
training time per iterations 1.227651[ms]
testing
testing done
network success rate top1 96.396278% 96.268944% 
network success rate top5 100.000000% 100.000000% 



epoch [22 1] from [60 5]
training time per iterations 1.223008[ms]
testing
testing done
network success rate top1 96.638229% 96.498154% 
network success rate top5 100.000000% 100.000000% 



epoch [22 2] from [60 5]
training time per iterations 1.314068[ms]
testing
testing done
network success rate top1 96.676430% 96.370811% 
network success rate top5 100.000000% 100.000000% 



epoch [22 3] from [60 5]
training time per iterations 1.223423[ms]
testing
testing done
network success rate top1 96.829239% 96.434486% 
network success rate top5 100.000000% 100.000000% 



epoch [22 4] from [60 5]
training time per iterations 1.226819[ms]
testing
testing done
network success rate top1 96.867439% 96.701897% 
network success rate top5 100.000000% 100.000000% 



epoch [23 0] from [60 5]
training time per iterations 1.311435[ms]
testing
testing done
network success rate top1 96.714630% 96.803772% 
network success rate top5 100.000000% 100.000000% 



epoch [23 1] from [60 5]
training time per iterations 1.221483[ms]
testing
testing done
network success rate top1 96.689163% 95.912392% 
network success rate top5 100.000000% 100.000000% 



epoch [23 2] from [60 5]
training time per iterations 1.322107[ms]
testing
testing done
network success rate top1 96.434486% 96.370811% 
network success rate top5 100.000000% 100.000000% 



epoch [23 3] from [60 5]
training time per iterations 1.228552[ms]
testing
testing done
network success rate top1 95.976059% 95.976059% 
network success rate top5 100.000000% 100.000000% 



epoch [23 4] from [60 5]
training time per iterations 1.227997[ms]
testing
testing done
network success rate top1 96.905640% 96.778305% 
network success rate top5 100.000000% 100.000000% 



epoch [24 0] from [60 5]
training time per iterations 1.313929[ms]
testing
testing done
network success rate top1 96.841972% 96.778305% 
network success rate top5 100.000000% 100.000000% 



epoch [24 1] from [60 5]
training time per iterations 1.227235[ms]
testing
testing done
network success rate top1 95.912392% 96.205269% 
network success rate top5 100.000000% 100.000000% 



epoch [24 2] from [60 5]
training time per iterations 1.323285[ms]
testing
testing done
network success rate top1 95.810516% 95.721382% 
network success rate top5 100.000000% 100.000000% 



epoch [24 3] from [60 5]
training time per iterations 1.224116[ms]
testing
testing done
network success rate top1 96.459953% 96.434486% 
network success rate top5 100.000000% 100.000000% 



epoch [24 4] from [60 5]
training time per iterations 1.226057[ms]
testing
testing done
network success rate top1 96.880173% 96.650963% 
network success rate top5 100.000000% 100.000000% 



epoch [25 0] from [60 5]
training time per iterations 1.319820[ms]
testing
testing done
network success rate top1 96.307144% 96.230743% 
network success rate top5 100.000000% 100.000000% 



epoch [25 1] from [60 5]
training time per iterations 1.237006[ms]
testing
testing done
network success rate top1 96.943840% 97.236725% 
network success rate top5 100.000000% 100.000000% 



epoch [25 2] from [60 5]
training time per iterations 1.223493[ms]
testing
testing done
network success rate top1 96.396278% 96.116135% 
network success rate top5 100.000000% 100.000000% 



epoch [25 3] from [60 5]
training time per iterations 1.311989[ms]
testing
testing done
network success rate top1 96.561821% 96.192535% 
network success rate top5 100.000000% 100.000000% 



epoch [25 4] from [60 5]
training time per iterations 1.222869[ms]
testing
testing done
network success rate top1 96.676430% 96.714630% 
network success rate top5 100.000000% 100.000000% 



epoch [26 0] from [60 5]
training time per iterations 1.315454[ms]
testing
testing done
network success rate top1 96.268944% 96.243477% 
network success rate top5 100.000000% 100.000000% 



epoch [26 1] from [60 5]
training time per iterations 1.219958[ms]
testing
testing done
network success rate top1 96.243477% 95.785049% 
network success rate top5 100.000000% 100.000000% 



epoch [26 2] from [60 5]
training time per iterations 1.224186[ms]
testing
testing done
network success rate top1 95.950592% 96.052467% 
network success rate top5 100.000000% 100.000000% 



epoch [26 3] from [60 5]
training time per iterations 1.307484[ms]
testing
testing done
network success rate top1 96.026993% 95.326630% 
network success rate top5 100.000000% 100.000000% 



epoch [26 4] from [60 5]
training time per iterations 1.221830[ms]
testing
testing done
network success rate top1 96.867439% 96.485420% 
network success rate top5 100.000000% 100.000000% 



epoch [27 0] from [60 5]
training time per iterations 1.313583[ms]
testing
testing done
network success rate top1 97.058449% 96.650963% 
network success rate top5 100.000000% 100.000000% 
saving best net in top 1
best net saved to networks/path_net_1/trained/, with success rate 97.058449%



epoch [27 1] from [60 5]
training time per iterations 1.225433[ms]
testing
testing done
network success rate top1 96.625496% 96.014259% 
network success rate top5 100.000000% 100.000000% 



epoch [27 2] from [60 5]
training time per iterations 1.223077[ms]
testing
testing done
network success rate top1 96.472687% 96.370811% 
network success rate top5 100.000000% 100.000000% 



epoch [27 3] from [60 5]
training time per iterations 1.311088[ms]
testing
testing done
network success rate top1 96.943840% 96.434486% 
network success rate top5 100.000000% 100.000000% 



epoch [27 4] from [60 5]
training time per iterations 1.218018[ms]
testing
testing done
network success rate top1 96.918373% 97.185791% 
network success rate top5 100.000000% 100.000000% 



epoch [28 0] from [60 5]
training time per iterations 1.226542[ms]
testing
testing done
network success rate top1 96.701897% 96.421753% 
network success rate top5 100.000000% 100.000000% 



epoch [28 1] from [60 5]
training time per iterations 1.309633[ms]
testing
testing done
network success rate top1 96.740097% 96.943840% 
network success rate top5 100.000000% 100.000000% 



epoch [28 2] from [60 5]
training time per iterations 1.227166[ms]
testing
testing done
network success rate top1 96.994781% 97.083916% 
network success rate top5 100.000000% 100.000000% 



epoch [28 3] from [60 5]
training time per iterations 1.314830[ms]
testing
testing done
network success rate top1 97.071182% 97.300392% 
network success rate top5 100.000000% 100.000000% 
saving best net in top 1
best net saved to networks/path_net_1/trained/, with success rate 97.071182%



epoch [28 4] from [60 5]
training time per iterations 1.221552[ms]
testing
testing done
network success rate top1 96.803772% 96.307144% 
network success rate top5 100.000000% 100.000000% 



epoch [29 0] from [60 5]
training time per iterations 1.223909[ms]
testing
testing done
network success rate top1 96.383545% 96.128868% 
network success rate top5 100.000000% 100.000000% 



epoch [29 1] from [60 5]
training time per iterations 1.307554[ms]
testing
testing done
network success rate top1 96.880173% 96.638229% 
network success rate top5 100.000000% 100.000000% 



epoch [29 2] from [60 5]
training time per iterations 1.231601[ms]
testing
testing done
network success rate top1 96.892906% 96.536354% 
network success rate top5 100.000000% 100.000000% 



epoch [29 3] from [60 5]
training time per iterations 1.230284[ms]
testing
testing done
network success rate top1 96.587288% 96.676430% 
network success rate top5 100.000000% 100.000000% 



epoch [29 4] from [60 5]
training time per iterations 1.313791[ms]
testing
testing done
network success rate top1 97.083916% 97.173058% 
network success rate top5 100.000000% 100.000000% 
saving best net in top 1
best net saved to networks/path_net_1/trained/, with success rate 97.083916%
setting learning rate to 0.000125



epoch [30 0] from [60 5]
training time per iterations 1.225295[ms]
testing
testing done
network success rate top1 96.612762% 96.332611% 
network success rate top5 100.000000% 100.000000% 



epoch [30 1] from [60 5]
training time per iterations 1.317810[ms]
testing
testing done
network success rate top1 97.020248% 96.650963% 
network success rate top5 100.000000% 100.000000% 



epoch [30 2] from [60 5]
training time per iterations 1.220582[ms]
testing
testing done
network success rate top1 96.803772% 96.740097% 
network success rate top5 100.000000% 100.000000% 



epoch [30 3] from [60 5]
training time per iterations 1.234789[ms]
testing
testing done
network success rate top1 96.956573% 96.803772% 
network success rate top5 100.000000% 100.000000% 



epoch [30 4] from [60 5]
training time per iterations 1.311227[ms]
testing
testing done
network success rate top1 96.294411% 96.230743% 
network success rate top5 100.000000% 100.000000% 



epoch [31 0] from [60 5]
training time per iterations 1.225156[ms]
testing
testing done
network success rate top1 97.071182% 96.714630% 
network success rate top5 100.000000% 100.000000% 



epoch [31 1] from [60 5]
training time per iterations 1.311712[ms]
testing
testing done
network success rate top1 96.956573% 96.918373% 
network success rate top5 100.000000% 100.000000% 



epoch [31 2] from [60 5]
training time per iterations 1.221483[ms]
testing
testing done
network success rate top1 96.854706% 97.020248% 
network success rate top5 100.000000% 100.000000% 



epoch [31 3] from [60 5]
training time per iterations 1.223146[ms]
testing
testing done
network success rate top1 96.498154% 96.409019% 
network success rate top5 100.000000% 100.000000% 



epoch [31 4] from [60 5]
training time per iterations 1.315800[ms]
testing
testing done
network success rate top1 97.071182% 96.816505% 
network success rate top5 100.000000% 100.000000% 



epoch [32 0] from [60 5]
training time per iterations 1.220028[ms]
testing
testing done
network success rate top1 96.816505% 96.714630% 
network success rate top5 100.000000% 100.000000% 



epoch [32 1] from [60 5]
training time per iterations 1.227789[ms]
testing
testing done
network success rate top1 96.854706% 96.765564% 
network success rate top5 100.000000% 100.000000% 



epoch [32 2] from [60 5]
training time per iterations 1.311227[ms]
testing
testing done
network success rate top1 96.574554% 96.574554% 
network success rate top5 100.000000% 100.000000% 



epoch [32 3] from [60 5]
training time per iterations 1.223354[ms]
testing
testing done
network success rate top1 96.778305% 96.421753% 
network success rate top5 100.000000% 100.000000% 



epoch [32 4] from [60 5]
training time per iterations 1.312821[ms]
testing
testing done
network success rate top1 96.663696% 96.587288% 
network success rate top5 100.000000% 100.000000% 



epoch [33 0] from [60 5]
training time per iterations 1.224394[ms]
testing
testing done
network success rate top1 97.032982% 97.007515% 
network success rate top5 100.000000% 100.000000% 



epoch [33 1] from [60 5]
training time per iterations 1.230561[ms]
testing
testing done
network success rate top1 96.931107% 96.816505% 
network success rate top5 100.000000% 100.000000% 



epoch [33 2] from [60 5]
training time per iterations 1.316493[ms]
testing
testing done
network success rate top1 96.931107% 96.854706% 
network success rate top5 100.000000% 100.000000% 



epoch [33 3] from [60 5]
training time per iterations 1.218295[ms]
testing
testing done
network success rate top1 96.931107% 96.574554% 
network success rate top5 100.000000% 100.000000% 



epoch [33 4] from [60 5]
training time per iterations 1.319404[ms]
testing
testing done
network success rate top1 96.956573% 97.376801% 
network success rate top5 100.000000% 100.000000% 



epoch [34 0] from [60 5]
training time per iterations 1.227859[ms]
testing
testing done
network success rate top1 96.982048% 96.714630% 
network success rate top5 100.000000% 100.000000% 



epoch [34 1] from [60 5]
training time per iterations 1.226334[ms]
testing
testing done
network success rate top1 96.612762% 96.307144% 
network success rate top5 100.000000% 100.000000% 



epoch [34 2] from [60 5]
training time per iterations 1.314068[ms]
testing
testing done
network success rate top1 97.185791% 96.867439% 
network success rate top5 100.000000% 100.000000% 
saving best net in top 1
best net saved to networks/path_net_1/trained/, with success rate 97.185791%



epoch [34 3] from [60 5]
training time per iterations 1.218850[ms]
testing
testing done
network success rate top1 95.848717% 95.823250% 
network success rate top5 100.000000% 100.000000% 



epoch [34 4] from [60 5]
training time per iterations 1.227304[ms]
testing
testing done
network success rate top1 97.122116% 96.982048% 
network success rate top5 100.000000% 100.000000% 



epoch [35 0] from [60 5]
training time per iterations 1.312613[ms]
testing
testing done
network success rate top1 97.249458% 97.185791% 
network success rate top5 100.000000% 100.000000% 
saving best net in top 1
best net saved to networks/path_net_1/trained/, with success rate 97.249458%



epoch [35 1] from [60 5]
training time per iterations 1.217602[ms]
testing
testing done
network success rate top1 96.829239% 97.083916% 
network success rate top5 100.000000% 100.000000% 



epoch [35 2] from [60 5]
training time per iterations 1.320721[ms]
testing
testing done
network success rate top1 97.211258% 96.867439% 
network success rate top5 100.000000% 100.000000% 



epoch [35 3] from [60 5]
training time per iterations 1.223493[ms]
testing
testing done
network success rate top1 96.370811% 95.555840% 
network success rate top5 100.000000% 100.000000% 



epoch [35 4] from [60 5]
training time per iterations 1.225156[ms]
testing
testing done
network success rate top1 97.173058% 97.236725% 
network success rate top5 100.000000% 100.000000% 



epoch [36 0] from [60 5]
training time per iterations 1.313652[ms]
testing
testing done
network success rate top1 97.032982% 96.803772% 
network success rate top5 100.000000% 100.000000% 



epoch [36 1] from [60 5]
training time per iterations 1.226473[ms]
testing
testing done
network success rate top1 97.020248% 96.778305% 
network success rate top5 100.000000% 100.000000% 



epoch [36 2] from [60 5]
training time per iterations 1.234858[ms]
testing
testing done
network success rate top1 97.185791% 97.147591% 
network success rate top5 100.000000% 100.000000% 



epoch [36 3] from [60 5]
training time per iterations 1.317394[ms]
testing
testing done
network success rate top1 96.905640% 97.007515% 
network success rate top5 100.000000% 100.000000% 



epoch [36 4] from [60 5]
training time per iterations 1.226750[ms]
testing
testing done
network success rate top1 96.994781% 96.867439% 
network success rate top5 100.000000% 100.000000% 



epoch [37 0] from [60 5]
training time per iterations 1.313444[ms]
testing
testing done
network success rate top1 97.096649% 97.198524% 
network success rate top5 100.000000% 100.000000% 



epoch [37 1] from [60 5]
training time per iterations 1.221622[ms]
testing
testing done
network success rate top1 97.007515% 96.714630% 
network success rate top5 100.000000% 100.000000% 



epoch [37 2] from [60 5]
training time per iterations 1.230284[ms]
testing
testing done
network success rate top1 96.663696% 96.663696% 
network success rate top5 100.000000% 100.000000% 



epoch [37 3] from [60 5]
training time per iterations 1.316563[ms]
testing
testing done
network success rate top1 97.300392% 97.402267% 
network success rate top5 100.000000% 100.000000% 
saving best net in top 1
best net saved to networks/path_net_1/trained/, with success rate 97.300392%



epoch [37 4] from [60 5]
training time per iterations 1.226473[ms]
testing
testing done
network success rate top1 96.892906% 96.969315% 
network success rate top5 100.000000% 100.000000% 



epoch [38 0] from [60 5]
training time per iterations 1.316563[ms]
testing
testing done
network success rate top1 96.994781% 97.083916% 
network success rate top5 100.000000% 100.000000% 



epoch [38 1] from [60 5]
training time per iterations 1.228067[ms]
testing
testing done
network success rate top1 97.147591% 96.854706% 
network success rate top5 100.000000% 100.000000% 



epoch [38 2] from [60 5]
training time per iterations 1.220651[ms]
testing
testing done
network success rate top1 96.179802% 96.307144% 
network success rate top5 100.000000% 100.000000% 



epoch [38 3] from [60 5]
training time per iterations 1.316771[ms]
testing
testing done
network success rate top1 97.198524% 97.096649% 
network success rate top5 100.000000% 100.000000% 



epoch [38 4] from [60 5]
training time per iterations 1.217602[ms]
testing
testing done
network success rate top1 97.287659% 97.300392% 
network success rate top5 100.000000% 100.000000% 



epoch [39 0] from [60 5]
training time per iterations 1.227997[ms]
testing
testing done
network success rate top1 97.071182% 97.211258% 
network success rate top5 100.000000% 100.000000% 



epoch [39 1] from [60 5]
training time per iterations 1.313791[ms]
testing
testing done
network success rate top1 97.185791% 97.134850% 
network success rate top5 100.000000% 100.000000% 



epoch [39 2] from [60 5]
training time per iterations 1.227512[ms]
testing
testing done
network success rate top1 96.714630% 96.205269% 
network success rate top5 100.000000% 100.000000% 



epoch [39 3] from [60 5]
training time per iterations 1.318780[ms]
testing
testing done
network success rate top1 96.994781% 96.905640% 
network success rate top5 100.000000% 100.000000% 



epoch [39 4] from [60 5]
training time per iterations 1.227096[ms]
testing
testing done
network success rate top1 96.867439% 96.676430% 
network success rate top5 100.000000% 100.000000% 



epoch [40 0] from [60 5]
training time per iterations 1.220444[ms]
testing
testing done
network success rate top1 97.096649% 97.198524% 
network success rate top5 100.000000% 100.000000% 



epoch [40 1] from [60 5]
training time per iterations 1.313929[ms]
testing
testing done
network success rate top1 97.007515% 96.816505% 
network success rate top5 100.000000% 100.000000% 



epoch [40 2] from [60 5]
training time per iterations 1.221968[ms]
testing
testing done
network success rate top1 96.561821% 96.612762% 
network success rate top5 100.000000% 100.000000% 



epoch [40 3] from [60 5]
training time per iterations 1.318642[ms]
testing
testing done
network success rate top1 97.032982% 96.549088% 
network success rate top5 100.000000% 100.000000% 



epoch [40 4] from [60 5]
training time per iterations 1.225017[ms]
testing
testing done
network success rate top1 97.071182% 97.300392% 
network success rate top5 100.000000% 100.000000% 



epoch [41 0] from [60 5]
training time per iterations 1.221899[ms]
testing
testing done
network success rate top1 97.083916% 97.032982% 
network success rate top5 100.000000% 100.000000% 



epoch [41 1] from [60 5]
training time per iterations 1.320097[ms]
testing
testing done
network success rate top1 97.071182% 96.816505% 
network success rate top5 100.000000% 100.000000% 



epoch [41 2] from [60 5]
training time per iterations 1.223562[ms]
testing
testing done
network success rate top1 96.969315% 96.918373% 
network success rate top5 100.000000% 100.000000% 



epoch [41 3] from [60 5]
training time per iterations 1.222107[ms]
testing
testing done
network success rate top1 97.109383% 96.752831% 
network success rate top5 100.000000% 100.000000% 



epoch [41 4] from [60 5]
training time per iterations 1.312959[ms]
testing
testing done
network success rate top1 97.134850% 96.943840% 
network success rate top5 100.000000% 100.000000% 



epoch [42 0] from [60 5]
training time per iterations 1.226611[ms]
testing
testing done
network success rate top1 97.134850% 96.829239% 
network success rate top5 100.000000% 100.000000% 



epoch [42 1] from [60 5]
training time per iterations 1.317394[ms]
testing
testing done
network success rate top1 96.714630% 96.396278% 
network success rate top5 100.000000% 100.000000% 



epoch [42 2] from [60 5]
training time per iterations 1.225225[ms]
testing
testing done
network success rate top1 97.160324% 96.536354% 
network success rate top5 100.000000% 100.000000% 



epoch [42 3] from [60 5]
training time per iterations 1.223839[ms]
testing
testing done
network success rate top1 96.701897% 96.383545% 
network success rate top5 100.000000% 100.000000% 



epoch [42 4] from [60 5]
training time per iterations 1.311504[ms]
testing
testing done
network success rate top1 97.249458% 97.083916% 
network success rate top5 100.000000% 100.000000% 



epoch [43 0] from [60 5]
training time per iterations 1.219681[ms]
testing
testing done
network success rate top1 97.071182% 97.020248% 
network success rate top5 100.000000% 100.000000% 



epoch [43 1] from [60 5]
training time per iterations 1.226195[ms]
testing
testing done
network success rate top1 96.905640% 96.205269% 
network success rate top5 100.000000% 100.000000% 



epoch [43 2] from [60 5]
training time per iterations 1.314276[ms]
testing
testing done
network success rate top1 96.931107% 96.905640% 
network success rate top5 100.000000% 100.000000% 



epoch [43 3] from [60 5]
training time per iterations 1.222661[ms]
testing
testing done
network success rate top1 97.109383% 96.867439% 
network success rate top5 100.000000% 100.000000% 



epoch [43 4] from [60 5]
training time per iterations 1.320582[ms]
testing
testing done
network success rate top1 97.313126% 97.656944% 
network success rate top5 100.000000% 100.000000% 
saving best net in top 1
best net saved to networks/path_net_1/trained/, with success rate 97.313126%



epoch [44 0] from [60 5]
training time per iterations 1.223146[ms]
testing
testing done
network success rate top1 97.058449% 96.791039% 
network success rate top5 100.000000% 100.000000% 



epoch [44 1] from [60 5]
training time per iterations 1.224394[ms]
testing
testing done
network success rate top1 97.020248% 97.211258% 
network success rate top5 100.000000% 100.000000% 



epoch [44 2] from [60 5]
training time per iterations 1.313583[ms]
testing
testing done
network success rate top1 97.058449% 96.625496% 
network success rate top5 100.000000% 100.000000% 



epoch [44 3] from [60 5]
training time per iterations 1.222800[ms]
testing
testing done
network success rate top1 97.147591% 97.338600% 
network success rate top5 100.000000% 100.000000% 



epoch [44 4] from [60 5]
training time per iterations 1.320374[ms]
testing
testing done
network success rate top1 97.160324% 96.841972% 
network success rate top5 100.000000% 100.000000% 
setting learning rate to 0.000063



epoch [45 0] from [60 5]
training time per iterations 1.225988[ms]
testing
testing done
network success rate top1 96.943840% 96.956573% 
network success rate top5 100.000000% 100.000000% 



epoch [45 1] from [60 5]
training time per iterations 1.227512[ms]
testing
testing done
network success rate top1 97.122116% 97.198524% 
network success rate top5 100.000000% 100.000000% 



epoch [45 2] from [60 5]
training time per iterations 1.313721[ms]
testing
testing done
network success rate top1 96.943840% 96.880173% 
network success rate top5 100.000000% 100.000000% 



epoch [45 3] from [60 5]
training time per iterations 1.228621[ms]
testing
testing done
network success rate top1 97.300392% 97.236725% 
network success rate top5 100.000000% 100.000000% 



epoch [45 4] from [60 5]
training time per iterations 1.224671[ms]
testing
testing done
network success rate top1 97.096649% 96.791039% 
network success rate top5 100.000000% 100.000000% 



epoch [46 0] from [60 5]
training time per iterations 1.320166[ms]
testing
testing done
network success rate top1 97.147591% 97.134850% 
network success rate top5 100.000000% 100.000000% 



epoch [46 1] from [60 5]
training time per iterations 1.222800[ms]
testing
testing done
network success rate top1 97.071182% 97.032982% 
network success rate top5 100.000000% 100.000000% 



epoch [46 2] from [60 5]
training time per iterations 1.324532[ms]
testing
testing done
network success rate top1 97.020248% 97.096649% 
network success rate top5 100.000000% 100.000000% 



epoch [46 3] from [60 5]
training time per iterations 1.224047[ms]
testing
testing done
network success rate top1 97.287659% 97.223991% 
network success rate top5 100.000000% 100.000000% 



epoch [46 4] from [60 5]
training time per iterations 1.228621[ms]
testing
testing done
network success rate top1 96.969315% 97.173058% 
network success rate top5 100.000000% 100.000000% 



epoch [47 0] from [60 5]
training time per iterations 1.309841[ms]
testing
testing done
network success rate top1 97.173058% 97.007515% 
network success rate top5 100.000000% 100.000000% 



epoch [47 1] from [60 5]
training time per iterations 1.229383[ms]
testing
testing done
network success rate top1 96.969315% 96.600029% 
network success rate top5 100.000000% 100.000000% 



epoch [47 2] from [60 5]
training time per iterations 1.315315[ms]
testing
testing done
network success rate top1 96.982048% 96.867439% 
network success rate top5 100.000000% 100.000000% 



epoch [47 3] from [60 5]
training time per iterations 1.227443[ms]
testing
testing done
network success rate top1 96.969315% 97.007515% 
network success rate top5 100.000000% 100.000000% 



epoch [47 4] from [60 5]
training time per iterations 1.225572[ms]
testing
testing done
network success rate top1 96.994781% 96.714630% 
network success rate top5 100.000000% 100.000000% 



epoch [48 0] from [60 5]
training time per iterations 1.317879[ms]
testing
testing done
network success rate top1 97.173058% 97.096649% 
network success rate top5 100.000000% 100.000000% 



epoch [48 1] from [60 5]
training time per iterations 1.223008[ms]
testing
testing done
network success rate top1 96.918373% 96.447220% 
network success rate top5 100.000000% 100.000000% 



epoch [48 2] from [60 5]
training time per iterations 1.235135[ms]
testing
testing done
network success rate top1 97.223991% 96.727364% 
network success rate top5 100.000000% 100.000000% 



epoch [48 3] from [60 5]
training time per iterations 1.306306[ms]
testing
testing done
network success rate top1 96.765564% 96.727364% 
network success rate top5 100.000000% 100.000000% 



epoch [48 4] from [60 5]
training time per iterations 1.219473[ms]
testing
testing done
network success rate top1 96.931107% 96.765564% 
network success rate top5 100.000000% 100.000000% 



epoch [49 0] from [60 5]
training time per iterations 1.316979[ms]
testing
testing done
network success rate top1 96.892906% 96.778305% 
network success rate top5 100.000000% 100.000000% 



epoch [49 1] from [60 5]
training time per iterations 1.230353[ms]
testing
testing done
network success rate top1 96.982048% 96.816505% 
network success rate top5 100.000000% 100.000000% 



epoch [49 2] from [60 5]
training time per iterations 1.223216[ms]
testing
testing done
network success rate top1 97.198524% 97.071182% 
network success rate top5 100.000000% 100.000000% 



epoch [49 3] from [60 5]
training time per iterations 1.317879[ms]
testing
testing done
network success rate top1 97.109383% 97.223991% 
network success rate top5 100.000000% 100.000000% 



epoch [49 4] from [60 5]
training time per iterations 1.226888[ms]
testing
testing done
network success rate top1 97.147591% 96.676430% 
network success rate top5 100.000000% 100.000000% 



epoch [50 0] from [60 5]
training time per iterations 1.229106[ms]
testing
testing done
network success rate top1 96.956573% 96.880173% 
network success rate top5 100.000000% 100.000000% 



epoch [50 1] from [60 5]
training time per iterations 1.316840[ms]
testing
testing done
network success rate top1 97.134850% 97.313126% 
network success rate top5 100.000000% 100.000000% 



epoch [50 2] from [60 5]
training time per iterations 1.221622[ms]
testing
testing done
network success rate top1 97.160324% 96.829239% 
network success rate top5 100.000000% 100.000000% 



epoch [50 3] from [60 5]
training time per iterations 1.319335[ms]
testing
testing done
network success rate top1 96.676430% 96.447220% 
network success rate top5 100.000000% 100.000000% 



epoch [50 4] from [60 5]
training time per iterations 1.229591[ms]
testing
testing done
network success rate top1 96.892906% 96.459953% 
network success rate top5 100.000000% 100.000000% 



epoch [51 0] from [60 5]
training time per iterations 1.224740[ms]
testing
testing done
network success rate top1 97.045715% 97.160324% 
network success rate top5 100.000000% 100.000000% 



epoch [51 1] from [60 5]
training time per iterations 1.322245[ms]
testing
testing done
network success rate top1 96.982048% 96.994781% 
network success rate top5 100.000000% 100.000000% 



epoch [51 2] from [60 5]
training time per iterations 1.219681[ms]
testing
testing done
network success rate top1 97.147591% 96.701897% 
network success rate top5 100.000000% 100.000000% 



epoch [51 3] from [60 5]
training time per iterations 1.319265[ms]
testing
testing done
network success rate top1 96.867439% 96.472687% 
network success rate top5 100.000000% 100.000000% 



epoch [51 4] from [60 5]
training time per iterations 1.225710[ms]
testing
testing done
network success rate top1 97.032982% 96.701897% 
network success rate top5 100.000000% 100.000000% 



epoch [52 0] from [60 5]
training time per iterations 1.227096[ms]
testing
testing done
network success rate top1 97.198524% 96.816505% 
network success rate top5 100.000000% 100.000000% 



epoch [52 1] from [60 5]
training time per iterations 1.325710[ms]
testing
testing done
network success rate top1 97.236725% 97.032982% 
network success rate top5 100.000000% 100.000000% 



epoch [52 2] from [60 5]
training time per iterations 1.222037[ms]
testing
testing done
network success rate top1 97.249458% 97.020248% 
network success rate top5 100.000000% 100.000000% 



epoch [52 3] from [60 5]
training time per iterations 1.226681[ms]
testing
testing done
network success rate top1 97.122116% 97.007515% 
network success rate top5 100.000000% 100.000000% 



epoch [52 4] from [60 5]
training time per iterations 1.316979[ms]
testing
testing done
network success rate top1 97.109383% 97.096649% 
network success rate top5 100.000000% 100.000000% 



epoch [53 0] from [60 5]
training time per iterations 1.233957[ms]
testing
testing done
network success rate top1 97.249458% 96.778305% 
network success rate top5 100.000000% 100.000000% 



epoch [53 1] from [60 5]
training time per iterations 1.319543[ms]
testing
testing done
network success rate top1 97.045715% 97.173058% 
network success rate top5 100.000000% 100.000000% 



epoch [53 2] from [60 5]
training time per iterations 1.229037[ms]
testing
testing done
network success rate top1 97.274925% 97.007515% 
network success rate top5 100.000000% 100.000000% 



epoch [53 3] from [60 5]
training time per iterations 1.224324[ms]
testing
testing done
network success rate top1 96.841972% 96.727364% 
network success rate top5 100.000000% 100.000000% 



epoch [53 4] from [60 5]
training time per iterations 1.321552[ms]
testing
testing done
network success rate top1 97.160324% 97.236725% 
network success rate top5 100.000000% 100.000000% 



epoch [54 0] from [60 5]
training time per iterations 1.230076[ms]
testing
testing done
network success rate top1 97.223991% 97.236725% 
network success rate top5 100.000000% 100.000000% 



epoch [54 1] from [60 5]
training time per iterations 1.314207[ms]
testing
testing done
network success rate top1 96.740097% 96.714630% 
network success rate top5 100.000000% 100.000000% 



epoch [54 2] from [60 5]
training time per iterations 1.219820[ms]
testing
testing done
network success rate top1 97.173058% 97.173058% 
network success rate top5 100.000000% 100.000000% 



epoch [54 3] from [60 5]
training time per iterations 1.222245[ms]
testing
testing done
network success rate top1 97.045715% 97.122116% 
network success rate top5 100.000000% 100.000000% 



epoch [54 4] from [60 5]
training time per iterations 1.322869[ms]
testing
testing done
network success rate top1 97.236725% 97.249458% 
network success rate top5 100.000000% 100.000000% 



epoch [55 0] from [60 5]
training time per iterations 1.227789[ms]
testing
testing done
network success rate top1 97.071182% 96.701897% 
network success rate top5 100.000000% 100.000000% 



epoch [55 1] from [60 5]
training time per iterations 1.225433[ms]
testing
testing done
network success rate top1 97.071182% 96.943840% 
network success rate top5 100.000000% 100.000000% 



epoch [55 2] from [60 5]
training time per iterations 1.317117[ms]
testing
testing done
network success rate top1 97.058449% 96.752831% 
network success rate top5 100.000000% 100.000000% 



epoch [55 3] from [60 5]
training time per iterations 1.221830[ms]
testing
testing done
network success rate top1 97.134850% 96.740097% 
network success rate top5 100.000000% 100.000000% 



epoch [55 4] from [60 5]
training time per iterations 1.316493[ms]
testing
testing done
network success rate top1 97.083916% 96.778305% 
network success rate top5 100.000000% 100.000000% 



epoch [56 0] from [60 5]
training time per iterations 1.227581[ms]
testing
testing done
network success rate top1 96.994781% 96.396278% 
network success rate top5 100.000000% 100.000000% 



epoch [56 1] from [60 5]
training time per iterations 1.222453[ms]
testing
testing done
network success rate top1 97.134850% 97.160324% 
network success rate top5 100.000000% 100.000000% 



epoch [56 2] from [60 5]
training time per iterations 1.310187[ms]
testing
testing done
network success rate top1 97.071182% 97.160324% 
network success rate top5 100.000000% 100.000000% 



epoch [56 3] from [60 5]
training time per iterations 1.222453[ms]
testing
testing done
network success rate top1 97.020248% 96.612762% 
network success rate top5 100.000000% 100.000000% 



epoch [56 4] from [60 5]
training time per iterations 1.224394[ms]
testing
testing done
network success rate top1 97.083916% 97.058449% 
network success rate top5 100.000000% 100.000000% 



epoch [57 0] from [60 5]
training time per iterations 1.309286[ms]
testing
testing done
network success rate top1 96.752831% 96.816505% 
network success rate top5 100.000000% 100.000000% 



epoch [57 1] from [60 5]
training time per iterations 1.224394[ms]
testing
testing done
network success rate top1 96.587288% 96.740097% 
network success rate top5 100.000000% 100.000000% 



epoch [57 2] from [60 5]
training time per iterations 1.320513[ms]
testing
testing done
network success rate top1 97.160324% 96.918373% 
network success rate top5 100.000000% 100.000000% 



epoch [57 3] from [60 5]
training time per iterations 1.224532[ms]
testing
testing done
network success rate top1 97.211258% 96.956573% 
network success rate top5 100.000000% 100.000000% 



epoch [57 4] from [60 5]
training time per iterations 1.222315[ms]
testing
testing done
network success rate top1 97.109383% 96.943840% 
network success rate top5 100.000000% 100.000000% 



epoch [58 0] from [60 5]
training time per iterations 1.311365[ms]
testing
testing done
network success rate top1 97.173058% 97.096649% 
network success rate top5 100.000000% 100.000000% 



epoch [58 1] from [60 5]
training time per iterations 1.223077[ms]
testing
testing done
network success rate top1 97.020248% 96.918373% 
network success rate top5 100.000000% 100.000000% 



epoch [58 2] from [60 5]
training time per iterations 1.318018[ms]
testing
testing done
network success rate top1 97.109383% 97.032982% 
network success rate top5 100.000000% 100.000000% 



epoch [58 3] from [60 5]
training time per iterations 1.220028[ms]
testing
testing done
network success rate top1 97.402267% 97.122116% 
network success rate top5 100.000000% 100.000000% 
saving best net in top 1
best net saved to networks/path_net_1/trained/, with success rate 97.402267%



epoch [58 4] from [60 5]
training time per iterations 1.223077[ms]
testing
testing done
network success rate top1 97.020248% 97.198524% 
network success rate top5 100.000000% 100.000000% 



epoch [59 0] from [60 5]
training time per iterations 1.307415[ms]
testing
testing done
network success rate top1 97.223991% 97.223991% 
network success rate top5 100.000000% 100.000000% 



epoch [59 1] from [60 5]
training time per iterations 1.227027[ms]
testing
testing done
network success rate top1 97.313126% 97.415001% 
network success rate top5 100.000000% 100.000000% 



epoch [59 2] from [60 5]
training time per iterations 1.231185[ms]
testing
testing done
network success rate top1 97.096649% 96.905640% 
network success rate top5 100.000000% 100.000000% 



epoch [59 3] from [60 5]
training time per iterations 1.310603[ms]
testing
testing done
network success rate top1 97.211258% 97.134850% 
network success rate top5 100.000000% 100.000000% 



epoch [59 4] from [60 5]
training time per iterations 1.226195[ms]
testing
testing done
network success rate top1 97.223991% 97.173058% 
network success rate top5 100.000000% 100.000000% 
setting learning rate to 0.000031
training done
